TICK=00000 MPC=001 FETCH_HEADER     PC=0x00000004 SP=0x00008000 FLAGS=-   R0=0 R1=0 R2=0 R3=0 R4=0 R5=0 :: addr=0x00000000 header=0x00000202 operands=2
TICK=00001 MPC=002 FETCH_OPERAND    PC=0x00000008 SP=0x00008000 FLAGS=-   R0=0 R1=0 R2=0 R3=0 R4=0 R5=0 :: operand[1]=0x00000800
TICK=00002 MPC=003 FETCH_OPERAND    PC=0x0000000C SP=0x00008000 FLAGS=-   R0=0 R1=0 R2=0 R3=0 R4=0 R5=0 :: operand[2]=0x00800001
TICK=00003 MPC=004 DECODE           PC=0x0000000C SP=0x00008000 FLAGS=-   R0=0 R1=0 R2=0 R3=0 R4=0 R5=0 :: MOV SP, #32768 ; super=blocked:control-or-io
TICK=00004 MPC=005 READ_SOURCE      PC=0x0000000C SP=0x00008000 FLAGS=-   R0=0 R1=0 R2=0 R3=0 R4=0 R5=0 :: READ_SOURCE: MOV SP, #32768
TICK=00005 MPC=006 WRITE_DESTINATION PC=0x0000000C SP=0x00008000 FLAGS=-   R0=0 R1=0 R2=0 R3=0 R4=0 R5=0 :: WRITE_DESTINATION: MOV SP, #32768
TICK=00006 MPC=007 COMMIT           PC=0x0000000C SP=0x00008000 FLAGS=-   R0=0 R1=0 R2=0 R3=0 R4=0 R5=0 :: MOV SP, #32768
TICK=00007 MPC=008 FETCH_HEADER     PC=0x00000010 SP=0x00008000 FLAGS=-   R0=0 R1=0 R2=0 R3=0 R4=0 R5=0 :: addr=0x0000000C header=0x00000202 operands=2
TICK=00008 MPC=009 FETCH_OPERAND    PC=0x00000014 SP=0x00008000 FLAGS=-   R0=0 R1=0 R2=0 R3=0 R4=0 R5=0 :: operand[1]=0x00000000
TICK=00009 MPC=010 FETCH_OPERAND    PC=0x00000018 SP=0x00008000 FLAGS=-   R0=0 R1=0 R2=0 R3=0 R4=0 R5=0 :: operand[2]=0x00020001
TICK=00010 MPC=011 DECODE           PC=0x00000018 SP=0x00008000 FLAGS=-   R0=0 R1=0 R2=0 R3=0 R4=0 R5=0 :: MOV R0, #512 ; super=blocked:next-not-eligible
TICK=00011 MPC=012 READ_SOURCE      PC=0x00000018 SP=0x00008000 FLAGS=-   R0=0 R1=0 R2=0 R3=0 R4=0 R5=0 :: READ_SOURCE: MOV R0, #512
TICK=00012 MPC=013 WRITE_DESTINATION PC=0x00000018 SP=0x00008000 FLAGS=-   R0=0 R1=0 R2=0 R3=0 R4=0 R5=0 :: WRITE_DESTINATION: MOV R0, #512
TICK=00013 MPC=014 COMMIT           PC=0x00000018 SP=0x00008000 FLAGS=-   R0=512 R1=0 R2=0 R3=0 R4=0 R5=0 :: MOV R0, #512
TICK=00014 MPC=015 FETCH_HEADER     PC=0x0000001C SP=0x00008000 FLAGS=-   R0=512 R1=0 R2=0 R3=0 R4=0 R5=0 :: addr=0x00000018 header=0x00000112 operands=1
TICK=00015 MPC=016 FETCH_OPERAND    PC=0x00000020 SP=0x00008000 FLAGS=-   R0=512 R1=0 R2=0 R3=0 R4=0 R5=0 :: operand[1]=0x00002401
TICK=00016 MPC=017 DECODE           PC=0x00000020 SP=0x00008000 FLAGS=-   R0=512 R1=0 R2=0 R3=0 R4=0 R5=0 :: CALL #36 ; super=blocked:control-or-io
TICK=00017 MPC=018 READ_TARGET      PC=0x00000020 SP=0x00008000 FLAGS=-   R0=512 R1=0 R2=0 R3=0 R4=0 R5=0 :: READ_TARGET: CALL #36
TICK=00018 MPC=019 STACK_DEC        PC=0x00000020 SP=0x00008000 FLAGS=-   R0=512 R1=0 R2=0 R3=0 R4=0 R5=0 :: STACK_DEC: CALL #36
TICK=00019 MPC=020 MEM_WRITE_RETURN PC=0x00000020 SP=0x00008000 FLAGS=-   R0=512 R1=0 R2=0 R3=0 R4=0 R5=0 :: MEM_WRITE_RETURN: CALL #36
TICK=00020 MPC=021 SET_PC           PC=0x00000020 SP=0x00008000 FLAGS=-   R0=512 R1=0 R2=0 R3=0 R4=0 R5=0 :: SET_PC: CALL #36
TICK=00021 MPC=022 COMMIT           PC=0x00000024 SP=0x00007FFC FLAGS=-   R0=512 R1=0 R2=0 R3=0 R4=0 R5=0 :: CALL #36
TICK=00022 MPC=023 FETCH_HEADER     PC=0x00000028 SP=0x00007FFC FLAGS=-   R0=512 R1=0 R2=0 R3=0 R4=0 R5=0 :: addr=0x00000024 header=0x00000110 operands=1
TICK=00023 MPC=024 FETCH_OPERAND    PC=0x0000002C SP=0x00007FFC FLAGS=-   R0=512 R1=0 R2=0 R3=0 R4=0 R5=0 :: operand[1]=0x00000100
TICK=00024 MPC=025 DECODE           PC=0x0000002C SP=0x00007FFC FLAGS=-   R0=512 R1=0 R2=0 R3=0 R4=0 R5=0 :: PUSH R1 ; super=blocked:control-or-io
TICK=00025 MPC=026 READ_SOURCE      PC=0x0000002C SP=0x00007FFC FLAGS=-   R0=512 R1=0 R2=0 R3=0 R4=0 R5=0 :: READ_SOURCE: PUSH R1
TICK=00026 MPC=027 STACK_DEC        PC=0x0000002C SP=0x00007FFC FLAGS=-   R0=512 R1=0 R2=0 R3=0 R4=0 R5=0 :: STACK_DEC: PUSH R1
TICK=00027 MPC=028 MEM_WRITE_STACK  PC=0x0000002C SP=0x00007FFC FLAGS=-   R0=512 R1=0 R2=0 R3=0 R4=0 R5=0 :: MEM_WRITE_STACK: PUSH R1
TICK=00028 MPC=029 COMMIT           PC=0x0000002C SP=0x00007FF8 FLAGS=-   R0=512 R1=0 R2=0 R3=0 R4=0 R5=0 :: PUSH R1
TICK=00029 MPC=030 FETCH_HEADER     PC=0x00000030 SP=0x00007FF8 FLAGS=-   R0=512 R1=0 R2=0 R3=0 R4=0 R5=0 :: addr=0x0000002C header=0x00000214 operands=2
TICK=00030 MPC=031 FETCH_OPERAND    PC=0x00000034 SP=0x00007FF8 FLAGS=-   R0=512 R1=0 R2=0 R3=0 R4=0 R5=0 :: operand[1]=0x00000100
TICK=00031 MPC=032 FETCH_OPERAND    PC=0x00000038 SP=0x00007FF8 FLAGS=-   R0=512 R1=0 R2=0 R3=0 R4=0 R5=0 :: operand[2]=0x00000003
TICK=00032 MPC=033 DECODE           PC=0x00000038 SP=0x00007FF8 FLAGS=-   R0=512 R1=0 R2=0 R3=0 R4=0 R5=0 :: LOADB R1, [R0] ; super=blocked:control-or-io
TICK=00033 MPC=034 READ_BYTE_SOURCE PC=0x00000038 SP=0x00007FF8 FLAGS=-   R0=512 R1=0 R2=0 R3=0 R4=0 R5=0 :: READ_BYTE_SOURCE: LOADB R1, [R0]
TICK=00034 MPC=035 WRITE_DESTINATION PC=0x00000038 SP=0x00007FF8 FLAGS=-   R0=512 R1=0 R2=0 R3=0 R4=0 R5=0 :: WRITE_DESTINATION: LOADB R1, [R0]
TICK=00035 MPC=036 COMMIT           PC=0x00000038 SP=0x00007FF8 FLAGS=-   R0=512 R1=72 R2=0 R3=0 R4=0 R5=0 :: LOADB R1, [R0]
TICK=00036 MPC=037 FETCH_HEADER     PC=0x0000003C SP=0x00007FF8 FLAGS=-   R0=512 R1=72 R2=0 R3=0 R4=0 R5=0 :: addr=0x00000038 header=0x00000208 operands=2
TICK=00037 MPC=038 FETCH_OPERAND    PC=0x00000040 SP=0x00007FF8 FLAGS=-   R0=512 R1=72 R2=0 R3=0 R4=0 R5=0 :: operand[1]=0x00000100
TICK=00038 MPC=039 FETCH_OPERAND    PC=0x00000044 SP=0x00007FF8 FLAGS=-   R0=512 R1=72 R2=0 R3=0 R4=0 R5=0 :: operand[2]=0x00000001
TICK=00039 MPC=040 DECODE           PC=0x00000044 SP=0x00007FF8 FLAGS=-   R0=512 R1=72 R2=0 R3=0 R4=0 R5=0 :: CMP R1, #0 ; super=blocked:control-or-io
TICK=00040 MPC=041 READ_LEFT        PC=0x00000044 SP=0x00007FF8 FLAGS=-   R0=512 R1=72 R2=0 R3=0 R4=0 R5=0 :: READ_LEFT: CMP R1, #0
TICK=00041 MPC=042 READ_RIGHT       PC=0x00000044 SP=0x00007FF8 FLAGS=-   R0=512 R1=72 R2=0 R3=0 R4=0 R5=0 :: READ_RIGHT: CMP R1, #0
TICK=00042 MPC=043 ALU_SUB          PC=0x00000044 SP=0x00007FF8 FLAGS=-   R0=512 R1=72 R2=0 R3=0 R4=0 R5=0 :: ALU_SUB: CMP R1, #0
TICK=00043 MPC=044 UPDATE_FLAGS     PC=0x00000044 SP=0x00007FF8 FLAGS=-   R0=512 R1=72 R2=0 R3=0 R4=0 R5=0 :: UPDATE_FLAGS: CMP R1, #0
TICK=00044 MPC=045 COMMIT           PC=0x00000044 SP=0x00007FF8 FLAGS=G   R0=512 R1=72 R2=0 R3=0 R4=0 R5=0 :: CMP R1, #0
TICK=00045 MPC=046 FETCH_HEADER     PC=0x00000048 SP=0x00007FF8 FLAGS=G   R0=512 R1=72 R2=0 R3=0 R4=0 R5=0 :: addr=0x00000044 header=0x0000010A operands=1
TICK=00046 MPC=047 FETCH_OPERAND    PC=0x0000004C SP=0x00007FF8 FLAGS=G   R0=512 R1=72 R2=0 R3=0 R4=0 R5=0 :: operand[1]=0x00006C01
TICK=00047 MPC=048 DECODE           PC=0x0000004C SP=0x00007FF8 FLAGS=G   R0=512 R1=72 R2=0 R3=0 R4=0 R5=0 :: JZ #108 ; super=blocked:control-or-io
TICK=00048 MPC=049 READ_TARGET      PC=0x0000004C SP=0x00007FF8 FLAGS=G   R0=512 R1=72 R2=0 R3=0 R4=0 R5=0 :: READ_TARGET: JZ #108
TICK=00049 MPC=050 EVALUATE_BRANCH  PC=0x0000004C SP=0x00007FF8 FLAGS=G   R0=512 R1=72 R2=0 R3=0 R4=0 R5=0 :: EVALUATE_BRANCH: JZ #108
TICK=00050 MPC=051 COMMIT           PC=0x0000004C SP=0x00007FF8 FLAGS=G   R0=512 R1=72 R2=0 R3=0 R4=0 R5=0 :: JZ #108
TICK=00051 MPC=052 FETCH_HEADER     PC=0x00000050 SP=0x00007FF8 FLAGS=G   R0=512 R1=72 R2=0 R3=0 R4=0 R5=0 :: addr=0x0000004C header=0x00000215 operands=2
TICK=00052 MPC=053 FETCH_OPERAND    PC=0x00000054 SP=0x00007FF8 FLAGS=G   R0=512 R1=72 R2=0 R3=0 R4=0 R5=0 :: operand[1]=0x00FFF802
TICK=00053 MPC=054 FETCH_OPERAND    PC=0x00000058 SP=0x00007FF8 FLAGS=G   R0=512 R1=72 R2=0 R3=0 R4=0 R5=0 :: operand[2]=0x00000100
TICK=00054 MPC=055 DECODE           PC=0x00000058 SP=0x00007FF8 FLAGS=G   R0=512 R1=72 R2=0 R3=0 R4=0 R5=0 :: STOREB [0xFFF8], R1 ; super=blocked:control-or-io
TICK=00055 MPC=056 READ_BYTE_VALUE  PC=0x00000058 SP=0x00007FF8 FLAGS=G   R0=512 R1=72 R2=0 R3=0 R4=0 R5=0 :: READ_BYTE_VALUE: STOREB [0xFFF8], R1
TICK=00056 MPC=057 WRITE_BYTE_DESTINATION PC=0x00000058 SP=0x00007FF8 FLAGS=G   R0=512 R1=72 R2=0 R3=0 R4=0 R5=0 :: WRITE_BYTE_DESTINATION: STOREB [0xFFF8], R1
TICK=00057 MPC=058 COMMIT           PC=0x00000058 SP=0x00007FF8 FLAGS=G   R0=512 R1=72 R2=0 R3=0 R4=0 R5=0 :: STOREB [0xFFF8], R1
TICK=00058 MPC=059 FETCH_HEADER     PC=0x0000005C SP=0x00007FF8 FLAGS=G   R0=512 R1=72 R2=0 R3=0 R4=0 R5=0 :: addr=0x00000058 header=0x00000203 operands=2
TICK=00059 MPC=060 FETCH_OPERAND    PC=0x00000060 SP=0x00007FF8 FLAGS=G   R0=512 R1=72 R2=0 R3=0 R4=0 R5=0 :: operand[1]=0x00000000
TICK=00060 MPC=061 FETCH_OPERAND    PC=0x00000064 SP=0x00007FF8 FLAGS=G   R0=512 R1=72 R2=0 R3=0 R4=0 R5=0 :: operand[2]=0x00000101
TICK=00061 MPC=062 DECODE           PC=0x00000064 SP=0x00007FF8 FLAGS=G   R0=512 R1=72 R2=0 R3=0 R4=0 R5=0 :: ADD R0, #1 ; super=blocked:next-not-eligible
TICK=00062 MPC=063 READ_LEFT        PC=0x00000064 SP=0x00007FF8 FLAGS=G   R0=512 R1=72 R2=0 R3=0 R4=0 R5=0 :: READ_LEFT: ADD R0, #1
TICK=00063 MPC=064 READ_RIGHT       PC=0x00000064 SP=0x00007FF8 FLAGS=G   R0=512 R1=72 R2=0 R3=0 R4=0 R5=0 :: READ_RIGHT: ADD R0, #1
TICK=00064 MPC=065 ALU_ADD          PC=0x00000064 SP=0x00007FF8 FLAGS=G   R0=512 R1=72 R2=0 R3=0 R4=0 R5=0 :: ALU_ADD: ADD R0, #1
TICK=00065 MPC=066 WRITE_BACK       PC=0x00000064 SP=0x00007FF8 FLAGS=G   R0=512 R1=72 R2=0 R3=0 R4=0 R5=0 :: WRITE_BACK: ADD R0, #1
TICK=00066 MPC=067 UPDATE_FLAGS     PC=0x00000064 SP=0x00007FF8 FLAGS=G   R0=512 R1=72 R2=0 R3=0 R4=0 R5=0 :: UPDATE_FLAGS: ADD R0, #1
TICK=00067 MPC=068 COMMIT           PC=0x00000064 SP=0x00007FF8 FLAGS=G   R0=513 R1=72 R2=0 R3=0 R4=0 R5=0 :: ADD R0, #1
TICK=00068 MPC=069 FETCH_HEADER     PC=0x00000068 SP=0x00007FF8 FLAGS=G   R0=513 R1=72 R2=0 R3=0 R4=0 R5=0 :: addr=0x00000064 header=0x00000109 operands=1
TICK=00069 MPC=070 FETCH_OPERAND    PC=0x0000006C SP=0x00007FF8 FLAGS=G   R0=513 R1=72 R2=0 R3=0 R4=0 R5=0 :: operand[1]=0x00002C01
TICK=00070 MPC=071 DECODE           PC=0x0000006C SP=0x00007FF8 FLAGS=G   R0=513 R1=72 R2=0 R3=0 R4=0 R5=0 :: JMP #44 ; super=blocked:control-or-io
TICK=00071 MPC=072 READ_TARGET      PC=0x0000006C SP=0x00007FF8 FLAGS=G   R0=513 R1=72 R2=0 R3=0 R4=0 R5=0 :: READ_TARGET: JMP #44
TICK=00072 MPC=073 EVALUATE_BRANCH  PC=0x0000006C SP=0x00007FF8 FLAGS=G   R0=513 R1=72 R2=0 R3=0 R4=0 R5=0 :: EVALUATE_BRANCH: JMP #44
TICK=00073 MPC=074 COMMIT           PC=0x0000002C SP=0x00007FF8 FLAGS=G   R0=513 R1=72 R2=0 R3=0 R4=0 R5=0 :: JMP #44
TICK=00074 MPC=075 FETCH_HEADER     PC=0x00000030 SP=0x00007FF8 FLAGS=G   R0=513 R1=72 R2=0 R3=0 R4=0 R5=0 :: addr=0x0000002C header=0x00000214 operands=2
TICK=00075 MPC=076 FETCH_OPERAND    PC=0x00000034 SP=0x00007FF8 FLAGS=G   R0=513 R1=72 R2=0 R3=0 R4=0 R5=0 :: operand[1]=0x00000100
TICK=00076 MPC=077 FETCH_OPERAND    PC=0x00000038 SP=0x00007FF8 FLAGS=G   R0=513 R1=72 R2=0 R3=0 R4=0 R5=0 :: operand[2]=0x00000003
TICK=00077 MPC=078 DECODE           PC=0x00000038 SP=0x00007FF8 FLAGS=G   R0=513 R1=72 R2=0 R3=0 R4=0 R5=0 :: LOADB R1, [R0] ; super=blocked:control-or-io
TICK=00078 MPC=079 READ_BYTE_SOURCE PC=0x00000038 SP=0x00007FF8 FLAGS=G   R0=513 R1=72 R2=0 R3=0 R4=0 R5=0 :: READ_BYTE_SOURCE: LOADB R1, [R0]
TICK=00079 MPC=080 WRITE_DESTINATION PC=0x00000038 SP=0x00007FF8 FLAGS=G   R0=513 R1=72 R2=0 R3=0 R4=0 R5=0 :: WRITE_DESTINATION: LOADB R1, [R0]
TICK=00080 MPC=081 COMMIT           PC=0x00000038 SP=0x00007FF8 FLAGS=G   R0=513 R1=101 R2=0 R3=0 R4=0 R5=0 :: LOADB R1, [R0]
TICK=00081 MPC=082 FETCH_HEADER     PC=0x0000003C SP=0x00007FF8 FLAGS=G   R0=513 R1=101 R2=0 R3=0 R4=0 R5=0 :: addr=0x00000038 header=0x00000208 operands=2
TICK=00082 MPC=083 FETCH_OPERAND    PC=0x00000040 SP=0x00007FF8 FLAGS=G   R0=513 R1=101 R2=0 R3=0 R4=0 R5=0 :: operand[1]=0x00000100
TICK=00083 MPC=084 FETCH_OPERAND    PC=0x00000044 SP=0x00007FF8 FLAGS=G   R0=513 R1=101 R2=0 R3=0 R4=0 R5=0 :: operand[2]=0x00000001
TICK=00084 MPC=085 DECODE           PC=0x00000044 SP=0x00007FF8 FLAGS=G   R0=513 R1=101 R2=0 R3=0 R4=0 R5=0 :: CMP R1, #0 ; super=blocked:control-or-io
TICK=00085 MPC=086 READ_LEFT        PC=0x00000044 SP=0x00007FF8 FLAGS=G   R0=513 R1=101 R2=0 R3=0 R4=0 R5=0 :: READ_LEFT: CMP R1, #0
TICK=00086 MPC=087 READ_RIGHT       PC=0x00000044 SP=0x00007FF8 FLAGS=G   R0=513 R1=101 R2=0 R3=0 R4=0 R5=0 :: READ_RIGHT: CMP R1, #0
TICK=00087 MPC=088 ALU_SUB          PC=0x00000044 SP=0x00007FF8 FLAGS=G   R0=513 R1=101 R2=0 R3=0 R4=0 R5=0 :: ALU_SUB: CMP R1, #0
TICK=00088 MPC=089 UPDATE_FLAGS     PC=0x00000044 SP=0x00007FF8 FLAGS=G   R0=513 R1=101 R2=0 R3=0 R4=0 R5=0 :: UPDATE_FLAGS: CMP R1, #0
TICK=00089 MPC=090 COMMIT           PC=0x00000044 SP=0x00007FF8 FLAGS=G   R0=513 R1=101 R2=0 R3=0 R4=0 R5=0 :: CMP R1, #0
TICK=00090 MPC=091 FETCH_HEADER     PC=0x00000048 SP=0x00007FF8 FLAGS=G   R0=513 R1=101 R2=0 R3=0 R4=0 R5=0 :: addr=0x00000044 header=0x0000010A operands=1
TICK=00091 MPC=092 FETCH_OPERAND    PC=0x0000004C SP=0x00007FF8 FLAGS=G   R0=513 R1=101 R2=0 R3=0 R4=0 R5=0 :: operand[1]=0x00006C01
TICK=00092 MPC=093 DECODE           PC=0x0000004C SP=0x00007FF8 FLAGS=G   R0=513 R1=101 R2=0 R3=0 R4=0 R5=0 :: JZ #108 ; super=blocked:control-or-io
TICK=00093 MPC=094 READ_TARGET      PC=0x0000004C SP=0x00007FF8 FLAGS=G   R0=513 R1=101 R2=0 R3=0 R4=0 R5=0 :: READ_TARGET: JZ #108
TICK=00094 MPC=095 EVALUATE_BRANCH  PC=0x0000004C SP=0x00007FF8 FLAGS=G   R0=513 R1=101 R2=0 R3=0 R4=0 R5=0 :: EVALUATE_BRANCH: JZ #108
TICK=00095 MPC=096 COMMIT           PC=0x0000004C SP=0x00007FF8 FLAGS=G   R0=513 R1=101 R2=0 R3=0 R4=0 R5=0 :: JZ #108
TICK=00096 MPC=097 FETCH_HEADER     PC=0x00000050 SP=0x00007FF8 FLAGS=G   R0=513 R1=101 R2=0 R3=0 R4=0 R5=0 :: addr=0x0000004C header=0x00000215 operands=2
TICK=00097 MPC=098 FETCH_OPERAND    PC=0x00000054 SP=0x00007FF8 FLAGS=G   R0=513 R1=101 R2=0 R3=0 R4=0 R5=0 :: operand[1]=0x00FFF802
TICK=00098 MPC=099 FETCH_OPERAND    PC=0x00000058 SP=0x00007FF8 FLAGS=G   R0=513 R1=101 R2=0 R3=0 R4=0 R5=0 :: operand[2]=0x00000100
TICK=00099 MPC=100 DECODE           PC=0x00000058 SP=0x00007FF8 FLAGS=G   R0=513 R1=101 R2=0 R3=0 R4=0 R5=0 :: STOREB [0xFFF8], R1 ; super=blocked:control-or-io
TICK=00100 MPC=101 READ_BYTE_VALUE  PC=0x00000058 SP=0x00007FF8 FLAGS=G   R0=513 R1=101 R2=0 R3=0 R4=0 R5=0 :: READ_BYTE_VALUE: STOREB [0xFFF8], R1
TICK=00101 MPC=102 WRITE_BYTE_DESTINATION PC=0x00000058 SP=0x00007FF8 FLAGS=G   R0=513 R1=101 R2=0 R3=0 R4=0 R5=0 :: WRITE_BYTE_DESTINATION: STOREB [0xFFF8], R1
TICK=00102 MPC=103 COMMIT           PC=0x00000058 SP=0x00007FF8 FLAGS=G   R0=513 R1=101 R2=0 R3=0 R4=0 R5=0 :: STOREB [0xFFF8], R1
TICK=00103 MPC=104 FETCH_HEADER     PC=0x0000005C SP=0x00007FF8 FLAGS=G   R0=513 R1=101 R2=0 R3=0 R4=0 R5=0 :: addr=0x00000058 header=0x00000203 operands=2
TICK=00104 MPC=105 FETCH_OPERAND    PC=0x00000060 SP=0x00007FF8 FLAGS=G   R0=513 R1=101 R2=0 R3=0 R4=0 R5=0 :: operand[1]=0x00000000
TICK=00105 MPC=106 FETCH_OPERAND    PC=0x00000064 SP=0x00007FF8 FLAGS=G   R0=513 R1=101 R2=0 R3=0 R4=0 R5=0 :: operand[2]=0x00000101
TICK=00106 MPC=107 DECODE           PC=0x00000064 SP=0x00007FF8 FLAGS=G   R0=513 R1=101 R2=0 R3=0 R4=0 R5=0 :: ADD R0, #1 ; super=blocked:next-not-eligible
TICK=00107 MPC=108 READ_LEFT        PC=0x00000064 SP=0x00007FF8 FLAGS=G   R0=513 R1=101 R2=0 R3=0 R4=0 R5=0 :: READ_LEFT: ADD R0, #1
TICK=00108 MPC=109 READ_RIGHT       PC=0x00000064 SP=0x00007FF8 FLAGS=G   R0=513 R1=101 R2=0 R3=0 R4=0 R5=0 :: READ_RIGHT: ADD R0, #1
TICK=00109 MPC=110 ALU_ADD          PC=0x00000064 SP=0x00007FF8 FLAGS=G   R0=513 R1=101 R2=0 R3=0 R4=0 R5=0 :: ALU_ADD: ADD R0, #1
TICK=00110 MPC=111 WRITE_BACK       PC=0x00000064 SP=0x00007FF8 FLAGS=G   R0=513 R1=101 R2=0 R3=0 R4=0 R5=0 :: WRITE_BACK: ADD R0, #1
TICK=00111 MPC=112 UPDATE_FLAGS     PC=0x00000064 SP=0x00007FF8 FLAGS=G   R0=513 R1=101 R2=0 R3=0 R4=0 R5=0 :: UPDATE_FLAGS: ADD R0, #1
TICK=00112 MPC=113 COMMIT           PC=0x00000064 SP=0x00007FF8 FLAGS=G   R0=514 R1=101 R2=0 R3=0 R4=0 R5=0 :: ADD R0, #1
TICK=00113 MPC=114 FETCH_HEADER     PC=0x00000068 SP=0x00007FF8 FLAGS=G   R0=514 R1=101 R2=0 R3=0 R4=0 R5=0 :: addr=0x00000064 header=0x00000109 operands=1
TICK=00114 MPC=115 FETCH_OPERAND    PC=0x0000006C SP=0x00007FF8 FLAGS=G   R0=514 R1=101 R2=0 R3=0 R4=0 R5=0 :: operand[1]=0x00002C01
TICK=00115 MPC=116 DECODE           PC=0x0000006C SP=0x00007FF8 FLAGS=G   R0=514 R1=101 R2=0 R3=0 R4=0 R5=0 :: JMP #44 ; super=blocked:control-or-io
TICK=00116 MPC=117 READ_TARGET      PC=0x0000006C SP=0x00007FF8 FLAGS=G   R0=514 R1=101 R2=0 R3=0 R4=0 R5=0 :: READ_TARGET: JMP #44
TICK=00117 MPC=118 EVALUATE_BRANCH  PC=0x0000006C SP=0x00007FF8 FLAGS=G   R0=514 R1=101 R2=0 R3=0 R4=0 R5=0 :: EVALUATE_BRANCH: JMP #44
TICK=00118 MPC=119 COMMIT           PC=0x0000002C SP=0x00007FF8 FLAGS=G   R0=514 R1=101 R2=0 R3=0 R4=0 R5=0 :: JMP #44
TICK=00119 MPC=120 FETCH_HEADER     PC=0x00000030 SP=0x00007FF8 FLAGS=G   R0=514 R1=101 R2=0 R3=0 R4=0 R5=0 :: addr=0x0000002C header=0x00000214 operands=2
TICK=00120 MPC=121 FETCH_OPERAND    PC=0x00000034 SP=0x00007FF8 FLAGS=G   R0=514 R1=101 R2=0 R3=0 R4=0 R5=0 :: operand[1]=0x00000100
TICK=00121 MPC=122 FETCH_OPERAND    PC=0x00000038 SP=0x00007FF8 FLAGS=G   R0=514 R1=101 R2=0 R3=0 R4=0 R5=0 :: operand[2]=0x00000003
TICK=00122 MPC=123 DECODE           PC=0x00000038 SP=0x00007FF8 FLAGS=G   R0=514 R1=101 R2=0 R3=0 R4=0 R5=0 :: LOADB R1, [R0] ; super=blocked:control-or-io
TICK=00123 MPC=124 READ_BYTE_SOURCE PC=0x00000038 SP=0x00007FF8 FLAGS=G   R0=514 R1=101 R2=0 R3=0 R4=0 R5=0 :: READ_BYTE_SOURCE: LOADB R1, [R0]
TICK=00124 MPC=125 WRITE_DESTINATION PC=0x00000038 SP=0x00007FF8 FLAGS=G   R0=514 R1=101 R2=0 R3=0 R4=0 R5=0 :: WRITE_DESTINATION: LOADB R1, [R0]
TICK=00125 MPC=126 COMMIT           PC=0x00000038 SP=0x00007FF8 FLAGS=G   R0=514 R1=108 R2=0 R3=0 R4=0 R5=0 :: LOADB R1, [R0]
TICK=00126 MPC=127 FETCH_HEADER     PC=0x0000003C SP=0x00007FF8 FLAGS=G   R0=514 R1=108 R2=0 R3=0 R4=0 R5=0 :: addr=0x00000038 header=0x00000208 operands=2
TICK=00127 MPC=128 FETCH_OPERAND    PC=0x00000040 SP=0x00007FF8 FLAGS=G   R0=514 R1=108 R2=0 R3=0 R4=0 R5=0 :: operand[1]=0x00000100
TICK=00128 MPC=129 FETCH_OPERAND    PC=0x00000044 SP=0x00007FF8 FLAGS=G   R0=514 R1=108 R2=0 R3=0 R4=0 R5=0 :: operand[2]=0x00000001
TICK=00129 MPC=130 DECODE           PC=0x00000044 SP=0x00007FF8 FLAGS=G   R0=514 R1=108 R2=0 R3=0 R4=0 R5=0 :: CMP R1, #0 ; super=blocked:control-or-io
TICK=00130 MPC=131 READ_LEFT        PC=0x00000044 SP=0x00007FF8 FLAGS=G   R0=514 R1=108 R2=0 R3=0 R4=0 R5=0 :: READ_LEFT: CMP R1, #0
TICK=00131 MPC=132 READ_RIGHT       PC=0x00000044 SP=0x00007FF8 FLAGS=G   R0=514 R1=108 R2=0 R3=0 R4=0 R5=0 :: READ_RIGHT: CMP R1, #0
TICK=00132 MPC=133 ALU_SUB          PC=0x00000044 SP=0x00007FF8 FLAGS=G   R0=514 R1=108 R2=0 R3=0 R4=0 R5=0 :: ALU_SUB: CMP R1, #0
TICK=00133 MPC=134 UPDATE_FLAGS     PC=0x00000044 SP=0x00007FF8 FLAGS=G   R0=514 R1=108 R2=0 R3=0 R4=0 R5=0 :: UPDATE_FLAGS: CMP R1, #0
TICK=00134 MPC=135 COMMIT           PC=0x00000044 SP=0x00007FF8 FLAGS=G   R0=514 R1=108 R2=0 R3=0 R4=0 R5=0 :: CMP R1, #0
TICK=00135 MPC=136 FETCH_HEADER     PC=0x00000048 SP=0x00007FF8 FLAGS=G   R0=514 R1=108 R2=0 R3=0 R4=0 R5=0 :: addr=0x00000044 header=0x0000010A operands=1
TICK=00136 MPC=137 FETCH_OPERAND    PC=0x0000004C SP=0x00007FF8 FLAGS=G   R0=514 R1=108 R2=0 R3=0 R4=0 R5=0 :: operand[1]=0x00006C01
TICK=00137 MPC=138 DECODE           PC=0x0000004C SP=0x00007FF8 FLAGS=G   R0=514 R1=108 R2=0 R3=0 R4=0 R5=0 :: JZ #108 ; super=blocked:control-or-io
TICK=00138 MPC=139 READ_TARGET      PC=0x0000004C SP=0x00007FF8 FLAGS=G   R0=514 R1=108 R2=0 R3=0 R4=0 R5=0 :: READ_TARGET: JZ #108
TICK=00139 MPC=140 EVALUATE_BRANCH  PC=0x0000004C SP=0x00007FF8 FLAGS=G   R0=514 R1=108 R2=0 R3=0 R4=0 R5=0 :: EVALUATE_BRANCH: JZ #108
TICK=00140 MPC=141 COMMIT           PC=0x0000004C SP=0x00007FF8 FLAGS=G   R0=514 R1=108 R2=0 R3=0 R4=0 R5=0 :: JZ #108
TICK=00141 MPC=142 FETCH_HEADER     PC=0x00000050 SP=0x00007FF8 FLAGS=G   R0=514 R1=108 R2=0 R3=0 R4=0 R5=0 :: addr=0x0000004C header=0x00000215 operands=2
TICK=00142 MPC=143 FETCH_OPERAND    PC=0x00000054 SP=0x00007FF8 FLAGS=G   R0=514 R1=108 R2=0 R3=0 R4=0 R5=0 :: operand[1]=0x00FFF802
TICK=00143 MPC=144 FETCH_OPERAND    PC=0x00000058 SP=0x00007FF8 FLAGS=G   R0=514 R1=108 R2=0 R3=0 R4=0 R5=0 :: operand[2]=0x00000100
TICK=00144 MPC=145 DECODE           PC=0x00000058 SP=0x00007FF8 FLAGS=G   R0=514 R1=108 R2=0 R3=0 R4=0 R5=0 :: STOREB [0xFFF8], R1 ; super=blocked:control-or-io
TICK=00145 MPC=146 READ_BYTE_VALUE  PC=0x00000058 SP=0x00007FF8 FLAGS=G   R0=514 R1=108 R2=0 R3=0 R4=0 R5=0 :: READ_BYTE_VALUE: STOREB [0xFFF8], R1
TICK=00146 MPC=147 WRITE_BYTE_DESTINATION PC=0x00000058 SP=0x00007FF8 FLAGS=G   R0=514 R1=108 R2=0 R3=0 R4=0 R5=0 :: WRITE_BYTE_DESTINATION: STOREB [0xFFF8], R1
TICK=00147 MPC=148 COMMIT           PC=0x00000058 SP=0x00007FF8 FLAGS=G   R0=514 R1=108 R2=0 R3=0 R4=0 R5=0 :: STOREB [0xFFF8], R1
TICK=00148 MPC=149 FETCH_HEADER     PC=0x0000005C SP=0x00007FF8 FLAGS=G   R0=514 R1=108 R2=0 R3=0 R4=0 R5=0 :: addr=0x00000058 header=0x00000203 operands=2
TICK=00149 MPC=150 FETCH_OPERAND    PC=0x00000060 SP=0x00007FF8 FLAGS=G   R0=514 R1=108 R2=0 R3=0 R4=0 R5=0 :: operand[1]=0x00000000
TICK=00150 MPC=151 FETCH_OPERAND    PC=0x00000064 SP=0x00007FF8 FLAGS=G   R0=514 R1=108 R2=0 R3=0 R4=0 R5=0 :: operand[2]=0x00000101
TICK=00151 MPC=152 DECODE           PC=0x00000064 SP=0x00007FF8 FLAGS=G   R0=514 R1=108 R2=0 R3=0 R4=0 R5=0 :: ADD R0, #1 ; super=blocked:next-not-eligible
TICK=00152 MPC=153 READ_LEFT        PC=0x00000064 SP=0x00007FF8 FLAGS=G   R0=514 R1=108 R2=0 R3=0 R4=0 R5=0 :: READ_LEFT: ADD R0, #1
TICK=00153 MPC=154 READ_RIGHT       PC=0x00000064 SP=0x00007FF8 FLAGS=G   R0=514 R1=108 R2=0 R3=0 R4=0 R5=0 :: READ_RIGHT: ADD R0, #1
TICK=00154 MPC=155 ALU_ADD          PC=0x00000064 SP=0x00007FF8 FLAGS=G   R0=514 R1=108 R2=0 R3=0 R4=0 R5=0 :: ALU_ADD: ADD R0, #1
TICK=00155 MPC=156 WRITE_BACK       PC=0x00000064 SP=0x00007FF8 FLAGS=G   R0=514 R1=108 R2=0 R3=0 R4=0 R5=0 :: WRITE_BACK: ADD R0, #1
TICK=00156 MPC=157 UPDATE_FLAGS     PC=0x00000064 SP=0x00007FF8 FLAGS=G   R0=514 R1=108 R2=0 R3=0 R4=0 R5=0 :: UPDATE_FLAGS: ADD R0, #1
TICK=00157 MPC=158 COMMIT           PC=0x00000064 SP=0x00007FF8 FLAGS=G   R0=515 R1=108 R2=0 R3=0 R4=0 R5=0 :: ADD R0, #1
TICK=00158 MPC=159 FETCH_HEADER     PC=0x00000068 SP=0x00007FF8 FLAGS=G   R0=515 R1=108 R2=0 R3=0 R4=0 R5=0 :: addr=0x00000064 header=0x00000109 operands=1
TICK=00159 MPC=160 FETCH_OPERAND    PC=0x0000006C SP=0x00007FF8 FLAGS=G   R0=515 R1=108 R2=0 R3=0 R4=0 R5=0 :: operand[1]=0x00002C01
TICK=00160 MPC=161 DECODE           PC=0x0000006C SP=0x00007FF8 FLAGS=G   R0=515 R1=108 R2=0 R3=0 R4=0 R5=0 :: JMP #44 ; super=blocked:control-or-io
TICK=00161 MPC=162 READ_TARGET      PC=0x0000006C SP=0x00007FF8 FLAGS=G   R0=515 R1=108 R2=0 R3=0 R4=0 R5=0 :: READ_TARGET: JMP #44
TICK=00162 MPC=163 EVALUATE_BRANCH  PC=0x0000006C SP=0x00007FF8 FLAGS=G   R0=515 R1=108 R2=0 R3=0 R4=0 R5=0 :: EVALUATE_BRANCH: JMP #44
TICK=00163 MPC=164 COMMIT           PC=0x0000002C SP=0x00007FF8 FLAGS=G   R0=515 R1=108 R2=0 R3=0 R4=0 R5=0 :: JMP #44
TICK=00164 MPC=165 FETCH_HEADER     PC=0x00000030 SP=0x00007FF8 FLAGS=G   R0=515 R1=108 R2=0 R3=0 R4=0 R5=0 :: addr=0x0000002C header=0x00000214 operands=2
TICK=00165 MPC=166 FETCH_OPERAND    PC=0x00000034 SP=0x00007FF8 FLAGS=G   R0=515 R1=108 R2=0 R3=0 R4=0 R5=0 :: operand[1]=0x00000100
TICK=00166 MPC=167 FETCH_OPERAND    PC=0x00000038 SP=0x00007FF8 FLAGS=G   R0=515 R1=108 R2=0 R3=0 R4=0 R5=0 :: operand[2]=0x00000003
TICK=00167 MPC=168 DECODE           PC=0x00000038 SP=0x00007FF8 FLAGS=G   R0=515 R1=108 R2=0 R3=0 R4=0 R5=0 :: LOADB R1, [R0] ; super=blocked:control-or-io
TICK=00168 MPC=169 READ_BYTE_SOURCE PC=0x00000038 SP=0x00007FF8 FLAGS=G   R0=515 R1=108 R2=0 R3=0 R4=0 R5=0 :: READ_BYTE_SOURCE: LOADB R1, [R0]
TICK=00169 MPC=170 WRITE_DESTINATION PC=0x00000038 SP=0x00007FF8 FLAGS=G   R0=515 R1=108 R2=0 R3=0 R4=0 R5=0 :: WRITE_DESTINATION: LOADB R1, [R0]
TICK=00170 MPC=171 COMMIT           PC=0x00000038 SP=0x00007FF8 FLAGS=G   R0=515 R1=108 R2=0 R3=0 R4=0 R5=0 :: LOADB R1, [R0]
TICK=00171 MPC=172 FETCH_HEADER     PC=0x0000003C SP=0x00007FF8 FLAGS=G   R0=515 R1=108 R2=0 R3=0 R4=0 R5=0 :: addr=0x00000038 header=0x00000208 operands=2
TICK=00172 MPC=173 FETCH_OPERAND    PC=0x00000040 SP=0x00007FF8 FLAGS=G   R0=515 R1=108 R2=0 R3=0 R4=0 R5=0 :: operand[1]=0x00000100
TICK=00173 MPC=174 FETCH_OPERAND    PC=0x00000044 SP=0x00007FF8 FLAGS=G   R0=515 R1=108 R2=0 R3=0 R4=0 R5=0 :: operand[2]=0x00000001
TICK=00174 MPC=175 DECODE           PC=0x00000044 SP=0x00007FF8 FLAGS=G   R0=515 R1=108 R2=0 R3=0 R4=0 R5=0 :: CMP R1, #0 ; super=blocked:control-or-io
TICK=00175 MPC=176 READ_LEFT        PC=0x00000044 SP=0x00007FF8 FLAGS=G   R0=515 R1=108 R2=0 R3=0 R4=0 R5=0 :: READ_LEFT: CMP R1, #0
TICK=00176 MPC=177 READ_RIGHT       PC=0x00000044 SP=0x00007FF8 FLAGS=G   R0=515 R1=108 R2=0 R3=0 R4=0 R5=0 :: READ_RIGHT: CMP R1, #0
TICK=00177 MPC=178 ALU_SUB          PC=0x00000044 SP=0x00007FF8 FLAGS=G   R0=515 R1=108 R2=0 R3=0 R4=0 R5=0 :: ALU_SUB: CMP R1, #0
TICK=00178 MPC=179 UPDATE_FLAGS     PC=0x00000044 SP=0x00007FF8 FLAGS=G   R0=515 R1=108 R2=0 R3=0 R4=0 R5=0 :: UPDATE_FLAGS: CMP R1, #0
TICK=00179 MPC=180 COMMIT           PC=0x00000044 SP=0x00007FF8 FLAGS=G   R0=515 R1=108 R2=0 R3=0 R4=0 R5=0 :: CMP R1, #0
TICK=00180 MPC=181 FETCH_HEADER     PC=0x00000048 SP=0x00007FF8 FLAGS=G   R0=515 R1=108 R2=0 R3=0 R4=0 R5=0 :: addr=0x00000044 header=0x0000010A operands=1
TICK=00181 MPC=182 FETCH_OPERAND    PC=0x0000004C SP=0x00007FF8 FLAGS=G   R0=515 R1=108 R2=0 R3=0 R4=0 R5=0 :: operand[1]=0x00006C01
TICK=00182 MPC=183 DECODE           PC=0x0000004C SP=0x00007FF8 FLAGS=G   R0=515 R1=108 R2=0 R3=0 R4=0 R5=0 :: JZ #108 ; super=blocked:control-or-io
TICK=00183 MPC=184 READ_TARGET      PC=0x0000004C SP=0x00007FF8 FLAGS=G   R0=515 R1=108 R2=0 R3=0 R4=0 R5=0 :: READ_TARGET: JZ #108
TICK=00184 MPC=185 EVALUATE_BRANCH  PC=0x0000004C SP=0x00007FF8 FLAGS=G   R0=515 R1=108 R2=0 R3=0 R4=0 R5=0 :: EVALUATE_BRANCH: JZ #108
TICK=00185 MPC=186 COMMIT           PC=0x0000004C SP=0x00007FF8 FLAGS=G   R0=515 R1=108 R2=0 R3=0 R4=0 R5=0 :: JZ #108
TICK=00186 MPC=187 FETCH_HEADER     PC=0x00000050 SP=0x00007FF8 FLAGS=G   R0=515 R1=108 R2=0 R3=0 R4=0 R5=0 :: addr=0x0000004C header=0x00000215 operands=2
TICK=00187 MPC=188 FETCH_OPERAND    PC=0x00000054 SP=0x00007FF8 FLAGS=G   R0=515 R1=108 R2=0 R3=0 R4=0 R5=0 :: operand[1]=0x00FFF802
TICK=00188 MPC=189 FETCH_OPERAND    PC=0x00000058 SP=0x00007FF8 FLAGS=G   R0=515 R1=108 R2=0 R3=0 R4=0 R5=0 :: operand[2]=0x00000100
TICK=00189 MPC=190 DECODE           PC=0x00000058 SP=0x00007FF8 FLAGS=G   R0=515 R1=108 R2=0 R3=0 R4=0 R5=0 :: STOREB [0xFFF8], R1 ; super=blocked:control-or-io
TICK=00190 MPC=191 READ_BYTE_VALUE  PC=0x00000058 SP=0x00007FF8 FLAGS=G   R0=515 R1=108 R2=0 R3=0 R4=0 R5=0 :: READ_BYTE_VALUE: STOREB [0xFFF8], R1
TICK=00191 MPC=192 WRITE_BYTE_DESTINATION PC=0x00000058 SP=0x00007FF8 FLAGS=G   R0=515 R1=108 R2=0 R3=0 R4=0 R5=0 :: WRITE_BYTE_DESTINATION: STOREB [0xFFF8], R1
TICK=00192 MPC=193 COMMIT           PC=0x00000058 SP=0x00007FF8 FLAGS=G   R0=515 R1=108 R2=0 R3=0 R4=0 R5=0 :: STOREB [0xFFF8], R1
TICK=00193 MPC=194 FETCH_HEADER     PC=0x0000005C SP=0x00007FF8 FLAGS=G   R0=515 R1=108 R2=0 R3=0 R4=0 R5=0 :: addr=0x00000058 header=0x00000203 operands=2
TICK=00194 MPC=195 FETCH_OPERAND    PC=0x00000060 SP=0x00007FF8 FLAGS=G   R0=515 R1=108 R2=0 R3=0 R4=0 R5=0 :: operand[1]=0x00000000
TICK=00195 MPC=196 FETCH_OPERAND    PC=0x00000064 SP=0x00007FF8 FLAGS=G   R0=515 R1=108 R2=0 R3=0 R4=0 R5=0 :: operand[2]=0x00000101
TICK=00196 MPC=197 DECODE           PC=0x00000064 SP=0x00007FF8 FLAGS=G   R0=515 R1=108 R2=0 R3=0 R4=0 R5=0 :: ADD R0, #1 ; super=blocked:next-not-eligible
TICK=00197 MPC=198 READ_LEFT        PC=0x00000064 SP=0x00007FF8 FLAGS=G   R0=515 R1=108 R2=0 R3=0 R4=0 R5=0 :: READ_LEFT: ADD R0, #1
TICK=00198 MPC=199 READ_RIGHT       PC=0x00000064 SP=0x00007FF8 FLAGS=G   R0=515 R1=108 R2=0 R3=0 R4=0 R5=0 :: READ_RIGHT: ADD R0, #1
TICK=00199 MPC=200 ALU_ADD          PC=0x00000064 SP=0x00007FF8 FLAGS=G   R0=515 R1=108 R2=0 R3=0 R4=0 R5=0 :: ALU_ADD: ADD R0, #1
TICK=00200 MPC=201 WRITE_BACK       PC=0x00000064 SP=0x00007FF8 FLAGS=G   R0=515 R1=108 R2=0 R3=0 R4=0 R5=0 :: WRITE_BACK: ADD R0, #1
TICK=00201 MPC=202 UPDATE_FLAGS     PC=0x00000064 SP=0x00007FF8 FLAGS=G   R0=515 R1=108 R2=0 R3=0 R4=0 R5=0 :: UPDATE_FLAGS: ADD R0, #1
TICK=00202 MPC=203 COMMIT           PC=0x00000064 SP=0x00007FF8 FLAGS=G   R0=516 R1=108 R2=0 R3=0 R4=0 R5=0 :: ADD R0, #1
TICK=00203 MPC=204 FETCH_HEADER     PC=0x00000068 SP=0x00007FF8 FLAGS=G   R0=516 R1=108 R2=0 R3=0 R4=0 R5=0 :: addr=0x00000064 header=0x00000109 operands=1
TICK=00204 MPC=205 FETCH_OPERAND    PC=0x0000006C SP=0x00007FF8 FLAGS=G   R0=516 R1=108 R2=0 R3=0 R4=0 R5=0 :: operand[1]=0x00002C01
TICK=00205 MPC=206 DECODE           PC=0x0000006C SP=0x00007FF8 FLAGS=G   R0=516 R1=108 R2=0 R3=0 R4=0 R5=0 :: JMP #44 ; super=blocked:control-or-io
TICK=00206 MPC=207 READ_TARGET      PC=0x0000006C SP=0x00007FF8 FLAGS=G   R0=516 R1=108 R2=0 R3=0 R4=0 R5=0 :: READ_TARGET: JMP #44
TICK=00207 MPC=208 EVALUATE_BRANCH  PC=0x0000006C SP=0x00007FF8 FLAGS=G   R0=516 R1=108 R2=0 R3=0 R4=0 R5=0 :: EVALUATE_BRANCH: JMP #44
TICK=00208 MPC=209 COMMIT           PC=0x0000002C SP=0x00007FF8 FLAGS=G   R0=516 R1=108 R2=0 R3=0 R4=0 R5=0 :: JMP #44
TICK=00209 MPC=210 FETCH_HEADER     PC=0x00000030 SP=0x00007FF8 FLAGS=G   R0=516 R1=108 R2=0 R3=0 R4=0 R5=0 :: addr=0x0000002C header=0x00000214 operands=2
TICK=00210 MPC=211 FETCH_OPERAND    PC=0x00000034 SP=0x00007FF8 FLAGS=G   R0=516 R1=108 R2=0 R3=0 R4=0 R5=0 :: operand[1]=0x00000100
TICK=00211 MPC=212 FETCH_OPERAND    PC=0x00000038 SP=0x00007FF8 FLAGS=G   R0=516 R1=108 R2=0 R3=0 R4=0 R5=0 :: operand[2]=0x00000003
TICK=00212 MPC=213 DECODE           PC=0x00000038 SP=0x00007FF8 FLAGS=G   R0=516 R1=108 R2=0 R3=0 R4=0 R5=0 :: LOADB R1, [R0] ; super=blocked:control-or-io
TICK=00213 MPC=214 READ_BYTE_SOURCE PC=0x00000038 SP=0x00007FF8 FLAGS=G   R0=516 R1=108 R2=0 R3=0 R4=0 R5=0 :: READ_BYTE_SOURCE: LOADB R1, [R0]
TICK=00214 MPC=215 WRITE_DESTINATION PC=0x00000038 SP=0x00007FF8 FLAGS=G   R0=516 R1=108 R2=0 R3=0 R4=0 R5=0 :: WRITE_DESTINATION: LOADB R1, [R0]
TICK=00215 MPC=216 COMMIT           PC=0x00000038 SP=0x00007FF8 FLAGS=G   R0=516 R1=111 R2=0 R3=0 R4=0 R5=0 :: LOADB R1, [R0]
TICK=00216 MPC=217 FETCH_HEADER     PC=0x0000003C SP=0x00007FF8 FLAGS=G   R0=516 R1=111 R2=0 R3=0 R4=0 R5=0 :: addr=0x00000038 header=0x00000208 operands=2
TICK=00217 MPC=218 FETCH_OPERAND    PC=0x00000040 SP=0x00007FF8 FLAGS=G   R0=516 R1=111 R2=0 R3=0 R4=0 R5=0 :: operand[1]=0x00000100
TICK=00218 MPC=219 FETCH_OPERAND    PC=0x00000044 SP=0x00007FF8 FLAGS=G   R0=516 R1=111 R2=0 R3=0 R4=0 R5=0 :: operand[2]=0x00000001
TICK=00219 MPC=220 DECODE           PC=0x00000044 SP=0x00007FF8 FLAGS=G   R0=516 R1=111 R2=0 R3=0 R4=0 R5=0 :: CMP R1, #0 ; super=blocked:control-or-io
TICK=00220 MPC=221 READ_LEFT        PC=0x00000044 SP=0x00007FF8 FLAGS=G   R0=516 R1=111 R2=0 R3=0 R4=0 R5=0 :: READ_LEFT: CMP R1, #0
TICK=00221 MPC=222 READ_RIGHT       PC=0x00000044 SP=0x00007FF8 FLAGS=G   R0=516 R1=111 R2=0 R3=0 R4=0 R5=0 :: READ_RIGHT: CMP R1, #0
TICK=00222 MPC=223 ALU_SUB          PC=0x00000044 SP=0x00007FF8 FLAGS=G   R0=516 R1=111 R2=0 R3=0 R4=0 R5=0 :: ALU_SUB: CMP R1, #0
TICK=00223 MPC=224 UPDATE_FLAGS     PC=0x00000044 SP=0x00007FF8 FLAGS=G   R0=516 R1=111 R2=0 R3=0 R4=0 R5=0 :: UPDATE_FLAGS: CMP R1, #0
TICK=00224 MPC=225 COMMIT           PC=0x00000044 SP=0x00007FF8 FLAGS=G   R0=516 R1=111 R2=0 R3=0 R4=0 R5=0 :: CMP R1, #0
TICK=00225 MPC=226 FETCH_HEADER     PC=0x00000048 SP=0x00007FF8 FLAGS=G   R0=516 R1=111 R2=0 R3=0 R4=0 R5=0 :: addr=0x00000044 header=0x0000010A operands=1
TICK=00226 MPC=227 FETCH_OPERAND    PC=0x0000004C SP=0x00007FF8 FLAGS=G   R0=516 R1=111 R2=0 R3=0 R4=0 R5=0 :: operand[1]=0x00006C01
TICK=00227 MPC=228 DECODE           PC=0x0000004C SP=0x00007FF8 FLAGS=G   R0=516 R1=111 R2=0 R3=0 R4=0 R5=0 :: JZ #108 ; super=blocked:control-or-io
TICK=00228 MPC=229 READ_TARGET      PC=0x0000004C SP=0x00007FF8 FLAGS=G   R0=516 R1=111 R2=0 R3=0 R4=0 R5=0 :: READ_TARGET: JZ #108
TICK=00229 MPC=230 EVALUATE_BRANCH  PC=0x0000004C SP=0x00007FF8 FLAGS=G   R0=516 R1=111 R2=0 R3=0 R4=0 R5=0 :: EVALUATE_BRANCH: JZ #108
TICK=00230 MPC=231 COMMIT           PC=0x0000004C SP=0x00007FF8 FLAGS=G   R0=516 R1=111 R2=0 R3=0 R4=0 R5=0 :: JZ #108
TICK=00231 MPC=232 FETCH_HEADER     PC=0x00000050 SP=0x00007FF8 FLAGS=G   R0=516 R1=111 R2=0 R3=0 R4=0 R5=0 :: addr=0x0000004C header=0x00000215 operands=2
TICK=00232 MPC=233 FETCH_OPERAND    PC=0x00000054 SP=0x00007FF8 FLAGS=G   R0=516 R1=111 R2=0 R3=0 R4=0 R5=0 :: operand[1]=0x00FFF802
TICK=00233 MPC=234 FETCH_OPERAND    PC=0x00000058 SP=0x00007FF8 FLAGS=G   R0=516 R1=111 R2=0 R3=0 R4=0 R5=0 :: operand[2]=0x00000100
TICK=00234 MPC=235 DECODE           PC=0x00000058 SP=0x00007FF8 FLAGS=G   R0=516 R1=111 R2=0 R3=0 R4=0 R5=0 :: STOREB [0xFFF8], R1 ; super=blocked:control-or-io
TICK=00235 MPC=236 READ_BYTE_VALUE  PC=0x00000058 SP=0x00007FF8 FLAGS=G   R0=516 R1=111 R2=0 R3=0 R4=0 R5=0 :: READ_BYTE_VALUE: STOREB [0xFFF8], R1
TICK=00236 MPC=237 WRITE_BYTE_DESTINATION PC=0x00000058 SP=0x00007FF8 FLAGS=G   R0=516 R1=111 R2=0 R3=0 R4=0 R5=0 :: WRITE_BYTE_DESTINATION: STOREB [0xFFF8], R1
TICK=00237 MPC=238 COMMIT           PC=0x00000058 SP=0x00007FF8 FLAGS=G   R0=516 R1=111 R2=0 R3=0 R4=0 R5=0 :: STOREB [0xFFF8], R1
TICK=00238 MPC=239 FETCH_HEADER     PC=0x0000005C SP=0x00007FF8 FLAGS=G   R0=516 R1=111 R2=0 R3=0 R4=0 R5=0 :: addr=0x00000058 header=0x00000203 operands=2
TICK=00239 MPC=240 FETCH_OPERAND    PC=0x00000060 SP=0x00007FF8 FLAGS=G   R0=516 R1=111 R2=0 R3=0 R4=0 R5=0 :: operand[1]=0x00000000
TICK=00240 MPC=241 FETCH_OPERAND    PC=0x00000064 SP=0x00007FF8 FLAGS=G   R0=516 R1=111 R2=0 R3=0 R4=0 R5=0 :: operand[2]=0x00000101
TICK=00241 MPC=242 DECODE           PC=0x00000064 SP=0x00007FF8 FLAGS=G   R0=516 R1=111 R2=0 R3=0 R4=0 R5=0 :: ADD R0, #1 ; super=blocked:next-not-eligible
TICK=00242 MPC=243 READ_LEFT        PC=0x00000064 SP=0x00007FF8 FLAGS=G   R0=516 R1=111 R2=0 R3=0 R4=0 R5=0 :: READ_LEFT: ADD R0, #1
TICK=00243 MPC=244 READ_RIGHT       PC=0x00000064 SP=0x00007FF8 FLAGS=G   R0=516 R1=111 R2=0 R3=0 R4=0 R5=0 :: READ_RIGHT: ADD R0, #1
TICK=00244 MPC=245 ALU_ADD          PC=0x00000064 SP=0x00007FF8 FLAGS=G   R0=516 R1=111 R2=0 R3=0 R4=0 R5=0 :: ALU_ADD: ADD R0, #1
TICK=00245 MPC=246 WRITE_BACK       PC=0x00000064 SP=0x00007FF8 FLAGS=G   R0=516 R1=111 R2=0 R3=0 R4=0 R5=0 :: WRITE_BACK: ADD R0, #1
TICK=00246 MPC=247 UPDATE_FLAGS     PC=0x00000064 SP=0x00007FF8 FLAGS=G   R0=516 R1=111 R2=0 R3=0 R4=0 R5=0 :: UPDATE_FLAGS: ADD R0, #1
TICK=00247 MPC=248 COMMIT           PC=0x00000064 SP=0x00007FF8 FLAGS=G   R0=517 R1=111 R2=0 R3=0 R4=0 R5=0 :: ADD R0, #1
TICK=00248 MPC=249 FETCH_HEADER     PC=0x00000068 SP=0x00007FF8 FLAGS=G   R0=517 R1=111 R2=0 R3=0 R4=0 R5=0 :: addr=0x00000064 header=0x00000109 operands=1
TICK=00249 MPC=250 FETCH_OPERAND    PC=0x0000006C SP=0x00007FF8 FLAGS=G   R0=517 R1=111 R2=0 R3=0 R4=0 R5=0 :: operand[1]=0x00002C01
TICK=00250 MPC=251 DECODE           PC=0x0000006C SP=0x00007FF8 FLAGS=G   R0=517 R1=111 R2=0 R3=0 R4=0 R5=0 :: JMP #44 ; super=blocked:control-or-io
TICK=00251 MPC=252 READ_TARGET      PC=0x0000006C SP=0x00007FF8 FLAGS=G   R0=517 R1=111 R2=0 R3=0 R4=0 R5=0 :: READ_TARGET: JMP #44
TICK=00252 MPC=253 EVALUATE_BRANCH  PC=0x0000006C SP=0x00007FF8 FLAGS=G   R0=517 R1=111 R2=0 R3=0 R4=0 R5=0 :: EVALUATE_BRANCH: JMP #44
TICK=00253 MPC=254 COMMIT           PC=0x0000002C SP=0x00007FF8 FLAGS=G   R0=517 R1=111 R2=0 R3=0 R4=0 R5=0 :: JMP #44
TICK=00254 MPC=255 FETCH_HEADER     PC=0x00000030 SP=0x00007FF8 FLAGS=G   R0=517 R1=111 R2=0 R3=0 R4=0 R5=0 :: addr=0x0000002C header=0x00000214 operands=2
TICK=00255 MPC=256 FETCH_OPERAND    PC=0x00000034 SP=0x00007FF8 FLAGS=G   R0=517 R1=111 R2=0 R3=0 R4=0 R5=0 :: operand[1]=0x00000100
TICK=00256 MPC=257 FETCH_OPERAND    PC=0x00000038 SP=0x00007FF8 FLAGS=G   R0=517 R1=111 R2=0 R3=0 R4=0 R5=0 :: operand[2]=0x00000003
TICK=00257 MPC=258 DECODE           PC=0x00000038 SP=0x00007FF8 FLAGS=G   R0=517 R1=111 R2=0 R3=0 R4=0 R5=0 :: LOADB R1, [R0] ; super=blocked:control-or-io
TICK=00258 MPC=259 READ_BYTE_SOURCE PC=0x00000038 SP=0x00007FF8 FLAGS=G   R0=517 R1=111 R2=0 R3=0 R4=0 R5=0 :: READ_BYTE_SOURCE: LOADB R1, [R0]
TICK=00259 MPC=260 WRITE_DESTINATION PC=0x00000038 SP=0x00007FF8 FLAGS=G   R0=517 R1=111 R2=0 R3=0 R4=0 R5=0 :: WRITE_DESTINATION: LOADB R1, [R0]
TICK=00260 MPC=261 COMMIT           PC=0x00000038 SP=0x00007FF8 FLAGS=G   R0=517 R1=44 R2=0 R3=0 R4=0 R5=0 :: LOADB R1, [R0]
TICK=00261 MPC=262 FETCH_HEADER     PC=0x0000003C SP=0x00007FF8 FLAGS=G   R0=517 R1=44 R2=0 R3=0 R4=0 R5=0 :: addr=0x00000038 header=0x00000208 operands=2
TICK=00262 MPC=263 FETCH_OPERAND    PC=0x00000040 SP=0x00007FF8 FLAGS=G   R0=517 R1=44 R2=0 R3=0 R4=0 R5=0 :: operand[1]=0x00000100
TICK=00263 MPC=264 FETCH_OPERAND    PC=0x00000044 SP=0x00007FF8 FLAGS=G   R0=517 R1=44 R2=0 R3=0 R4=0 R5=0 :: operand[2]=0x00000001
TICK=00264 MPC=265 DECODE           PC=0x00000044 SP=0x00007FF8 FLAGS=G   R0=517 R1=44 R2=0 R3=0 R4=0 R5=0 :: CMP R1, #0 ; super=blocked:control-or-io
TICK=00265 MPC=266 READ_LEFT        PC=0x00000044 SP=0x00007FF8 FLAGS=G   R0=517 R1=44 R2=0 R3=0 R4=0 R5=0 :: READ_LEFT: CMP R1, #0
TICK=00266 MPC=267 READ_RIGHT       PC=0x00000044 SP=0x00007FF8 FLAGS=G   R0=517 R1=44 R2=0 R3=0 R4=0 R5=0 :: READ_RIGHT: CMP R1, #0
TICK=00267 MPC=268 ALU_SUB          PC=0x00000044 SP=0x00007FF8 FLAGS=G   R0=517 R1=44 R2=0 R3=0 R4=0 R5=0 :: ALU_SUB: CMP R1, #0
TICK=00268 MPC=269 UPDATE_FLAGS     PC=0x00000044 SP=0x00007FF8 FLAGS=G   R0=517 R1=44 R2=0 R3=0 R4=0 R5=0 :: UPDATE_FLAGS: CMP R1, #0
TICK=00269 MPC=270 COMMIT           PC=0x00000044 SP=0x00007FF8 FLAGS=G   R0=517 R1=44 R2=0 R3=0 R4=0 R5=0 :: CMP R1, #0
TICK=00270 MPC=271 FETCH_HEADER     PC=0x00000048 SP=0x00007FF8 FLAGS=G   R0=517 R1=44 R2=0 R3=0 R4=0 R5=0 :: addr=0x00000044 header=0x0000010A operands=1
TICK=00271 MPC=272 FETCH_OPERAND    PC=0x0000004C SP=0x00007FF8 FLAGS=G   R0=517 R1=44 R2=0 R3=0 R4=0 R5=0 :: operand[1]=0x00006C01
TICK=00272 MPC=273 DECODE           PC=0x0000004C SP=0x00007FF8 FLAGS=G   R0=517 R1=44 R2=0 R3=0 R4=0 R5=0 :: JZ #108 ; super=blocked:control-or-io
TICK=00273 MPC=274 READ_TARGET      PC=0x0000004C SP=0x00007FF8 FLAGS=G   R0=517 R1=44 R2=0 R3=0 R4=0 R5=0 :: READ_TARGET: JZ #108
TICK=00274 MPC=275 EVALUATE_BRANCH  PC=0x0000004C SP=0x00007FF8 FLAGS=G   R0=517 R1=44 R2=0 R3=0 R4=0 R5=0 :: EVALUATE_BRANCH: JZ #108
TICK=00275 MPC=276 COMMIT           PC=0x0000004C SP=0x00007FF8 FLAGS=G   R0=517 R1=44 R2=0 R3=0 R4=0 R5=0 :: JZ #108
TICK=00276 MPC=277 FETCH_HEADER     PC=0x00000050 SP=0x00007FF8 FLAGS=G   R0=517 R1=44 R2=0 R3=0 R4=0 R5=0 :: addr=0x0000004C header=0x00000215 operands=2
TICK=00277 MPC=278 FETCH_OPERAND    PC=0x00000054 SP=0x00007FF8 FLAGS=G   R0=517 R1=44 R2=0 R3=0 R4=0 R5=0 :: operand[1]=0x00FFF802
TICK=00278 MPC=279 FETCH_OPERAND    PC=0x00000058 SP=0x00007FF8 FLAGS=G   R0=517 R1=44 R2=0 R3=0 R4=0 R5=0 :: operand[2]=0x00000100
TICK=00279 MPC=280 DECODE           PC=0x00000058 SP=0x00007FF8 FLAGS=G   R0=517 R1=44 R2=0 R3=0 R4=0 R5=0 :: STOREB [0xFFF8], R1 ; super=blocked:control-or-io
TICK=00280 MPC=281 READ_BYTE_VALUE  PC=0x00000058 SP=0x00007FF8 FLAGS=G   R0=517 R1=44 R2=0 R3=0 R4=0 R5=0 :: READ_BYTE_VALUE: STOREB [0xFFF8], R1
TICK=00281 MPC=282 WRITE_BYTE_DESTINATION PC=0x00000058 SP=0x00007FF8 FLAGS=G   R0=517 R1=44 R2=0 R3=0 R4=0 R5=0 :: WRITE_BYTE_DESTINATION: STOREB [0xFFF8], R1
TICK=00282 MPC=283 COMMIT           PC=0x00000058 SP=0x00007FF8 FLAGS=G   R0=517 R1=44 R2=0 R3=0 R4=0 R5=0 :: STOREB [0xFFF8], R1
TICK=00283 MPC=284 FETCH_HEADER     PC=0x0000005C SP=0x00007FF8 FLAGS=G   R0=517 R1=44 R2=0 R3=0 R4=0 R5=0 :: addr=0x00000058 header=0x00000203 operands=2
TICK=00284 MPC=285 FETCH_OPERAND    PC=0x00000060 SP=0x00007FF8 FLAGS=G   R0=517 R1=44 R2=0 R3=0 R4=0 R5=0 :: operand[1]=0x00000000
TICK=00285 MPC=286 FETCH_OPERAND    PC=0x00000064 SP=0x00007FF8 FLAGS=G   R0=517 R1=44 R2=0 R3=0 R4=0 R5=0 :: operand[2]=0x00000101
TICK=00286 MPC=287 DECODE           PC=0x00000064 SP=0x00007FF8 FLAGS=G   R0=517 R1=44 R2=0 R3=0 R4=0 R5=0 :: ADD R0, #1 ; super=blocked:next-not-eligible
TICK=00287 MPC=288 READ_LEFT        PC=0x00000064 SP=0x00007FF8 FLAGS=G   R0=517 R1=44 R2=0 R3=0 R4=0 R5=0 :: READ_LEFT: ADD R0, #1
TICK=00288 MPC=289 READ_RIGHT       PC=0x00000064 SP=0x00007FF8 FLAGS=G   R0=517 R1=44 R2=0 R3=0 R4=0 R5=0 :: READ_RIGHT: ADD R0, #1
TICK=00289 MPC=290 ALU_ADD          PC=0x00000064 SP=0x00007FF8 FLAGS=G   R0=517 R1=44 R2=0 R3=0 R4=0 R5=0 :: ALU_ADD: ADD R0, #1
TICK=00290 MPC=291 WRITE_BACK       PC=0x00000064 SP=0x00007FF8 FLAGS=G   R0=517 R1=44 R2=0 R3=0 R4=0 R5=0 :: WRITE_BACK: ADD R0, #1
TICK=00291 MPC=292 UPDATE_FLAGS     PC=0x00000064 SP=0x00007FF8 FLAGS=G   R0=517 R1=44 R2=0 R3=0 R4=0 R5=0 :: UPDATE_FLAGS: ADD R0, #1
TICK=00292 MPC=293 COMMIT           PC=0x00000064 SP=0x00007FF8 FLAGS=G   R0=518 R1=44 R2=0 R3=0 R4=0 R5=0 :: ADD R0, #1
TICK=00293 MPC=294 FETCH_HEADER     PC=0x00000068 SP=0x00007FF8 FLAGS=G   R0=518 R1=44 R2=0 R3=0 R4=0 R5=0 :: addr=0x00000064 header=0x00000109 operands=1
TICK=00294 MPC=295 FETCH_OPERAND    PC=0x0000006C SP=0x00007FF8 FLAGS=G   R0=518 R1=44 R2=0 R3=0 R4=0 R5=0 :: operand[1]=0x00002C01
TICK=00295 MPC=296 DECODE           PC=0x0000006C SP=0x00007FF8 FLAGS=G   R0=518 R1=44 R2=0 R3=0 R4=0 R5=0 :: JMP #44 ; super=blocked:control-or-io
TICK=00296 MPC=297 READ_TARGET      PC=0x0000006C SP=0x00007FF8 FLAGS=G   R0=518 R1=44 R2=0 R3=0 R4=0 R5=0 :: READ_TARGET: JMP #44
TICK=00297 MPC=298 EVALUATE_BRANCH  PC=0x0000006C SP=0x00007FF8 FLAGS=G   R0=518 R1=44 R2=0 R3=0 R4=0 R5=0 :: EVALUATE_BRANCH: JMP #44
TICK=00298 MPC=299 COMMIT           PC=0x0000002C SP=0x00007FF8 FLAGS=G   R0=518 R1=44 R2=0 R3=0 R4=0 R5=0 :: JMP #44
TICK=00299 MPC=300 FETCH_HEADER     PC=0x00000030 SP=0x00007FF8 FLAGS=G   R0=518 R1=44 R2=0 R3=0 R4=0 R5=0 :: addr=0x0000002C header=0x00000214 operands=2
TICK=00300 MPC=301 FETCH_OPERAND    PC=0x00000034 SP=0x00007FF8 FLAGS=G   R0=518 R1=44 R2=0 R3=0 R4=0 R5=0 :: operand[1]=0x00000100
TICK=00301 MPC=302 FETCH_OPERAND    PC=0x00000038 SP=0x00007FF8 FLAGS=G   R0=518 R1=44 R2=0 R3=0 R4=0 R5=0 :: operand[2]=0x00000003
TICK=00302 MPC=303 DECODE           PC=0x00000038 SP=0x00007FF8 FLAGS=G   R0=518 R1=44 R2=0 R3=0 R4=0 R5=0 :: LOADB R1, [R0] ; super=blocked:control-or-io
TICK=00303 MPC=304 READ_BYTE_SOURCE PC=0x00000038 SP=0x00007FF8 FLAGS=G   R0=518 R1=44 R2=0 R3=0 R4=0 R5=0 :: READ_BYTE_SOURCE: LOADB R1, [R0]
TICK=00304 MPC=305 WRITE_DESTINATION PC=0x00000038 SP=0x00007FF8 FLAGS=G   R0=518 R1=44 R2=0 R3=0 R4=0 R5=0 :: WRITE_DESTINATION: LOADB R1, [R0]
TICK=00305 MPC=306 COMMIT           PC=0x00000038 SP=0x00007FF8 FLAGS=G   R0=518 R1=32 R2=0 R3=0 R4=0 R5=0 :: LOADB R1, [R0]
TICK=00306 MPC=307 FETCH_HEADER     PC=0x0000003C SP=0x00007FF8 FLAGS=G   R0=518 R1=32 R2=0 R3=0 R4=0 R5=0 :: addr=0x00000038 header=0x00000208 operands=2
TICK=00307 MPC=308 FETCH_OPERAND    PC=0x00000040 SP=0x00007FF8 FLAGS=G   R0=518 R1=32 R2=0 R3=0 R4=0 R5=0 :: operand[1]=0x00000100
TICK=00308 MPC=309 FETCH_OPERAND    PC=0x00000044 SP=0x00007FF8 FLAGS=G   R0=518 R1=32 R2=0 R3=0 R4=0 R5=0 :: operand[2]=0x00000001
TICK=00309 MPC=310 DECODE           PC=0x00000044 SP=0x00007FF8 FLAGS=G   R0=518 R1=32 R2=0 R3=0 R4=0 R5=0 :: CMP R1, #0 ; super=blocked:control-or-io
TICK=00310 MPC=311 READ_LEFT        PC=0x00000044 SP=0x00007FF8 FLAGS=G   R0=518 R1=32 R2=0 R3=0 R4=0 R5=0 :: READ_LEFT: CMP R1, #0
TICK=00311 MPC=312 READ_RIGHT       PC=0x00000044 SP=0x00007FF8 FLAGS=G   R0=518 R1=32 R2=0 R3=0 R4=0 R5=0 :: READ_RIGHT: CMP R1, #0
TICK=00312 MPC=313 ALU_SUB          PC=0x00000044 SP=0x00007FF8 FLAGS=G   R0=518 R1=32 R2=0 R3=0 R4=0 R5=0 :: ALU_SUB: CMP R1, #0
TICK=00313 MPC=314 UPDATE_FLAGS     PC=0x00000044 SP=0x00007FF8 FLAGS=G   R0=518 R1=32 R2=0 R3=0 R4=0 R5=0 :: UPDATE_FLAGS: CMP R1, #0
TICK=00314 MPC=315 COMMIT           PC=0x00000044 SP=0x00007FF8 FLAGS=G   R0=518 R1=32 R2=0 R3=0 R4=0 R5=0 :: CMP R1, #0
TICK=00315 MPC=316 FETCH_HEADER     PC=0x00000048 SP=0x00007FF8 FLAGS=G   R0=518 R1=32 R2=0 R3=0 R4=0 R5=0 :: addr=0x00000044 header=0x0000010A operands=1
TICK=00316 MPC=317 FETCH_OPERAND    PC=0x0000004C SP=0x00007FF8 FLAGS=G   R0=518 R1=32 R2=0 R3=0 R4=0 R5=0 :: operand[1]=0x00006C01
TICK=00317 MPC=318 DECODE           PC=0x0000004C SP=0x00007FF8 FLAGS=G   R0=518 R1=32 R2=0 R3=0 R4=0 R5=0 :: JZ #108 ; super=blocked:control-or-io
TICK=00318 MPC=319 READ_TARGET      PC=0x0000004C SP=0x00007FF8 FLAGS=G   R0=518 R1=32 R2=0 R3=0 R4=0 R5=0 :: READ_TARGET: JZ #108
TICK=00319 MPC=320 EVALUATE_BRANCH  PC=0x0000004C SP=0x00007FF8 FLAGS=G   R0=518 R1=32 R2=0 R3=0 R4=0 R5=0 :: EVALUATE_BRANCH: JZ #108
TICK=00320 MPC=321 COMMIT           PC=0x0000004C SP=0x00007FF8 FLAGS=G   R0=518 R1=32 R2=0 R3=0 R4=0 R5=0 :: JZ #108
TICK=00321 MPC=322 FETCH_HEADER     PC=0x00000050 SP=0x00007FF8 FLAGS=G   R0=518 R1=32 R2=0 R3=0 R4=0 R5=0 :: addr=0x0000004C header=0x00000215 operands=2
TICK=00322 MPC=323 FETCH_OPERAND    PC=0x00000054 SP=0x00007FF8 FLAGS=G   R0=518 R1=32 R2=0 R3=0 R4=0 R5=0 :: operand[1]=0x00FFF802
TICK=00323 MPC=324 FETCH_OPERAND    PC=0x00000058 SP=0x00007FF8 FLAGS=G   R0=518 R1=32 R2=0 R3=0 R4=0 R5=0 :: operand[2]=0x00000100
TICK=00324 MPC=325 DECODE           PC=0x00000058 SP=0x00007FF8 FLAGS=G   R0=518 R1=32 R2=0 R3=0 R4=0 R5=0 :: STOREB [0xFFF8], R1 ; super=blocked:control-or-io
TICK=00325 MPC=326 READ_BYTE_VALUE  PC=0x00000058 SP=0x00007FF8 FLAGS=G   R0=518 R1=32 R2=0 R3=0 R4=0 R5=0 :: READ_BYTE_VALUE: STOREB [0xFFF8], R1
TICK=00326 MPC=327 WRITE_BYTE_DESTINATION PC=0x00000058 SP=0x00007FF8 FLAGS=G   R0=518 R1=32 R2=0 R3=0 R4=0 R5=0 :: WRITE_BYTE_DESTINATION: STOREB [0xFFF8], R1
TICK=00327 MPC=328 COMMIT           PC=0x00000058 SP=0x00007FF8 FLAGS=G   R0=518 R1=32 R2=0 R3=0 R4=0 R5=0 :: STOREB [0xFFF8], R1
TICK=00328 MPC=329 FETCH_HEADER     PC=0x0000005C SP=0x00007FF8 FLAGS=G   R0=518 R1=32 R2=0 R3=0 R4=0 R5=0 :: addr=0x00000058 header=0x00000203 operands=2
TICK=00329 MPC=330 FETCH_OPERAND    PC=0x00000060 SP=0x00007FF8 FLAGS=G   R0=518 R1=32 R2=0 R3=0 R4=0 R5=0 :: operand[1]=0x00000000
TICK=00330 MPC=331 FETCH_OPERAND    PC=0x00000064 SP=0x00007FF8 FLAGS=G   R0=518 R1=32 R2=0 R3=0 R4=0 R5=0 :: operand[2]=0x00000101
TICK=00331 MPC=332 DECODE           PC=0x00000064 SP=0x00007FF8 FLAGS=G   R0=518 R1=32 R2=0 R3=0 R4=0 R5=0 :: ADD R0, #1 ; super=blocked:next-not-eligible
TICK=00332 MPC=333 READ_LEFT        PC=0x00000064 SP=0x00007FF8 FLAGS=G   R0=518 R1=32 R2=0 R3=0 R4=0 R5=0 :: READ_LEFT: ADD R0, #1
TICK=00333 MPC=334 READ_RIGHT       PC=0x00000064 SP=0x00007FF8 FLAGS=G   R0=518 R1=32 R2=0 R3=0 R4=0 R5=0 :: READ_RIGHT: ADD R0, #1
TICK=00334 MPC=335 ALU_ADD          PC=0x00000064 SP=0x00007FF8 FLAGS=G   R0=518 R1=32 R2=0 R3=0 R4=0 R5=0 :: ALU_ADD: ADD R0, #1
TICK=00335 MPC=336 WRITE_BACK       PC=0x00000064 SP=0x00007FF8 FLAGS=G   R0=518 R1=32 R2=0 R3=0 R4=0 R5=0 :: WRITE_BACK: ADD R0, #1
TICK=00336 MPC=337 UPDATE_FLAGS     PC=0x00000064 SP=0x00007FF8 FLAGS=G   R0=518 R1=32 R2=0 R3=0 R4=0 R5=0 :: UPDATE_FLAGS: ADD R0, #1
TICK=00337 MPC=338 COMMIT           PC=0x00000064 SP=0x00007FF8 FLAGS=G   R0=519 R1=32 R2=0 R3=0 R4=0 R5=0 :: ADD R0, #1
TICK=00338 MPC=339 FETCH_HEADER     PC=0x00000068 SP=0x00007FF8 FLAGS=G   R0=519 R1=32 R2=0 R3=0 R4=0 R5=0 :: addr=0x00000064 header=0x00000109 operands=1
TICK=00339 MPC=340 FETCH_OPERAND    PC=0x0000006C SP=0x00007FF8 FLAGS=G   R0=519 R1=32 R2=0 R3=0 R4=0 R5=0 :: operand[1]=0x00002C01
TICK=00340 MPC=341 DECODE           PC=0x0000006C SP=0x00007FF8 FLAGS=G   R0=519 R1=32 R2=0 R3=0 R4=0 R5=0 :: JMP #44 ; super=blocked:control-or-io
TICK=00341 MPC=342 READ_TARGET      PC=0x0000006C SP=0x00007FF8 FLAGS=G   R0=519 R1=32 R2=0 R3=0 R4=0 R5=0 :: READ_TARGET: JMP #44
TICK=00342 MPC=343 EVALUATE_BRANCH  PC=0x0000006C SP=0x00007FF8 FLAGS=G   R0=519 R1=32 R2=0 R3=0 R4=0 R5=0 :: EVALUATE_BRANCH: JMP #44
TICK=00343 MPC=344 COMMIT           PC=0x0000002C SP=0x00007FF8 FLAGS=G   R0=519 R1=32 R2=0 R3=0 R4=0 R5=0 :: JMP #44
TICK=00344 MPC=345 FETCH_HEADER     PC=0x00000030 SP=0x00007FF8 FLAGS=G   R0=519 R1=32 R2=0 R3=0 R4=0 R5=0 :: addr=0x0000002C header=0x00000214 operands=2
TICK=00345 MPC=346 FETCH_OPERAND    PC=0x00000034 SP=0x00007FF8 FLAGS=G   R0=519 R1=32 R2=0 R3=0 R4=0 R5=0 :: operand[1]=0x00000100
TICK=00346 MPC=347 FETCH_OPERAND    PC=0x00000038 SP=0x00007FF8 FLAGS=G   R0=519 R1=32 R2=0 R3=0 R4=0 R5=0 :: operand[2]=0x00000003
TICK=00347 MPC=348 DECODE           PC=0x00000038 SP=0x00007FF8 FLAGS=G   R0=519 R1=32 R2=0 R3=0 R4=0 R5=0 :: LOADB R1, [R0] ; super=blocked:control-or-io
TICK=00348 MPC=349 READ_BYTE_SOURCE PC=0x00000038 SP=0x00007FF8 FLAGS=G   R0=519 R1=32 R2=0 R3=0 R4=0 R5=0 :: READ_BYTE_SOURCE: LOADB R1, [R0]
TICK=00349 MPC=350 WRITE_DESTINATION PC=0x00000038 SP=0x00007FF8 FLAGS=G   R0=519 R1=32 R2=0 R3=0 R4=0 R5=0 :: WRITE_DESTINATION: LOADB R1, [R0]
TICK=00350 MPC=351 COMMIT           PC=0x00000038 SP=0x00007FF8 FLAGS=G   R0=519 R1=119 R2=0 R3=0 R4=0 R5=0 :: LOADB R1, [R0]
TICK=00351 MPC=352 FETCH_HEADER     PC=0x0000003C SP=0x00007FF8 FLAGS=G   R0=519 R1=119 R2=0 R3=0 R4=0 R5=0 :: addr=0x00000038 header=0x00000208 operands=2
TICK=00352 MPC=353 FETCH_OPERAND    PC=0x00000040 SP=0x00007FF8 FLAGS=G   R0=519 R1=119 R2=0 R3=0 R4=0 R5=0 :: operand[1]=0x00000100
TICK=00353 MPC=354 FETCH_OPERAND    PC=0x00000044 SP=0x00007FF8 FLAGS=G   R0=519 R1=119 R2=0 R3=0 R4=0 R5=0 :: operand[2]=0x00000001
TICK=00354 MPC=355 DECODE           PC=0x00000044 SP=0x00007FF8 FLAGS=G   R0=519 R1=119 R2=0 R3=0 R4=0 R5=0 :: CMP R1, #0 ; super=blocked:control-or-io
TICK=00355 MPC=356 READ_LEFT        PC=0x00000044 SP=0x00007FF8 FLAGS=G   R0=519 R1=119 R2=0 R3=0 R4=0 R5=0 :: READ_LEFT: CMP R1, #0
TICK=00356 MPC=357 READ_RIGHT       PC=0x00000044 SP=0x00007FF8 FLAGS=G   R0=519 R1=119 R2=0 R3=0 R4=0 R5=0 :: READ_RIGHT: CMP R1, #0
TICK=00357 MPC=358 ALU_SUB          PC=0x00000044 SP=0x00007FF8 FLAGS=G   R0=519 R1=119 R2=0 R3=0 R4=0 R5=0 :: ALU_SUB: CMP R1, #0
TICK=00358 MPC=359 UPDATE_FLAGS     PC=0x00000044 SP=0x00007FF8 FLAGS=G   R0=519 R1=119 R2=0 R3=0 R4=0 R5=0 :: UPDATE_FLAGS: CMP R1, #0
TICK=00359 MPC=360 COMMIT           PC=0x00000044 SP=0x00007FF8 FLAGS=G   R0=519 R1=119 R2=0 R3=0 R4=0 R5=0 :: CMP R1, #0
TICK=00360 MPC=361 FETCH_HEADER     PC=0x00000048 SP=0x00007FF8 FLAGS=G   R0=519 R1=119 R2=0 R3=0 R4=0 R5=0 :: addr=0x00000044 header=0x0000010A operands=1
TICK=00361 MPC=362 FETCH_OPERAND    PC=0x0000004C SP=0x00007FF8 FLAGS=G   R0=519 R1=119 R2=0 R3=0 R4=0 R5=0 :: operand[1]=0x00006C01
TICK=00362 MPC=363 DECODE           PC=0x0000004C SP=0x00007FF8 FLAGS=G   R0=519 R1=119 R2=0 R3=0 R4=0 R5=0 :: JZ #108 ; super=blocked:control-or-io
TICK=00363 MPC=364 READ_TARGET      PC=0x0000004C SP=0x00007FF8 FLAGS=G   R0=519 R1=119 R2=0 R3=0 R4=0 R5=0 :: READ_TARGET: JZ #108
TICK=00364 MPC=365 EVALUATE_BRANCH  PC=0x0000004C SP=0x00007FF8 FLAGS=G   R0=519 R1=119 R2=0 R3=0 R4=0 R5=0 :: EVALUATE_BRANCH: JZ #108
TICK=00365 MPC=366 COMMIT           PC=0x0000004C SP=0x00007FF8 FLAGS=G   R0=519 R1=119 R2=0 R3=0 R4=0 R5=0 :: JZ #108
TICK=00366 MPC=367 FETCH_HEADER     PC=0x00000050 SP=0x00007FF8 FLAGS=G   R0=519 R1=119 R2=0 R3=0 R4=0 R5=0 :: addr=0x0000004C header=0x00000215 operands=2
TICK=00367 MPC=368 FETCH_OPERAND    PC=0x00000054 SP=0x00007FF8 FLAGS=G   R0=519 R1=119 R2=0 R3=0 R4=0 R5=0 :: operand[1]=0x00FFF802
TICK=00368 MPC=369 FETCH_OPERAND    PC=0x00000058 SP=0x00007FF8 FLAGS=G   R0=519 R1=119 R2=0 R3=0 R4=0 R5=0 :: operand[2]=0x00000100
TICK=00369 MPC=370 DECODE           PC=0x00000058 SP=0x00007FF8 FLAGS=G   R0=519 R1=119 R2=0 R3=0 R4=0 R5=0 :: STOREB [0xFFF8], R1 ; super=blocked:control-or-io
TICK=00370 MPC=371 READ_BYTE_VALUE  PC=0x00000058 SP=0x00007FF8 FLAGS=G   R0=519 R1=119 R2=0 R3=0 R4=0 R5=0 :: READ_BYTE_VALUE: STOREB [0xFFF8], R1
TICK=00371 MPC=372 WRITE_BYTE_DESTINATION PC=0x00000058 SP=0x00007FF8 FLAGS=G   R0=519 R1=119 R2=0 R3=0 R4=0 R5=0 :: WRITE_BYTE_DESTINATION: STOREB [0xFFF8], R1
TICK=00372 MPC=373 COMMIT           PC=0x00000058 SP=0x00007FF8 FLAGS=G   R0=519 R1=119 R2=0 R3=0 R4=0 R5=0 :: STOREB [0xFFF8], R1
TICK=00373 MPC=374 FETCH_HEADER     PC=0x0000005C SP=0x00007FF8 FLAGS=G   R0=519 R1=119 R2=0 R3=0 R4=0 R5=0 :: addr=0x00000058 header=0x00000203 operands=2
TICK=00374 MPC=375 FETCH_OPERAND    PC=0x00000060 SP=0x00007FF8 FLAGS=G   R0=519 R1=119 R2=0 R3=0 R4=0 R5=0 :: operand[1]=0x00000000
TICK=00375 MPC=376 FETCH_OPERAND    PC=0x00000064 SP=0x00007FF8 FLAGS=G   R0=519 R1=119 R2=0 R3=0 R4=0 R5=0 :: operand[2]=0x00000101
TICK=00376 MPC=377 DECODE           PC=0x00000064 SP=0x00007FF8 FLAGS=G   R0=519 R1=119 R2=0 R3=0 R4=0 R5=0 :: ADD R0, #1 ; super=blocked:next-not-eligible
TICK=00377 MPC=378 READ_LEFT        PC=0x00000064 SP=0x00007FF8 FLAGS=G   R0=519 R1=119 R2=0 R3=0 R4=0 R5=0 :: READ_LEFT: ADD R0, #1
TICK=00378 MPC=379 READ_RIGHT       PC=0x00000064 SP=0x00007FF8 FLAGS=G   R0=519 R1=119 R2=0 R3=0 R4=0 R5=0 :: READ_RIGHT: ADD R0, #1
TICK=00379 MPC=380 ALU_ADD          PC=0x00000064 SP=0x00007FF8 FLAGS=G   R0=519 R1=119 R2=0 R3=0 R4=0 R5=0 :: ALU_ADD: ADD R0, #1
TICK=00380 MPC=381 WRITE_BACK       PC=0x00000064 SP=0x00007FF8 FLAGS=G   R0=519 R1=119 R2=0 R3=0 R4=0 R5=0 :: WRITE_BACK: ADD R0, #1
TICK=00381 MPC=382 UPDATE_FLAGS     PC=0x00000064 SP=0x00007FF8 FLAGS=G   R0=519 R1=119 R2=0 R3=0 R4=0 R5=0 :: UPDATE_FLAGS: ADD R0, #1
TICK=00382 MPC=383 COMMIT           PC=0x00000064 SP=0x00007FF8 FLAGS=G   R0=520 R1=119 R2=0 R3=0 R4=0 R5=0 :: ADD R0, #1
TICK=00383 MPC=384 FETCH_HEADER     PC=0x00000068 SP=0x00007FF8 FLAGS=G   R0=520 R1=119 R2=0 R3=0 R4=0 R5=0 :: addr=0x00000064 header=0x00000109 operands=1
TICK=00384 MPC=385 FETCH_OPERAND    PC=0x0000006C SP=0x00007FF8 FLAGS=G   R0=520 R1=119 R2=0 R3=0 R4=0 R5=0 :: operand[1]=0x00002C01
TICK=00385 MPC=386 DECODE           PC=0x0000006C SP=0x00007FF8 FLAGS=G   R0=520 R1=119 R2=0 R3=0 R4=0 R5=0 :: JMP #44 ; super=blocked:control-or-io
TICK=00386 MPC=387 READ_TARGET      PC=0x0000006C SP=0x00007FF8 FLAGS=G   R0=520 R1=119 R2=0 R3=0 R4=0 R5=0 :: READ_TARGET: JMP #44
TICK=00387 MPC=388 EVALUATE_BRANCH  PC=0x0000006C SP=0x00007FF8 FLAGS=G   R0=520 R1=119 R2=0 R3=0 R4=0 R5=0 :: EVALUATE_BRANCH: JMP #44
TICK=00388 MPC=389 COMMIT           PC=0x0000002C SP=0x00007FF8 FLAGS=G   R0=520 R1=119 R2=0 R3=0 R4=0 R5=0 :: JMP #44
TICK=00389 MPC=390 FETCH_HEADER     PC=0x00000030 SP=0x00007FF8 FLAGS=G   R0=520 R1=119 R2=0 R3=0 R4=0 R5=0 :: addr=0x0000002C header=0x00000214 operands=2
TICK=00390 MPC=391 FETCH_OPERAND    PC=0x00000034 SP=0x00007FF8 FLAGS=G   R0=520 R1=119 R2=0 R3=0 R4=0 R5=0 :: operand[1]=0x00000100
TICK=00391 MPC=392 FETCH_OPERAND    PC=0x00000038 SP=0x00007FF8 FLAGS=G   R0=520 R1=119 R2=0 R3=0 R4=0 R5=0 :: operand[2]=0x00000003
TICK=00392 MPC=393 DECODE           PC=0x00000038 SP=0x00007FF8 FLAGS=G   R0=520 R1=119 R2=0 R3=0 R4=0 R5=0 :: LOADB R1, [R0] ; super=blocked:control-or-io
TICK=00393 MPC=394 READ_BYTE_SOURCE PC=0x00000038 SP=0x00007FF8 FLAGS=G   R0=520 R1=119 R2=0 R3=0 R4=0 R5=0 :: READ_BYTE_SOURCE: LOADB R1, [R0]
TICK=00394 MPC=395 WRITE_DESTINATION PC=0x00000038 SP=0x00007FF8 FLAGS=G   R0=520 R1=119 R2=0 R3=0 R4=0 R5=0 :: WRITE_DESTINATION: LOADB R1, [R0]
TICK=00395 MPC=396 COMMIT           PC=0x00000038 SP=0x00007FF8 FLAGS=G   R0=520 R1=111 R2=0 R3=0 R4=0 R5=0 :: LOADB R1, [R0]
TICK=00396 MPC=397 FETCH_HEADER     PC=0x0000003C SP=0x00007FF8 FLAGS=G   R0=520 R1=111 R2=0 R3=0 R4=0 R5=0 :: addr=0x00000038 header=0x00000208 operands=2
TICK=00397 MPC=398 FETCH_OPERAND    PC=0x00000040 SP=0x00007FF8 FLAGS=G   R0=520 R1=111 R2=0 R3=0 R4=0 R5=0 :: operand[1]=0x00000100
TICK=00398 MPC=399 FETCH_OPERAND    PC=0x00000044 SP=0x00007FF8 FLAGS=G   R0=520 R1=111 R2=0 R3=0 R4=0 R5=0 :: operand[2]=0x00000001
TICK=00399 MPC=400 DECODE           PC=0x00000044 SP=0x00007FF8 FLAGS=G   R0=520 R1=111 R2=0 R3=0 R4=0 R5=0 :: CMP R1, #0 ; super=blocked:control-or-io
TICK=00400 MPC=401 READ_LEFT        PC=0x00000044 SP=0x00007FF8 FLAGS=G   R0=520 R1=111 R2=0 R3=0 R4=0 R5=0 :: READ_LEFT: CMP R1, #0
TICK=00401 MPC=402 READ_RIGHT       PC=0x00000044 SP=0x00007FF8 FLAGS=G   R0=520 R1=111 R2=0 R3=0 R4=0 R5=0 :: READ_RIGHT: CMP R1, #0
TICK=00402 MPC=403 ALU_SUB          PC=0x00000044 SP=0x00007FF8 FLAGS=G   R0=520 R1=111 R2=0 R3=0 R4=0 R5=0 :: ALU_SUB: CMP R1, #0
TICK=00403 MPC=404 UPDATE_FLAGS     PC=0x00000044 SP=0x00007FF8 FLAGS=G   R0=520 R1=111 R2=0 R3=0 R4=0 R5=0 :: UPDATE_FLAGS: CMP R1, #0
TICK=00404 MPC=405 COMMIT           PC=0x00000044 SP=0x00007FF8 FLAGS=G   R0=520 R1=111 R2=0 R3=0 R4=0 R5=0 :: CMP R1, #0
TICK=00405 MPC=406 FETCH_HEADER     PC=0x00000048 SP=0x00007FF8 FLAGS=G   R0=520 R1=111 R2=0 R3=0 R4=0 R5=0 :: addr=0x00000044 header=0x0000010A operands=1
TICK=00406 MPC=407 FETCH_OPERAND    PC=0x0000004C SP=0x00007FF8 FLAGS=G   R0=520 R1=111 R2=0 R3=0 R4=0 R5=0 :: operand[1]=0x00006C01
TICK=00407 MPC=408 DECODE           PC=0x0000004C SP=0x00007FF8 FLAGS=G   R0=520 R1=111 R2=0 R3=0 R4=0 R5=0 :: JZ #108 ; super=blocked:control-or-io
TICK=00408 MPC=409 READ_TARGET      PC=0x0000004C SP=0x00007FF8 FLAGS=G   R0=520 R1=111 R2=0 R3=0 R4=0 R5=0 :: READ_TARGET: JZ #108
TICK=00409 MPC=410 EVALUATE_BRANCH  PC=0x0000004C SP=0x00007FF8 FLAGS=G   R0=520 R1=111 R2=0 R3=0 R4=0 R5=0 :: EVALUATE_BRANCH: JZ #108
TICK=00410 MPC=411 COMMIT           PC=0x0000004C SP=0x00007FF8 FLAGS=G   R0=520 R1=111 R2=0 R3=0 R4=0 R5=0 :: JZ #108
TICK=00411 MPC=412 FETCH_HEADER     PC=0x00000050 SP=0x00007FF8 FLAGS=G   R0=520 R1=111 R2=0 R3=0 R4=0 R5=0 :: addr=0x0000004C header=0x00000215 operands=2
TICK=00412 MPC=413 FETCH_OPERAND    PC=0x00000054 SP=0x00007FF8 FLAGS=G   R0=520 R1=111 R2=0 R3=0 R4=0 R5=0 :: operand[1]=0x00FFF802
TICK=00413 MPC=414 FETCH_OPERAND    PC=0x00000058 SP=0x00007FF8 FLAGS=G   R0=520 R1=111 R2=0 R3=0 R4=0 R5=0 :: operand[2]=0x00000100
TICK=00414 MPC=415 DECODE           PC=0x00000058 SP=0x00007FF8 FLAGS=G   R0=520 R1=111 R2=0 R3=0 R4=0 R5=0 :: STOREB [0xFFF8], R1 ; super=blocked:control-or-io
TICK=00415 MPC=416 READ_BYTE_VALUE  PC=0x00000058 SP=0x00007FF8 FLAGS=G   R0=520 R1=111 R2=0 R3=0 R4=0 R5=0 :: READ_BYTE_VALUE: STOREB [0xFFF8], R1
TICK=00416 MPC=417 WRITE_BYTE_DESTINATION PC=0x00000058 SP=0x00007FF8 FLAGS=G   R0=520 R1=111 R2=0 R3=0 R4=0 R5=0 :: WRITE_BYTE_DESTINATION: STOREB [0xFFF8], R1
TICK=00417 MPC=418 COMMIT           PC=0x00000058 SP=0x00007FF8 FLAGS=G   R0=520 R1=111 R2=0 R3=0 R4=0 R5=0 :: STOREB [0xFFF8], R1
TICK=00418 MPC=419 FETCH_HEADER     PC=0x0000005C SP=0x00007FF8 FLAGS=G   R0=520 R1=111 R2=0 R3=0 R4=0 R5=0 :: addr=0x00000058 header=0x00000203 operands=2
TICK=00419 MPC=420 FETCH_OPERAND    PC=0x00000060 SP=0x00007FF8 FLAGS=G   R0=520 R1=111 R2=0 R3=0 R4=0 R5=0 :: operand[1]=0x00000000
TICK=00420 MPC=421 FETCH_OPERAND    PC=0x00000064 SP=0x00007FF8 FLAGS=G   R0=520 R1=111 R2=0 R3=0 R4=0 R5=0 :: operand[2]=0x00000101
TICK=00421 MPC=422 DECODE           PC=0x00000064 SP=0x00007FF8 FLAGS=G   R0=520 R1=111 R2=0 R3=0 R4=0 R5=0 :: ADD R0, #1 ; super=blocked:next-not-eligible
TICK=00422 MPC=423 READ_LEFT        PC=0x00000064 SP=0x00007FF8 FLAGS=G   R0=520 R1=111 R2=0 R3=0 R4=0 R5=0 :: READ_LEFT: ADD R0, #1
TICK=00423 MPC=424 READ_RIGHT       PC=0x00000064 SP=0x00007FF8 FLAGS=G   R0=520 R1=111 R2=0 R3=0 R4=0 R5=0 :: READ_RIGHT: ADD R0, #1
TICK=00424 MPC=425 ALU_ADD          PC=0x00000064 SP=0x00007FF8 FLAGS=G   R0=520 R1=111 R2=0 R3=0 R4=0 R5=0 :: ALU_ADD: ADD R0, #1
TICK=00425 MPC=426 WRITE_BACK       PC=0x00000064 SP=0x00007FF8 FLAGS=G   R0=520 R1=111 R2=0 R3=0 R4=0 R5=0 :: WRITE_BACK: ADD R0, #1
TICK=00426 MPC=427 UPDATE_FLAGS     PC=0x00000064 SP=0x00007FF8 FLAGS=G   R0=520 R1=111 R2=0 R3=0 R4=0 R5=0 :: UPDATE_FLAGS: ADD R0, #1
TICK=00427 MPC=428 COMMIT           PC=0x00000064 SP=0x00007FF8 FLAGS=G   R0=521 R1=111 R2=0 R3=0 R4=0 R5=0 :: ADD R0, #1
TICK=00428 MPC=429 FETCH_HEADER     PC=0x00000068 SP=0x00007FF8 FLAGS=G   R0=521 R1=111 R2=0 R3=0 R4=0 R5=0 :: addr=0x00000064 header=0x00000109 operands=1
TICK=00429 MPC=430 FETCH_OPERAND    PC=0x0000006C SP=0x00007FF8 FLAGS=G   R0=521 R1=111 R2=0 R3=0 R4=0 R5=0 :: operand[1]=0x00002C01
TICK=00430 MPC=431 DECODE           PC=0x0000006C SP=0x00007FF8 FLAGS=G   R0=521 R1=111 R2=0 R3=0 R4=0 R5=0 :: JMP #44 ; super=blocked:control-or-io
TICK=00431 MPC=432 READ_TARGET      PC=0x0000006C SP=0x00007FF8 FLAGS=G   R0=521 R1=111 R2=0 R3=0 R4=0 R5=0 :: READ_TARGET: JMP #44
TICK=00432 MPC=433 EVALUATE_BRANCH  PC=0x0000006C SP=0x00007FF8 FLAGS=G   R0=521 R1=111 R2=0 R3=0 R4=0 R5=0 :: EVALUATE_BRANCH: JMP #44
TICK=00433 MPC=434 COMMIT           PC=0x0000002C SP=0x00007FF8 FLAGS=G   R0=521 R1=111 R2=0 R3=0 R4=0 R5=0 :: JMP #44
TICK=00434 MPC=435 FETCH_HEADER     PC=0x00000030 SP=0x00007FF8 FLAGS=G   R0=521 R1=111 R2=0 R3=0 R4=0 R5=0 :: addr=0x0000002C header=0x00000214 operands=2
TICK=00435 MPC=436 FETCH_OPERAND    PC=0x00000034 SP=0x00007FF8 FLAGS=G   R0=521 R1=111 R2=0 R3=0 R4=0 R5=0 :: operand[1]=0x00000100
TICK=00436 MPC=437 FETCH_OPERAND    PC=0x00000038 SP=0x00007FF8 FLAGS=G   R0=521 R1=111 R2=0 R3=0 R4=0 R5=0 :: operand[2]=0x00000003
TICK=00437 MPC=438 DECODE           PC=0x00000038 SP=0x00007FF8 FLAGS=G   R0=521 R1=111 R2=0 R3=0 R4=0 R5=0 :: LOADB R1, [R0] ; super=blocked:control-or-io
TICK=00438 MPC=439 READ_BYTE_SOURCE PC=0x00000038 SP=0x00007FF8 FLAGS=G   R0=521 R1=111 R2=0 R3=0 R4=0 R5=0 :: READ_BYTE_SOURCE: LOADB R1, [R0]
TICK=00439 MPC=440 WRITE_DESTINATION PC=0x00000038 SP=0x00007FF8 FLAGS=G   R0=521 R1=111 R2=0 R3=0 R4=0 R5=0 :: WRITE_DESTINATION: LOADB R1, [R0]
TICK=00440 MPC=441 COMMIT           PC=0x00000038 SP=0x00007FF8 FLAGS=G   R0=521 R1=114 R2=0 R3=0 R4=0 R5=0 :: LOADB R1, [R0]
TICK=00441 MPC=442 FETCH_HEADER     PC=0x0000003C SP=0x00007FF8 FLAGS=G   R0=521 R1=114 R2=0 R3=0 R4=0 R5=0 :: addr=0x00000038 header=0x00000208 operands=2
TICK=00442 MPC=443 FETCH_OPERAND    PC=0x00000040 SP=0x00007FF8 FLAGS=G   R0=521 R1=114 R2=0 R3=0 R4=0 R5=0 :: operand[1]=0x00000100
TICK=00443 MPC=444 FETCH_OPERAND    PC=0x00000044 SP=0x00007FF8 FLAGS=G   R0=521 R1=114 R2=0 R3=0 R4=0 R5=0 :: operand[2]=0x00000001
TICK=00444 MPC=445 DECODE           PC=0x00000044 SP=0x00007FF8 FLAGS=G   R0=521 R1=114 R2=0 R3=0 R4=0 R5=0 :: CMP R1, #0 ; super=blocked:control-or-io
TICK=00445 MPC=446 READ_LEFT        PC=0x00000044 SP=0x00007FF8 FLAGS=G   R0=521 R1=114 R2=0 R3=0 R4=0 R5=0 :: READ_LEFT: CMP R1, #0
TICK=00446 MPC=447 READ_RIGHT       PC=0x00000044 SP=0x00007FF8 FLAGS=G   R0=521 R1=114 R2=0 R3=0 R4=0 R5=0 :: READ_RIGHT: CMP R1, #0
TICK=00447 MPC=448 ALU_SUB          PC=0x00000044 SP=0x00007FF8 FLAGS=G   R0=521 R1=114 R2=0 R3=0 R4=0 R5=0 :: ALU_SUB: CMP R1, #0
TICK=00448 MPC=449 UPDATE_FLAGS     PC=0x00000044 SP=0x00007FF8 FLAGS=G   R0=521 R1=114 R2=0 R3=0 R4=0 R5=0 :: UPDATE_FLAGS: CMP R1, #0
TICK=00449 MPC=450 COMMIT           PC=0x00000044 SP=0x00007FF8 FLAGS=G   R0=521 R1=114 R2=0 R3=0 R4=0 R5=0 :: CMP R1, #0
TICK=00450 MPC=451 FETCH_HEADER     PC=0x00000048 SP=0x00007FF8 FLAGS=G   R0=521 R1=114 R2=0 R3=0 R4=0 R5=0 :: addr=0x00000044 header=0x0000010A operands=1
TICK=00451 MPC=452 FETCH_OPERAND    PC=0x0000004C SP=0x00007FF8 FLAGS=G   R0=521 R1=114 R2=0 R3=0 R4=0 R5=0 :: operand[1]=0x00006C01
TICK=00452 MPC=453 DECODE           PC=0x0000004C SP=0x00007FF8 FLAGS=G   R0=521 R1=114 R2=0 R3=0 R4=0 R5=0 :: JZ #108 ; super=blocked:control-or-io
TICK=00453 MPC=454 READ_TARGET      PC=0x0000004C SP=0x00007FF8 FLAGS=G   R0=521 R1=114 R2=0 R3=0 R4=0 R5=0 :: READ_TARGET: JZ #108
TICK=00454 MPC=455 EVALUATE_BRANCH  PC=0x0000004C SP=0x00007FF8 FLAGS=G   R0=521 R1=114 R2=0 R3=0 R4=0 R5=0 :: EVALUATE_BRANCH: JZ #108
TICK=00455 MPC=456 COMMIT           PC=0x0000004C SP=0x00007FF8 FLAGS=G   R0=521 R1=114 R2=0 R3=0 R4=0 R5=0 :: JZ #108
TICK=00456 MPC=457 FETCH_HEADER     PC=0x00000050 SP=0x00007FF8 FLAGS=G   R0=521 R1=114 R2=0 R3=0 R4=0 R5=0 :: addr=0x0000004C header=0x00000215 operands=2
TICK=00457 MPC=458 FETCH_OPERAND    PC=0x00000054 SP=0x00007FF8 FLAGS=G   R0=521 R1=114 R2=0 R3=0 R4=0 R5=0 :: operand[1]=0x00FFF802
TICK=00458 MPC=459 FETCH_OPERAND    PC=0x00000058 SP=0x00007FF8 FLAGS=G   R0=521 R1=114 R2=0 R3=0 R4=0 R5=0 :: operand[2]=0x00000100
TICK=00459 MPC=460 DECODE           PC=0x00000058 SP=0x00007FF8 FLAGS=G   R0=521 R1=114 R2=0 R3=0 R4=0 R5=0 :: STOREB [0xFFF8], R1 ; super=blocked:control-or-io
TICK=00460 MPC=461 READ_BYTE_VALUE  PC=0x00000058 SP=0x00007FF8 FLAGS=G   R0=521 R1=114 R2=0 R3=0 R4=0 R5=0 :: READ_BYTE_VALUE: STOREB [0xFFF8], R1
TICK=00461 MPC=462 WRITE_BYTE_DESTINATION PC=0x00000058 SP=0x00007FF8 FLAGS=G   R0=521 R1=114 R2=0 R3=0 R4=0 R5=0 :: WRITE_BYTE_DESTINATION: STOREB [0xFFF8], R1
TICK=00462 MPC=463 COMMIT           PC=0x00000058 SP=0x00007FF8 FLAGS=G   R0=521 R1=114 R2=0 R3=0 R4=0 R5=0 :: STOREB [0xFFF8], R1
TICK=00463 MPC=464 FETCH_HEADER     PC=0x0000005C SP=0x00007FF8 FLAGS=G   R0=521 R1=114 R2=0 R3=0 R4=0 R5=0 :: addr=0x00000058 header=0x00000203 operands=2
TICK=00464 MPC=465 FETCH_OPERAND    PC=0x00000060 SP=0x00007FF8 FLAGS=G   R0=521 R1=114 R2=0 R3=0 R4=0 R5=0 :: operand[1]=0x00000000
TICK=00465 MPC=466 FETCH_OPERAND    PC=0x00000064 SP=0x00007FF8 FLAGS=G   R0=521 R1=114 R2=0 R3=0 R4=0 R5=0 :: operand[2]=0x00000101
TICK=00466 MPC=467 DECODE           PC=0x00000064 SP=0x00007FF8 FLAGS=G   R0=521 R1=114 R2=0 R3=0 R4=0 R5=0 :: ADD R0, #1 ; super=blocked:next-not-eligible
TICK=00467 MPC=468 READ_LEFT        PC=0x00000064 SP=0x00007FF8 FLAGS=G   R0=521 R1=114 R2=0 R3=0 R4=0 R5=0 :: READ_LEFT: ADD R0, #1
TICK=00468 MPC=469 READ_RIGHT       PC=0x00000064 SP=0x00007FF8 FLAGS=G   R0=521 R1=114 R2=0 R3=0 R4=0 R5=0 :: READ_RIGHT: ADD R0, #1
TICK=00469 MPC=470 ALU_ADD          PC=0x00000064 SP=0x00007FF8 FLAGS=G   R0=521 R1=114 R2=0 R3=0 R4=0 R5=0 :: ALU_ADD: ADD R0, #1
TICK=00470 MPC=471 WRITE_BACK       PC=0x00000064 SP=0x00007FF8 FLAGS=G   R0=521 R1=114 R2=0 R3=0 R4=0 R5=0 :: WRITE_BACK: ADD R0, #1
TICK=00471 MPC=472 UPDATE_FLAGS     PC=0x00000064 SP=0x00007FF8 FLAGS=G   R0=521 R1=114 R2=0 R3=0 R4=0 R5=0 :: UPDATE_FLAGS: ADD R0, #1
TICK=00472 MPC=473 COMMIT           PC=0x00000064 SP=0x00007FF8 FLAGS=G   R0=522 R1=114 R2=0 R3=0 R4=0 R5=0 :: ADD R0, #1
TICK=00473 MPC=474 FETCH_HEADER     PC=0x00000068 SP=0x00007FF8 FLAGS=G   R0=522 R1=114 R2=0 R3=0 R4=0 R5=0 :: addr=0x00000064 header=0x00000109 operands=1
TICK=00474 MPC=475 FETCH_OPERAND    PC=0x0000006C SP=0x00007FF8 FLAGS=G   R0=522 R1=114 R2=0 R3=0 R4=0 R5=0 :: operand[1]=0x00002C01
TICK=00475 MPC=476 DECODE           PC=0x0000006C SP=0x00007FF8 FLAGS=G   R0=522 R1=114 R2=0 R3=0 R4=0 R5=0 :: JMP #44 ; super=blocked:control-or-io
TICK=00476 MPC=477 READ_TARGET      PC=0x0000006C SP=0x00007FF8 FLAGS=G   R0=522 R1=114 R2=0 R3=0 R4=0 R5=0 :: READ_TARGET: JMP #44
TICK=00477 MPC=478 EVALUATE_BRANCH  PC=0x0000006C SP=0x00007FF8 FLAGS=G   R0=522 R1=114 R2=0 R3=0 R4=0 R5=0 :: EVALUATE_BRANCH: JMP #44
TICK=00478 MPC=479 COMMIT           PC=0x0000002C SP=0x00007FF8 FLAGS=G   R0=522 R1=114 R2=0 R3=0 R4=0 R5=0 :: JMP #44
TICK=00479 MPC=480 FETCH_HEADER     PC=0x00000030 SP=0x00007FF8 FLAGS=G   R0=522 R1=114 R2=0 R3=0 R4=0 R5=0 :: addr=0x0000002C header=0x00000214 operands=2
TICK=00480 MPC=481 FETCH_OPERAND    PC=0x00000034 SP=0x00007FF8 FLAGS=G   R0=522 R1=114 R2=0 R3=0 R4=0 R5=0 :: operand[1]=0x00000100
TICK=00481 MPC=482 FETCH_OPERAND    PC=0x00000038 SP=0x00007FF8 FLAGS=G   R0=522 R1=114 R2=0 R3=0 R4=0 R5=0 :: operand[2]=0x00000003
TICK=00482 MPC=483 DECODE           PC=0x00000038 SP=0x00007FF8 FLAGS=G   R0=522 R1=114 R2=0 R3=0 R4=0 R5=0 :: LOADB R1, [R0] ; super=blocked:control-or-io
TICK=00483 MPC=484 READ_BYTE_SOURCE PC=0x00000038 SP=0x00007FF8 FLAGS=G   R0=522 R1=114 R2=0 R3=0 R4=0 R5=0 :: READ_BYTE_SOURCE: LOADB R1, [R0]
TICK=00484 MPC=485 WRITE_DESTINATION PC=0x00000038 SP=0x00007FF8 FLAGS=G   R0=522 R1=114 R2=0 R3=0 R4=0 R5=0 :: WRITE_DESTINATION: LOADB R1, [R0]
TICK=00485 MPC=486 COMMIT           PC=0x00000038 SP=0x00007FF8 FLAGS=G   R0=522 R1=108 R2=0 R3=0 R4=0 R5=0 :: LOADB R1, [R0]
TICK=00486 MPC=487 FETCH_HEADER     PC=0x0000003C SP=0x00007FF8 FLAGS=G   R0=522 R1=108 R2=0 R3=0 R4=0 R5=0 :: addr=0x00000038 header=0x00000208 operands=2
TICK=00487 MPC=488 FETCH_OPERAND    PC=0x00000040 SP=0x00007FF8 FLAGS=G   R0=522 R1=108 R2=0 R3=0 R4=0 R5=0 :: operand[1]=0x00000100
TICK=00488 MPC=489 FETCH_OPERAND    PC=0x00000044 SP=0x00007FF8 FLAGS=G   R0=522 R1=108 R2=0 R3=0 R4=0 R5=0 :: operand[2]=0x00000001
TICK=00489 MPC=490 DECODE           PC=0x00000044 SP=0x00007FF8 FLAGS=G   R0=522 R1=108 R2=0 R3=0 R4=0 R5=0 :: CMP R1, #0 ; super=blocked:control-or-io
TICK=00490 MPC=491 READ_LEFT        PC=0x00000044 SP=0x00007FF8 FLAGS=G   R0=522 R1=108 R2=0 R3=0 R4=0 R5=0 :: READ_LEFT: CMP R1, #0
TICK=00491 MPC=492 READ_RIGHT       PC=0x00000044 SP=0x00007FF8 FLAGS=G   R0=522 R1=108 R2=0 R3=0 R4=0 R5=0 :: READ_RIGHT: CMP R1, #0
TICK=00492 MPC=493 ALU_SUB          PC=0x00000044 SP=0x00007FF8 FLAGS=G   R0=522 R1=108 R2=0 R3=0 R4=0 R5=0 :: ALU_SUB: CMP R1, #0
TICK=00493 MPC=494 UPDATE_FLAGS     PC=0x00000044 SP=0x00007FF8 FLAGS=G   R0=522 R1=108 R2=0 R3=0 R4=0 R5=0 :: UPDATE_FLAGS: CMP R1, #0
TICK=00494 MPC=495 COMMIT           PC=0x00000044 SP=0x00007FF8 FLAGS=G   R0=522 R1=108 R2=0 R3=0 R4=0 R5=0 :: CMP R1, #0
TICK=00495 MPC=496 FETCH_HEADER     PC=0x00000048 SP=0x00007FF8 FLAGS=G   R0=522 R1=108 R2=0 R3=0 R4=0 R5=0 :: addr=0x00000044 header=0x0000010A operands=1
TICK=00496 MPC=497 FETCH_OPERAND    PC=0x0000004C SP=0x00007FF8 FLAGS=G   R0=522 R1=108 R2=0 R3=0 R4=0 R5=0 :: operand[1]=0x00006C01
TICK=00497 MPC=498 DECODE           PC=0x0000004C SP=0x00007FF8 FLAGS=G   R0=522 R1=108 R2=0 R3=0 R4=0 R5=0 :: JZ #108 ; super=blocked:control-or-io
TICK=00498 MPC=499 READ_TARGET      PC=0x0000004C SP=0x00007FF8 FLAGS=G   R0=522 R1=108 R2=0 R3=0 R4=0 R5=0 :: READ_TARGET: JZ #108
TICK=00499 MPC=500 EVALUATE_BRANCH  PC=0x0000004C SP=0x00007FF8 FLAGS=G   R0=522 R1=108 R2=0 R3=0 R4=0 R5=0 :: EVALUATE_BRANCH: JZ #108
TICK=00500 MPC=501 COMMIT           PC=0x0000004C SP=0x00007FF8 FLAGS=G   R0=522 R1=108 R2=0 R3=0 R4=0 R5=0 :: JZ #108
TICK=00501 MPC=502 FETCH_HEADER     PC=0x00000050 SP=0x00007FF8 FLAGS=G   R0=522 R1=108 R2=0 R3=0 R4=0 R5=0 :: addr=0x0000004C header=0x00000215 operands=2
TICK=00502 MPC=503 FETCH_OPERAND    PC=0x00000054 SP=0x00007FF8 FLAGS=G   R0=522 R1=108 R2=0 R3=0 R4=0 R5=0 :: operand[1]=0x00FFF802
TICK=00503 MPC=504 FETCH_OPERAND    PC=0x00000058 SP=0x00007FF8 FLAGS=G   R0=522 R1=108 R2=0 R3=0 R4=0 R5=0 :: operand[2]=0x00000100
TICK=00504 MPC=505 DECODE           PC=0x00000058 SP=0x00007FF8 FLAGS=G   R0=522 R1=108 R2=0 R3=0 R4=0 R5=0 :: STOREB [0xFFF8], R1 ; super=blocked:control-or-io
TICK=00505 MPC=506 READ_BYTE_VALUE  PC=0x00000058 SP=0x00007FF8 FLAGS=G   R0=522 R1=108 R2=0 R3=0 R4=0 R5=0 :: READ_BYTE_VALUE: STOREB [0xFFF8], R1
TICK=00506 MPC=507 WRITE_BYTE_DESTINATION PC=0x00000058 SP=0x00007FF8 FLAGS=G   R0=522 R1=108 R2=0 R3=0 R4=0 R5=0 :: WRITE_BYTE_DESTINATION: STOREB [0xFFF8], R1
TICK=00507 MPC=508 COMMIT           PC=0x00000058 SP=0x00007FF8 FLAGS=G   R0=522 R1=108 R2=0 R3=0 R4=0 R5=0 :: STOREB [0xFFF8], R1
TICK=00508 MPC=509 FETCH_HEADER     PC=0x0000005C SP=0x00007FF8 FLAGS=G   R0=522 R1=108 R2=0 R3=0 R4=0 R5=0 :: addr=0x00000058 header=0x00000203 operands=2
TICK=00509 MPC=510 FETCH_OPERAND    PC=0x00000060 SP=0x00007FF8 FLAGS=G   R0=522 R1=108 R2=0 R3=0 R4=0 R5=0 :: operand[1]=0x00000000
TICK=00510 MPC=511 FETCH_OPERAND    PC=0x00000064 SP=0x00007FF8 FLAGS=G   R0=522 R1=108 R2=0 R3=0 R4=0 R5=0 :: operand[2]=0x00000101
TICK=00511 MPC=512 DECODE           PC=0x00000064 SP=0x00007FF8 FLAGS=G   R0=522 R1=108 R2=0 R3=0 R4=0 R5=0 :: ADD R0, #1 ; super=blocked:next-not-eligible
TICK=00512 MPC=513 READ_LEFT        PC=0x00000064 SP=0x00007FF8 FLAGS=G   R0=522 R1=108 R2=0 R3=0 R4=0 R5=0 :: READ_LEFT: ADD R0, #1
TICK=00513 MPC=514 READ_RIGHT       PC=0x00000064 SP=0x00007FF8 FLAGS=G   R0=522 R1=108 R2=0 R3=0 R4=0 R5=0 :: READ_RIGHT: ADD R0, #1
TICK=00514 MPC=515 ALU_ADD          PC=0x00000064 SP=0x00007FF8 FLAGS=G   R0=522 R1=108 R2=0 R3=0 R4=0 R5=0 :: ALU_ADD: ADD R0, #1
TICK=00515 MPC=516 WRITE_BACK       PC=0x00000064 SP=0x00007FF8 FLAGS=G   R0=522 R1=108 R2=0 R3=0 R4=0 R5=0 :: WRITE_BACK: ADD R0, #1
TICK=00516 MPC=517 UPDATE_FLAGS     PC=0x00000064 SP=0x00007FF8 FLAGS=G   R0=522 R1=108 R2=0 R3=0 R4=0 R5=0 :: UPDATE_FLAGS: ADD R0, #1
TICK=00517 MPC=518 COMMIT           PC=0x00000064 SP=0x00007FF8 FLAGS=G   R0=523 R1=108 R2=0 R3=0 R4=0 R5=0 :: ADD R0, #1
TICK=00518 MPC=519 FETCH_HEADER     PC=0x00000068 SP=0x00007FF8 FLAGS=G   R0=523 R1=108 R2=0 R3=0 R4=0 R5=0 :: addr=0x00000064 header=0x00000109 operands=1
TICK=00519 MPC=520 FETCH_OPERAND    PC=0x0000006C SP=0x00007FF8 FLAGS=G   R0=523 R1=108 R2=0 R3=0 R4=0 R5=0 :: operand[1]=0x00002C01
TICK=00520 MPC=521 DECODE           PC=0x0000006C SP=0x00007FF8 FLAGS=G   R0=523 R1=108 R2=0 R3=0 R4=0 R5=0 :: JMP #44 ; super=blocked:control-or-io
TICK=00521 MPC=522 READ_TARGET      PC=0x0000006C SP=0x00007FF8 FLAGS=G   R0=523 R1=108 R2=0 R3=0 R4=0 R5=0 :: READ_TARGET: JMP #44
TICK=00522 MPC=523 EVALUATE_BRANCH  PC=0x0000006C SP=0x00007FF8 FLAGS=G   R0=523 R1=108 R2=0 R3=0 R4=0 R5=0 :: EVALUATE_BRANCH: JMP #44
TICK=00523 MPC=524 COMMIT           PC=0x0000002C SP=0x00007FF8 FLAGS=G   R0=523 R1=108 R2=0 R3=0 R4=0 R5=0 :: JMP #44
TICK=00524 MPC=525 FETCH_HEADER     PC=0x00000030 SP=0x00007FF8 FLAGS=G   R0=523 R1=108 R2=0 R3=0 R4=0 R5=0 :: addr=0x0000002C header=0x00000214 operands=2
TICK=00525 MPC=526 FETCH_OPERAND    PC=0x00000034 SP=0x00007FF8 FLAGS=G   R0=523 R1=108 R2=0 R3=0 R4=0 R5=0 :: operand[1]=0x00000100
TICK=00526 MPC=527 FETCH_OPERAND    PC=0x00000038 SP=0x00007FF8 FLAGS=G   R0=523 R1=108 R2=0 R3=0 R4=0 R5=0 :: operand[2]=0x00000003
TICK=00527 MPC=528 DECODE           PC=0x00000038 SP=0x00007FF8 FLAGS=G   R0=523 R1=108 R2=0 R3=0 R4=0 R5=0 :: LOADB R1, [R0] ; super=blocked:control-or-io
TICK=00528 MPC=529 READ_BYTE_SOURCE PC=0x00000038 SP=0x00007FF8 FLAGS=G   R0=523 R1=108 R2=0 R3=0 R4=0 R5=0 :: READ_BYTE_SOURCE: LOADB R1, [R0]
TICK=00529 MPC=530 WRITE_DESTINATION PC=0x00000038 SP=0x00007FF8 FLAGS=G   R0=523 R1=108 R2=0 R3=0 R4=0 R5=0 :: WRITE_DESTINATION: LOADB R1, [R0]
TICK=00530 MPC=531 COMMIT           PC=0x00000038 SP=0x00007FF8 FLAGS=G   R0=523 R1=100 R2=0 R3=0 R4=0 R5=0 :: LOADB R1, [R0]
TICK=00531 MPC=532 FETCH_HEADER     PC=0x0000003C SP=0x00007FF8 FLAGS=G   R0=523 R1=100 R2=0 R3=0 R4=0 R5=0 :: addr=0x00000038 header=0x00000208 operands=2
TICK=00532 MPC=533 FETCH_OPERAND    PC=0x00000040 SP=0x00007FF8 FLAGS=G   R0=523 R1=100 R2=0 R3=0 R4=0 R5=0 :: operand[1]=0x00000100
TICK=00533 MPC=534 FETCH_OPERAND    PC=0x00000044 SP=0x00007FF8 FLAGS=G   R0=523 R1=100 R2=0 R3=0 R4=0 R5=0 :: operand[2]=0x00000001
TICK=00534 MPC=535 DECODE           PC=0x00000044 SP=0x00007FF8 FLAGS=G   R0=523 R1=100 R2=0 R3=0 R4=0 R5=0 :: CMP R1, #0 ; super=blocked:control-or-io
TICK=00535 MPC=536 READ_LEFT        PC=0x00000044 SP=0x00007FF8 FLAGS=G   R0=523 R1=100 R2=0 R3=0 R4=0 R5=0 :: READ_LEFT: CMP R1, #0
TICK=00536 MPC=537 READ_RIGHT       PC=0x00000044 SP=0x00007FF8 FLAGS=G   R0=523 R1=100 R2=0 R3=0 R4=0 R5=0 :: READ_RIGHT: CMP R1, #0
TICK=00537 MPC=538 ALU_SUB          PC=0x00000044 SP=0x00007FF8 FLAGS=G   R0=523 R1=100 R2=0 R3=0 R4=0 R5=0 :: ALU_SUB: CMP R1, #0
TICK=00538 MPC=539 UPDATE_FLAGS     PC=0x00000044 SP=0x00007FF8 FLAGS=G   R0=523 R1=100 R2=0 R3=0 R4=0 R5=0 :: UPDATE_FLAGS: CMP R1, #0
TICK=00539 MPC=540 COMMIT           PC=0x00000044 SP=0x00007FF8 FLAGS=G   R0=523 R1=100 R2=0 R3=0 R4=0 R5=0 :: CMP R1, #0
TICK=00540 MPC=541 FETCH_HEADER     PC=0x00000048 SP=0x00007FF8 FLAGS=G   R0=523 R1=100 R2=0 R3=0 R4=0 R5=0 :: addr=0x00000044 header=0x0000010A operands=1
TICK=00541 MPC=542 FETCH_OPERAND    PC=0x0000004C SP=0x00007FF8 FLAGS=G   R0=523 R1=100 R2=0 R3=0 R4=0 R5=0 :: operand[1]=0x00006C01
TICK=00542 MPC=543 DECODE           PC=0x0000004C SP=0x00007FF8 FLAGS=G   R0=523 R1=100 R2=0 R3=0 R4=0 R5=0 :: JZ #108 ; super=blocked:control-or-io
TICK=00543 MPC=544 READ_TARGET      PC=0x0000004C SP=0x00007FF8 FLAGS=G   R0=523 R1=100 R2=0 R3=0 R4=0 R5=0 :: READ_TARGET: JZ #108
TICK=00544 MPC=545 EVALUATE_BRANCH  PC=0x0000004C SP=0x00007FF8 FLAGS=G   R0=523 R1=100 R2=0 R3=0 R4=0 R5=0 :: EVALUATE_BRANCH: JZ #108
TICK=00545 MPC=546 COMMIT           PC=0x0000004C SP=0x00007FF8 FLAGS=G   R0=523 R1=100 R2=0 R3=0 R4=0 R5=0 :: JZ #108
TICK=00546 MPC=547 FETCH_HEADER     PC=0x00000050 SP=0x00007FF8 FLAGS=G   R0=523 R1=100 R2=0 R3=0 R4=0 R5=0 :: addr=0x0000004C header=0x00000215 operands=2
TICK=00547 MPC=548 FETCH_OPERAND    PC=0x00000054 SP=0x00007FF8 FLAGS=G   R0=523 R1=100 R2=0 R3=0 R4=0 R5=0 :: operand[1]=0x00FFF802
TICK=00548 MPC=549 FETCH_OPERAND    PC=0x00000058 SP=0x00007FF8 FLAGS=G   R0=523 R1=100 R2=0 R3=0 R4=0 R5=0 :: operand[2]=0x00000100
TICK=00549 MPC=550 DECODE           PC=0x00000058 SP=0x00007FF8 FLAGS=G   R0=523 R1=100 R2=0 R3=0 R4=0 R5=0 :: STOREB [0xFFF8], R1 ; super=blocked:control-or-io
TICK=00550 MPC=551 READ_BYTE_VALUE  PC=0x00000058 SP=0x00007FF8 FLAGS=G   R0=523 R1=100 R2=0 R3=0 R4=0 R5=0 :: READ_BYTE_VALUE: STOREB [0xFFF8], R1
TICK=00551 MPC=552 WRITE_BYTE_DESTINATION PC=0x00000058 SP=0x00007FF8 FLAGS=G   R0=523 R1=100 R2=0 R3=0 R4=0 R5=0 :: WRITE_BYTE_DESTINATION: STOREB [0xFFF8], R1
TICK=00552 MPC=553 COMMIT           PC=0x00000058 SP=0x00007FF8 FLAGS=G   R0=523 R1=100 R2=0 R3=0 R4=0 R5=0 :: STOREB [0xFFF8], R1
TICK=00553 MPC=554 FETCH_HEADER     PC=0x0000005C SP=0x00007FF8 FLAGS=G   R0=523 R1=100 R2=0 R3=0 R4=0 R5=0 :: addr=0x00000058 header=0x00000203 operands=2
TICK=00554 MPC=555 FETCH_OPERAND    PC=0x00000060 SP=0x00007FF8 FLAGS=G   R0=523 R1=100 R2=0 R3=0 R4=0 R5=0 :: operand[1]=0x00000000
TICK=00555 MPC=556 FETCH_OPERAND    PC=0x00000064 SP=0x00007FF8 FLAGS=G   R0=523 R1=100 R2=0 R3=0 R4=0 R5=0 :: operand[2]=0x00000101
TICK=00556 MPC=557 DECODE           PC=0x00000064 SP=0x00007FF8 FLAGS=G   R0=523 R1=100 R2=0 R3=0 R4=0 R5=0 :: ADD R0, #1 ; super=blocked:next-not-eligible
TICK=00557 MPC=558 READ_LEFT        PC=0x00000064 SP=0x00007FF8 FLAGS=G   R0=523 R1=100 R2=0 R3=0 R4=0 R5=0 :: READ_LEFT: ADD R0, #1
TICK=00558 MPC=559 READ_RIGHT       PC=0x00000064 SP=0x00007FF8 FLAGS=G   R0=523 R1=100 R2=0 R3=0 R4=0 R5=0 :: READ_RIGHT: ADD R0, #1
TICK=00559 MPC=560 ALU_ADD          PC=0x00000064 SP=0x00007FF8 FLAGS=G   R0=523 R1=100 R2=0 R3=0 R4=0 R5=0 :: ALU_ADD: ADD R0, #1
TICK=00560 MPC=561 WRITE_BACK       PC=0x00000064 SP=0x00007FF8 FLAGS=G   R0=523 R1=100 R2=0 R3=0 R4=0 R5=0 :: WRITE_BACK: ADD R0, #1
TICK=00561 MPC=562 UPDATE_FLAGS     PC=0x00000064 SP=0x00007FF8 FLAGS=G   R0=523 R1=100 R2=0 R3=0 R4=0 R5=0 :: UPDATE_FLAGS: ADD R0, #1
TICK=00562 MPC=563 COMMIT           PC=0x00000064 SP=0x00007FF8 FLAGS=G   R0=524 R1=100 R2=0 R3=0 R4=0 R5=0 :: ADD R0, #1
TICK=00563 MPC=564 FETCH_HEADER     PC=0x00000068 SP=0x00007FF8 FLAGS=G   R0=524 R1=100 R2=0 R3=0 R4=0 R5=0 :: addr=0x00000064 header=0x00000109 operands=1
TICK=00564 MPC=565 FETCH_OPERAND    PC=0x0000006C SP=0x00007FF8 FLAGS=G   R0=524 R1=100 R2=0 R3=0 R4=0 R5=0 :: operand[1]=0x00002C01
TICK=00565 MPC=566 DECODE           PC=0x0000006C SP=0x00007FF8 FLAGS=G   R0=524 R1=100 R2=0 R3=0 R4=0 R5=0 :: JMP #44 ; super=blocked:control-or-io
TICK=00566 MPC=567 READ_TARGET      PC=0x0000006C SP=0x00007FF8 FLAGS=G   R0=524 R1=100 R2=0 R3=0 R4=0 R5=0 :: READ_TARGET: JMP #44
TICK=00567 MPC=568 EVALUATE_BRANCH  PC=0x0000006C SP=0x00007FF8 FLAGS=G   R0=524 R1=100 R2=0 R3=0 R4=0 R5=0 :: EVALUATE_BRANCH: JMP #44
TICK=00568 MPC=569 COMMIT           PC=0x0000002C SP=0x00007FF8 FLAGS=G   R0=524 R1=100 R2=0 R3=0 R4=0 R5=0 :: JMP #44
TICK=00569 MPC=570 FETCH_HEADER     PC=0x00000030 SP=0x00007FF8 FLAGS=G   R0=524 R1=100 R2=0 R3=0 R4=0 R5=0 :: addr=0x0000002C header=0x00000214 operands=2
TICK=00570 MPC=571 FETCH_OPERAND    PC=0x00000034 SP=0x00007FF8 FLAGS=G   R0=524 R1=100 R2=0 R3=0 R4=0 R5=0 :: operand[1]=0x00000100
TICK=00571 MPC=572 FETCH_OPERAND    PC=0x00000038 SP=0x00007FF8 FLAGS=G   R0=524 R1=100 R2=0 R3=0 R4=0 R5=0 :: operand[2]=0x00000003
TICK=00572 MPC=573 DECODE           PC=0x00000038 SP=0x00007FF8 FLAGS=G   R0=524 R1=100 R2=0 R3=0 R4=0 R5=0 :: LOADB R1, [R0] ; super=blocked:control-or-io
TICK=00573 MPC=574 READ_BYTE_SOURCE PC=0x00000038 SP=0x00007FF8 FLAGS=G   R0=524 R1=100 R2=0 R3=0 R4=0 R5=0 :: READ_BYTE_SOURCE: LOADB R1, [R0]
TICK=00574 MPC=575 WRITE_DESTINATION PC=0x00000038 SP=0x00007FF8 FLAGS=G   R0=524 R1=100 R2=0 R3=0 R4=0 R5=0 :: WRITE_DESTINATION: LOADB R1, [R0]
TICK=00575 MPC=576 COMMIT           PC=0x00000038 SP=0x00007FF8 FLAGS=G   R0=524 R1=33 R2=0 R3=0 R4=0 R5=0 :: LOADB R1, [R0]
TICK=00576 MPC=577 FETCH_HEADER     PC=0x0000003C SP=0x00007FF8 FLAGS=G   R0=524 R1=33 R2=0 R3=0 R4=0 R5=0 :: addr=0x00000038 header=0x00000208 operands=2
TICK=00577 MPC=578 FETCH_OPERAND    PC=0x00000040 SP=0x00007FF8 FLAGS=G   R0=524 R1=33 R2=0 R3=0 R4=0 R5=0 :: operand[1]=0x00000100
TICK=00578 MPC=579 FETCH_OPERAND    PC=0x00000044 SP=0x00007FF8 FLAGS=G   R0=524 R1=33 R2=0 R3=0 R4=0 R5=0 :: operand[2]=0x00000001
TICK=00579 MPC=580 DECODE           PC=0x00000044 SP=0x00007FF8 FLAGS=G   R0=524 R1=33 R2=0 R3=0 R4=0 R5=0 :: CMP R1, #0 ; super=blocked:control-or-io
TICK=00580 MPC=581 READ_LEFT        PC=0x00000044 SP=0x00007FF8 FLAGS=G   R0=524 R1=33 R2=0 R3=0 R4=0 R5=0 :: READ_LEFT: CMP R1, #0
TICK=00581 MPC=582 READ_RIGHT       PC=0x00000044 SP=0x00007FF8 FLAGS=G   R0=524 R1=33 R2=0 R3=0 R4=0 R5=0 :: READ_RIGHT: CMP R1, #0
TICK=00582 MPC=583 ALU_SUB          PC=0x00000044 SP=0x00007FF8 FLAGS=G   R0=524 R1=33 R2=0 R3=0 R4=0 R5=0 :: ALU_SUB: CMP R1, #0
TICK=00583 MPC=584 UPDATE_FLAGS     PC=0x00000044 SP=0x00007FF8 FLAGS=G   R0=524 R1=33 R2=0 R3=0 R4=0 R5=0 :: UPDATE_FLAGS: CMP R1, #0
TICK=00584 MPC=585 COMMIT           PC=0x00000044 SP=0x00007FF8 FLAGS=G   R0=524 R1=33 R2=0 R3=0 R4=0 R5=0 :: CMP R1, #0
TICK=00585 MPC=586 FETCH_HEADER     PC=0x00000048 SP=0x00007FF8 FLAGS=G   R0=524 R1=33 R2=0 R3=0 R4=0 R5=0 :: addr=0x00000044 header=0x0000010A operands=1
TICK=00586 MPC=587 FETCH_OPERAND    PC=0x0000004C SP=0x00007FF8 FLAGS=G   R0=524 R1=33 R2=0 R3=0 R4=0 R5=0 :: operand[1]=0x00006C01
TICK=00587 MPC=588 DECODE           PC=0x0000004C SP=0x00007FF8 FLAGS=G   R0=524 R1=33 R2=0 R3=0 R4=0 R5=0 :: JZ #108 ; super=blocked:control-or-io
TICK=00588 MPC=589 READ_TARGET      PC=0x0000004C SP=0x00007FF8 FLAGS=G   R0=524 R1=33 R2=0 R3=0 R4=0 R5=0 :: READ_TARGET: JZ #108
TICK=00589 MPC=590 EVALUATE_BRANCH  PC=0x0000004C SP=0x00007FF8 FLAGS=G   R0=524 R1=33 R2=0 R3=0 R4=0 R5=0 :: EVALUATE_BRANCH: JZ #108
TICK=00590 MPC=591 COMMIT           PC=0x0000004C SP=0x00007FF8 FLAGS=G   R0=524 R1=33 R2=0 R3=0 R4=0 R5=0 :: JZ #108
TICK=00591 MPC=592 FETCH_HEADER     PC=0x00000050 SP=0x00007FF8 FLAGS=G   R0=524 R1=33 R2=0 R3=0 R4=0 R5=0 :: addr=0x0000004C header=0x00000215 operands=2
TICK=00592 MPC=593 FETCH_OPERAND    PC=0x00000054 SP=0x00007FF8 FLAGS=G   R0=524 R1=33 R2=0 R3=0 R4=0 R5=0 :: operand[1]=0x00FFF802
TICK=00593 MPC=594 FETCH_OPERAND    PC=0x00000058 SP=0x00007FF8 FLAGS=G   R0=524 R1=33 R2=0 R3=0 R4=0 R5=0 :: operand[2]=0x00000100
TICK=00594 MPC=595 DECODE           PC=0x00000058 SP=0x00007FF8 FLAGS=G   R0=524 R1=33 R2=0 R3=0 R4=0 R5=0 :: STOREB [0xFFF8], R1 ; super=blocked:control-or-io
TICK=00595 MPC=596 READ_BYTE_VALUE  PC=0x00000058 SP=0x00007FF8 FLAGS=G   R0=524 R1=33 R2=0 R3=0 R4=0 R5=0 :: READ_BYTE_VALUE: STOREB [0xFFF8], R1
TICK=00596 MPC=597 WRITE_BYTE_DESTINATION PC=0x00000058 SP=0x00007FF8 FLAGS=G   R0=524 R1=33 R2=0 R3=0 R4=0 R5=0 :: WRITE_BYTE_DESTINATION: STOREB [0xFFF8], R1
TICK=00597 MPC=598 COMMIT           PC=0x00000058 SP=0x00007FF8 FLAGS=G   R0=524 R1=33 R2=0 R3=0 R4=0 R5=0 :: STOREB [0xFFF8], R1
TICK=00598 MPC=599 FETCH_HEADER     PC=0x0000005C SP=0x00007FF8 FLAGS=G   R0=524 R1=33 R2=0 R3=0 R4=0 R5=0 :: addr=0x00000058 header=0x00000203 operands=2
TICK=00599 MPC=600 FETCH_OPERAND    PC=0x00000060 SP=0x00007FF8 FLAGS=G   R0=524 R1=33 R2=0 R3=0 R4=0 R5=0 :: operand[1]=0x00000000
TICK=00600 MPC=601 FETCH_OPERAND    PC=0x00000064 SP=0x00007FF8 FLAGS=G   R0=524 R1=33 R2=0 R3=0 R4=0 R5=0 :: operand[2]=0x00000101
TICK=00601 MPC=602 DECODE           PC=0x00000064 SP=0x00007FF8 FLAGS=G   R0=524 R1=33 R2=0 R3=0 R4=0 R5=0 :: ADD R0, #1 ; super=blocked:next-not-eligible
TICK=00602 MPC=603 READ_LEFT        PC=0x00000064 SP=0x00007FF8 FLAGS=G   R0=524 R1=33 R2=0 R3=0 R4=0 R5=0 :: READ_LEFT: ADD R0, #1
TICK=00603 MPC=604 READ_RIGHT       PC=0x00000064 SP=0x00007FF8 FLAGS=G   R0=524 R1=33 R2=0 R3=0 R4=0 R5=0 :: READ_RIGHT: ADD R0, #1
TICK=00604 MPC=605 ALU_ADD          PC=0x00000064 SP=0x00007FF8 FLAGS=G   R0=524 R1=33 R2=0 R3=0 R4=0 R5=0 :: ALU_ADD: ADD R0, #1
TICK=00605 MPC=606 WRITE_BACK       PC=0x00000064 SP=0x00007FF8 FLAGS=G   R0=524 R1=33 R2=0 R3=0 R4=0 R5=0 :: WRITE_BACK: ADD R0, #1
TICK=00606 MPC=607 UPDATE_FLAGS     PC=0x00000064 SP=0x00007FF8 FLAGS=G   R0=524 R1=33 R2=0 R3=0 R4=0 R5=0 :: UPDATE_FLAGS: ADD R0, #1
TICK=00607 MPC=608 COMMIT           PC=0x00000064 SP=0x00007FF8 FLAGS=G   R0=525 R1=33 R2=0 R3=0 R4=0 R5=0 :: ADD R0, #1
TICK=00608 MPC=609 FETCH_HEADER     PC=0x00000068 SP=0x00007FF8 FLAGS=G   R0=525 R1=33 R2=0 R3=0 R4=0 R5=0 :: addr=0x00000064 header=0x00000109 operands=1
TICK=00609 MPC=610 FETCH_OPERAND    PC=0x0000006C SP=0x00007FF8 FLAGS=G   R0=525 R1=33 R2=0 R3=0 R4=0 R5=0 :: operand[1]=0x00002C01
TICK=00610 MPC=611 DECODE           PC=0x0000006C SP=0x00007FF8 FLAGS=G   R0=525 R1=33 R2=0 R3=0 R4=0 R5=0 :: JMP #44 ; super=blocked:control-or-io
TICK=00611 MPC=612 READ_TARGET      PC=0x0000006C SP=0x00007FF8 FLAGS=G   R0=525 R1=33 R2=0 R3=0 R4=0 R5=0 :: READ_TARGET: JMP #44
TICK=00612 MPC=613 EVALUATE_BRANCH  PC=0x0000006C SP=0x00007FF8 FLAGS=G   R0=525 R1=33 R2=0 R3=0 R4=0 R5=0 :: EVALUATE_BRANCH: JMP #44
TICK=00613 MPC=614 COMMIT           PC=0x0000002C SP=0x00007FF8 FLAGS=G   R0=525 R1=33 R2=0 R3=0 R4=0 R5=0 :: JMP #44
TICK=00614 MPC=615 FETCH_HEADER     PC=0x00000030 SP=0x00007FF8 FLAGS=G   R0=525 R1=33 R2=0 R3=0 R4=0 R5=0 :: addr=0x0000002C header=0x00000214 operands=2
TICK=00615 MPC=616 FETCH_OPERAND    PC=0x00000034 SP=0x00007FF8 FLAGS=G   R0=525 R1=33 R2=0 R3=0 R4=0 R5=0 :: operand[1]=0x00000100
TICK=00616 MPC=617 FETCH_OPERAND    PC=0x00000038 SP=0x00007FF8 FLAGS=G   R0=525 R1=33 R2=0 R3=0 R4=0 R5=0 :: operand[2]=0x00000003
TICK=00617 MPC=618 DECODE           PC=0x00000038 SP=0x00007FF8 FLAGS=G   R0=525 R1=33 R2=0 R3=0 R4=0 R5=0 :: LOADB R1, [R0] ; super=blocked:control-or-io
TICK=00618 MPC=619 READ_BYTE_SOURCE PC=0x00000038 SP=0x00007FF8 FLAGS=G   R0=525 R1=33 R2=0 R3=0 R4=0 R5=0 :: READ_BYTE_SOURCE: LOADB R1, [R0]
TICK=00619 MPC=620 WRITE_DESTINATION PC=0x00000038 SP=0x00007FF8 FLAGS=G   R0=525 R1=33 R2=0 R3=0 R4=0 R5=0 :: WRITE_DESTINATION: LOADB R1, [R0]
TICK=00620 MPC=621 COMMIT           PC=0x00000038 SP=0x00007FF8 FLAGS=G   R0=525 R1=10 R2=0 R3=0 R4=0 R5=0 :: LOADB R1, [R0]
TICK=00621 MPC=622 FETCH_HEADER     PC=0x0000003C SP=0x00007FF8 FLAGS=G   R0=525 R1=10 R2=0 R3=0 R4=0 R5=0 :: addr=0x00000038 header=0x00000208 operands=2
TICK=00622 MPC=623 FETCH_OPERAND    PC=0x00000040 SP=0x00007FF8 FLAGS=G   R0=525 R1=10 R2=0 R3=0 R4=0 R5=0 :: operand[1]=0x00000100
TICK=00623 MPC=624 FETCH_OPERAND    PC=0x00000044 SP=0x00007FF8 FLAGS=G   R0=525 R1=10 R2=0 R3=0 R4=0 R5=0 :: operand[2]=0x00000001
TICK=00624 MPC=625 DECODE           PC=0x00000044 SP=0x00007FF8 FLAGS=G   R0=525 R1=10 R2=0 R3=0 R4=0 R5=0 :: CMP R1, #0 ; super=blocked:control-or-io
TICK=00625 MPC=626 READ_LEFT        PC=0x00000044 SP=0x00007FF8 FLAGS=G   R0=525 R1=10 R2=0 R3=0 R4=0 R5=0 :: READ_LEFT: CMP R1, #0
TICK=00626 MPC=627 READ_RIGHT       PC=0x00000044 SP=0x00007FF8 FLAGS=G   R0=525 R1=10 R2=0 R3=0 R4=0 R5=0 :: READ_RIGHT: CMP R1, #0
TICK=00627 MPC=628 ALU_SUB          PC=0x00000044 SP=0x00007FF8 FLAGS=G   R0=525 R1=10 R2=0 R3=0 R4=0 R5=0 :: ALU_SUB: CMP R1, #0
TICK=00628 MPC=629 UPDATE_FLAGS     PC=0x00000044 SP=0x00007FF8 FLAGS=G   R0=525 R1=10 R2=0 R3=0 R4=0 R5=0 :: UPDATE_FLAGS: CMP R1, #0
TICK=00629 MPC=630 COMMIT           PC=0x00000044 SP=0x00007FF8 FLAGS=G   R0=525 R1=10 R2=0 R3=0 R4=0 R5=0 :: CMP R1, #0
TICK=00630 MPC=631 FETCH_HEADER     PC=0x00000048 SP=0x00007FF8 FLAGS=G   R0=525 R1=10 R2=0 R3=0 R4=0 R5=0 :: addr=0x00000044 header=0x0000010A operands=1
TICK=00631 MPC=632 FETCH_OPERAND    PC=0x0000004C SP=0x00007FF8 FLAGS=G   R0=525 R1=10 R2=0 R3=0 R4=0 R5=0 :: operand[1]=0x00006C01
TICK=00632 MPC=633 DECODE           PC=0x0000004C SP=0x00007FF8 FLAGS=G   R0=525 R1=10 R2=0 R3=0 R4=0 R5=0 :: JZ #108 ; super=blocked:control-or-io
TICK=00633 MPC=634 READ_TARGET      PC=0x0000004C SP=0x00007FF8 FLAGS=G   R0=525 R1=10 R2=0 R3=0 R4=0 R5=0 :: READ_TARGET: JZ #108
TICK=00634 MPC=635 EVALUATE_BRANCH  PC=0x0000004C SP=0x00007FF8 FLAGS=G   R0=525 R1=10 R2=0 R3=0 R4=0 R5=0 :: EVALUATE_BRANCH: JZ #108
TICK=00635 MPC=636 COMMIT           PC=0x0000004C SP=0x00007FF8 FLAGS=G   R0=525 R1=10 R2=0 R3=0 R4=0 R5=0 :: JZ #108
TICK=00636 MPC=637 FETCH_HEADER     PC=0x00000050 SP=0x00007FF8 FLAGS=G   R0=525 R1=10 R2=0 R3=0 R4=0 R5=0 :: addr=0x0000004C header=0x00000215 operands=2
TICK=00637 MPC=638 FETCH_OPERAND    PC=0x00000054 SP=0x00007FF8 FLAGS=G   R0=525 R1=10 R2=0 R3=0 R4=0 R5=0 :: operand[1]=0x00FFF802
TICK=00638 MPC=639 FETCH_OPERAND    PC=0x00000058 SP=0x00007FF8 FLAGS=G   R0=525 R1=10 R2=0 R3=0 R4=0 R5=0 :: operand[2]=0x00000100
TICK=00639 MPC=640 DECODE           PC=0x00000058 SP=0x00007FF8 FLAGS=G   R0=525 R1=10 R2=0 R3=0 R4=0 R5=0 :: STOREB [0xFFF8], R1 ; super=blocked:control-or-io
TICK=00640 MPC=641 READ_BYTE_VALUE  PC=0x00000058 SP=0x00007FF8 FLAGS=G   R0=525 R1=10 R2=0 R3=0 R4=0 R5=0 :: READ_BYTE_VALUE: STOREB [0xFFF8], R1
TICK=00641 MPC=642 WRITE_BYTE_DESTINATION PC=0x00000058 SP=0x00007FF8 FLAGS=G   R0=525 R1=10 R2=0 R3=0 R4=0 R5=0 :: WRITE_BYTE_DESTINATION: STOREB [0xFFF8], R1
TICK=00642 MPC=643 COMMIT           PC=0x00000058 SP=0x00007FF8 FLAGS=G   R0=525 R1=10 R2=0 R3=0 R4=0 R5=0 :: STOREB [0xFFF8], R1
TICK=00643 MPC=644 FETCH_HEADER     PC=0x0000005C SP=0x00007FF8 FLAGS=G   R0=525 R1=10 R2=0 R3=0 R4=0 R5=0 :: addr=0x00000058 header=0x00000203 operands=2
TICK=00644 MPC=645 FETCH_OPERAND    PC=0x00000060 SP=0x00007FF8 FLAGS=G   R0=525 R1=10 R2=0 R3=0 R4=0 R5=0 :: operand[1]=0x00000000
TICK=00645 MPC=646 FETCH_OPERAND    PC=0x00000064 SP=0x00007FF8 FLAGS=G   R0=525 R1=10 R2=0 R3=0 R4=0 R5=0 :: operand[2]=0x00000101
TICK=00646 MPC=647 DECODE           PC=0x00000064 SP=0x00007FF8 FLAGS=G   R0=525 R1=10 R2=0 R3=0 R4=0 R5=0 :: ADD R0, #1 ; super=blocked:next-not-eligible
TICK=00647 MPC=648 READ_LEFT        PC=0x00000064 SP=0x00007FF8 FLAGS=G   R0=525 R1=10 R2=0 R3=0 R4=0 R5=0 :: READ_LEFT: ADD R0, #1
TICK=00648 MPC=649 READ_RIGHT       PC=0x00000064 SP=0x00007FF8 FLAGS=G   R0=525 R1=10 R2=0 R3=0 R4=0 R5=0 :: READ_RIGHT: ADD R0, #1
TICK=00649 MPC=650 ALU_ADD          PC=0x00000064 SP=0x00007FF8 FLAGS=G   R0=525 R1=10 R2=0 R3=0 R4=0 R5=0 :: ALU_ADD: ADD R0, #1
TICK=00650 MPC=651 WRITE_BACK       PC=0x00000064 SP=0x00007FF8 FLAGS=G   R0=525 R1=10 R2=0 R3=0 R4=0 R5=0 :: WRITE_BACK: ADD R0, #1
TICK=00651 MPC=652 UPDATE_FLAGS     PC=0x00000064 SP=0x00007FF8 FLAGS=G   R0=525 R1=10 R2=0 R3=0 R4=0 R5=0 :: UPDATE_FLAGS: ADD R0, #1
TICK=00652 MPC=653 COMMIT           PC=0x00000064 SP=0x00007FF8 FLAGS=G   R0=526 R1=10 R2=0 R3=0 R4=0 R5=0 :: ADD R0, #1
TICK=00653 MPC=654 FETCH_HEADER     PC=0x00000068 SP=0x00007FF8 FLAGS=G   R0=526 R1=10 R2=0 R3=0 R4=0 R5=0 :: addr=0x00000064 header=0x00000109 operands=1
TICK=00654 MPC=655 FETCH_OPERAND    PC=0x0000006C SP=0x00007FF8 FLAGS=G   R0=526 R1=10 R2=0 R3=0 R4=0 R5=0 :: operand[1]=0x00002C01
TICK=00655 MPC=656 DECODE           PC=0x0000006C SP=0x00007FF8 FLAGS=G   R0=526 R1=10 R2=0 R3=0 R4=0 R5=0 :: JMP #44 ; super=blocked:control-or-io
TICK=00656 MPC=657 READ_TARGET      PC=0x0000006C SP=0x00007FF8 FLAGS=G   R0=526 R1=10 R2=0 R3=0 R4=0 R5=0 :: READ_TARGET: JMP #44
TICK=00657 MPC=658 EVALUATE_BRANCH  PC=0x0000006C SP=0x00007FF8 FLAGS=G   R0=526 R1=10 R2=0 R3=0 R4=0 R5=0 :: EVALUATE_BRANCH: JMP #44
TICK=00658 MPC=659 COMMIT           PC=0x0000002C SP=0x00007FF8 FLAGS=G   R0=526 R1=10 R2=0 R3=0 R4=0 R5=0 :: JMP #44
TICK=00659 MPC=660 FETCH_HEADER     PC=0x00000030 SP=0x00007FF8 FLAGS=G   R0=526 R1=10 R2=0 R3=0 R4=0 R5=0 :: addr=0x0000002C header=0x00000214 operands=2
TICK=00660 MPC=661 FETCH_OPERAND    PC=0x00000034 SP=0x00007FF8 FLAGS=G   R0=526 R1=10 R2=0 R3=0 R4=0 R5=0 :: operand[1]=0x00000100
TICK=00661 MPC=662 FETCH_OPERAND    PC=0x00000038 SP=0x00007FF8 FLAGS=G   R0=526 R1=10 R2=0 R3=0 R4=0 R5=0 :: operand[2]=0x00000003
TICK=00662 MPC=663 DECODE           PC=0x00000038 SP=0x00007FF8 FLAGS=G   R0=526 R1=10 R2=0 R3=0 R4=0 R5=0 :: LOADB R1, [R0] ; super=blocked:control-or-io
TICK=00663 MPC=664 READ_BYTE_SOURCE PC=0x00000038 SP=0x00007FF8 FLAGS=G   R0=526 R1=10 R2=0 R3=0 R4=0 R5=0 :: READ_BYTE_SOURCE: LOADB R1, [R0]
TICK=00664 MPC=665 WRITE_DESTINATION PC=0x00000038 SP=0x00007FF8 FLAGS=G   R0=526 R1=10 R2=0 R3=0 R4=0 R5=0 :: WRITE_DESTINATION: LOADB R1, [R0]
TICK=00665 MPC=666 COMMIT           PC=0x00000038 SP=0x00007FF8 FLAGS=G   R0=526 R1=0 R2=0 R3=0 R4=0 R5=0 :: LOADB R1, [R0]
TICK=00666 MPC=667 FETCH_HEADER     PC=0x0000003C SP=0x00007FF8 FLAGS=G   R0=526 R1=0 R2=0 R3=0 R4=0 R5=0 :: addr=0x00000038 header=0x00000208 operands=2
TICK=00667 MPC=668 FETCH_OPERAND    PC=0x00000040 SP=0x00007FF8 FLAGS=G   R0=526 R1=0 R2=0 R3=0 R4=0 R5=0 :: operand[1]=0x00000100
TICK=00668 MPC=669 FETCH_OPERAND    PC=0x00000044 SP=0x00007FF8 FLAGS=G   R0=526 R1=0 R2=0 R3=0 R4=0 R5=0 :: operand[2]=0x00000001
TICK=00669 MPC=670 DECODE           PC=0x00000044 SP=0x00007FF8 FLAGS=G   R0=526 R1=0 R2=0 R3=0 R4=0 R5=0 :: CMP R1, #0 ; super=blocked:control-or-io
TICK=00670 MPC=671 READ_LEFT        PC=0x00000044 SP=0x00007FF8 FLAGS=G   R0=526 R1=0 R2=0 R3=0 R4=0 R5=0 :: READ_LEFT: CMP R1, #0
TICK=00671 MPC=672 READ_RIGHT       PC=0x00000044 SP=0x00007FF8 FLAGS=G   R0=526 R1=0 R2=0 R3=0 R4=0 R5=0 :: READ_RIGHT: CMP R1, #0
TICK=00672 MPC=673 ALU_SUB          PC=0x00000044 SP=0x00007FF8 FLAGS=G   R0=526 R1=0 R2=0 R3=0 R4=0 R5=0 :: ALU_SUB: CMP R1, #0
TICK=00673 MPC=674 UPDATE_FLAGS     PC=0x00000044 SP=0x00007FF8 FLAGS=G   R0=526 R1=0 R2=0 R3=0 R4=0 R5=0 :: UPDATE_FLAGS: CMP R1, #0
TICK=00674 MPC=675 COMMIT           PC=0x00000044 SP=0x00007FF8 FLAGS=Z   R0=526 R1=0 R2=0 R3=0 R4=0 R5=0 :: CMP R1, #0
TICK=00675 MPC=676 FETCH_HEADER     PC=0x00000048 SP=0x00007FF8 FLAGS=Z   R0=526 R1=0 R2=0 R3=0 R4=0 R5=0 :: addr=0x00000044 header=0x0000010A operands=1
TICK=00676 MPC=677 FETCH_OPERAND    PC=0x0000004C SP=0x00007FF8 FLAGS=Z   R0=526 R1=0 R2=0 R3=0 R4=0 R5=0 :: operand[1]=0x00006C01
TICK=00677 MPC=678 DECODE           PC=0x0000004C SP=0x00007FF8 FLAGS=Z   R0=526 R1=0 R2=0 R3=0 R4=0 R5=0 :: JZ #108 ; super=blocked:control-or-io
TICK=00678 MPC=679 READ_TARGET      PC=0x0000004C SP=0x00007FF8 FLAGS=Z   R0=526 R1=0 R2=0 R3=0 R4=0 R5=0 :: READ_TARGET: JZ #108
TICK=00679 MPC=680 EVALUATE_BRANCH  PC=0x0000004C SP=0x00007FF8 FLAGS=Z   R0=526 R1=0 R2=0 R3=0 R4=0 R5=0 :: EVALUATE_BRANCH: JZ #108
TICK=00680 MPC=681 COMMIT           PC=0x0000006C SP=0x00007FF8 FLAGS=Z   R0=526 R1=0 R2=0 R3=0 R4=0 R5=0 :: JZ #108
TICK=00681 MPC=682 FETCH_HEADER     PC=0x00000070 SP=0x00007FF8 FLAGS=Z   R0=526 R1=0 R2=0 R3=0 R4=0 R5=0 :: addr=0x0000006C header=0x00000111 operands=1
TICK=00682 MPC=683 FETCH_OPERAND    PC=0x00000074 SP=0x00007FF8 FLAGS=Z   R0=526 R1=0 R2=0 R3=0 R4=0 R5=0 :: operand[1]=0x00000100
TICK=00683 MPC=684 DECODE           PC=0x00000074 SP=0x00007FF8 FLAGS=Z   R0=526 R1=0 R2=0 R3=0 R4=0 R5=0 :: POP R1 ; super=blocked:control-or-io
TICK=00684 MPC=685 MEM_READ_STACK   PC=0x00000074 SP=0x00007FF8 FLAGS=Z   R0=526 R1=0 R2=0 R3=0 R4=0 R5=0 :: MEM_READ_STACK: POP R1
TICK=00685 MPC=686 WRITE_DESTINATION PC=0x00000074 SP=0x00007FF8 FLAGS=Z   R0=526 R1=0 R2=0 R3=0 R4=0 R5=0 :: WRITE_DESTINATION: POP R1
TICK=00686 MPC=687 STACK_INC        PC=0x00000074 SP=0x00007FF8 FLAGS=Z   R0=526 R1=0 R2=0 R3=0 R4=0 R5=0 :: STACK_INC: POP R1
TICK=00687 MPC=688 COMMIT           PC=0x00000074 SP=0x00007FFC FLAGS=Z   R0=526 R1=0 R2=0 R3=0 R4=0 R5=0 :: POP R1
TICK=00688 MPC=689 FETCH_HEADER     PC=0x00000078 SP=0x00007FFC FLAGS=Z   R0=526 R1=0 R2=0 R3=0 R4=0 R5=0 :: addr=0x00000074 header=0x00000013 operands=0
TICK=00689 MPC=690 DECODE           PC=0x00000078 SP=0x00007FFC FLAGS=Z   R0=526 R1=0 R2=0 R3=0 R4=0 R5=0 :: RET ; super=blocked:control-or-io
TICK=00690 MPC=691 MEM_READ_STACK   PC=0x00000078 SP=0x00007FFC FLAGS=Z   R0=526 R1=0 R2=0 R3=0 R4=0 R5=0 :: MEM_READ_STACK: RET
TICK=00691 MPC=692 STACK_INC        PC=0x00000078 SP=0x00007FFC FLAGS=Z   R0=526 R1=0 R2=0 R3=0 R4=0 R5=0 :: STACK_INC: RET
TICK=00692 MPC=693 SET_PC           PC=0x00000078 SP=0x00007FFC FLAGS=Z   R0=526 R1=0 R2=0 R3=0 R4=0 R5=0 :: SET_PC: RET
TICK=00693 MPC=694 COMMIT           PC=0x00000020 SP=0x00008000 FLAGS=Z   R0=526 R1=0 R2=0 R3=0 R4=0 R5=0 :: RET
TICK=00694 MPC=695 FETCH_HEADER     PC=0x00000024 SP=0x00008000 FLAGS=Z   R0=526 R1=0 R2=0 R3=0 R4=0 R5=0 :: addr=0x00000020 header=0x00000001 operands=0
TICK=00695 MPC=696 DECODE           PC=0x00000024 SP=0x00008000 FLAGS=Z   R0=526 R1=0 R2=0 R3=0 R4=0 R5=0 :: HALT ; super=blocked:control-or-io
TICK=00696 MPC=697 COMMIT           PC=0x00000024 SP=0x00008000 FLAGS=Z   R0=526 R1=0 R2=0 R3=0 R4=0 R5=0 :: HALT
