TICK=00000 MPC=001 FETCH_HEADER     PC=0x00000004 SP=0x00008000 FLAGS=-   R0=0 R1=0 R2=0 R3=0 R4=0 R5=0 :: addr=0x00000000 header=0x00000202 operands=2
TICK=00001 MPC=002 FETCH_OPERAND    PC=0x00000008 SP=0x00008000 FLAGS=-   R0=0 R1=0 R2=0 R3=0 R4=0 R5=0 :: operand[1]=0x00000800
TICK=00002 MPC=003 FETCH_OPERAND    PC=0x0000000C SP=0x00008000 FLAGS=-   R0=0 R1=0 R2=0 R3=0 R4=0 R5=0 :: operand[2]=0x00800001
TICK=00003 MPC=004 DECODE           PC=0x0000000C SP=0x00008000 FLAGS=-   R0=0 R1=0 R2=0 R3=0 R4=0 R5=0 :: MOV SP, #32768 ; super=blocked:control-or-io
TICK=00004 MPC=005 READ_SOURCE      PC=0x0000000C SP=0x00008000 FLAGS=-   R0=0 R1=0 R2=0 R3=0 R4=0 R5=0 :: READ_SOURCE: MOV SP, #32768
TICK=00005 MPC=006 WRITE_DESTINATION PC=0x0000000C SP=0x00008000 FLAGS=-   R0=0 R1=0 R2=0 R3=0 R4=0 R5=0 :: WRITE_DESTINATION: MOV SP, #32768
TICK=00006 MPC=007 COMMIT           PC=0x0000000C SP=0x00008000 FLAGS=-   R0=0 R1=0 R2=0 R3=0 R4=0 R5=0 :: MOV SP, #32768
TICK=00007 MPC=008 FETCH_HEADER     PC=0x00000010 SP=0x00008000 FLAGS=-   R0=0 R1=0 R2=0 R3=0 R4=0 R5=0 :: addr=0x0000000C header=0x00000112 operands=1
TICK=00008 MPC=009 FETCH_OPERAND    PC=0x00000014 SP=0x00008000 FLAGS=-   R0=0 R1=0 R2=0 R3=0 R4=0 R5=0 :: operand[1]=0x00013001
TICK=00009 MPC=010 DECODE           PC=0x00000014 SP=0x00008000 FLAGS=-   R0=0 R1=0 R2=0 R3=0 R4=0 R5=0 :: CALL #304 ; super=blocked:control-or-io
TICK=00010 MPC=011 READ_TARGET      PC=0x00000014 SP=0x00008000 FLAGS=-   R0=0 R1=0 R2=0 R3=0 R4=0 R5=0 :: READ_TARGET: CALL #304
TICK=00011 MPC=012 STACK_DEC        PC=0x00000014 SP=0x00008000 FLAGS=-   R0=0 R1=0 R2=0 R3=0 R4=0 R5=0 :: STACK_DEC: CALL #304
TICK=00012 MPC=013 MEM_WRITE_RETURN PC=0x00000014 SP=0x00008000 FLAGS=-   R0=0 R1=0 R2=0 R3=0 R4=0 R5=0 :: MEM_WRITE_RETURN: CALL #304
TICK=00013 MPC=014 SET_PC           PC=0x00000014 SP=0x00008000 FLAGS=-   R0=0 R1=0 R2=0 R3=0 R4=0 R5=0 :: SET_PC: CALL #304
TICK=00014 MPC=015 COMMIT           PC=0x00000130 SP=0x00007FFC FLAGS=-   R0=0 R1=0 R2=0 R3=0 R4=0 R5=0 :: CALL #304
TICK=00015 MPC=016 FETCH_HEADER     PC=0x00000134 SP=0x00007FFC FLAGS=-   R0=0 R1=0 R2=0 R3=0 R4=0 R5=0 :: addr=0x00000130 header=0x00000202 operands=2
TICK=00016 MPC=017 FETCH_OPERAND    PC=0x00000138 SP=0x00007FFC FLAGS=-   R0=0 R1=0 R2=0 R3=0 R4=0 R5=0 :: operand[1]=0x00000000
TICK=00017 MPC=018 FETCH_OPERAND    PC=0x0000013C SP=0x00007FFC FLAGS=-   R0=0 R1=0 R2=0 R3=0 R4=0 R5=0 :: operand[2]=0x00000001
TICK=00018 MPC=019 DECODE           PC=0x0000013C SP=0x00007FFC FLAGS=-   R0=0 R1=0 R2=0 R3=0 R4=0 R5=0 :: MOV R0, #0 ; super=blocked:next-not-eligible
TICK=00019 MPC=020 READ_SOURCE      PC=0x0000013C SP=0x00007FFC FLAGS=-   R0=0 R1=0 R2=0 R3=0 R4=0 R5=0 :: READ_SOURCE: MOV R0, #0
TICK=00020 MPC=021 WRITE_DESTINATION PC=0x0000013C SP=0x00007FFC FLAGS=-   R0=0 R1=0 R2=0 R3=0 R4=0 R5=0 :: WRITE_DESTINATION: MOV R0, #0
TICK=00021 MPC=022 COMMIT           PC=0x0000013C SP=0x00007FFC FLAGS=-   R0=0 R1=0 R2=0 R3=0 R4=0 R5=0 :: MOV R0, #0
TICK=00022 MPC=023 FETCH_HEADER     PC=0x00000140 SP=0x00007FFC FLAGS=-   R0=0 R1=0 R2=0 R3=0 R4=0 R5=0 :: addr=0x0000013C header=0x00000214 operands=2
TICK=00023 MPC=024 FETCH_OPERAND    PC=0x00000144 SP=0x00007FFC FLAGS=-   R0=0 R1=0 R2=0 R3=0 R4=0 R5=0 :: operand[1]=0x00000100
TICK=00024 MPC=025 FETCH_OPERAND    PC=0x00000148 SP=0x00007FFC FLAGS=-   R0=0 R1=0 R2=0 R3=0 R4=0 R5=0 :: operand[2]=0x00FFF002
TICK=00025 MPC=026 DECODE           PC=0x00000148 SP=0x00007FFC FLAGS=-   R0=0 R1=0 R2=0 R3=0 R4=0 R5=0 :: LOADB R1, [0xFFF0] ; super=blocked:control-or-io
TICK=00026 MPC=027 READ_BYTE_SOURCE PC=0x00000148 SP=0x00007FFC FLAGS=-   R0=0 R1=0 R2=0 R3=0 R4=0 R5=0 :: READ_BYTE_SOURCE: LOADB R1, [0xFFF0]
TICK=00027 MPC=028 WRITE_DESTINATION PC=0x00000148 SP=0x00007FFC FLAGS=-   R0=0 R1=0 R2=0 R3=0 R4=0 R5=0 :: WRITE_DESTINATION: LOADB R1, [0xFFF0]
TICK=00028 MPC=029 COMMIT           PC=0x00000148 SP=0x00007FFC FLAGS=-   R0=0 R1=1 R2=0 R3=0 R4=0 R5=0 :: LOADB R1, [0xFFF0]
TICK=00029 MPC=030 FETCH_HEADER     PC=0x0000014C SP=0x00007FFC FLAGS=-   R0=0 R1=1 R2=0 R3=0 R4=0 R5=0 :: addr=0x00000148 header=0x00000208 operands=2
TICK=00030 MPC=031 FETCH_OPERAND    PC=0x00000150 SP=0x00007FFC FLAGS=-   R0=0 R1=1 R2=0 R3=0 R4=0 R5=0 :: operand[1]=0x00000100
TICK=00031 MPC=032 FETCH_OPERAND    PC=0x00000154 SP=0x00007FFC FLAGS=-   R0=0 R1=1 R2=0 R3=0 R4=0 R5=0 :: operand[2]=0x00000001
TICK=00032 MPC=033 DECODE           PC=0x00000154 SP=0x00007FFC FLAGS=-   R0=0 R1=1 R2=0 R3=0 R4=0 R5=0 :: CMP R1, #0 ; super=blocked:control-or-io
TICK=00033 MPC=034 READ_LEFT        PC=0x00000154 SP=0x00007FFC FLAGS=-   R0=0 R1=1 R2=0 R3=0 R4=0 R5=0 :: READ_LEFT: CMP R1, #0
TICK=00034 MPC=035 READ_RIGHT       PC=0x00000154 SP=0x00007FFC FLAGS=-   R0=0 R1=1 R2=0 R3=0 R4=0 R5=0 :: READ_RIGHT: CMP R1, #0
TICK=00035 MPC=036 ALU_SUB          PC=0x00000154 SP=0x00007FFC FLAGS=-   R0=0 R1=1 R2=0 R3=0 R4=0 R5=0 :: ALU_SUB: CMP R1, #0
TICK=00036 MPC=037 UPDATE_FLAGS     PC=0x00000154 SP=0x00007FFC FLAGS=-   R0=0 R1=1 R2=0 R3=0 R4=0 R5=0 :: UPDATE_FLAGS: CMP R1, #0
TICK=00037 MPC=038 COMMIT           PC=0x00000154 SP=0x00007FFC FLAGS=G   R0=0 R1=1 R2=0 R3=0 R4=0 R5=0 :: CMP R1, #0
TICK=00038 MPC=039 FETCH_HEADER     PC=0x00000158 SP=0x00007FFC FLAGS=G   R0=0 R1=1 R2=0 R3=0 R4=0 R5=0 :: addr=0x00000154 header=0x0000010A operands=1
TICK=00039 MPC=040 FETCH_OPERAND    PC=0x0000015C SP=0x00007FFC FLAGS=G   R0=0 R1=1 R2=0 R3=0 R4=0 R5=0 :: operand[1]=0x0001D001
TICK=00040 MPC=041 DECODE           PC=0x0000015C SP=0x00007FFC FLAGS=G   R0=0 R1=1 R2=0 R3=0 R4=0 R5=0 :: JZ #464 ; super=blocked:control-or-io
TICK=00041 MPC=042 READ_TARGET      PC=0x0000015C SP=0x00007FFC FLAGS=G   R0=0 R1=1 R2=0 R3=0 R4=0 R5=0 :: READ_TARGET: JZ #464
TICK=00042 MPC=043 EVALUATE_BRANCH  PC=0x0000015C SP=0x00007FFC FLAGS=G   R0=0 R1=1 R2=0 R3=0 R4=0 R5=0 :: EVALUATE_BRANCH: JZ #464
TICK=00043 MPC=044 COMMIT           PC=0x0000015C SP=0x00007FFC FLAGS=G   R0=0 R1=1 R2=0 R3=0 R4=0 R5=0 :: JZ #464
TICK=00044 MPC=045 FETCH_HEADER     PC=0x00000160 SP=0x00007FFC FLAGS=G   R0=0 R1=1 R2=0 R3=0 R4=0 R5=0 :: addr=0x0000015C header=0x00000214 operands=2
TICK=00045 MPC=046 FETCH_OPERAND    PC=0x00000164 SP=0x00007FFC FLAGS=G   R0=0 R1=1 R2=0 R3=0 R4=0 R5=0 :: operand[1]=0x00000100
TICK=00046 MPC=047 FETCH_OPERAND    PC=0x00000168 SP=0x00007FFC FLAGS=G   R0=0 R1=1 R2=0 R3=0 R4=0 R5=0 :: operand[2]=0x00FFF402
TICK=00047 MPC=048 DECODE           PC=0x00000168 SP=0x00007FFC FLAGS=G   R0=0 R1=1 R2=0 R3=0 R4=0 R5=0 :: LOADB R1, [0xFFF4] ; super=blocked:control-or-io
TICK=00048 MPC=049 READ_BYTE_SOURCE PC=0x00000168 SP=0x00007FFC FLAGS=G   R0=0 R1=1 R2=0 R3=0 R4=0 R5=0 :: READ_BYTE_SOURCE: LOADB R1, [0xFFF4]
TICK=00049 MPC=050 WRITE_DESTINATION PC=0x00000168 SP=0x00007FFC FLAGS=G   R0=0 R1=1 R2=0 R3=0 R4=0 R5=0 :: WRITE_DESTINATION: LOADB R1, [0xFFF4]
TICK=00050 MPC=051 COMMIT           PC=0x00000168 SP=0x00007FFC FLAGS=G   R0=0 R1=49 R2=0 R3=0 R4=0 R5=0 :: LOADB R1, [0xFFF4]
TICK=00051 MPC=052 FETCH_HEADER     PC=0x0000016C SP=0x00007FFC FLAGS=G   R0=0 R1=49 R2=0 R3=0 R4=0 R5=0 :: addr=0x00000168 header=0x00000208 operands=2
TICK=00052 MPC=053 FETCH_OPERAND    PC=0x00000170 SP=0x00007FFC FLAGS=G   R0=0 R1=49 R2=0 R3=0 R4=0 R5=0 :: operand[1]=0x00000100
TICK=00053 MPC=054 FETCH_OPERAND    PC=0x00000174 SP=0x00007FFC FLAGS=G   R0=0 R1=49 R2=0 R3=0 R4=0 R5=0 :: operand[2]=0x00002001
TICK=00054 MPC=055 DECODE           PC=0x00000174 SP=0x00007FFC FLAGS=G   R0=0 R1=49 R2=0 R3=0 R4=0 R5=0 :: CMP R1, #32 ; super=blocked:control-or-io
TICK=00055 MPC=056 READ_LEFT        PC=0x00000174 SP=0x00007FFC FLAGS=G   R0=0 R1=49 R2=0 R3=0 R4=0 R5=0 :: READ_LEFT: CMP R1, #32
TICK=00056 MPC=057 READ_RIGHT       PC=0x00000174 SP=0x00007FFC FLAGS=G   R0=0 R1=49 R2=0 R3=0 R4=0 R5=0 :: READ_RIGHT: CMP R1, #32
TICK=00057 MPC=058 ALU_SUB          PC=0x00000174 SP=0x00007FFC FLAGS=G   R0=0 R1=49 R2=0 R3=0 R4=0 R5=0 :: ALU_SUB: CMP R1, #32
TICK=00058 MPC=059 UPDATE_FLAGS     PC=0x00000174 SP=0x00007FFC FLAGS=G   R0=0 R1=49 R2=0 R3=0 R4=0 R5=0 :: UPDATE_FLAGS: CMP R1, #32
TICK=00059 MPC=060 COMMIT           PC=0x00000174 SP=0x00007FFC FLAGS=G   R0=0 R1=49 R2=0 R3=0 R4=0 R5=0 :: CMP R1, #32
... omitted 2302 ticks; full trace is stored in build/*.log ...
TICK=02362 MPC=2363 READ_RIGHT       PC=0x00000284 SP=0x00007FF4 FLAGS=Z   R0=0 R1=0 R2=48 R3=0 R4=4 R5=0 :: READ_RIGHT: CMP R1, #0
TICK=02363 MPC=2364 ALU_SUB          PC=0x00000284 SP=0x00007FF4 FLAGS=Z   R0=0 R1=0 R2=48 R3=0 R4=4 R5=0 :: ALU_SUB: CMP R1, #0
TICK=02364 MPC=2365 UPDATE_FLAGS     PC=0x00000284 SP=0x00007FF4 FLAGS=Z   R0=0 R1=0 R2=48 R3=0 R4=4 R5=0 :: UPDATE_FLAGS: CMP R1, #0
TICK=02365 MPC=2366 COMMIT           PC=0x00000284 SP=0x00007FF4 FLAGS=Z   R0=0 R1=0 R2=48 R3=0 R4=4 R5=0 :: CMP R1, #0
TICK=02366 MPC=2367 FETCH_HEADER     PC=0x00000288 SP=0x00007FF4 FLAGS=Z   R0=0 R1=0 R2=48 R3=0 R4=4 R5=0 :: addr=0x00000284 header=0x0000010A operands=1
TICK=02367 MPC=2368 FETCH_OPERAND    PC=0x0000028C SP=0x00007FF4 FLAGS=Z   R0=0 R1=0 R2=48 R3=0 R4=4 R5=0 :: operand[1]=0x0002B401
TICK=02368 MPC=2369 DECODE           PC=0x0000028C SP=0x00007FF4 FLAGS=Z   R0=0 R1=0 R2=48 R3=0 R4=4 R5=0 :: JZ #692 ; super=blocked:control-or-io
TICK=02369 MPC=2370 READ_TARGET      PC=0x0000028C SP=0x00007FF4 FLAGS=Z   R0=0 R1=0 R2=48 R3=0 R4=4 R5=0 :: READ_TARGET: JZ #692
TICK=02370 MPC=2371 EVALUATE_BRANCH  PC=0x0000028C SP=0x00007FF4 FLAGS=Z   R0=0 R1=0 R2=48 R3=0 R4=4 R5=0 :: EVALUATE_BRANCH: JZ #692
TICK=02371 MPC=2372 COMMIT           PC=0x000002B4 SP=0x00007FF4 FLAGS=Z   R0=0 R1=0 R2=48 R3=0 R4=4 R5=0 :: JZ #692
TICK=02372 MPC=2373 FETCH_HEADER     PC=0x000002B8 SP=0x00007FF4 FLAGS=Z   R0=0 R1=0 R2=48 R3=0 R4=4 R5=0 :: addr=0x000002B4 header=0x00000111 operands=1
TICK=02373 MPC=2374 FETCH_OPERAND    PC=0x000002BC SP=0x00007FF4 FLAGS=Z   R0=0 R1=0 R2=48 R3=0 R4=4 R5=0 :: operand[1]=0x00000200
TICK=02374 MPC=2375 DECODE           PC=0x000002BC SP=0x00007FF4 FLAGS=Z   R0=0 R1=0 R2=48 R3=0 R4=4 R5=0 :: POP R2 ; super=blocked:control-or-io
TICK=02375 MPC=2376 MEM_READ_STACK   PC=0x000002BC SP=0x00007FF4 FLAGS=Z   R0=0 R1=0 R2=48 R3=0 R4=4 R5=0 :: MEM_READ_STACK: POP R2
TICK=02376 MPC=2377 WRITE_DESTINATION PC=0x000002BC SP=0x00007FF4 FLAGS=Z   R0=0 R1=0 R2=48 R3=0 R4=4 R5=0 :: WRITE_DESTINATION: POP R2
TICK=02377 MPC=2378 STACK_INC        PC=0x000002BC SP=0x00007FF4 FLAGS=Z   R0=0 R1=0 R2=48 R3=0 R4=4 R5=0 :: STACK_INC: POP R2
TICK=02378 MPC=2379 COMMIT           PC=0x000002BC SP=0x00007FF8 FLAGS=Z   R0=0 R1=0 R2=200000 R3=0 R4=4 R5=0 :: POP R2
TICK=02379 MPC=2380 FETCH_HEADER     PC=0x000002C0 SP=0x00007FF8 FLAGS=Z   R0=0 R1=0 R2=200000 R3=0 R4=4 R5=0 :: addr=0x000002BC header=0x00000111 operands=1
TICK=02380 MPC=2381 FETCH_OPERAND    PC=0x000002C4 SP=0x00007FF8 FLAGS=Z   R0=0 R1=0 R2=200000 R3=0 R4=4 R5=0 :: operand[1]=0x00000100
TICK=02381 MPC=2382 DECODE           PC=0x000002C4 SP=0x00007FF8 FLAGS=Z   R0=0 R1=0 R2=200000 R3=0 R4=4 R5=0 :: POP R1 ; super=blocked:control-or-io
TICK=02382 MPC=2383 MEM_READ_STACK   PC=0x000002C4 SP=0x00007FF8 FLAGS=Z   R0=0 R1=0 R2=200000 R3=0 R4=4 R5=0 :: MEM_READ_STACK: POP R1
TICK=02383 MPC=2384 WRITE_DESTINATION PC=0x000002C4 SP=0x00007FF8 FLAGS=Z   R0=0 R1=0 R2=200000 R3=0 R4=4 R5=0 :: WRITE_DESTINATION: POP R1
TICK=02384 MPC=2385 STACK_INC        PC=0x000002C4 SP=0x00007FF8 FLAGS=Z   R0=0 R1=0 R2=200000 R3=0 R4=4 R5=0 :: STACK_INC: POP R1
TICK=02385 MPC=2386 COMMIT           PC=0x000002C4 SP=0x00007FFC FLAGS=Z   R0=0 R1=0 R2=200000 R3=0 R4=4 R5=0 :: POP R1
TICK=02386 MPC=2387 FETCH_HEADER     PC=0x000002C8 SP=0x00007FFC FLAGS=Z   R0=0 R1=0 R2=200000 R3=0 R4=4 R5=0 :: addr=0x000002C4 header=0x00000013 operands=0
TICK=02387 MPC=2388 DECODE           PC=0x000002C8 SP=0x00007FFC FLAGS=Z   R0=0 R1=0 R2=200000 R3=0 R4=4 R5=0 :: RET ; super=blocked:control-or-io
TICK=02388 MPC=2389 MEM_READ_STACK   PC=0x000002C8 SP=0x00007FFC FLAGS=Z   R0=0 R1=0 R2=200000 R3=0 R4=4 R5=0 :: MEM_READ_STACK: RET
TICK=02389 MPC=2390 STACK_INC        PC=0x000002C8 SP=0x00007FFC FLAGS=Z   R0=0 R1=0 R2=200000 R3=0 R4=4 R5=0 :: STACK_INC: RET
TICK=02390 MPC=2391 SET_PC           PC=0x000002C8 SP=0x00007FFC FLAGS=Z   R0=0 R1=0 R2=200000 R3=0 R4=4 R5=0 :: SET_PC: RET
TICK=02391 MPC=2392 COMMIT           PC=0x00000120 SP=0x00008000 FLAGS=Z   R0=0 R1=0 R2=200000 R3=0 R4=4 R5=0 :: RET
TICK=02392 MPC=2393 FETCH_HEADER     PC=0x00000124 SP=0x00008000 FLAGS=Z   R0=0 R1=0 R2=200000 R3=0 R4=4 R5=0 :: addr=0x00000120 header=0x00000215 operands=2
TICK=02393 MPC=2394 FETCH_OPERAND    PC=0x00000128 SP=0x00008000 FLAGS=Z   R0=0 R1=0 R2=200000 R3=0 R4=4 R5=0 :: operand[1]=0x00FFF802
TICK=02394 MPC=2395 FETCH_OPERAND    PC=0x0000012C SP=0x00008000 FLAGS=Z   R0=0 R1=0 R2=200000 R3=0 R4=4 R5=0 :: operand[2]=0x00000A01
TICK=02395 MPC=2396 DECODE           PC=0x0000012C SP=0x00008000 FLAGS=Z   R0=0 R1=0 R2=200000 R3=0 R4=4 R5=0 :: STOREB [0xFFF8], #10 ; super=blocked:control-or-io
TICK=02396 MPC=2397 READ_BYTE_VALUE  PC=0x0000012C SP=0x00008000 FLAGS=Z   R0=0 R1=0 R2=200000 R3=0 R4=4 R5=0 :: READ_BYTE_VALUE: STOREB [0xFFF8], #10
TICK=02397 MPC=2398 WRITE_BYTE_DESTINATION PC=0x0000012C SP=0x00008000 FLAGS=Z   R0=0 R1=0 R2=200000 R3=0 R4=4 R5=0 :: WRITE_BYTE_DESTINATION: STOREB [0xFFF8], #10
TICK=02398 MPC=2399 COMMIT           PC=0x0000012C SP=0x00008000 FLAGS=Z   R0=0 R1=0 R2=200000 R3=0 R4=4 R5=0 :: STOREB [0xFFF8], #10
TICK=02399 MPC=2400 FETCH_HEADER     PC=0x00000130 SP=0x00008000 FLAGS=Z   R0=0 R1=0 R2=200000 R3=0 R4=4 R5=0 :: addr=0x0000012C header=0x00000001 operands=0
TICK=02400 MPC=2401 DECODE           PC=0x00000130 SP=0x00008000 FLAGS=Z   R0=0 R1=0 R2=200000 R3=0 R4=4 R5=0 :: HALT ; super=blocked:control-or-io
TICK=02401 MPC=2402 COMMIT           PC=0x00000130 SP=0x00008000 FLAGS=Z   R0=0 R1=0 R2=200000 R3=0 R4=4 R5=0 :: HALT
