TICK=00000 MPC=001 FETCH_HEADER     PC=0x00000004 SP=0x00008000 FLAGS=-   R0=0 R1=0 R2=0 R3=0 R4=0 R5=0 :: addr=0x00000000 header=0x00000202 operands=2
TICK=00001 MPC=002 FETCH_OPERAND    PC=0x00000008 SP=0x00008000 FLAGS=-   R0=0 R1=0 R2=0 R3=0 R4=0 R5=0 :: operand[1]=0x00000100
TICK=00002 MPC=003 FETCH_OPERAND    PC=0x0000000C SP=0x00008000 FLAGS=-   R0=0 R1=0 R2=0 R3=0 R4=0 R5=0 :: operand[2]=0x00000101
TICK=00003 MPC=004 DECODE           PC=0x00000018 SP=0x00008000 FLAGS=-   R0=0 R1=0 R2=0 R3=0 R4=0 R5=0 :: MOV R1, #1 || MOV R2, #2
TICK=00004 MPC=005 READ_SOURCE      PC=0x00000018 SP=0x00008000 FLAGS=-   R0=0 R1=0 R2=0 R3=0 R4=0 R5=0 :: READ_SOURCE: MOV R1, #1 || MOV R2, #2
TICK=00005 MPC=006 WRITE_DESTINATION PC=0x00000018 SP=0x00008000 FLAGS=-   R0=0 R1=0 R2=0 R3=0 R4=0 R5=0 :: WRITE_DESTINATION: MOV R1, #1 || MOV R2, #2
TICK=00006 MPC=007 COMMIT           PC=0x00000018 SP=0x00008000 FLAGS=-   R0=0 R1=1 R2=2 R3=0 R4=0 R5=0 :: parallel: MOV R1, #1 || MOV R2, #2
TICK=00007 MPC=008 FETCH_HEADER     PC=0x0000001C SP=0x00008000 FLAGS=-   R0=0 R1=1 R2=2 R3=0 R4=0 R5=0 :: addr=0x00000018 header=0x00000203 operands=2
TICK=00008 MPC=009 FETCH_OPERAND    PC=0x00000020 SP=0x00008000 FLAGS=-   R0=0 R1=1 R2=2 R3=0 R4=0 R5=0 :: operand[1]=0x00000100
TICK=00009 MPC=010 FETCH_OPERAND    PC=0x00000024 SP=0x00008000 FLAGS=-   R0=0 R1=1 R2=2 R3=0 R4=0 R5=0 :: operand[2]=0x00000301
TICK=00010 MPC=011 DECODE           PC=0x00000024 SP=0x00008000 FLAGS=-   R0=0 R1=1 R2=2 R3=0 R4=0 R5=0 :: ADD R1, #3 ; super=blocked:data-dependency
TICK=00011 MPC=012 READ_LEFT        PC=0x00000024 SP=0x00008000 FLAGS=-   R0=0 R1=1 R2=2 R3=0 R4=0 R5=0 :: READ_LEFT: ADD R1, #3
TICK=00012 MPC=013 READ_RIGHT       PC=0x00000024 SP=0x00008000 FLAGS=-   R0=0 R1=1 R2=2 R3=0 R4=0 R5=0 :: READ_RIGHT: ADD R1, #3
TICK=00013 MPC=014 ALU_ADD          PC=0x00000024 SP=0x00008000 FLAGS=-   R0=0 R1=1 R2=2 R3=0 R4=0 R5=0 :: ALU_ADD: ADD R1, #3
TICK=00014 MPC=015 WRITE_BACK       PC=0x00000024 SP=0x00008000 FLAGS=-   R0=0 R1=1 R2=2 R3=0 R4=0 R5=0 :: WRITE_BACK: ADD R1, #3
TICK=00015 MPC=016 UPDATE_FLAGS     PC=0x00000024 SP=0x00008000 FLAGS=-   R0=0 R1=1 R2=2 R3=0 R4=0 R5=0 :: UPDATE_FLAGS: ADD R1, #3
TICK=00016 MPC=017 COMMIT           PC=0x00000024 SP=0x00008000 FLAGS=G   R0=0 R1=4 R2=2 R3=0 R4=0 R5=0 :: ADD R1, #3
TICK=00017 MPC=018 FETCH_HEADER     PC=0x00000028 SP=0x00008000 FLAGS=G   R0=0 R1=4 R2=2 R3=0 R4=0 R5=0 :: addr=0x00000024 header=0x00000203 operands=2
TICK=00018 MPC=019 FETCH_OPERAND    PC=0x0000002C SP=0x00008000 FLAGS=G   R0=0 R1=4 R2=2 R3=0 R4=0 R5=0 :: operand[1]=0x00000200
TICK=00019 MPC=020 FETCH_OPERAND    PC=0x00000030 SP=0x00008000 FLAGS=G   R0=0 R1=4 R2=2 R3=0 R4=0 R5=0 :: operand[2]=0x00000401
TICK=00020 MPC=021 DECODE           PC=0x0000003C SP=0x00008000 FLAGS=G   R0=0 R1=4 R2=2 R3=0 R4=0 R5=0 :: ADD R2, #4 || MOV [0x0200], R1
TICK=00021 MPC=022 READ_LEFT        PC=0x0000003C SP=0x00008000 FLAGS=G   R0=0 R1=4 R2=2 R3=0 R4=0 R5=0 :: READ_LEFT: ADD R2, #4 || MOV [0x0200], R1
TICK=00022 MPC=023 READ_RIGHT       PC=0x0000003C SP=0x00008000 FLAGS=G   R0=0 R1=4 R2=2 R3=0 R4=0 R5=0 :: READ_RIGHT: ADD R2, #4 || MOV [0x0200], R1
TICK=00023 MPC=024 ALU_ADD          PC=0x0000003C SP=0x00008000 FLAGS=G   R0=0 R1=4 R2=2 R3=0 R4=0 R5=0 :: ALU_ADD: ADD R2, #4 || MOV [0x0200], R1
TICK=00024 MPC=025 WRITE_BACK       PC=0x0000003C SP=0x00008000 FLAGS=G   R0=0 R1=4 R2=2 R3=0 R4=0 R5=0 :: WRITE_BACK: ADD R2, #4 || MOV [0x0200], R1
TICK=00025 MPC=026 UPDATE_FLAGS     PC=0x0000003C SP=0x00008000 FLAGS=G   R0=0 R1=4 R2=2 R3=0 R4=0 R5=0 :: UPDATE_FLAGS: ADD R2, #4 || MOV [0x0200], R1
TICK=00026 MPC=027 COMMIT           PC=0x0000003C SP=0x00008000 FLAGS=G   R0=0 R1=4 R2=6 R3=0 R4=0 R5=0 :: parallel: ADD R2, #4 || MOV [0x0200], R1
TICK=00027 MPC=028 FETCH_HEADER     PC=0x00000040 SP=0x00008000 FLAGS=G   R0=0 R1=4 R2=6 R3=0 R4=0 R5=0 :: addr=0x0000003C header=0x00000202 operands=2
TICK=00028 MPC=029 FETCH_OPERAND    PC=0x00000044 SP=0x00008000 FLAGS=G   R0=0 R1=4 R2=6 R3=0 R4=0 R5=0 :: operand[1]=0x00020402
TICK=00029 MPC=030 FETCH_OPERAND    PC=0x00000048 SP=0x00008000 FLAGS=G   R0=0 R1=4 R2=6 R3=0 R4=0 R5=0 :: operand[2]=0x00000200
TICK=00030 MPC=031 DECODE           PC=0x00000048 SP=0x00008000 FLAGS=G   R0=0 R1=4 R2=6 R3=0 R4=0 R5=0 :: MOV [0x0204], R2 ; super=blocked:next-not-eligible
TICK=00031 MPC=032 READ_SOURCE      PC=0x00000048 SP=0x00008000 FLAGS=G   R0=0 R1=4 R2=6 R3=0 R4=0 R5=0 :: READ_SOURCE: MOV [0x0204], R2
TICK=00032 MPC=033 WRITE_DESTINATION PC=0x00000048 SP=0x00008000 FLAGS=G   R0=0 R1=4 R2=6 R3=0 R4=0 R5=0 :: WRITE_DESTINATION: MOV [0x0204], R2
TICK=00033 MPC=034 COMMIT           PC=0x00000048 SP=0x00008000 FLAGS=G   R0=0 R1=4 R2=6 R3=0 R4=0 R5=0 :: MOV [0x0204], R2
TICK=00034 MPC=035 FETCH_HEADER     PC=0x0000004C SP=0x00008000 FLAGS=G   R0=0 R1=4 R2=6 R3=0 R4=0 R5=0 :: addr=0x00000048 header=0x00000001 operands=0
TICK=00035 MPC=036 DECODE           PC=0x0000004C SP=0x00008000 FLAGS=G   R0=0 R1=4 R2=6 R3=0 R4=0 R5=0 :: HALT ; super=blocked:control-or-io
TICK=00036 MPC=037 COMMIT           PC=0x0000004C SP=0x00008000 FLAGS=G   R0=0 R1=4 R2=6 R3=0 R4=0 R5=0 :: HALT
