TICK=00000 MPC=001 FETCH_HEADER     PC=0x00000004 SP=0x00008000 FLAGS=-   R0=0 R1=0 R2=0 R3=0 R4=0 R5=0 :: addr=0x00000000 header=0x00000202 operands=2
TICK=00001 MPC=002 FETCH_OPERAND    PC=0x00000008 SP=0x00008000 FLAGS=-   R0=0 R1=0 R2=0 R3=0 R4=0 R5=0 :: operand[1]=0x00000800
TICK=00002 MPC=003 FETCH_OPERAND    PC=0x0000000C SP=0x00008000 FLAGS=-   R0=0 R1=0 R2=0 R3=0 R4=0 R5=0 :: operand[2]=0x00800001
TICK=00003 MPC=004 DECODE           PC=0x0000000C SP=0x00008000 FLAGS=-   R0=0 R1=0 R2=0 R3=0 R4=0 R5=0 :: MOV SP, #32768 ; super=blocked:control-or-io
TICK=00004 MPC=005 READ_SOURCE      PC=0x0000000C SP=0x00008000 FLAGS=-   R0=0 R1=0 R2=0 R3=0 R4=0 R5=0 :: READ_SOURCE: MOV SP, #32768
TICK=00005 MPC=006 WRITE_DESTINATION PC=0x0000000C SP=0x00008000 FLAGS=-   R0=0 R1=0 R2=0 R3=0 R4=0 R5=0 :: WRITE_DESTINATION: MOV SP, #32768
TICK=00006 MPC=007 COMMIT           PC=0x0000000C SP=0x00008000 FLAGS=-   R0=0 R1=0 R2=0 R3=0 R4=0 R5=0 :: MOV SP, #32768
TICK=00007 MPC=008 FETCH_HEADER     PC=0x00000010 SP=0x00008000 FLAGS=-   R0=0 R1=0 R2=0 R3=0 R4=0 R5=0 :: addr=0x0000000C header=0x00000202 operands=2
TICK=00008 MPC=009 FETCH_OPERAND    PC=0x00000014 SP=0x00008000 FLAGS=-   R0=0 R1=0 R2=0 R3=0 R4=0 R5=0 :: operand[1]=0x00000000
TICK=00009 MPC=010 FETCH_OPERAND    PC=0x00000018 SP=0x00008000 FLAGS=-   R0=0 R1=0 R2=0 R3=0 R4=0 R5=0 :: operand[2]=0x00020001
TICK=00010 MPC=011 DECODE           PC=0x00000018 SP=0x00008000 FLAGS=-   R0=0 R1=0 R2=0 R3=0 R4=0 R5=0 :: MOV R0, #512 ; super=blocked:next-not-eligible
TICK=00011 MPC=012 READ_SOURCE      PC=0x00000018 SP=0x00008000 FLAGS=-   R0=0 R1=0 R2=0 R3=0 R4=0 R5=0 :: READ_SOURCE: MOV R0, #512
TICK=00012 MPC=013 WRITE_DESTINATION PC=0x00000018 SP=0x00008000 FLAGS=-   R0=0 R1=0 R2=0 R3=0 R4=0 R5=0 :: WRITE_DESTINATION: MOV R0, #512
TICK=00013 MPC=014 COMMIT           PC=0x00000018 SP=0x00008000 FLAGS=-   R0=512 R1=0 R2=0 R3=0 R4=0 R5=0 :: MOV R0, #512
TICK=00014 MPC=015 FETCH_HEADER     PC=0x0000001C SP=0x00008000 FLAGS=-   R0=512 R1=0 R2=0 R3=0 R4=0 R5=0 :: addr=0x00000018 header=0x00000112 operands=1
TICK=00015 MPC=016 FETCH_OPERAND    PC=0x00000020 SP=0x00008000 FLAGS=-   R0=512 R1=0 R2=0 R3=0 R4=0 R5=0 :: operand[1]=0x00007801
TICK=00016 MPC=017 DECODE           PC=0x00000020 SP=0x00008000 FLAGS=-   R0=512 R1=0 R2=0 R3=0 R4=0 R5=0 :: CALL #120 ; super=blocked:control-or-io
TICK=00017 MPC=018 READ_TARGET      PC=0x00000020 SP=0x00008000 FLAGS=-   R0=512 R1=0 R2=0 R3=0 R4=0 R5=0 :: READ_TARGET: CALL #120
TICK=00018 MPC=019 STACK_DEC        PC=0x00000020 SP=0x00008000 FLAGS=-   R0=512 R1=0 R2=0 R3=0 R4=0 R5=0 :: STACK_DEC: CALL #120
TICK=00019 MPC=020 MEM_WRITE_RETURN PC=0x00000020 SP=0x00008000 FLAGS=-   R0=512 R1=0 R2=0 R3=0 R4=0 R5=0 :: MEM_WRITE_RETURN: CALL #120
TICK=00020 MPC=021 SET_PC           PC=0x00000020 SP=0x00008000 FLAGS=-   R0=512 R1=0 R2=0 R3=0 R4=0 R5=0 :: SET_PC: CALL #120
TICK=00021 MPC=022 COMMIT           PC=0x00000078 SP=0x00007FFC FLAGS=-   R0=512 R1=0 R2=0 R3=0 R4=0 R5=0 :: CALL #120
TICK=00022 MPC=023 FETCH_HEADER     PC=0x0000007C SP=0x00007FFC FLAGS=-   R0=512 R1=0 R2=0 R3=0 R4=0 R5=0 :: addr=0x00000078 header=0x00000110 operands=1
TICK=00023 MPC=024 FETCH_OPERAND    PC=0x00000080 SP=0x00007FFC FLAGS=-   R0=512 R1=0 R2=0 R3=0 R4=0 R5=0 :: operand[1]=0x00000100
TICK=00024 MPC=025 DECODE           PC=0x00000080 SP=0x00007FFC FLAGS=-   R0=512 R1=0 R2=0 R3=0 R4=0 R5=0 :: PUSH R1 ; super=blocked:control-or-io
TICK=00025 MPC=026 READ_SOURCE      PC=0x00000080 SP=0x00007FFC FLAGS=-   R0=512 R1=0 R2=0 R3=0 R4=0 R5=0 :: READ_SOURCE: PUSH R1
TICK=00026 MPC=027 STACK_DEC        PC=0x00000080 SP=0x00007FFC FLAGS=-   R0=512 R1=0 R2=0 R3=0 R4=0 R5=0 :: STACK_DEC: PUSH R1
TICK=00027 MPC=028 MEM_WRITE_STACK  PC=0x00000080 SP=0x00007FFC FLAGS=-   R0=512 R1=0 R2=0 R3=0 R4=0 R5=0 :: MEM_WRITE_STACK: PUSH R1
TICK=00028 MPC=029 COMMIT           PC=0x00000080 SP=0x00007FF8 FLAGS=-   R0=512 R1=0 R2=0 R3=0 R4=0 R5=0 :: PUSH R1
TICK=00029 MPC=030 FETCH_HEADER     PC=0x00000084 SP=0x00007FF8 FLAGS=-   R0=512 R1=0 R2=0 R3=0 R4=0 R5=0 :: addr=0x00000080 header=0x00000214 operands=2
TICK=00030 MPC=031 FETCH_OPERAND    PC=0x00000088 SP=0x00007FF8 FLAGS=-   R0=512 R1=0 R2=0 R3=0 R4=0 R5=0 :: operand[1]=0x00000100
TICK=00031 MPC=032 FETCH_OPERAND    PC=0x0000008C SP=0x00007FF8 FLAGS=-   R0=512 R1=0 R2=0 R3=0 R4=0 R5=0 :: operand[2]=0x00000003
TICK=00032 MPC=033 DECODE           PC=0x0000008C SP=0x00007FF8 FLAGS=-   R0=512 R1=0 R2=0 R3=0 R4=0 R5=0 :: LOADB R1, [R0] ; super=blocked:control-or-io
TICK=00033 MPC=034 READ_BYTE_SOURCE PC=0x0000008C SP=0x00007FF8 FLAGS=-   R0=512 R1=0 R2=0 R3=0 R4=0 R5=0 :: READ_BYTE_SOURCE: LOADB R1, [R0]
TICK=00034 MPC=035 WRITE_DESTINATION PC=0x0000008C SP=0x00007FF8 FLAGS=-   R0=512 R1=0 R2=0 R3=0 R4=0 R5=0 :: WRITE_DESTINATION: LOADB R1, [R0]
TICK=00035 MPC=036 COMMIT           PC=0x0000008C SP=0x00007FF8 FLAGS=-   R0=512 R1=87 R2=0 R3=0 R4=0 R5=0 :: LOADB R1, [R0]
TICK=00036 MPC=037 FETCH_HEADER     PC=0x00000090 SP=0x00007FF8 FLAGS=-   R0=512 R1=87 R2=0 R3=0 R4=0 R5=0 :: addr=0x0000008C header=0x00000208 operands=2
TICK=00037 MPC=038 FETCH_OPERAND    PC=0x00000094 SP=0x00007FF8 FLAGS=-   R0=512 R1=87 R2=0 R3=0 R4=0 R5=0 :: operand[1]=0x00000100
TICK=00038 MPC=039 FETCH_OPERAND    PC=0x00000098 SP=0x00007FF8 FLAGS=-   R0=512 R1=87 R2=0 R3=0 R4=0 R5=0 :: operand[2]=0x00000001
TICK=00039 MPC=040 DECODE           PC=0x00000098 SP=0x00007FF8 FLAGS=-   R0=512 R1=87 R2=0 R3=0 R4=0 R5=0 :: CMP R1, #0 ; super=blocked:control-or-io
TICK=00040 MPC=041 READ_LEFT        PC=0x00000098 SP=0x00007FF8 FLAGS=-   R0=512 R1=87 R2=0 R3=0 R4=0 R5=0 :: READ_LEFT: CMP R1, #0
TICK=00041 MPC=042 READ_RIGHT       PC=0x00000098 SP=0x00007FF8 FLAGS=-   R0=512 R1=87 R2=0 R3=0 R4=0 R5=0 :: READ_RIGHT: CMP R1, #0
TICK=00042 MPC=043 ALU_SUB          PC=0x00000098 SP=0x00007FF8 FLAGS=-   R0=512 R1=87 R2=0 R3=0 R4=0 R5=0 :: ALU_SUB: CMP R1, #0
TICK=00043 MPC=044 UPDATE_FLAGS     PC=0x00000098 SP=0x00007FF8 FLAGS=-   R0=512 R1=87 R2=0 R3=0 R4=0 R5=0 :: UPDATE_FLAGS: CMP R1, #0
TICK=00044 MPC=045 COMMIT           PC=0x00000098 SP=0x00007FF8 FLAGS=G   R0=512 R1=87 R2=0 R3=0 R4=0 R5=0 :: CMP R1, #0
TICK=00045 MPC=046 FETCH_HEADER     PC=0x0000009C SP=0x00007FF8 FLAGS=G   R0=512 R1=87 R2=0 R3=0 R4=0 R5=0 :: addr=0x00000098 header=0x0000010A operands=1
TICK=00046 MPC=047 FETCH_OPERAND    PC=0x000000A0 SP=0x00007FF8 FLAGS=G   R0=512 R1=87 R2=0 R3=0 R4=0 R5=0 :: operand[1]=0x0000C001
TICK=00047 MPC=048 DECODE           PC=0x000000A0 SP=0x00007FF8 FLAGS=G   R0=512 R1=87 R2=0 R3=0 R4=0 R5=0 :: JZ #192 ; super=blocked:control-or-io
TICK=00048 MPC=049 READ_TARGET      PC=0x000000A0 SP=0x00007FF8 FLAGS=G   R0=512 R1=87 R2=0 R3=0 R4=0 R5=0 :: READ_TARGET: JZ #192
TICK=00049 MPC=050 EVALUATE_BRANCH  PC=0x000000A0 SP=0x00007FF8 FLAGS=G   R0=512 R1=87 R2=0 R3=0 R4=0 R5=0 :: EVALUATE_BRANCH: JZ #192
TICK=00050 MPC=051 COMMIT           PC=0x000000A0 SP=0x00007FF8 FLAGS=G   R0=512 R1=87 R2=0 R3=0 R4=0 R5=0 :: JZ #192
TICK=00051 MPC=052 FETCH_HEADER     PC=0x000000A4 SP=0x00007FF8 FLAGS=G   R0=512 R1=87 R2=0 R3=0 R4=0 R5=0 :: addr=0x000000A0 header=0x00000215 operands=2
TICK=00052 MPC=053 FETCH_OPERAND    PC=0x000000A8 SP=0x00007FF8 FLAGS=G   R0=512 R1=87 R2=0 R3=0 R4=0 R5=0 :: operand[1]=0x00FFF802
TICK=00053 MPC=054 FETCH_OPERAND    PC=0x000000AC SP=0x00007FF8 FLAGS=G   R0=512 R1=87 R2=0 R3=0 R4=0 R5=0 :: operand[2]=0x00000100
TICK=00054 MPC=055 DECODE           PC=0x000000AC SP=0x00007FF8 FLAGS=G   R0=512 R1=87 R2=0 R3=0 R4=0 R5=0 :: STOREB [0xFFF8], R1 ; super=blocked:control-or-io
TICK=00055 MPC=056 READ_BYTE_VALUE  PC=0x000000AC SP=0x00007FF8 FLAGS=G   R0=512 R1=87 R2=0 R3=0 R4=0 R5=0 :: READ_BYTE_VALUE: STOREB [0xFFF8], R1
TICK=00056 MPC=057 WRITE_BYTE_DESTINATION PC=0x000000AC SP=0x00007FF8 FLAGS=G   R0=512 R1=87 R2=0 R3=0 R4=0 R5=0 :: WRITE_BYTE_DESTINATION: STOREB [0xFFF8], R1
TICK=00057 MPC=058 COMMIT           PC=0x000000AC SP=0x00007FF8 FLAGS=G   R0=512 R1=87 R2=0 R3=0 R4=0 R5=0 :: STOREB [0xFFF8], R1
TICK=00058 MPC=059 FETCH_HEADER     PC=0x000000B0 SP=0x00007FF8 FLAGS=G   R0=512 R1=87 R2=0 R3=0 R4=0 R5=0 :: addr=0x000000AC header=0x00000203 operands=2
TICK=00059 MPC=060 FETCH_OPERAND    PC=0x000000B4 SP=0x00007FF8 FLAGS=G   R0=512 R1=87 R2=0 R3=0 R4=0 R5=0 :: operand[1]=0x00000000
... omitted 1993 ticks; full trace is stored in build/*.log ...
TICK=02053 MPC=2054 READ_RIGHT       PC=0x00000098 SP=0x00007FF8 FLAGS=G   R0=1029 R1=0 R2=0 R3=0 R4=0 R5=0 :: READ_RIGHT: CMP R1, #0
TICK=02054 MPC=2055 ALU_SUB          PC=0x00000098 SP=0x00007FF8 FLAGS=G   R0=1029 R1=0 R2=0 R3=0 R4=0 R5=0 :: ALU_SUB: CMP R1, #0
TICK=02055 MPC=2056 UPDATE_FLAGS     PC=0x00000098 SP=0x00007FF8 FLAGS=G   R0=1029 R1=0 R2=0 R3=0 R4=0 R5=0 :: UPDATE_FLAGS: CMP R1, #0
TICK=02056 MPC=2057 COMMIT           PC=0x00000098 SP=0x00007FF8 FLAGS=Z   R0=1029 R1=0 R2=0 R3=0 R4=0 R5=0 :: CMP R1, #0
TICK=02057 MPC=2058 FETCH_HEADER     PC=0x0000009C SP=0x00007FF8 FLAGS=Z   R0=1029 R1=0 R2=0 R3=0 R4=0 R5=0 :: addr=0x00000098 header=0x0000010A operands=1
TICK=02058 MPC=2059 FETCH_OPERAND    PC=0x000000A0 SP=0x00007FF8 FLAGS=Z   R0=1029 R1=0 R2=0 R3=0 R4=0 R5=0 :: operand[1]=0x0000C001
TICK=02059 MPC=2060 DECODE           PC=0x000000A0 SP=0x00007FF8 FLAGS=Z   R0=1029 R1=0 R2=0 R3=0 R4=0 R5=0 :: JZ #192 ; super=blocked:control-or-io
TICK=02060 MPC=2061 READ_TARGET      PC=0x000000A0 SP=0x00007FF8 FLAGS=Z   R0=1029 R1=0 R2=0 R3=0 R4=0 R5=0 :: READ_TARGET: JZ #192
TICK=02061 MPC=2062 EVALUATE_BRANCH  PC=0x000000A0 SP=0x00007FF8 FLAGS=Z   R0=1029 R1=0 R2=0 R3=0 R4=0 R5=0 :: EVALUATE_BRANCH: JZ #192
TICK=02062 MPC=2063 COMMIT           PC=0x000000C0 SP=0x00007FF8 FLAGS=Z   R0=1029 R1=0 R2=0 R3=0 R4=0 R5=0 :: JZ #192
TICK=02063 MPC=2064 FETCH_HEADER     PC=0x000000C4 SP=0x00007FF8 FLAGS=Z   R0=1029 R1=0 R2=0 R3=0 R4=0 R5=0 :: addr=0x000000C0 header=0x00000111 operands=1
TICK=02064 MPC=2065 FETCH_OPERAND    PC=0x000000C8 SP=0x00007FF8 FLAGS=Z   R0=1029 R1=0 R2=0 R3=0 R4=0 R5=0 :: operand[1]=0x00000100
TICK=02065 MPC=2066 DECODE           PC=0x000000C8 SP=0x00007FF8 FLAGS=Z   R0=1029 R1=0 R2=0 R3=0 R4=0 R5=0 :: POP R1 ; super=blocked:control-or-io
TICK=02066 MPC=2067 MEM_READ_STACK   PC=0x000000C8 SP=0x00007FF8 FLAGS=Z   R0=1029 R1=0 R2=0 R3=0 R4=0 R5=0 :: MEM_READ_STACK: POP R1
TICK=02067 MPC=2068 WRITE_DESTINATION PC=0x000000C8 SP=0x00007FF8 FLAGS=Z   R0=1029 R1=0 R2=0 R3=0 R4=0 R5=0 :: WRITE_DESTINATION: POP R1
TICK=02068 MPC=2069 STACK_INC        PC=0x000000C8 SP=0x00007FF8 FLAGS=Z   R0=1029 R1=0 R2=0 R3=0 R4=0 R5=0 :: STACK_INC: POP R1
TICK=02069 MPC=2070 COMMIT           PC=0x000000C8 SP=0x00007FFC FLAGS=Z   R0=1029 R1=1024 R2=0 R3=0 R4=0 R5=0 :: POP R1
TICK=02070 MPC=2071 FETCH_HEADER     PC=0x000000CC SP=0x00007FFC FLAGS=Z   R0=1029 R1=1024 R2=0 R3=0 R4=0 R5=0 :: addr=0x000000C8 header=0x00000013 operands=0
TICK=02071 MPC=2072 DECODE           PC=0x000000CC SP=0x00007FFC FLAGS=Z   R0=1029 R1=1024 R2=0 R3=0 R4=0 R5=0 :: RET ; super=blocked:control-or-io
TICK=02072 MPC=2073 MEM_READ_STACK   PC=0x000000CC SP=0x00007FFC FLAGS=Z   R0=1029 R1=1024 R2=0 R3=0 R4=0 R5=0 :: MEM_READ_STACK: RET
TICK=02073 MPC=2074 STACK_INC        PC=0x000000CC SP=0x00007FFC FLAGS=Z   R0=1029 R1=1024 R2=0 R3=0 R4=0 R5=0 :: STACK_INC: RET
TICK=02074 MPC=2075 SET_PC           PC=0x000000CC SP=0x00007FFC FLAGS=Z   R0=1029 R1=1024 R2=0 R3=0 R4=0 R5=0 :: SET_PC: RET
TICK=02075 MPC=2076 COMMIT           PC=0x0000005C SP=0x00008000 FLAGS=Z   R0=1029 R1=1024 R2=0 R3=0 R4=0 R5=0 :: RET
TICK=02076 MPC=2077 FETCH_HEADER     PC=0x00000060 SP=0x00008000 FLAGS=Z   R0=1029 R1=1024 R2=0 R3=0 R4=0 R5=0 :: addr=0x0000005C header=0x00000215 operands=2
TICK=02077 MPC=2078 FETCH_OPERAND    PC=0x00000064 SP=0x00008000 FLAGS=Z   R0=1029 R1=1024 R2=0 R3=0 R4=0 R5=0 :: operand[1]=0x00FFF802
TICK=02078 MPC=2079 FETCH_OPERAND    PC=0x00000068 SP=0x00008000 FLAGS=Z   R0=1029 R1=1024 R2=0 R3=0 R4=0 R5=0 :: operand[2]=0x00002101
TICK=02079 MPC=2080 DECODE           PC=0x00000068 SP=0x00008000 FLAGS=Z   R0=1029 R1=1024 R2=0 R3=0 R4=0 R5=0 :: STOREB [0xFFF8], #33 ; super=blocked:control-or-io
TICK=02080 MPC=2081 READ_BYTE_VALUE  PC=0x00000068 SP=0x00008000 FLAGS=Z   R0=1029 R1=1024 R2=0 R3=0 R4=0 R5=0 :: READ_BYTE_VALUE: STOREB [0xFFF8], #33
TICK=02081 MPC=2082 WRITE_BYTE_DESTINATION PC=0x00000068 SP=0x00008000 FLAGS=Z   R0=1029 R1=1024 R2=0 R3=0 R4=0 R5=0 :: WRITE_BYTE_DESTINATION: STOREB [0xFFF8], #33
TICK=02082 MPC=2083 COMMIT           PC=0x00000068 SP=0x00008000 FLAGS=Z   R0=1029 R1=1024 R2=0 R3=0 R4=0 R5=0 :: STOREB [0xFFF8], #33
TICK=02083 MPC=2084 FETCH_HEADER     PC=0x0000006C SP=0x00008000 FLAGS=Z   R0=1029 R1=1024 R2=0 R3=0 R4=0 R5=0 :: addr=0x00000068 header=0x00000215 operands=2
TICK=02084 MPC=2085 FETCH_OPERAND    PC=0x00000070 SP=0x00008000 FLAGS=Z   R0=1029 R1=1024 R2=0 R3=0 R4=0 R5=0 :: operand[1]=0x00FFF802
TICK=02085 MPC=2086 FETCH_OPERAND    PC=0x00000074 SP=0x00008000 FLAGS=Z   R0=1029 R1=1024 R2=0 R3=0 R4=0 R5=0 :: operand[2]=0x00000A01
TICK=02086 MPC=2087 DECODE           PC=0x00000074 SP=0x00008000 FLAGS=Z   R0=1029 R1=1024 R2=0 R3=0 R4=0 R5=0 :: STOREB [0xFFF8], #10 ; super=blocked:control-or-io
TICK=02087 MPC=2088 READ_BYTE_VALUE  PC=0x00000074 SP=0x00008000 FLAGS=Z   R0=1029 R1=1024 R2=0 R3=0 R4=0 R5=0 :: READ_BYTE_VALUE: STOREB [0xFFF8], #10
TICK=02088 MPC=2089 WRITE_BYTE_DESTINATION PC=0x00000074 SP=0x00008000 FLAGS=Z   R0=1029 R1=1024 R2=0 R3=0 R4=0 R5=0 :: WRITE_BYTE_DESTINATION: STOREB [0xFFF8], #10
TICK=02089 MPC=2090 COMMIT           PC=0x00000074 SP=0x00008000 FLAGS=Z   R0=1029 R1=1024 R2=0 R3=0 R4=0 R5=0 :: STOREB [0xFFF8], #10
TICK=02090 MPC=2091 FETCH_HEADER     PC=0x00000078 SP=0x00008000 FLAGS=Z   R0=1029 R1=1024 R2=0 R3=0 R4=0 R5=0 :: addr=0x00000074 header=0x00000001 operands=0
TICK=02091 MPC=2092 DECODE           PC=0x00000078 SP=0x00008000 FLAGS=Z   R0=1029 R1=1024 R2=0 R3=0 R4=0 R5=0 :: HALT ; super=blocked:control-or-io
TICK=02092 MPC=2093 COMMIT           PC=0x00000078 SP=0x00008000 FLAGS=Z   R0=1029 R1=1024 R2=0 R3=0 R4=0 R5=0 :: HALT
