TICK=00000 MPC=001 FETCH_HEADER     PC=0x00000004 SP=0x00008000 FLAGS=-   R0=0 R1=0 R2=0 R3=0 R4=0 R5=0 :: addr=0x00000000 header=0x00000214 operands=2
TICK=00001 MPC=002 FETCH_OPERAND    PC=0x00000008 SP=0x00008000 FLAGS=-   R0=0 R1=0 R2=0 R3=0 R4=0 R5=0 :: operand[1]=0x00000000
TICK=00002 MPC=003 FETCH_OPERAND    PC=0x0000000C SP=0x00008000 FLAGS=-   R0=0 R1=0 R2=0 R3=0 R4=0 R5=0 :: operand[2]=0x00FFF002
TICK=00003 MPC=004 DECODE           PC=0x0000000C SP=0x00008000 FLAGS=-   R0=0 R1=0 R2=0 R3=0 R4=0 R5=0 :: LOADB R0, [0xFFF0] ; super=blocked:control-or-io
TICK=00004 MPC=005 READ_BYTE_SOURCE PC=0x0000000C SP=0x00008000 FLAGS=-   R0=0 R1=0 R2=0 R3=0 R4=0 R5=0 :: READ_BYTE_SOURCE: LOADB R0, [0xFFF0]
TICK=00005 MPC=006 WRITE_DESTINATION PC=0x0000000C SP=0x00008000 FLAGS=-   R0=0 R1=0 R2=0 R3=0 R4=0 R5=0 :: WRITE_DESTINATION: LOADB R0, [0xFFF0]
TICK=00006 MPC=007 COMMIT           PC=0x0000000C SP=0x00008000 FLAGS=-   R0=1 R1=0 R2=0 R3=0 R4=0 R5=0 :: LOADB R0, [0xFFF0]
TICK=00007 MPC=008 FETCH_HEADER     PC=0x00000010 SP=0x00008000 FLAGS=-   R0=1 R1=0 R2=0 R3=0 R4=0 R5=0 :: addr=0x0000000C header=0x00000208 operands=2
TICK=00008 MPC=009 FETCH_OPERAND    PC=0x00000014 SP=0x00008000 FLAGS=-   R0=1 R1=0 R2=0 R3=0 R4=0 R5=0 :: operand[1]=0x00000000
TICK=00009 MPC=010 FETCH_OPERAND    PC=0x00000018 SP=0x00008000 FLAGS=-   R0=1 R1=0 R2=0 R3=0 R4=0 R5=0 :: operand[2]=0x00000001
TICK=00010 MPC=011 DECODE           PC=0x00000018 SP=0x00008000 FLAGS=-   R0=1 R1=0 R2=0 R3=0 R4=0 R5=0 :: CMP R0, #0 ; super=blocked:control-or-io
TICK=00011 MPC=012 READ_LEFT        PC=0x00000018 SP=0x00008000 FLAGS=-   R0=1 R1=0 R2=0 R3=0 R4=0 R5=0 :: READ_LEFT: CMP R0, #0
TICK=00012 MPC=013 READ_RIGHT       PC=0x00000018 SP=0x00008000 FLAGS=-   R0=1 R1=0 R2=0 R3=0 R4=0 R5=0 :: READ_RIGHT: CMP R0, #0
TICK=00013 MPC=014 ALU_SUB          PC=0x00000018 SP=0x00008000 FLAGS=-   R0=1 R1=0 R2=0 R3=0 R4=0 R5=0 :: ALU_SUB: CMP R0, #0
TICK=00014 MPC=015 UPDATE_FLAGS     PC=0x00000018 SP=0x00008000 FLAGS=-   R0=1 R1=0 R2=0 R3=0 R4=0 R5=0 :: UPDATE_FLAGS: CMP R0, #0
TICK=00015 MPC=016 COMMIT           PC=0x00000018 SP=0x00008000 FLAGS=G   R0=1 R1=0 R2=0 R3=0 R4=0 R5=0 :: CMP R0, #0
TICK=00016 MPC=017 FETCH_HEADER     PC=0x0000001C SP=0x00008000 FLAGS=G   R0=1 R1=0 R2=0 R3=0 R4=0 R5=0 :: addr=0x00000018 header=0x0000010A operands=1
TICK=00017 MPC=018 FETCH_OPERAND    PC=0x00000020 SP=0x00008000 FLAGS=G   R0=1 R1=0 R2=0 R3=0 R4=0 R5=0 :: operand[1]=0x00004001
TICK=00018 MPC=019 DECODE           PC=0x00000020 SP=0x00008000 FLAGS=G   R0=1 R1=0 R2=0 R3=0 R4=0 R5=0 :: JZ #64 ; super=blocked:control-or-io
TICK=00019 MPC=020 READ_TARGET      PC=0x00000020 SP=0x00008000 FLAGS=G   R0=1 R1=0 R2=0 R3=0 R4=0 R5=0 :: READ_TARGET: JZ #64
TICK=00020 MPC=021 EVALUATE_BRANCH  PC=0x00000020 SP=0x00008000 FLAGS=G   R0=1 R1=0 R2=0 R3=0 R4=0 R5=0 :: EVALUATE_BRANCH: JZ #64
TICK=00021 MPC=022 COMMIT           PC=0x00000020 SP=0x00008000 FLAGS=G   R0=1 R1=0 R2=0 R3=0 R4=0 R5=0 :: JZ #64
TICK=00022 MPC=023 FETCH_HEADER     PC=0x00000024 SP=0x00008000 FLAGS=G   R0=1 R1=0 R2=0 R3=0 R4=0 R5=0 :: addr=0x00000020 header=0x00000214 operands=2
TICK=00023 MPC=024 FETCH_OPERAND    PC=0x00000028 SP=0x00008000 FLAGS=G   R0=1 R1=0 R2=0 R3=0 R4=0 R5=0 :: operand[1]=0x00000000
TICK=00024 MPC=025 FETCH_OPERAND    PC=0x0000002C SP=0x00008000 FLAGS=G   R0=1 R1=0 R2=0 R3=0 R4=0 R5=0 :: operand[2]=0x00FFF402
TICK=00025 MPC=026 DECODE           PC=0x0000002C SP=0x00008000 FLAGS=G   R0=1 R1=0 R2=0 R3=0 R4=0 R5=0 :: LOADB R0, [0xFFF4] ; super=blocked:control-or-io
TICK=00026 MPC=027 READ_BYTE_SOURCE PC=0x0000002C SP=0x00008000 FLAGS=G   R0=1 R1=0 R2=0 R3=0 R4=0 R5=0 :: READ_BYTE_SOURCE: LOADB R0, [0xFFF4]
TICK=00027 MPC=028 WRITE_DESTINATION PC=0x0000002C SP=0x00008000 FLAGS=G   R0=1 R1=0 R2=0 R3=0 R4=0 R5=0 :: WRITE_DESTINATION: LOADB R0, [0xFFF4]
TICK=00028 MPC=029 COMMIT           PC=0x0000002C SP=0x00008000 FLAGS=G   R0=97 R1=0 R2=0 R3=0 R4=0 R5=0 :: LOADB R0, [0xFFF4]
TICK=00029 MPC=030 FETCH_HEADER     PC=0x00000030 SP=0x00008000 FLAGS=G   R0=97 R1=0 R2=0 R3=0 R4=0 R5=0 :: addr=0x0000002C header=0x00000215 operands=2
TICK=00030 MPC=031 FETCH_OPERAND    PC=0x00000034 SP=0x00008000 FLAGS=G   R0=97 R1=0 R2=0 R3=0 R4=0 R5=0 :: operand[1]=0x00FFF802
TICK=00031 MPC=032 FETCH_OPERAND    PC=0x00000038 SP=0x00008000 FLAGS=G   R0=97 R1=0 R2=0 R3=0 R4=0 R5=0 :: operand[2]=0x00000000
TICK=00032 MPC=033 DECODE           PC=0x00000038 SP=0x00008000 FLAGS=G   R0=97 R1=0 R2=0 R3=0 R4=0 R5=0 :: STOREB [0xFFF8], R0 ; super=blocked:control-or-io
TICK=00033 MPC=034 READ_BYTE_VALUE  PC=0x00000038 SP=0x00008000 FLAGS=G   R0=97 R1=0 R2=0 R3=0 R4=0 R5=0 :: READ_BYTE_VALUE: STOREB [0xFFF8], R0
TICK=00034 MPC=035 WRITE_BYTE_DESTINATION PC=0x00000038 SP=0x00008000 FLAGS=G   R0=97 R1=0 R2=0 R3=0 R4=0 R5=0 :: WRITE_BYTE_DESTINATION: STOREB [0xFFF8], R0
TICK=00035 MPC=036 COMMIT           PC=0x00000038 SP=0x00008000 FLAGS=G   R0=97 R1=0 R2=0 R3=0 R4=0 R5=0 :: STOREB [0xFFF8], R0
TICK=00036 MPC=037 FETCH_HEADER     PC=0x0000003C SP=0x00008000 FLAGS=G   R0=97 R1=0 R2=0 R3=0 R4=0 R5=0 :: addr=0x00000038 header=0x00000109 operands=1
TICK=00037 MPC=038 FETCH_OPERAND    PC=0x00000040 SP=0x00008000 FLAGS=G   R0=97 R1=0 R2=0 R3=0 R4=0 R5=0 :: operand[1]=0x00000001
TICK=00038 MPC=039 DECODE           PC=0x00000040 SP=0x00008000 FLAGS=G   R0=97 R1=0 R2=0 R3=0 R4=0 R5=0 :: JMP #0 ; super=blocked:control-or-io
TICK=00039 MPC=040 READ_TARGET      PC=0x00000040 SP=0x00008000 FLAGS=G   R0=97 R1=0 R2=0 R3=0 R4=0 R5=0 :: READ_TARGET: JMP #0
TICK=00040 MPC=041 EVALUATE_BRANCH  PC=0x00000040 SP=0x00008000 FLAGS=G   R0=97 R1=0 R2=0 R3=0 R4=0 R5=0 :: EVALUATE_BRANCH: JMP #0
TICK=00041 MPC=042 COMMIT           PC=0x00000000 SP=0x00008000 FLAGS=G   R0=97 R1=0 R2=0 R3=0 R4=0 R5=0 :: JMP #0
TICK=00042 MPC=043 FETCH_HEADER     PC=0x00000004 SP=0x00008000 FLAGS=G   R0=97 R1=0 R2=0 R3=0 R4=0 R5=0 :: addr=0x00000000 header=0x00000214 operands=2
TICK=00043 MPC=044 FETCH_OPERAND    PC=0x00000008 SP=0x00008000 FLAGS=G   R0=97 R1=0 R2=0 R3=0 R4=0 R5=0 :: operand[1]=0x00000000
TICK=00044 MPC=045 FETCH_OPERAND    PC=0x0000000C SP=0x00008000 FLAGS=G   R0=97 R1=0 R2=0 R3=0 R4=0 R5=0 :: operand[2]=0x00FFF002
TICK=00045 MPC=046 DECODE           PC=0x0000000C SP=0x00008000 FLAGS=G   R0=97 R1=0 R2=0 R3=0 R4=0 R5=0 :: LOADB R0, [0xFFF0] ; super=blocked:control-or-io
TICK=00046 MPC=047 READ_BYTE_SOURCE PC=0x0000000C SP=0x00008000 FLAGS=G   R0=97 R1=0 R2=0 R3=0 R4=0 R5=0 :: READ_BYTE_SOURCE: LOADB R0, [0xFFF0]
TICK=00047 MPC=048 WRITE_DESTINATION PC=0x0000000C SP=0x00008000 FLAGS=G   R0=97 R1=0 R2=0 R3=0 R4=0 R5=0 :: WRITE_DESTINATION: LOADB R0, [0xFFF0]
TICK=00048 MPC=049 COMMIT           PC=0x0000000C SP=0x00008000 FLAGS=G   R0=1 R1=0 R2=0 R3=0 R4=0 R5=0 :: LOADB R0, [0xFFF0]
TICK=00049 MPC=050 FETCH_HEADER     PC=0x00000010 SP=0x00008000 FLAGS=G   R0=1 R1=0 R2=0 R3=0 R4=0 R5=0 :: addr=0x0000000C header=0x00000208 operands=2
TICK=00050 MPC=051 FETCH_OPERAND    PC=0x00000014 SP=0x00008000 FLAGS=G   R0=1 R1=0 R2=0 R3=0 R4=0 R5=0 :: operand[1]=0x00000000
TICK=00051 MPC=052 FETCH_OPERAND    PC=0x00000018 SP=0x00008000 FLAGS=G   R0=1 R1=0 R2=0 R3=0 R4=0 R5=0 :: operand[2]=0x00000001
TICK=00052 MPC=053 DECODE           PC=0x00000018 SP=0x00008000 FLAGS=G   R0=1 R1=0 R2=0 R3=0 R4=0 R5=0 :: CMP R0, #0 ; super=blocked:control-or-io
TICK=00053 MPC=054 READ_LEFT        PC=0x00000018 SP=0x00008000 FLAGS=G   R0=1 R1=0 R2=0 R3=0 R4=0 R5=0 :: READ_LEFT: CMP R0, #0
TICK=00054 MPC=055 READ_RIGHT       PC=0x00000018 SP=0x00008000 FLAGS=G   R0=1 R1=0 R2=0 R3=0 R4=0 R5=0 :: READ_RIGHT: CMP R0, #0
TICK=00055 MPC=056 ALU_SUB          PC=0x00000018 SP=0x00008000 FLAGS=G   R0=1 R1=0 R2=0 R3=0 R4=0 R5=0 :: ALU_SUB: CMP R0, #0
TICK=00056 MPC=057 UPDATE_FLAGS     PC=0x00000018 SP=0x00008000 FLAGS=G   R0=1 R1=0 R2=0 R3=0 R4=0 R5=0 :: UPDATE_FLAGS: CMP R0, #0
TICK=00057 MPC=058 COMMIT           PC=0x00000018 SP=0x00008000 FLAGS=G   R0=1 R1=0 R2=0 R3=0 R4=0 R5=0 :: CMP R0, #0
TICK=00058 MPC=059 FETCH_HEADER     PC=0x0000001C SP=0x00008000 FLAGS=G   R0=1 R1=0 R2=0 R3=0 R4=0 R5=0 :: addr=0x00000018 header=0x0000010A operands=1
TICK=00059 MPC=060 FETCH_OPERAND    PC=0x00000020 SP=0x00008000 FLAGS=G   R0=1 R1=0 R2=0 R3=0 R4=0 R5=0 :: operand[1]=0x00004001
... omitted 93 ticks; full trace is stored in build/*.log ...
TICK=00153 MPC=154 WRITE_DESTINATION PC=0x0000002C SP=0x00008000 FLAGS=G   R0=1 R1=0 R2=0 R3=0 R4=0 R5=0 :: WRITE_DESTINATION: LOADB R0, [0xFFF4]
TICK=00154 MPC=155 COMMIT           PC=0x0000002C SP=0x00008000 FLAGS=G   R0=10 R1=0 R2=0 R3=0 R4=0 R5=0 :: LOADB R0, [0xFFF4]
TICK=00155 MPC=156 FETCH_HEADER     PC=0x00000030 SP=0x00008000 FLAGS=G   R0=10 R1=0 R2=0 R3=0 R4=0 R5=0 :: addr=0x0000002C header=0x00000215 operands=2
TICK=00156 MPC=157 FETCH_OPERAND    PC=0x00000034 SP=0x00008000 FLAGS=G   R0=10 R1=0 R2=0 R3=0 R4=0 R5=0 :: operand[1]=0x00FFF802
TICK=00157 MPC=158 FETCH_OPERAND    PC=0x00000038 SP=0x00008000 FLAGS=G   R0=10 R1=0 R2=0 R3=0 R4=0 R5=0 :: operand[2]=0x00000000
TICK=00158 MPC=159 DECODE           PC=0x00000038 SP=0x00008000 FLAGS=G   R0=10 R1=0 R2=0 R3=0 R4=0 R5=0 :: STOREB [0xFFF8], R0 ; super=blocked:control-or-io
TICK=00159 MPC=160 READ_BYTE_VALUE  PC=0x00000038 SP=0x00008000 FLAGS=G   R0=10 R1=0 R2=0 R3=0 R4=0 R5=0 :: READ_BYTE_VALUE: STOREB [0xFFF8], R0
TICK=00160 MPC=161 WRITE_BYTE_DESTINATION PC=0x00000038 SP=0x00008000 FLAGS=G   R0=10 R1=0 R2=0 R3=0 R4=0 R5=0 :: WRITE_BYTE_DESTINATION: STOREB [0xFFF8], R0
TICK=00161 MPC=162 COMMIT           PC=0x00000038 SP=0x00008000 FLAGS=G   R0=10 R1=0 R2=0 R3=0 R4=0 R5=0 :: STOREB [0xFFF8], R0
TICK=00162 MPC=163 FETCH_HEADER     PC=0x0000003C SP=0x00008000 FLAGS=G   R0=10 R1=0 R2=0 R3=0 R4=0 R5=0 :: addr=0x00000038 header=0x00000109 operands=1
TICK=00163 MPC=164 FETCH_OPERAND    PC=0x00000040 SP=0x00008000 FLAGS=G   R0=10 R1=0 R2=0 R3=0 R4=0 R5=0 :: operand[1]=0x00000001
TICK=00164 MPC=165 DECODE           PC=0x00000040 SP=0x00008000 FLAGS=G   R0=10 R1=0 R2=0 R3=0 R4=0 R5=0 :: JMP #0 ; super=blocked:control-or-io
TICK=00165 MPC=166 READ_TARGET      PC=0x00000040 SP=0x00008000 FLAGS=G   R0=10 R1=0 R2=0 R3=0 R4=0 R5=0 :: READ_TARGET: JMP #0
TICK=00166 MPC=167 EVALUATE_BRANCH  PC=0x00000040 SP=0x00008000 FLAGS=G   R0=10 R1=0 R2=0 R3=0 R4=0 R5=0 :: EVALUATE_BRANCH: JMP #0
TICK=00167 MPC=168 COMMIT           PC=0x00000000 SP=0x00008000 FLAGS=G   R0=10 R1=0 R2=0 R3=0 R4=0 R5=0 :: JMP #0
TICK=00168 MPC=169 FETCH_HEADER     PC=0x00000004 SP=0x00008000 FLAGS=G   R0=10 R1=0 R2=0 R3=0 R4=0 R5=0 :: addr=0x00000000 header=0x00000214 operands=2
TICK=00169 MPC=170 FETCH_OPERAND    PC=0x00000008 SP=0x00008000 FLAGS=G   R0=10 R1=0 R2=0 R3=0 R4=0 R5=0 :: operand[1]=0x00000000
TICK=00170 MPC=171 FETCH_OPERAND    PC=0x0000000C SP=0x00008000 FLAGS=G   R0=10 R1=0 R2=0 R3=0 R4=0 R5=0 :: operand[2]=0x00FFF002
TICK=00171 MPC=172 DECODE           PC=0x0000000C SP=0x00008000 FLAGS=G   R0=10 R1=0 R2=0 R3=0 R4=0 R5=0 :: LOADB R0, [0xFFF0] ; super=blocked:control-or-io
TICK=00172 MPC=173 READ_BYTE_SOURCE PC=0x0000000C SP=0x00008000 FLAGS=G   R0=10 R1=0 R2=0 R3=0 R4=0 R5=0 :: READ_BYTE_SOURCE: LOADB R0, [0xFFF0]
TICK=00173 MPC=174 WRITE_DESTINATION PC=0x0000000C SP=0x00008000 FLAGS=G   R0=10 R1=0 R2=0 R3=0 R4=0 R5=0 :: WRITE_DESTINATION: LOADB R0, [0xFFF0]
TICK=00174 MPC=175 COMMIT           PC=0x0000000C SP=0x00008000 FLAGS=G   R0=0 R1=0 R2=0 R3=0 R4=0 R5=0 :: LOADB R0, [0xFFF0]
TICK=00175 MPC=176 FETCH_HEADER     PC=0x00000010 SP=0x00008000 FLAGS=G   R0=0 R1=0 R2=0 R3=0 R4=0 R5=0 :: addr=0x0000000C header=0x00000208 operands=2
TICK=00176 MPC=177 FETCH_OPERAND    PC=0x00000014 SP=0x00008000 FLAGS=G   R0=0 R1=0 R2=0 R3=0 R4=0 R5=0 :: operand[1]=0x00000000
TICK=00177 MPC=178 FETCH_OPERAND    PC=0x00000018 SP=0x00008000 FLAGS=G   R0=0 R1=0 R2=0 R3=0 R4=0 R5=0 :: operand[2]=0x00000001
TICK=00178 MPC=179 DECODE           PC=0x00000018 SP=0x00008000 FLAGS=G   R0=0 R1=0 R2=0 R3=0 R4=0 R5=0 :: CMP R0, #0 ; super=blocked:control-or-io
TICK=00179 MPC=180 READ_LEFT        PC=0x00000018 SP=0x00008000 FLAGS=G   R0=0 R1=0 R2=0 R3=0 R4=0 R5=0 :: READ_LEFT: CMP R0, #0
TICK=00180 MPC=181 READ_RIGHT       PC=0x00000018 SP=0x00008000 FLAGS=G   R0=0 R1=0 R2=0 R3=0 R4=0 R5=0 :: READ_RIGHT: CMP R0, #0
TICK=00181 MPC=182 ALU_SUB          PC=0x00000018 SP=0x00008000 FLAGS=G   R0=0 R1=0 R2=0 R3=0 R4=0 R5=0 :: ALU_SUB: CMP R0, #0
TICK=00182 MPC=183 UPDATE_FLAGS     PC=0x00000018 SP=0x00008000 FLAGS=G   R0=0 R1=0 R2=0 R3=0 R4=0 R5=0 :: UPDATE_FLAGS: CMP R0, #0
TICK=00183 MPC=184 COMMIT           PC=0x00000018 SP=0x00008000 FLAGS=Z   R0=0 R1=0 R2=0 R3=0 R4=0 R5=0 :: CMP R0, #0
TICK=00184 MPC=185 FETCH_HEADER     PC=0x0000001C SP=0x00008000 FLAGS=Z   R0=0 R1=0 R2=0 R3=0 R4=0 R5=0 :: addr=0x00000018 header=0x0000010A operands=1
TICK=00185 MPC=186 FETCH_OPERAND    PC=0x00000020 SP=0x00008000 FLAGS=Z   R0=0 R1=0 R2=0 R3=0 R4=0 R5=0 :: operand[1]=0x00004001
TICK=00186 MPC=187 DECODE           PC=0x00000020 SP=0x00008000 FLAGS=Z   R0=0 R1=0 R2=0 R3=0 R4=0 R5=0 :: JZ #64 ; super=blocked:control-or-io
TICK=00187 MPC=188 READ_TARGET      PC=0x00000020 SP=0x00008000 FLAGS=Z   R0=0 R1=0 R2=0 R3=0 R4=0 R5=0 :: READ_TARGET: JZ #64
TICK=00188 MPC=189 EVALUATE_BRANCH  PC=0x00000020 SP=0x00008000 FLAGS=Z   R0=0 R1=0 R2=0 R3=0 R4=0 R5=0 :: EVALUATE_BRANCH: JZ #64
TICK=00189 MPC=190 COMMIT           PC=0x00000040 SP=0x00008000 FLAGS=Z   R0=0 R1=0 R2=0 R3=0 R4=0 R5=0 :: JZ #64
TICK=00190 MPC=191 FETCH_HEADER     PC=0x00000044 SP=0x00008000 FLAGS=Z   R0=0 R1=0 R2=0 R3=0 R4=0 R5=0 :: addr=0x00000040 header=0x00000001 operands=0
TICK=00191 MPC=192 DECODE           PC=0x00000044 SP=0x00008000 FLAGS=Z   R0=0 R1=0 R2=0 R3=0 R4=0 R5=0 :: HALT ; super=blocked:control-or-io
TICK=00192 MPC=193 COMMIT           PC=0x00000044 SP=0x00008000 FLAGS=Z   R0=0 R1=0 R2=0 R3=0 R4=0 R5=0 :: HALT
