TICK=00000 MPC=001 FETCH_HEADER     PC=0x00000004 SP=0x00008000 FLAGS=-   R0=0 R1=0 R2=0 R3=0 R4=0 R5=0 :: addr=0x00000000 header=0x00000202 operands=2
TICK=00001 MPC=002 FETCH_OPERAND    PC=0x00000008 SP=0x00008000 FLAGS=-   R0=0 R1=0 R2=0 R3=0 R4=0 R5=0 :: operand[1]=0x00000800
TICK=00002 MPC=003 FETCH_OPERAND    PC=0x0000000C SP=0x00008000 FLAGS=-   R0=0 R1=0 R2=0 R3=0 R4=0 R5=0 :: operand[2]=0x00800001
TICK=00003 MPC=004 DECODE           PC=0x0000000C SP=0x00008000 FLAGS=-   R0=0 R1=0 R2=0 R3=0 R4=0 R5=0 :: MOV SP, #32768 ; super=blocked:control-or-io
TICK=00004 MPC=005 READ_SOURCE      PC=0x0000000C SP=0x00008000 FLAGS=-   R0=0 R1=0 R2=0 R3=0 R4=0 R5=0 :: READ_SOURCE: MOV SP, #32768
TICK=00005 MPC=006 WRITE_DESTINATION PC=0x0000000C SP=0x00008000 FLAGS=-   R0=0 R1=0 R2=0 R3=0 R4=0 R5=0 :: WRITE_DESTINATION: MOV SP, #32768
TICK=00006 MPC=007 COMMIT           PC=0x0000000C SP=0x00008000 FLAGS=-   R0=0 R1=0 R2=0 R3=0 R4=0 R5=0 :: MOV SP, #32768
TICK=00007 MPC=008 FETCH_HEADER     PC=0x00000010 SP=0x00008000 FLAGS=-   R0=0 R1=0 R2=0 R3=0 R4=0 R5=0 :: addr=0x0000000C header=0x00000202 operands=2
TICK=00008 MPC=009 FETCH_OPERAND    PC=0x00000014 SP=0x00008000 FLAGS=-   R0=0 R1=0 R2=0 R3=0 R4=0 R5=0 :: operand[1]=0x00000100
TICK=00009 MPC=010 FETCH_OPERAND    PC=0x00000018 SP=0x00008000 FLAGS=-   R0=0 R1=0 R2=0 R3=0 R4=0 R5=0 :: operand[2]=0x00000201
TICK=00010 MPC=011 DECODE           PC=0x00000018 SP=0x00008000 FLAGS=-   R0=0 R1=0 R2=0 R3=0 R4=0 R5=0 :: MOV R1, #2 ; super=blocked:next-not-eligible
TICK=00011 MPC=012 READ_SOURCE      PC=0x00000018 SP=0x00008000 FLAGS=-   R0=0 R1=0 R2=0 R3=0 R4=0 R5=0 :: READ_SOURCE: MOV R1, #2
TICK=00012 MPC=013 WRITE_DESTINATION PC=0x00000018 SP=0x00008000 FLAGS=-   R0=0 R1=0 R2=0 R3=0 R4=0 R5=0 :: WRITE_DESTINATION: MOV R1, #2
TICK=00013 MPC=014 COMMIT           PC=0x00000018 SP=0x00008000 FLAGS=-   R0=0 R1=2 R2=0 R3=0 R4=0 R5=0 :: MOV R1, #2
TICK=00014 MPC=015 FETCH_HEADER     PC=0x0000001C SP=0x00008000 FLAGS=-   R0=0 R1=2 R2=0 R3=0 R4=0 R5=0 :: addr=0x00000018 header=0x00000516 operands=5
TICK=00015 MPC=016 FETCH_OPERAND    PC=0x00000020 SP=0x00008000 FLAGS=-   R0=0 R1=2 R2=0 R3=0 R4=0 R5=0 :: operand[1]=0x00000000
TICK=00016 MPC=017 FETCH_OPERAND    PC=0x00000024 SP=0x00008000 FLAGS=-   R0=0 R1=2 R2=0 R3=0 R4=0 R5=0 :: operand[2]=0x00000100
TICK=00017 MPC=018 FETCH_OPERAND    PC=0x00000028 SP=0x00008000 FLAGS=-   R0=0 R1=2 R2=0 R3=0 R4=0 R5=0 :: operand[3]=0x00000101
TICK=00018 MPC=019 FETCH_OPERAND    PC=0x0000002C SP=0x00008000 FLAGS=-   R0=0 R1=2 R2=0 R3=0 R4=0 R5=0 :: operand[4]=0x00000201
TICK=00019 MPC=020 FETCH_OPERAND    PC=0x00000030 SP=0x00008000 FLAGS=-   R0=0 R1=2 R2=0 R3=0 R4=0 R5=0 :: operand[5]=0x00000301
TICK=00020 MPC=021 DECODE           PC=0x00000030 SP=0x00008000 FLAGS=-   R0=0 R1=2 R2=0 R3=0 R4=0 R5=0 :: POLY R0, R1, #1, #2, #3 ; super=blocked:control-or-io
TICK=00021 MPC=022 READ_X           PC=0x00000030 SP=0x00008000 FLAGS=-   R0=0 R1=2 R2=0 R3=0 R4=0 R5=0 :: READ_X: POLY R0, R1, #1, #2, #3
TICK=00022 MPC=023 READ_COEFFICIENTS PC=0x00000030 SP=0x00008000 FLAGS=-   R0=0 R1=2 R2=0 R3=0 R4=0 R5=0 :: READ_COEFFICIENTS: POLY R0, R1, #1, #2, #3
TICK=00023 MPC=024 CISC_POLY_EVALUATE PC=0x00000030 SP=0x00008000 FLAGS=-   R0=0 R1=2 R2=0 R3=0 R4=0 R5=0 :: CISC_POLY_EVALUATE: POLY R0, R1, #1, #2, #3
TICK=00024 MPC=025 WRITE_DESTINATION PC=0x00000030 SP=0x00008000 FLAGS=-   R0=0 R1=2 R2=0 R3=0 R4=0 R5=0 :: WRITE_DESTINATION: POLY R0, R1, #1, #2, #3
TICK=00025 MPC=026 UPDATE_FLAGS     PC=0x00000030 SP=0x00008000 FLAGS=-   R0=0 R1=2 R2=0 R3=0 R4=0 R5=0 :: UPDATE_FLAGS: POLY R0, R1, #1, #2, #3
TICK=00026 MPC=027 COMMIT           PC=0x00000030 SP=0x00008000 FLAGS=G   R0=17 R1=2 R2=0 R3=0 R4=0 R5=0 :: POLY R0, R1, #1, #2, #3
TICK=00027 MPC=028 FETCH_HEADER     PC=0x00000034 SP=0x00008000 FLAGS=G   R0=17 R1=2 R2=0 R3=0 R4=0 R5=0 :: addr=0x00000030 header=0x00000112 operands=1
TICK=00028 MPC=029 FETCH_OPERAND    PC=0x00000038 SP=0x00008000 FLAGS=G   R0=17 R1=2 R2=0 R3=0 R4=0 R5=0 :: operand[1]=0x00004801
TICK=00029 MPC=030 DECODE           PC=0x00000038 SP=0x00008000 FLAGS=G   R0=17 R1=2 R2=0 R3=0 R4=0 R5=0 :: CALL #72 ; super=blocked:control-or-io
TICK=00030 MPC=031 READ_TARGET      PC=0x00000038 SP=0x00008000 FLAGS=G   R0=17 R1=2 R2=0 R3=0 R4=0 R5=0 :: READ_TARGET: CALL #72
TICK=00031 MPC=032 STACK_DEC        PC=0x00000038 SP=0x00008000 FLAGS=G   R0=17 R1=2 R2=0 R3=0 R4=0 R5=0 :: STACK_DEC: CALL #72
TICK=00032 MPC=033 MEM_WRITE_RETURN PC=0x00000038 SP=0x00008000 FLAGS=G   R0=17 R1=2 R2=0 R3=0 R4=0 R5=0 :: MEM_WRITE_RETURN: CALL #72
TICK=00033 MPC=034 SET_PC           PC=0x00000038 SP=0x00008000 FLAGS=G   R0=17 R1=2 R2=0 R3=0 R4=0 R5=0 :: SET_PC: CALL #72
TICK=00034 MPC=035 COMMIT           PC=0x00000048 SP=0x00007FFC FLAGS=G   R0=17 R1=2 R2=0 R3=0 R4=0 R5=0 :: CALL #72
TICK=00035 MPC=036 FETCH_HEADER     PC=0x0000004C SP=0x00007FFC FLAGS=G   R0=17 R1=2 R2=0 R3=0 R4=0 R5=0 :: addr=0x00000048 header=0x00000110 operands=1
TICK=00036 MPC=037 FETCH_OPERAND    PC=0x00000050 SP=0x00007FFC FLAGS=G   R0=17 R1=2 R2=0 R3=0 R4=0 R5=0 :: operand[1]=0x00000100
TICK=00037 MPC=038 DECODE           PC=0x00000050 SP=0x00007FFC FLAGS=G   R0=17 R1=2 R2=0 R3=0 R4=0 R5=0 :: PUSH R1 ; super=blocked:control-or-io
TICK=00038 MPC=039 READ_SOURCE      PC=0x00000050 SP=0x00007FFC FLAGS=G   R0=17 R1=2 R2=0 R3=0 R4=0 R5=0 :: READ_SOURCE: PUSH R1
TICK=00039 MPC=040 STACK_DEC        PC=0x00000050 SP=0x00007FFC FLAGS=G   R0=17 R1=2 R2=0 R3=0 R4=0 R5=0 :: STACK_DEC: PUSH R1
TICK=00040 MPC=041 MEM_WRITE_STACK  PC=0x00000050 SP=0x00007FFC FLAGS=G   R0=17 R1=2 R2=0 R3=0 R4=0 R5=0 :: MEM_WRITE_STACK: PUSH R1
TICK=00041 MPC=042 COMMIT           PC=0x00000050 SP=0x00007FF8 FLAGS=G   R0=17 R1=2 R2=0 R3=0 R4=0 R5=0 :: PUSH R1
TICK=00042 MPC=043 FETCH_HEADER     PC=0x00000054 SP=0x00007FF8 FLAGS=G   R0=17 R1=2 R2=0 R3=0 R4=0 R5=0 :: addr=0x00000050 header=0x00000110 operands=1
TICK=00043 MPC=044 FETCH_OPERAND    PC=0x00000058 SP=0x00007FF8 FLAGS=G   R0=17 R1=2 R2=0 R3=0 R4=0 R5=0 :: operand[1]=0x00000200
TICK=00044 MPC=045 DECODE           PC=0x00000058 SP=0x00007FF8 FLAGS=G   R0=17 R1=2 R2=0 R3=0 R4=0 R5=0 :: PUSH R2 ; super=blocked:control-or-io
TICK=00045 MPC=046 READ_SOURCE      PC=0x00000058 SP=0x00007FF8 FLAGS=G   R0=17 R1=2 R2=0 R3=0 R4=0 R5=0 :: READ_SOURCE: PUSH R2
TICK=00046 MPC=047 STACK_DEC        PC=0x00000058 SP=0x00007FF8 FLAGS=G   R0=17 R1=2 R2=0 R3=0 R4=0 R5=0 :: STACK_DEC: PUSH R2
TICK=00047 MPC=048 MEM_WRITE_STACK  PC=0x00000058 SP=0x00007FF8 FLAGS=G   R0=17 R1=2 R2=0 R3=0 R4=0 R5=0 :: MEM_WRITE_STACK: PUSH R2
TICK=00048 MPC=049 COMMIT           PC=0x00000058 SP=0x00007FF4 FLAGS=G   R0=17 R1=2 R2=0 R3=0 R4=0 R5=0 :: PUSH R2
TICK=00049 MPC=050 FETCH_HEADER     PC=0x0000005C SP=0x00007FF4 FLAGS=G   R0=17 R1=2 R2=0 R3=0 R4=0 R5=0 :: addr=0x00000058 header=0x00000208 operands=2
TICK=00050 MPC=051 FETCH_OPERAND    PC=0x00000060 SP=0x00007FF4 FLAGS=G   R0=17 R1=2 R2=0 R3=0 R4=0 R5=0 :: operand[1]=0x00000000
TICK=00051 MPC=052 FETCH_OPERAND    PC=0x00000064 SP=0x00007FF4 FLAGS=G   R0=17 R1=2 R2=0 R3=0 R4=0 R5=0 :: operand[2]=0x00000001
TICK=00052 MPC=053 DECODE           PC=0x00000064 SP=0x00007FF4 FLAGS=G   R0=17 R1=2 R2=0 R3=0 R4=0 R5=0 :: CMP R0, #0 ; super=blocked:control-or-io
TICK=00053 MPC=054 READ_LEFT        PC=0x00000064 SP=0x00007FF4 FLAGS=G   R0=17 R1=2 R2=0 R3=0 R4=0 R5=0 :: READ_LEFT: CMP R0, #0
TICK=00054 MPC=055 READ_RIGHT       PC=0x00000064 SP=0x00007FF4 FLAGS=G   R0=17 R1=2 R2=0 R3=0 R4=0 R5=0 :: READ_RIGHT: CMP R0, #0
TICK=00055 MPC=056 ALU_SUB          PC=0x00000064 SP=0x00007FF4 FLAGS=G   R0=17 R1=2 R2=0 R3=0 R4=0 R5=0 :: ALU_SUB: CMP R0, #0
TICK=00056 MPC=057 UPDATE_FLAGS     PC=0x00000064 SP=0x00007FF4 FLAGS=G   R0=17 R1=2 R2=0 R3=0 R4=0 R5=0 :: UPDATE_FLAGS: CMP R0, #0
TICK=00057 MPC=058 COMMIT           PC=0x00000064 SP=0x00007FF4 FLAGS=G   R0=17 R1=2 R2=0 R3=0 R4=0 R5=0 :: CMP R0, #0
TICK=00058 MPC=059 FETCH_HEADER     PC=0x00000068 SP=0x00007FF4 FLAGS=G   R0=17 R1=2 R2=0 R3=0 R4=0 R5=0 :: addr=0x00000064 header=0x0000010B operands=1
TICK=00059 MPC=060 FETCH_OPERAND    PC=0x0000006C SP=0x00007FF4 FLAGS=G   R0=17 R1=2 R2=0 R3=0 R4=0 R5=0 :: operand[1]=0x00008001
... omitted 271 ticks; full trace is stored in build/*.log ...
TICK=00331 MPC=332 READ_RIGHT       PC=0x000000F8 SP=0x00007FF4 FLAGS=Z   R0=0 R1=0 R2=55 R3=0 R4=0 R5=0 :: READ_RIGHT: CMP R1, #0
TICK=00332 MPC=333 ALU_SUB          PC=0x000000F8 SP=0x00007FF4 FLAGS=Z   R0=0 R1=0 R2=55 R3=0 R4=0 R5=0 :: ALU_SUB: CMP R1, #0
TICK=00333 MPC=334 UPDATE_FLAGS     PC=0x000000F8 SP=0x00007FF4 FLAGS=Z   R0=0 R1=0 R2=55 R3=0 R4=0 R5=0 :: UPDATE_FLAGS: CMP R1, #0
TICK=00334 MPC=335 COMMIT           PC=0x000000F8 SP=0x00007FF4 FLAGS=Z   R0=0 R1=0 R2=55 R3=0 R4=0 R5=0 :: CMP R1, #0
TICK=00335 MPC=336 FETCH_HEADER     PC=0x000000FC SP=0x00007FF4 FLAGS=Z   R0=0 R1=0 R2=55 R3=0 R4=0 R5=0 :: addr=0x000000F8 header=0x0000010A operands=1
TICK=00336 MPC=337 FETCH_OPERAND    PC=0x00000100 SP=0x00007FF4 FLAGS=Z   R0=0 R1=0 R2=55 R3=0 R4=0 R5=0 :: operand[1]=0x00012801
TICK=00337 MPC=338 DECODE           PC=0x00000100 SP=0x00007FF4 FLAGS=Z   R0=0 R1=0 R2=55 R3=0 R4=0 R5=0 :: JZ #296 ; super=blocked:control-or-io
TICK=00338 MPC=339 READ_TARGET      PC=0x00000100 SP=0x00007FF4 FLAGS=Z   R0=0 R1=0 R2=55 R3=0 R4=0 R5=0 :: READ_TARGET: JZ #296
TICK=00339 MPC=340 EVALUATE_BRANCH  PC=0x00000100 SP=0x00007FF4 FLAGS=Z   R0=0 R1=0 R2=55 R3=0 R4=0 R5=0 :: EVALUATE_BRANCH: JZ #296
TICK=00340 MPC=341 COMMIT           PC=0x00000128 SP=0x00007FF4 FLAGS=Z   R0=0 R1=0 R2=55 R3=0 R4=0 R5=0 :: JZ #296
TICK=00341 MPC=342 FETCH_HEADER     PC=0x0000012C SP=0x00007FF4 FLAGS=Z   R0=0 R1=0 R2=55 R3=0 R4=0 R5=0 :: addr=0x00000128 header=0x00000111 operands=1
TICK=00342 MPC=343 FETCH_OPERAND    PC=0x00000130 SP=0x00007FF4 FLAGS=Z   R0=0 R1=0 R2=55 R3=0 R4=0 R5=0 :: operand[1]=0x00000200
TICK=00343 MPC=344 DECODE           PC=0x00000130 SP=0x00007FF4 FLAGS=Z   R0=0 R1=0 R2=55 R3=0 R4=0 R5=0 :: POP R2 ; super=blocked:control-or-io
TICK=00344 MPC=345 MEM_READ_STACK   PC=0x00000130 SP=0x00007FF4 FLAGS=Z   R0=0 R1=0 R2=55 R3=0 R4=0 R5=0 :: MEM_READ_STACK: POP R2
TICK=00345 MPC=346 WRITE_DESTINATION PC=0x00000130 SP=0x00007FF4 FLAGS=Z   R0=0 R1=0 R2=55 R3=0 R4=0 R5=0 :: WRITE_DESTINATION: POP R2
TICK=00346 MPC=347 STACK_INC        PC=0x00000130 SP=0x00007FF4 FLAGS=Z   R0=0 R1=0 R2=55 R3=0 R4=0 R5=0 :: STACK_INC: POP R2
TICK=00347 MPC=348 COMMIT           PC=0x00000130 SP=0x00007FF8 FLAGS=Z   R0=0 R1=0 R2=0 R3=0 R4=0 R5=0 :: POP R2
TICK=00348 MPC=349 FETCH_HEADER     PC=0x00000134 SP=0x00007FF8 FLAGS=Z   R0=0 R1=0 R2=0 R3=0 R4=0 R5=0 :: addr=0x00000130 header=0x00000111 operands=1
TICK=00349 MPC=350 FETCH_OPERAND    PC=0x00000138 SP=0x00007FF8 FLAGS=Z   R0=0 R1=0 R2=0 R3=0 R4=0 R5=0 :: operand[1]=0x00000100
TICK=00350 MPC=351 DECODE           PC=0x00000138 SP=0x00007FF8 FLAGS=Z   R0=0 R1=0 R2=0 R3=0 R4=0 R5=0 :: POP R1 ; super=blocked:control-or-io
TICK=00351 MPC=352 MEM_READ_STACK   PC=0x00000138 SP=0x00007FF8 FLAGS=Z   R0=0 R1=0 R2=0 R3=0 R4=0 R5=0 :: MEM_READ_STACK: POP R1
TICK=00352 MPC=353 WRITE_DESTINATION PC=0x00000138 SP=0x00007FF8 FLAGS=Z   R0=0 R1=0 R2=0 R3=0 R4=0 R5=0 :: WRITE_DESTINATION: POP R1
TICK=00353 MPC=354 STACK_INC        PC=0x00000138 SP=0x00007FF8 FLAGS=Z   R0=0 R1=0 R2=0 R3=0 R4=0 R5=0 :: STACK_INC: POP R1
TICK=00354 MPC=355 COMMIT           PC=0x00000138 SP=0x00007FFC FLAGS=Z   R0=0 R1=2 R2=0 R3=0 R4=0 R5=0 :: POP R1
TICK=00355 MPC=356 FETCH_HEADER     PC=0x0000013C SP=0x00007FFC FLAGS=Z   R0=0 R1=2 R2=0 R3=0 R4=0 R5=0 :: addr=0x00000138 header=0x00000013 operands=0
TICK=00356 MPC=357 DECODE           PC=0x0000013C SP=0x00007FFC FLAGS=Z   R0=0 R1=2 R2=0 R3=0 R4=0 R5=0 :: RET ; super=blocked:control-or-io
TICK=00357 MPC=358 MEM_READ_STACK   PC=0x0000013C SP=0x00007FFC FLAGS=Z   R0=0 R1=2 R2=0 R3=0 R4=0 R5=0 :: MEM_READ_STACK: RET
TICK=00358 MPC=359 STACK_INC        PC=0x0000013C SP=0x00007FFC FLAGS=Z   R0=0 R1=2 R2=0 R3=0 R4=0 R5=0 :: STACK_INC: RET
TICK=00359 MPC=360 SET_PC           PC=0x0000013C SP=0x00007FFC FLAGS=Z   R0=0 R1=2 R2=0 R3=0 R4=0 R5=0 :: SET_PC: RET
TICK=00360 MPC=361 COMMIT           PC=0x00000038 SP=0x00008000 FLAGS=Z   R0=0 R1=2 R2=0 R3=0 R4=0 R5=0 :: RET
TICK=00361 MPC=362 FETCH_HEADER     PC=0x0000003C SP=0x00008000 FLAGS=Z   R0=0 R1=2 R2=0 R3=0 R4=0 R5=0 :: addr=0x00000038 header=0x00000215 operands=2
TICK=00362 MPC=363 FETCH_OPERAND    PC=0x00000040 SP=0x00008000 FLAGS=Z   R0=0 R1=2 R2=0 R3=0 R4=0 R5=0 :: operand[1]=0x00FFF802
TICK=00363 MPC=364 FETCH_OPERAND    PC=0x00000044 SP=0x00008000 FLAGS=Z   R0=0 R1=2 R2=0 R3=0 R4=0 R5=0 :: operand[2]=0x00000A01
TICK=00364 MPC=365 DECODE           PC=0x00000044 SP=0x00008000 FLAGS=Z   R0=0 R1=2 R2=0 R3=0 R4=0 R5=0 :: STOREB [0xFFF8], #10 ; super=blocked:control-or-io
TICK=00365 MPC=366 READ_BYTE_VALUE  PC=0x00000044 SP=0x00008000 FLAGS=Z   R0=0 R1=2 R2=0 R3=0 R4=0 R5=0 :: READ_BYTE_VALUE: STOREB [0xFFF8], #10
TICK=00366 MPC=367 WRITE_BYTE_DESTINATION PC=0x00000044 SP=0x00008000 FLAGS=Z   R0=0 R1=2 R2=0 R3=0 R4=0 R5=0 :: WRITE_BYTE_DESTINATION: STOREB [0xFFF8], #10
TICK=00367 MPC=368 COMMIT           PC=0x00000044 SP=0x00008000 FLAGS=Z   R0=0 R1=2 R2=0 R3=0 R4=0 R5=0 :: STOREB [0xFFF8], #10
TICK=00368 MPC=369 FETCH_HEADER     PC=0x00000048 SP=0x00008000 FLAGS=Z   R0=0 R1=2 R2=0 R3=0 R4=0 R5=0 :: addr=0x00000044 header=0x00000001 operands=0
TICK=00369 MPC=370 DECODE           PC=0x00000048 SP=0x00008000 FLAGS=Z   R0=0 R1=2 R2=0 R3=0 R4=0 R5=0 :: HALT ; super=blocked:control-or-io
TICK=00370 MPC=371 COMMIT           PC=0x00000048 SP=0x00008000 FLAGS=Z   R0=0 R1=2 R2=0 R3=0 R4=0 R5=0 :: HALT
