TICK=00000 MPC=001 FETCH            PC=0x00000004 SP=0x00008000 FLAGS=-   R0=0 R1=0 R2=0 R3=0 R4=0 R5=0 :: addr=0x00000000 header=0x00000202
TICK=00001 MPC=002 DECODE           PC=0x0000000C SP=0x00008000 FLAGS=-   R0=0 R1=0 R2=0 R3=0 R4=0 R5=0 :: MOV SP, #32768 ; super=blocked:control-or-io
TICK=00002 MPC=003 EXEC_MOVE        PC=0x0000000C SP=0x00008000 FLAGS=-   R0=0 R1=0 R2=0 R3=0 R4=0 R5=0 :: MOV SP, #32768
TICK=00003 MPC=004 FETCH            PC=0x00000010 SP=0x00008000 FLAGS=-   R0=0 R1=0 R2=0 R3=0 R4=0 R5=0 :: addr=0x0000000C header=0x00000202
TICK=00004 MPC=005 DECODE           PC=0x00000018 SP=0x00008000 FLAGS=-   R0=0 R1=0 R2=0 R3=0 R4=0 R5=0 :: MOV R0, #512 ; super=blocked:next-not-eligible
TICK=00005 MPC=006 EXEC_MOVE        PC=0x00000018 SP=0x00008000 FLAGS=-   R0=512 R1=0 R2=0 R3=0 R4=0 R5=0 :: MOV R0, #512
TICK=00006 MPC=007 FETCH            PC=0x0000001C SP=0x00008000 FLAGS=-   R0=512 R1=0 R2=0 R3=0 R4=0 R5=0 :: addr=0x00000018 header=0x00000112
TICK=00007 MPC=008 DECODE           PC=0x00000020 SP=0x00008000 FLAGS=-   R0=512 R1=0 R2=0 R3=0 R4=0 R5=0 :: CALL #36 ; super=blocked:control-or-io
TICK=00008 MPC=009 EXEC_CALL        PC=0x00000024 SP=0x00007FFC FLAGS=-   R0=512 R1=0 R2=0 R3=0 R4=0 R5=0 :: CALL #36
TICK=00009 MPC=010 FETCH            PC=0x00000028 SP=0x00007FFC FLAGS=-   R0=512 R1=0 R2=0 R3=0 R4=0 R5=0 :: addr=0x00000024 header=0x00000110
TICK=00010 MPC=011 DECODE           PC=0x0000002C SP=0x00007FFC FLAGS=-   R0=512 R1=0 R2=0 R3=0 R4=0 R5=0 :: PUSH R1 ; super=blocked:control-or-io
TICK=00011 MPC=012 EXEC_STACK_WRITE PC=0x0000002C SP=0x00007FF8 FLAGS=-   R0=512 R1=0 R2=0 R3=0 R4=0 R5=0 :: PUSH R1
TICK=00012 MPC=013 FETCH            PC=0x00000030 SP=0x00007FF8 FLAGS=-   R0=512 R1=0 R2=0 R3=0 R4=0 R5=0 :: addr=0x0000002C header=0x00000214
TICK=00013 MPC=014 DECODE           PC=0x00000038 SP=0x00007FF8 FLAGS=-   R0=512 R1=0 R2=0 R3=0 R4=0 R5=0 :: LOADB R1, [R0] ; super=blocked:control-or-io
TICK=00014 MPC=015 EXEC_LOAD_BYTE   PC=0x00000038 SP=0x00007FF8 FLAGS=-   R0=512 R1=72 R2=0 R3=0 R4=0 R5=0 :: LOADB R1, [R0]
TICK=00015 MPC=016 FETCH            PC=0x0000003C SP=0x00007FF8 FLAGS=-   R0=512 R1=72 R2=0 R3=0 R4=0 R5=0 :: addr=0x00000038 header=0x00000208
TICK=00016 MPC=017 DECODE           PC=0x00000044 SP=0x00007FF8 FLAGS=-   R0=512 R1=72 R2=0 R3=0 R4=0 R5=0 :: CMP R1, #0 ; super=blocked:control-or-io
TICK=00017 MPC=018 EXEC_COMPARE     PC=0x00000044 SP=0x00007FF8 FLAGS=G   R0=512 R1=72 R2=0 R3=0 R4=0 R5=0 :: CMP R1, #0
TICK=00018 MPC=019 FETCH            PC=0x00000048 SP=0x00007FF8 FLAGS=G   R0=512 R1=72 R2=0 R3=0 R4=0 R5=0 :: addr=0x00000044 header=0x0000010A
TICK=00019 MPC=020 DECODE           PC=0x0000004C SP=0x00007FF8 FLAGS=G   R0=512 R1=72 R2=0 R3=0 R4=0 R5=0 :: JZ #108 ; super=blocked:control-or-io
TICK=00020 MPC=021 EXEC_BRANCH      PC=0x0000004C SP=0x00007FF8 FLAGS=G   R0=512 R1=72 R2=0 R3=0 R4=0 R5=0 :: JZ #108
TICK=00021 MPC=022 FETCH            PC=0x00000050 SP=0x00007FF8 FLAGS=G   R0=512 R1=72 R2=0 R3=0 R4=0 R5=0 :: addr=0x0000004C header=0x00000215
TICK=00022 MPC=023 DECODE           PC=0x00000058 SP=0x00007FF8 FLAGS=G   R0=512 R1=72 R2=0 R3=0 R4=0 R5=0 :: STOREB [0xFFF8], R1 ; super=blocked:control-or-io
TICK=00023 MPC=024 EXEC_STORE_BYTE  PC=0x00000058 SP=0x00007FF8 FLAGS=G   R0=512 R1=72 R2=0 R3=0 R4=0 R5=0 :: STOREB [0xFFF8], R1
TICK=00024 MPC=025 FETCH            PC=0x0000005C SP=0x00007FF8 FLAGS=G   R0=512 R1=72 R2=0 R3=0 R4=0 R5=0 :: addr=0x00000058 header=0x00000203
TICK=00025 MPC=026 DECODE           PC=0x00000064 SP=0x00007FF8 FLAGS=G   R0=512 R1=72 R2=0 R3=0 R4=0 R5=0 :: ADD R0, #1 ; super=blocked:next-not-eligible
TICK=00026 MPC=027 EXEC_ALU_ADD     PC=0x00000064 SP=0x00007FF8 FLAGS=G   R0=513 R1=72 R2=0 R3=0 R4=0 R5=0 :: ADD R0, #1
TICK=00027 MPC=028 FETCH            PC=0x00000068 SP=0x00007FF8 FLAGS=G   R0=513 R1=72 R2=0 R3=0 R4=0 R5=0 :: addr=0x00000064 header=0x00000109
TICK=00028 MPC=029 DECODE           PC=0x0000006C SP=0x00007FF8 FLAGS=G   R0=513 R1=72 R2=0 R3=0 R4=0 R5=0 :: JMP #44 ; super=blocked:control-or-io
TICK=00029 MPC=030 EXEC_BRANCH      PC=0x0000002C SP=0x00007FF8 FLAGS=G   R0=513 R1=72 R2=0 R3=0 R4=0 R5=0 :: JMP #44
TICK=00030 MPC=031 FETCH            PC=0x00000030 SP=0x00007FF8 FLAGS=G   R0=513 R1=72 R2=0 R3=0 R4=0 R5=0 :: addr=0x0000002C header=0x00000214
TICK=00031 MPC=032 DECODE           PC=0x00000038 SP=0x00007FF8 FLAGS=G   R0=513 R1=72 R2=0 R3=0 R4=0 R5=0 :: LOADB R1, [R0] ; super=blocked:control-or-io
TICK=00032 MPC=033 EXEC_LOAD_BYTE   PC=0x00000038 SP=0x00007FF8 FLAGS=G   R0=513 R1=101 R2=0 R3=0 R4=0 R5=0 :: LOADB R1, [R0]
TICK=00033 MPC=034 FETCH            PC=0x0000003C SP=0x00007FF8 FLAGS=G   R0=513 R1=101 R2=0 R3=0 R4=0 R5=0 :: addr=0x00000038 header=0x00000208
TICK=00034 MPC=035 DECODE           PC=0x00000044 SP=0x00007FF8 FLAGS=G   R0=513 R1=101 R2=0 R3=0 R4=0 R5=0 :: CMP R1, #0 ; super=blocked:control-or-io
TICK=00035 MPC=036 EXEC_COMPARE     PC=0x00000044 SP=0x00007FF8 FLAGS=G   R0=513 R1=101 R2=0 R3=0 R4=0 R5=0 :: CMP R1, #0
TICK=00036 MPC=037 FETCH            PC=0x00000048 SP=0x00007FF8 FLAGS=G   R0=513 R1=101 R2=0 R3=0 R4=0 R5=0 :: addr=0x00000044 header=0x0000010A
TICK=00037 MPC=038 DECODE           PC=0x0000004C SP=0x00007FF8 FLAGS=G   R0=513 R1=101 R2=0 R3=0 R4=0 R5=0 :: JZ #108 ; super=blocked:control-or-io
TICK=00038 MPC=039 EXEC_BRANCH      PC=0x0000004C SP=0x00007FF8 FLAGS=G   R0=513 R1=101 R2=0 R3=0 R4=0 R5=0 :: JZ #108
TICK=00039 MPC=040 FETCH            PC=0x00000050 SP=0x00007FF8 FLAGS=G   R0=513 R1=101 R2=0 R3=0 R4=0 R5=0 :: addr=0x0000004C header=0x00000215
TICK=00040 MPC=041 DECODE           PC=0x00000058 SP=0x00007FF8 FLAGS=G   R0=513 R1=101 R2=0 R3=0 R4=0 R5=0 :: STOREB [0xFFF8], R1 ; super=blocked:control-or-io
TICK=00041 MPC=042 EXEC_STORE_BYTE  PC=0x00000058 SP=0x00007FF8 FLAGS=G   R0=513 R1=101 R2=0 R3=0 R4=0 R5=0 :: STOREB [0xFFF8], R1
TICK=00042 MPC=043 FETCH            PC=0x0000005C SP=0x00007FF8 FLAGS=G   R0=513 R1=101 R2=0 R3=0 R4=0 R5=0 :: addr=0x00000058 header=0x00000203
TICK=00043 MPC=044 DECODE           PC=0x00000064 SP=0x00007FF8 FLAGS=G   R0=513 R1=101 R2=0 R3=0 R4=0 R5=0 :: ADD R0, #1 ; super=blocked:next-not-eligible
TICK=00044 MPC=045 EXEC_ALU_ADD     PC=0x00000064 SP=0x00007FF8 FLAGS=G   R0=514 R1=101 R2=0 R3=0 R4=0 R5=0 :: ADD R0, #1
TICK=00045 MPC=046 FETCH            PC=0x00000068 SP=0x00007FF8 FLAGS=G   R0=514 R1=101 R2=0 R3=0 R4=0 R5=0 :: addr=0x00000064 header=0x00000109
TICK=00046 MPC=047 DECODE           PC=0x0000006C SP=0x00007FF8 FLAGS=G   R0=514 R1=101 R2=0 R3=0 R4=0 R5=0 :: JMP #44 ; super=blocked:control-or-io
TICK=00047 MPC=048 EXEC_BRANCH      PC=0x0000002C SP=0x00007FF8 FLAGS=G   R0=514 R1=101 R2=0 R3=0 R4=0 R5=0 :: JMP #44
TICK=00048 MPC=049 FETCH            PC=0x00000030 SP=0x00007FF8 FLAGS=G   R0=514 R1=101 R2=0 R3=0 R4=0 R5=0 :: addr=0x0000002C header=0x00000214
TICK=00049 MPC=050 DECODE           PC=0x00000038 SP=0x00007FF8 FLAGS=G   R0=514 R1=101 R2=0 R3=0 R4=0 R5=0 :: LOADB R1, [R0] ; super=blocked:control-or-io
TICK=00050 MPC=051 EXEC_LOAD_BYTE   PC=0x00000038 SP=0x00007FF8 FLAGS=G   R0=514 R1=108 R2=0 R3=0 R4=0 R5=0 :: LOADB R1, [R0]
TICK=00051 MPC=052 FETCH            PC=0x0000003C SP=0x00007FF8 FLAGS=G   R0=514 R1=108 R2=0 R3=0 R4=0 R5=0 :: addr=0x00000038 header=0x00000208
TICK=00052 MPC=053 DECODE           PC=0x00000044 SP=0x00007FF8 FLAGS=G   R0=514 R1=108 R2=0 R3=0 R4=0 R5=0 :: CMP R1, #0 ; super=blocked:control-or-io
TICK=00053 MPC=054 EXEC_COMPARE     PC=0x00000044 SP=0x00007FF8 FLAGS=G   R0=514 R1=108 R2=0 R3=0 R4=0 R5=0 :: CMP R1, #0
TICK=00054 MPC=055 FETCH            PC=0x00000048 SP=0x00007FF8 FLAGS=G   R0=514 R1=108 R2=0 R3=0 R4=0 R5=0 :: addr=0x00000044 header=0x0000010A
TICK=00055 MPC=056 DECODE           PC=0x0000004C SP=0x00007FF8 FLAGS=G   R0=514 R1=108 R2=0 R3=0 R4=0 R5=0 :: JZ #108 ; super=blocked:control-or-io
TICK=00056 MPC=057 EXEC_BRANCH      PC=0x0000004C SP=0x00007FF8 FLAGS=G   R0=514 R1=108 R2=0 R3=0 R4=0 R5=0 :: JZ #108
TICK=00057 MPC=058 FETCH            PC=0x00000050 SP=0x00007FF8 FLAGS=G   R0=514 R1=108 R2=0 R3=0 R4=0 R5=0 :: addr=0x0000004C header=0x00000215
TICK=00058 MPC=059 DECODE           PC=0x00000058 SP=0x00007FF8 FLAGS=G   R0=514 R1=108 R2=0 R3=0 R4=0 R5=0 :: STOREB [0xFFF8], R1 ; super=blocked:control-or-io
TICK=00059 MPC=060 EXEC_STORE_BYTE  PC=0x00000058 SP=0x00007FF8 FLAGS=G   R0=514 R1=108 R2=0 R3=0 R4=0 R5=0 :: STOREB [0xFFF8], R1
TICK=00060 MPC=061 FETCH            PC=0x0000005C SP=0x00007FF8 FLAGS=G   R0=514 R1=108 R2=0 R3=0 R4=0 R5=0 :: addr=0x00000058 header=0x00000203
TICK=00061 MPC=062 DECODE           PC=0x00000064 SP=0x00007FF8 FLAGS=G   R0=514 R1=108 R2=0 R3=0 R4=0 R5=0 :: ADD R0, #1 ; super=blocked:next-not-eligible
TICK=00062 MPC=063 EXEC_ALU_ADD     PC=0x00000064 SP=0x00007FF8 FLAGS=G   R0=515 R1=108 R2=0 R3=0 R4=0 R5=0 :: ADD R0, #1
TICK=00063 MPC=064 FETCH            PC=0x00000068 SP=0x00007FF8 FLAGS=G   R0=515 R1=108 R2=0 R3=0 R4=0 R5=0 :: addr=0x00000064 header=0x00000109
TICK=00064 MPC=065 DECODE           PC=0x0000006C SP=0x00007FF8 FLAGS=G   R0=515 R1=108 R2=0 R3=0 R4=0 R5=0 :: JMP #44 ; super=blocked:control-or-io
TICK=00065 MPC=066 EXEC_BRANCH      PC=0x0000002C SP=0x00007FF8 FLAGS=G   R0=515 R1=108 R2=0 R3=0 R4=0 R5=0 :: JMP #44
TICK=00066 MPC=067 FETCH            PC=0x00000030 SP=0x00007FF8 FLAGS=G   R0=515 R1=108 R2=0 R3=0 R4=0 R5=0 :: addr=0x0000002C header=0x00000214
TICK=00067 MPC=068 DECODE           PC=0x00000038 SP=0x00007FF8 FLAGS=G   R0=515 R1=108 R2=0 R3=0 R4=0 R5=0 :: LOADB R1, [R0] ; super=blocked:control-or-io
TICK=00068 MPC=069 EXEC_LOAD_BYTE   PC=0x00000038 SP=0x00007FF8 FLAGS=G   R0=515 R1=108 R2=0 R3=0 R4=0 R5=0 :: LOADB R1, [R0]
TICK=00069 MPC=070 FETCH            PC=0x0000003C SP=0x00007FF8 FLAGS=G   R0=515 R1=108 R2=0 R3=0 R4=0 R5=0 :: addr=0x00000038 header=0x00000208
TICK=00070 MPC=071 DECODE           PC=0x00000044 SP=0x00007FF8 FLAGS=G   R0=515 R1=108 R2=0 R3=0 R4=0 R5=0 :: CMP R1, #0 ; super=blocked:control-or-io
TICK=00071 MPC=072 EXEC_COMPARE     PC=0x00000044 SP=0x00007FF8 FLAGS=G   R0=515 R1=108 R2=0 R3=0 R4=0 R5=0 :: CMP R1, #0
TICK=00072 MPC=073 FETCH            PC=0x00000048 SP=0x00007FF8 FLAGS=G   R0=515 R1=108 R2=0 R3=0 R4=0 R5=0 :: addr=0x00000044 header=0x0000010A
TICK=00073 MPC=074 DECODE           PC=0x0000004C SP=0x00007FF8 FLAGS=G   R0=515 R1=108 R2=0 R3=0 R4=0 R5=0 :: JZ #108 ; super=blocked:control-or-io
TICK=00074 MPC=075 EXEC_BRANCH      PC=0x0000004C SP=0x00007FF8 FLAGS=G   R0=515 R1=108 R2=0 R3=0 R4=0 R5=0 :: JZ #108
TICK=00075 MPC=076 FETCH            PC=0x00000050 SP=0x00007FF8 FLAGS=G   R0=515 R1=108 R2=0 R3=0 R4=0 R5=0 :: addr=0x0000004C header=0x00000215
TICK=00076 MPC=077 DECODE           PC=0x00000058 SP=0x00007FF8 FLAGS=G   R0=515 R1=108 R2=0 R3=0 R4=0 R5=0 :: STOREB [0xFFF8], R1 ; super=blocked:control-or-io
TICK=00077 MPC=078 EXEC_STORE_BYTE  PC=0x00000058 SP=0x00007FF8 FLAGS=G   R0=515 R1=108 R2=0 R3=0 R4=0 R5=0 :: STOREB [0xFFF8], R1
TICK=00078 MPC=079 FETCH            PC=0x0000005C SP=0x00007FF8 FLAGS=G   R0=515 R1=108 R2=0 R3=0 R4=0 R5=0 :: addr=0x00000058 header=0x00000203
TICK=00079 MPC=080 DECODE           PC=0x00000064 SP=0x00007FF8 FLAGS=G   R0=515 R1=108 R2=0 R3=0 R4=0 R5=0 :: ADD R0, #1 ; super=blocked:next-not-eligible
TICK=00080 MPC=081 EXEC_ALU_ADD     PC=0x00000064 SP=0x00007FF8 FLAGS=G   R0=516 R1=108 R2=0 R3=0 R4=0 R5=0 :: ADD R0, #1
TICK=00081 MPC=082 FETCH            PC=0x00000068 SP=0x00007FF8 FLAGS=G   R0=516 R1=108 R2=0 R3=0 R4=0 R5=0 :: addr=0x00000064 header=0x00000109
TICK=00082 MPC=083 DECODE           PC=0x0000006C SP=0x00007FF8 FLAGS=G   R0=516 R1=108 R2=0 R3=0 R4=0 R5=0 :: JMP #44 ; super=blocked:control-or-io
TICK=00083 MPC=084 EXEC_BRANCH      PC=0x0000002C SP=0x00007FF8 FLAGS=G   R0=516 R1=108 R2=0 R3=0 R4=0 R5=0 :: JMP #44
TICK=00084 MPC=085 FETCH            PC=0x00000030 SP=0x00007FF8 FLAGS=G   R0=516 R1=108 R2=0 R3=0 R4=0 R5=0 :: addr=0x0000002C header=0x00000214
TICK=00085 MPC=086 DECODE           PC=0x00000038 SP=0x00007FF8 FLAGS=G   R0=516 R1=108 R2=0 R3=0 R4=0 R5=0 :: LOADB R1, [R0] ; super=blocked:control-or-io
TICK=00086 MPC=087 EXEC_LOAD_BYTE   PC=0x00000038 SP=0x00007FF8 FLAGS=G   R0=516 R1=111 R2=0 R3=0 R4=0 R5=0 :: LOADB R1, [R0]
TICK=00087 MPC=088 FETCH            PC=0x0000003C SP=0x00007FF8 FLAGS=G   R0=516 R1=111 R2=0 R3=0 R4=0 R5=0 :: addr=0x00000038 header=0x00000208
TICK=00088 MPC=089 DECODE           PC=0x00000044 SP=0x00007FF8 FLAGS=G   R0=516 R1=111 R2=0 R3=0 R4=0 R5=0 :: CMP R1, #0 ; super=blocked:control-or-io
TICK=00089 MPC=090 EXEC_COMPARE     PC=0x00000044 SP=0x00007FF8 FLAGS=G   R0=516 R1=111 R2=0 R3=0 R4=0 R5=0 :: CMP R1, #0
TICK=00090 MPC=091 FETCH            PC=0x00000048 SP=0x00007FF8 FLAGS=G   R0=516 R1=111 R2=0 R3=0 R4=0 R5=0 :: addr=0x00000044 header=0x0000010A
TICK=00091 MPC=092 DECODE           PC=0x0000004C SP=0x00007FF8 FLAGS=G   R0=516 R1=111 R2=0 R3=0 R4=0 R5=0 :: JZ #108 ; super=blocked:control-or-io
TICK=00092 MPC=093 EXEC_BRANCH      PC=0x0000004C SP=0x00007FF8 FLAGS=G   R0=516 R1=111 R2=0 R3=0 R4=0 R5=0 :: JZ #108
TICK=00093 MPC=094 FETCH            PC=0x00000050 SP=0x00007FF8 FLAGS=G   R0=516 R1=111 R2=0 R3=0 R4=0 R5=0 :: addr=0x0000004C header=0x00000215
TICK=00094 MPC=095 DECODE           PC=0x00000058 SP=0x00007FF8 FLAGS=G   R0=516 R1=111 R2=0 R3=0 R4=0 R5=0 :: STOREB [0xFFF8], R1 ; super=blocked:control-or-io
TICK=00095 MPC=096 EXEC_STORE_BYTE  PC=0x00000058 SP=0x00007FF8 FLAGS=G   R0=516 R1=111 R2=0 R3=0 R4=0 R5=0 :: STOREB [0xFFF8], R1
TICK=00096 MPC=097 FETCH            PC=0x0000005C SP=0x00007FF8 FLAGS=G   R0=516 R1=111 R2=0 R3=0 R4=0 R5=0 :: addr=0x00000058 header=0x00000203
TICK=00097 MPC=098 DECODE           PC=0x00000064 SP=0x00007FF8 FLAGS=G   R0=516 R1=111 R2=0 R3=0 R4=0 R5=0 :: ADD R0, #1 ; super=blocked:next-not-eligible
TICK=00098 MPC=099 EXEC_ALU_ADD     PC=0x00000064 SP=0x00007FF8 FLAGS=G   R0=517 R1=111 R2=0 R3=0 R4=0 R5=0 :: ADD R0, #1
TICK=00099 MPC=100 FETCH            PC=0x00000068 SP=0x00007FF8 FLAGS=G   R0=517 R1=111 R2=0 R3=0 R4=0 R5=0 :: addr=0x00000064 header=0x00000109
TICK=00100 MPC=101 DECODE           PC=0x0000006C SP=0x00007FF8 FLAGS=G   R0=517 R1=111 R2=0 R3=0 R4=0 R5=0 :: JMP #44 ; super=blocked:control-or-io
TICK=00101 MPC=102 EXEC_BRANCH      PC=0x0000002C SP=0x00007FF8 FLAGS=G   R0=517 R1=111 R2=0 R3=0 R4=0 R5=0 :: JMP #44
TICK=00102 MPC=103 FETCH            PC=0x00000030 SP=0x00007FF8 FLAGS=G   R0=517 R1=111 R2=0 R3=0 R4=0 R5=0 :: addr=0x0000002C header=0x00000214
TICK=00103 MPC=104 DECODE           PC=0x00000038 SP=0x00007FF8 FLAGS=G   R0=517 R1=111 R2=0 R3=0 R4=0 R5=0 :: LOADB R1, [R0] ; super=blocked:control-or-io
TICK=00104 MPC=105 EXEC_LOAD_BYTE   PC=0x00000038 SP=0x00007FF8 FLAGS=G   R0=517 R1=44 R2=0 R3=0 R4=0 R5=0 :: LOADB R1, [R0]
TICK=00105 MPC=106 FETCH            PC=0x0000003C SP=0x00007FF8 FLAGS=G   R0=517 R1=44 R2=0 R3=0 R4=0 R5=0 :: addr=0x00000038 header=0x00000208
TICK=00106 MPC=107 DECODE           PC=0x00000044 SP=0x00007FF8 FLAGS=G   R0=517 R1=44 R2=0 R3=0 R4=0 R5=0 :: CMP R1, #0 ; super=blocked:control-or-io
TICK=00107 MPC=108 EXEC_COMPARE     PC=0x00000044 SP=0x00007FF8 FLAGS=G   R0=517 R1=44 R2=0 R3=0 R4=0 R5=0 :: CMP R1, #0
TICK=00108 MPC=109 FETCH            PC=0x00000048 SP=0x00007FF8 FLAGS=G   R0=517 R1=44 R2=0 R3=0 R4=0 R5=0 :: addr=0x00000044 header=0x0000010A
TICK=00109 MPC=110 DECODE           PC=0x0000004C SP=0x00007FF8 FLAGS=G   R0=517 R1=44 R2=0 R3=0 R4=0 R5=0 :: JZ #108 ; super=blocked:control-or-io
TICK=00110 MPC=111 EXEC_BRANCH      PC=0x0000004C SP=0x00007FF8 FLAGS=G   R0=517 R1=44 R2=0 R3=0 R4=0 R5=0 :: JZ #108
TICK=00111 MPC=112 FETCH            PC=0x00000050 SP=0x00007FF8 FLAGS=G   R0=517 R1=44 R2=0 R3=0 R4=0 R5=0 :: addr=0x0000004C header=0x00000215
TICK=00112 MPC=113 DECODE           PC=0x00000058 SP=0x00007FF8 FLAGS=G   R0=517 R1=44 R2=0 R3=0 R4=0 R5=0 :: STOREB [0xFFF8], R1 ; super=blocked:control-or-io
TICK=00113 MPC=114 EXEC_STORE_BYTE  PC=0x00000058 SP=0x00007FF8 FLAGS=G   R0=517 R1=44 R2=0 R3=0 R4=0 R5=0 :: STOREB [0xFFF8], R1
TICK=00114 MPC=115 FETCH            PC=0x0000005C SP=0x00007FF8 FLAGS=G   R0=517 R1=44 R2=0 R3=0 R4=0 R5=0 :: addr=0x00000058 header=0x00000203
TICK=00115 MPC=116 DECODE           PC=0x00000064 SP=0x00007FF8 FLAGS=G   R0=517 R1=44 R2=0 R3=0 R4=0 R5=0 :: ADD R0, #1 ; super=blocked:next-not-eligible
TICK=00116 MPC=117 EXEC_ALU_ADD     PC=0x00000064 SP=0x00007FF8 FLAGS=G   R0=518 R1=44 R2=0 R3=0 R4=0 R5=0 :: ADD R0, #1
TICK=00117 MPC=118 FETCH            PC=0x00000068 SP=0x00007FF8 FLAGS=G   R0=518 R1=44 R2=0 R3=0 R4=0 R5=0 :: addr=0x00000064 header=0x00000109
TICK=00118 MPC=119 DECODE           PC=0x0000006C SP=0x00007FF8 FLAGS=G   R0=518 R1=44 R2=0 R3=0 R4=0 R5=0 :: JMP #44 ; super=blocked:control-or-io
TICK=00119 MPC=120 EXEC_BRANCH      PC=0x0000002C SP=0x00007FF8 FLAGS=G   R0=518 R1=44 R2=0 R3=0 R4=0 R5=0 :: JMP #44
TICK=00120 MPC=121 FETCH            PC=0x00000030 SP=0x00007FF8 FLAGS=G   R0=518 R1=44 R2=0 R3=0 R4=0 R5=0 :: addr=0x0000002C header=0x00000214
TICK=00121 MPC=122 DECODE           PC=0x00000038 SP=0x00007FF8 FLAGS=G   R0=518 R1=44 R2=0 R3=0 R4=0 R5=0 :: LOADB R1, [R0] ; super=blocked:control-or-io
TICK=00122 MPC=123 EXEC_LOAD_BYTE   PC=0x00000038 SP=0x00007FF8 FLAGS=G   R0=518 R1=32 R2=0 R3=0 R4=0 R5=0 :: LOADB R1, [R0]
TICK=00123 MPC=124 FETCH            PC=0x0000003C SP=0x00007FF8 FLAGS=G   R0=518 R1=32 R2=0 R3=0 R4=0 R5=0 :: addr=0x00000038 header=0x00000208
TICK=00124 MPC=125 DECODE           PC=0x00000044 SP=0x00007FF8 FLAGS=G   R0=518 R1=32 R2=0 R3=0 R4=0 R5=0 :: CMP R1, #0 ; super=blocked:control-or-io
TICK=00125 MPC=126 EXEC_COMPARE     PC=0x00000044 SP=0x00007FF8 FLAGS=G   R0=518 R1=32 R2=0 R3=0 R4=0 R5=0 :: CMP R1, #0
TICK=00126 MPC=127 FETCH            PC=0x00000048 SP=0x00007FF8 FLAGS=G   R0=518 R1=32 R2=0 R3=0 R4=0 R5=0 :: addr=0x00000044 header=0x0000010A
TICK=00127 MPC=128 DECODE           PC=0x0000004C SP=0x00007FF8 FLAGS=G   R0=518 R1=32 R2=0 R3=0 R4=0 R5=0 :: JZ #108 ; super=blocked:control-or-io
TICK=00128 MPC=129 EXEC_BRANCH      PC=0x0000004C SP=0x00007FF8 FLAGS=G   R0=518 R1=32 R2=0 R3=0 R4=0 R5=0 :: JZ #108
TICK=00129 MPC=130 FETCH            PC=0x00000050 SP=0x00007FF8 FLAGS=G   R0=518 R1=32 R2=0 R3=0 R4=0 R5=0 :: addr=0x0000004C header=0x00000215
TICK=00130 MPC=131 DECODE           PC=0x00000058 SP=0x00007FF8 FLAGS=G   R0=518 R1=32 R2=0 R3=0 R4=0 R5=0 :: STOREB [0xFFF8], R1 ; super=blocked:control-or-io
TICK=00131 MPC=132 EXEC_STORE_BYTE  PC=0x00000058 SP=0x00007FF8 FLAGS=G   R0=518 R1=32 R2=0 R3=0 R4=0 R5=0 :: STOREB [0xFFF8], R1
TICK=00132 MPC=133 FETCH            PC=0x0000005C SP=0x00007FF8 FLAGS=G   R0=518 R1=32 R2=0 R3=0 R4=0 R5=0 :: addr=0x00000058 header=0x00000203
TICK=00133 MPC=134 DECODE           PC=0x00000064 SP=0x00007FF8 FLAGS=G   R0=518 R1=32 R2=0 R3=0 R4=0 R5=0 :: ADD R0, #1 ; super=blocked:next-not-eligible
TICK=00134 MPC=135 EXEC_ALU_ADD     PC=0x00000064 SP=0x00007FF8 FLAGS=G   R0=519 R1=32 R2=0 R3=0 R4=0 R5=0 :: ADD R0, #1
TICK=00135 MPC=136 FETCH            PC=0x00000068 SP=0x00007FF8 FLAGS=G   R0=519 R1=32 R2=0 R3=0 R4=0 R5=0 :: addr=0x00000064 header=0x00000109
TICK=00136 MPC=137 DECODE           PC=0x0000006C SP=0x00007FF8 FLAGS=G   R0=519 R1=32 R2=0 R3=0 R4=0 R5=0 :: JMP #44 ; super=blocked:control-or-io
TICK=00137 MPC=138 EXEC_BRANCH      PC=0x0000002C SP=0x00007FF8 FLAGS=G   R0=519 R1=32 R2=0 R3=0 R4=0 R5=0 :: JMP #44
TICK=00138 MPC=139 FETCH            PC=0x00000030 SP=0x00007FF8 FLAGS=G   R0=519 R1=32 R2=0 R3=0 R4=0 R5=0 :: addr=0x0000002C header=0x00000214
TICK=00139 MPC=140 DECODE           PC=0x00000038 SP=0x00007FF8 FLAGS=G   R0=519 R1=32 R2=0 R3=0 R4=0 R5=0 :: LOADB R1, [R0] ; super=blocked:control-or-io
TICK=00140 MPC=141 EXEC_LOAD_BYTE   PC=0x00000038 SP=0x00007FF8 FLAGS=G   R0=519 R1=119 R2=0 R3=0 R4=0 R5=0 :: LOADB R1, [R0]
TICK=00141 MPC=142 FETCH            PC=0x0000003C SP=0x00007FF8 FLAGS=G   R0=519 R1=119 R2=0 R3=0 R4=0 R5=0 :: addr=0x00000038 header=0x00000208
TICK=00142 MPC=143 DECODE           PC=0x00000044 SP=0x00007FF8 FLAGS=G   R0=519 R1=119 R2=0 R3=0 R4=0 R5=0 :: CMP R1, #0 ; super=blocked:control-or-io
TICK=00143 MPC=144 EXEC_COMPARE     PC=0x00000044 SP=0x00007FF8 FLAGS=G   R0=519 R1=119 R2=0 R3=0 R4=0 R5=0 :: CMP R1, #0
TICK=00144 MPC=145 FETCH            PC=0x00000048 SP=0x00007FF8 FLAGS=G   R0=519 R1=119 R2=0 R3=0 R4=0 R5=0 :: addr=0x00000044 header=0x0000010A
TICK=00145 MPC=146 DECODE           PC=0x0000004C SP=0x00007FF8 FLAGS=G   R0=519 R1=119 R2=0 R3=0 R4=0 R5=0 :: JZ #108 ; super=blocked:control-or-io
TICK=00146 MPC=147 EXEC_BRANCH      PC=0x0000004C SP=0x00007FF8 FLAGS=G   R0=519 R1=119 R2=0 R3=0 R4=0 R5=0 :: JZ #108
TICK=00147 MPC=148 FETCH            PC=0x00000050 SP=0x00007FF8 FLAGS=G   R0=519 R1=119 R2=0 R3=0 R4=0 R5=0 :: addr=0x0000004C header=0x00000215
TICK=00148 MPC=149 DECODE           PC=0x00000058 SP=0x00007FF8 FLAGS=G   R0=519 R1=119 R2=0 R3=0 R4=0 R5=0 :: STOREB [0xFFF8], R1 ; super=blocked:control-or-io
TICK=00149 MPC=150 EXEC_STORE_BYTE  PC=0x00000058 SP=0x00007FF8 FLAGS=G   R0=519 R1=119 R2=0 R3=0 R4=0 R5=0 :: STOREB [0xFFF8], R1
TICK=00150 MPC=151 FETCH            PC=0x0000005C SP=0x00007FF8 FLAGS=G   R0=519 R1=119 R2=0 R3=0 R4=0 R5=0 :: addr=0x00000058 header=0x00000203
TICK=00151 MPC=152 DECODE           PC=0x00000064 SP=0x00007FF8 FLAGS=G   R0=519 R1=119 R2=0 R3=0 R4=0 R5=0 :: ADD R0, #1 ; super=blocked:next-not-eligible
TICK=00152 MPC=153 EXEC_ALU_ADD     PC=0x00000064 SP=0x00007FF8 FLAGS=G   R0=520 R1=119 R2=0 R3=0 R4=0 R5=0 :: ADD R0, #1
TICK=00153 MPC=154 FETCH            PC=0x00000068 SP=0x00007FF8 FLAGS=G   R0=520 R1=119 R2=0 R3=0 R4=0 R5=0 :: addr=0x00000064 header=0x00000109
TICK=00154 MPC=155 DECODE           PC=0x0000006C SP=0x00007FF8 FLAGS=G   R0=520 R1=119 R2=0 R3=0 R4=0 R5=0 :: JMP #44 ; super=blocked:control-or-io
TICK=00155 MPC=156 EXEC_BRANCH      PC=0x0000002C SP=0x00007FF8 FLAGS=G   R0=520 R1=119 R2=0 R3=0 R4=0 R5=0 :: JMP #44
TICK=00156 MPC=157 FETCH            PC=0x00000030 SP=0x00007FF8 FLAGS=G   R0=520 R1=119 R2=0 R3=0 R4=0 R5=0 :: addr=0x0000002C header=0x00000214
TICK=00157 MPC=158 DECODE           PC=0x00000038 SP=0x00007FF8 FLAGS=G   R0=520 R1=119 R2=0 R3=0 R4=0 R5=0 :: LOADB R1, [R0] ; super=blocked:control-or-io
TICK=00158 MPC=159 EXEC_LOAD_BYTE   PC=0x00000038 SP=0x00007FF8 FLAGS=G   R0=520 R1=111 R2=0 R3=0 R4=0 R5=0 :: LOADB R1, [R0]
TICK=00159 MPC=160 FETCH            PC=0x0000003C SP=0x00007FF8 FLAGS=G   R0=520 R1=111 R2=0 R3=0 R4=0 R5=0 :: addr=0x00000038 header=0x00000208
TICK=00160 MPC=161 DECODE           PC=0x00000044 SP=0x00007FF8 FLAGS=G   R0=520 R1=111 R2=0 R3=0 R4=0 R5=0 :: CMP R1, #0 ; super=blocked:control-or-io
TICK=00161 MPC=162 EXEC_COMPARE     PC=0x00000044 SP=0x00007FF8 FLAGS=G   R0=520 R1=111 R2=0 R3=0 R4=0 R5=0 :: CMP R1, #0
TICK=00162 MPC=163 FETCH            PC=0x00000048 SP=0x00007FF8 FLAGS=G   R0=520 R1=111 R2=0 R3=0 R4=0 R5=0 :: addr=0x00000044 header=0x0000010A
TICK=00163 MPC=164 DECODE           PC=0x0000004C SP=0x00007FF8 FLAGS=G   R0=520 R1=111 R2=0 R3=0 R4=0 R5=0 :: JZ #108 ; super=blocked:control-or-io
TICK=00164 MPC=165 EXEC_BRANCH      PC=0x0000004C SP=0x00007FF8 FLAGS=G   R0=520 R1=111 R2=0 R3=0 R4=0 R5=0 :: JZ #108
TICK=00165 MPC=166 FETCH            PC=0x00000050 SP=0x00007FF8 FLAGS=G   R0=520 R1=111 R2=0 R3=0 R4=0 R5=0 :: addr=0x0000004C header=0x00000215
TICK=00166 MPC=167 DECODE           PC=0x00000058 SP=0x00007FF8 FLAGS=G   R0=520 R1=111 R2=0 R3=0 R4=0 R5=0 :: STOREB [0xFFF8], R1 ; super=blocked:control-or-io
TICK=00167 MPC=168 EXEC_STORE_BYTE  PC=0x00000058 SP=0x00007FF8 FLAGS=G   R0=520 R1=111 R2=0 R3=0 R4=0 R5=0 :: STOREB [0xFFF8], R1
TICK=00168 MPC=169 FETCH            PC=0x0000005C SP=0x00007FF8 FLAGS=G   R0=520 R1=111 R2=0 R3=0 R4=0 R5=0 :: addr=0x00000058 header=0x00000203
TICK=00169 MPC=170 DECODE           PC=0x00000064 SP=0x00007FF8 FLAGS=G   R0=520 R1=111 R2=0 R3=0 R4=0 R5=0 :: ADD R0, #1 ; super=blocked:next-not-eligible
TICK=00170 MPC=171 EXEC_ALU_ADD     PC=0x00000064 SP=0x00007FF8 FLAGS=G   R0=521 R1=111 R2=0 R3=0 R4=0 R5=0 :: ADD R0, #1
TICK=00171 MPC=172 FETCH            PC=0x00000068 SP=0x00007FF8 FLAGS=G   R0=521 R1=111 R2=0 R3=0 R4=0 R5=0 :: addr=0x00000064 header=0x00000109
TICK=00172 MPC=173 DECODE           PC=0x0000006C SP=0x00007FF8 FLAGS=G   R0=521 R1=111 R2=0 R3=0 R4=0 R5=0 :: JMP #44 ; super=blocked:control-or-io
TICK=00173 MPC=174 EXEC_BRANCH      PC=0x0000002C SP=0x00007FF8 FLAGS=G   R0=521 R1=111 R2=0 R3=0 R4=0 R5=0 :: JMP #44
TICK=00174 MPC=175 FETCH            PC=0x00000030 SP=0x00007FF8 FLAGS=G   R0=521 R1=111 R2=0 R3=0 R4=0 R5=0 :: addr=0x0000002C header=0x00000214
TICK=00175 MPC=176 DECODE           PC=0x00000038 SP=0x00007FF8 FLAGS=G   R0=521 R1=111 R2=0 R3=0 R4=0 R5=0 :: LOADB R1, [R0] ; super=blocked:control-or-io
TICK=00176 MPC=177 EXEC_LOAD_BYTE   PC=0x00000038 SP=0x00007FF8 FLAGS=G   R0=521 R1=114 R2=0 R3=0 R4=0 R5=0 :: LOADB R1, [R0]
TICK=00177 MPC=178 FETCH            PC=0x0000003C SP=0x00007FF8 FLAGS=G   R0=521 R1=114 R2=0 R3=0 R4=0 R5=0 :: addr=0x00000038 header=0x00000208
TICK=00178 MPC=179 DECODE           PC=0x00000044 SP=0x00007FF8 FLAGS=G   R0=521 R1=114 R2=0 R3=0 R4=0 R5=0 :: CMP R1, #0 ; super=blocked:control-or-io
TICK=00179 MPC=180 EXEC_COMPARE     PC=0x00000044 SP=0x00007FF8 FLAGS=G   R0=521 R1=114 R2=0 R3=0 R4=0 R5=0 :: CMP R1, #0
TICK=00180 MPC=181 FETCH            PC=0x00000048 SP=0x00007FF8 FLAGS=G   R0=521 R1=114 R2=0 R3=0 R4=0 R5=0 :: addr=0x00000044 header=0x0000010A
TICK=00181 MPC=182 DECODE           PC=0x0000004C SP=0x00007FF8 FLAGS=G   R0=521 R1=114 R2=0 R3=0 R4=0 R5=0 :: JZ #108 ; super=blocked:control-or-io
TICK=00182 MPC=183 EXEC_BRANCH      PC=0x0000004C SP=0x00007FF8 FLAGS=G   R0=521 R1=114 R2=0 R3=0 R4=0 R5=0 :: JZ #108
TICK=00183 MPC=184 FETCH            PC=0x00000050 SP=0x00007FF8 FLAGS=G   R0=521 R1=114 R2=0 R3=0 R4=0 R5=0 :: addr=0x0000004C header=0x00000215
TICK=00184 MPC=185 DECODE           PC=0x00000058 SP=0x00007FF8 FLAGS=G   R0=521 R1=114 R2=0 R3=0 R4=0 R5=0 :: STOREB [0xFFF8], R1 ; super=blocked:control-or-io
TICK=00185 MPC=186 EXEC_STORE_BYTE  PC=0x00000058 SP=0x00007FF8 FLAGS=G   R0=521 R1=114 R2=0 R3=0 R4=0 R5=0 :: STOREB [0xFFF8], R1
TICK=00186 MPC=187 FETCH            PC=0x0000005C SP=0x00007FF8 FLAGS=G   R0=521 R1=114 R2=0 R3=0 R4=0 R5=0 :: addr=0x00000058 header=0x00000203
TICK=00187 MPC=188 DECODE           PC=0x00000064 SP=0x00007FF8 FLAGS=G   R0=521 R1=114 R2=0 R3=0 R4=0 R5=0 :: ADD R0, #1 ; super=blocked:next-not-eligible
TICK=00188 MPC=189 EXEC_ALU_ADD     PC=0x00000064 SP=0x00007FF8 FLAGS=G   R0=522 R1=114 R2=0 R3=0 R4=0 R5=0 :: ADD R0, #1
TICK=00189 MPC=190 FETCH            PC=0x00000068 SP=0x00007FF8 FLAGS=G   R0=522 R1=114 R2=0 R3=0 R4=0 R5=0 :: addr=0x00000064 header=0x00000109
TICK=00190 MPC=191 DECODE           PC=0x0000006C SP=0x00007FF8 FLAGS=G   R0=522 R1=114 R2=0 R3=0 R4=0 R5=0 :: JMP #44 ; super=blocked:control-or-io
TICK=00191 MPC=192 EXEC_BRANCH      PC=0x0000002C SP=0x00007FF8 FLAGS=G   R0=522 R1=114 R2=0 R3=0 R4=0 R5=0 :: JMP #44
TICK=00192 MPC=193 FETCH            PC=0x00000030 SP=0x00007FF8 FLAGS=G   R0=522 R1=114 R2=0 R3=0 R4=0 R5=0 :: addr=0x0000002C header=0x00000214
TICK=00193 MPC=194 DECODE           PC=0x00000038 SP=0x00007FF8 FLAGS=G   R0=522 R1=114 R2=0 R3=0 R4=0 R5=0 :: LOADB R1, [R0] ; super=blocked:control-or-io
TICK=00194 MPC=195 EXEC_LOAD_BYTE   PC=0x00000038 SP=0x00007FF8 FLAGS=G   R0=522 R1=108 R2=0 R3=0 R4=0 R5=0 :: LOADB R1, [R0]
TICK=00195 MPC=196 FETCH            PC=0x0000003C SP=0x00007FF8 FLAGS=G   R0=522 R1=108 R2=0 R3=0 R4=0 R5=0 :: addr=0x00000038 header=0x00000208
TICK=00196 MPC=197 DECODE           PC=0x00000044 SP=0x00007FF8 FLAGS=G   R0=522 R1=108 R2=0 R3=0 R4=0 R5=0 :: CMP R1, #0 ; super=blocked:control-or-io
TICK=00197 MPC=198 EXEC_COMPARE     PC=0x00000044 SP=0x00007FF8 FLAGS=G   R0=522 R1=108 R2=0 R3=0 R4=0 R5=0 :: CMP R1, #0
TICK=00198 MPC=199 FETCH            PC=0x00000048 SP=0x00007FF8 FLAGS=G   R0=522 R1=108 R2=0 R3=0 R4=0 R5=0 :: addr=0x00000044 header=0x0000010A
TICK=00199 MPC=200 DECODE           PC=0x0000004C SP=0x00007FF8 FLAGS=G   R0=522 R1=108 R2=0 R3=0 R4=0 R5=0 :: JZ #108 ; super=blocked:control-or-io
TICK=00200 MPC=201 EXEC_BRANCH      PC=0x0000004C SP=0x00007FF8 FLAGS=G   R0=522 R1=108 R2=0 R3=0 R4=0 R5=0 :: JZ #108
TICK=00201 MPC=202 FETCH            PC=0x00000050 SP=0x00007FF8 FLAGS=G   R0=522 R1=108 R2=0 R3=0 R4=0 R5=0 :: addr=0x0000004C header=0x00000215
TICK=00202 MPC=203 DECODE           PC=0x00000058 SP=0x00007FF8 FLAGS=G   R0=522 R1=108 R2=0 R3=0 R4=0 R5=0 :: STOREB [0xFFF8], R1 ; super=blocked:control-or-io
TICK=00203 MPC=204 EXEC_STORE_BYTE  PC=0x00000058 SP=0x00007FF8 FLAGS=G   R0=522 R1=108 R2=0 R3=0 R4=0 R5=0 :: STOREB [0xFFF8], R1
TICK=00204 MPC=205 FETCH            PC=0x0000005C SP=0x00007FF8 FLAGS=G   R0=522 R1=108 R2=0 R3=0 R4=0 R5=0 :: addr=0x00000058 header=0x00000203
TICK=00205 MPC=206 DECODE           PC=0x00000064 SP=0x00007FF8 FLAGS=G   R0=522 R1=108 R2=0 R3=0 R4=0 R5=0 :: ADD R0, #1 ; super=blocked:next-not-eligible
TICK=00206 MPC=207 EXEC_ALU_ADD     PC=0x00000064 SP=0x00007FF8 FLAGS=G   R0=523 R1=108 R2=0 R3=0 R4=0 R5=0 :: ADD R0, #1
TICK=00207 MPC=208 FETCH            PC=0x00000068 SP=0x00007FF8 FLAGS=G   R0=523 R1=108 R2=0 R3=0 R4=0 R5=0 :: addr=0x00000064 header=0x00000109
TICK=00208 MPC=209 DECODE           PC=0x0000006C SP=0x00007FF8 FLAGS=G   R0=523 R1=108 R2=0 R3=0 R4=0 R5=0 :: JMP #44 ; super=blocked:control-or-io
TICK=00209 MPC=210 EXEC_BRANCH      PC=0x0000002C SP=0x00007FF8 FLAGS=G   R0=523 R1=108 R2=0 R3=0 R4=0 R5=0 :: JMP #44
TICK=00210 MPC=211 FETCH            PC=0x00000030 SP=0x00007FF8 FLAGS=G   R0=523 R1=108 R2=0 R3=0 R4=0 R5=0 :: addr=0x0000002C header=0x00000214
TICK=00211 MPC=212 DECODE           PC=0x00000038 SP=0x00007FF8 FLAGS=G   R0=523 R1=108 R2=0 R3=0 R4=0 R5=0 :: LOADB R1, [R0] ; super=blocked:control-or-io
TICK=00212 MPC=213 EXEC_LOAD_BYTE   PC=0x00000038 SP=0x00007FF8 FLAGS=G   R0=523 R1=100 R2=0 R3=0 R4=0 R5=0 :: LOADB R1, [R0]
TICK=00213 MPC=214 FETCH            PC=0x0000003C SP=0x00007FF8 FLAGS=G   R0=523 R1=100 R2=0 R3=0 R4=0 R5=0 :: addr=0x00000038 header=0x00000208
TICK=00214 MPC=215 DECODE           PC=0x00000044 SP=0x00007FF8 FLAGS=G   R0=523 R1=100 R2=0 R3=0 R4=0 R5=0 :: CMP R1, #0 ; super=blocked:control-or-io
TICK=00215 MPC=216 EXEC_COMPARE     PC=0x00000044 SP=0x00007FF8 FLAGS=G   R0=523 R1=100 R2=0 R3=0 R4=0 R5=0 :: CMP R1, #0
TICK=00216 MPC=217 FETCH            PC=0x00000048 SP=0x00007FF8 FLAGS=G   R0=523 R1=100 R2=0 R3=0 R4=0 R5=0 :: addr=0x00000044 header=0x0000010A
TICK=00217 MPC=218 DECODE           PC=0x0000004C SP=0x00007FF8 FLAGS=G   R0=523 R1=100 R2=0 R3=0 R4=0 R5=0 :: JZ #108 ; super=blocked:control-or-io
TICK=00218 MPC=219 EXEC_BRANCH      PC=0x0000004C SP=0x00007FF8 FLAGS=G   R0=523 R1=100 R2=0 R3=0 R4=0 R5=0 :: JZ #108
TICK=00219 MPC=220 FETCH            PC=0x00000050 SP=0x00007FF8 FLAGS=G   R0=523 R1=100 R2=0 R3=0 R4=0 R5=0 :: addr=0x0000004C header=0x00000215
TICK=00220 MPC=221 DECODE           PC=0x00000058 SP=0x00007FF8 FLAGS=G   R0=523 R1=100 R2=0 R3=0 R4=0 R5=0 :: STOREB [0xFFF8], R1 ; super=blocked:control-or-io
TICK=00221 MPC=222 EXEC_STORE_BYTE  PC=0x00000058 SP=0x00007FF8 FLAGS=G   R0=523 R1=100 R2=0 R3=0 R4=0 R5=0 :: STOREB [0xFFF8], R1
TICK=00222 MPC=223 FETCH            PC=0x0000005C SP=0x00007FF8 FLAGS=G   R0=523 R1=100 R2=0 R3=0 R4=0 R5=0 :: addr=0x00000058 header=0x00000203
TICK=00223 MPC=224 DECODE           PC=0x00000064 SP=0x00007FF8 FLAGS=G   R0=523 R1=100 R2=0 R3=0 R4=0 R5=0 :: ADD R0, #1 ; super=blocked:next-not-eligible
TICK=00224 MPC=225 EXEC_ALU_ADD     PC=0x00000064 SP=0x00007FF8 FLAGS=G   R0=524 R1=100 R2=0 R3=0 R4=0 R5=0 :: ADD R0, #1
TICK=00225 MPC=226 FETCH            PC=0x00000068 SP=0x00007FF8 FLAGS=G   R0=524 R1=100 R2=0 R3=0 R4=0 R5=0 :: addr=0x00000064 header=0x00000109
TICK=00226 MPC=227 DECODE           PC=0x0000006C SP=0x00007FF8 FLAGS=G   R0=524 R1=100 R2=0 R3=0 R4=0 R5=0 :: JMP #44 ; super=blocked:control-or-io
TICK=00227 MPC=228 EXEC_BRANCH      PC=0x0000002C SP=0x00007FF8 FLAGS=G   R0=524 R1=100 R2=0 R3=0 R4=0 R5=0 :: JMP #44
TICK=00228 MPC=229 FETCH            PC=0x00000030 SP=0x00007FF8 FLAGS=G   R0=524 R1=100 R2=0 R3=0 R4=0 R5=0 :: addr=0x0000002C header=0x00000214
TICK=00229 MPC=230 DECODE           PC=0x00000038 SP=0x00007FF8 FLAGS=G   R0=524 R1=100 R2=0 R3=0 R4=0 R5=0 :: LOADB R1, [R0] ; super=blocked:control-or-io
TICK=00230 MPC=231 EXEC_LOAD_BYTE   PC=0x00000038 SP=0x00007FF8 FLAGS=G   R0=524 R1=33 R2=0 R3=0 R4=0 R5=0 :: LOADB R1, [R0]
TICK=00231 MPC=232 FETCH            PC=0x0000003C SP=0x00007FF8 FLAGS=G   R0=524 R1=33 R2=0 R3=0 R4=0 R5=0 :: addr=0x00000038 header=0x00000208
TICK=00232 MPC=233 DECODE           PC=0x00000044 SP=0x00007FF8 FLAGS=G   R0=524 R1=33 R2=0 R3=0 R4=0 R5=0 :: CMP R1, #0 ; super=blocked:control-or-io
TICK=00233 MPC=234 EXEC_COMPARE     PC=0x00000044 SP=0x00007FF8 FLAGS=G   R0=524 R1=33 R2=0 R3=0 R4=0 R5=0 :: CMP R1, #0
TICK=00234 MPC=235 FETCH            PC=0x00000048 SP=0x00007FF8 FLAGS=G   R0=524 R1=33 R2=0 R3=0 R4=0 R5=0 :: addr=0x00000044 header=0x0000010A
TICK=00235 MPC=236 DECODE           PC=0x0000004C SP=0x00007FF8 FLAGS=G   R0=524 R1=33 R2=0 R3=0 R4=0 R5=0 :: JZ #108 ; super=blocked:control-or-io
TICK=00236 MPC=237 EXEC_BRANCH      PC=0x0000004C SP=0x00007FF8 FLAGS=G   R0=524 R1=33 R2=0 R3=0 R4=0 R5=0 :: JZ #108
TICK=00237 MPC=238 FETCH            PC=0x00000050 SP=0x00007FF8 FLAGS=G   R0=524 R1=33 R2=0 R3=0 R4=0 R5=0 :: addr=0x0000004C header=0x00000215
TICK=00238 MPC=239 DECODE           PC=0x00000058 SP=0x00007FF8 FLAGS=G   R0=524 R1=33 R2=0 R3=0 R4=0 R5=0 :: STOREB [0xFFF8], R1 ; super=blocked:control-or-io
TICK=00239 MPC=240 EXEC_STORE_BYTE  PC=0x00000058 SP=0x00007FF8 FLAGS=G   R0=524 R1=33 R2=0 R3=0 R4=0 R5=0 :: STOREB [0xFFF8], R1
TICK=00240 MPC=241 FETCH            PC=0x0000005C SP=0x00007FF8 FLAGS=G   R0=524 R1=33 R2=0 R3=0 R4=0 R5=0 :: addr=0x00000058 header=0x00000203
TICK=00241 MPC=242 DECODE           PC=0x00000064 SP=0x00007FF8 FLAGS=G   R0=524 R1=33 R2=0 R3=0 R4=0 R5=0 :: ADD R0, #1 ; super=blocked:next-not-eligible
TICK=00242 MPC=243 EXEC_ALU_ADD     PC=0x00000064 SP=0x00007FF8 FLAGS=G   R0=525 R1=33 R2=0 R3=0 R4=0 R5=0 :: ADD R0, #1
TICK=00243 MPC=244 FETCH            PC=0x00000068 SP=0x00007FF8 FLAGS=G   R0=525 R1=33 R2=0 R3=0 R4=0 R5=0 :: addr=0x00000064 header=0x00000109
TICK=00244 MPC=245 DECODE           PC=0x0000006C SP=0x00007FF8 FLAGS=G   R0=525 R1=33 R2=0 R3=0 R4=0 R5=0 :: JMP #44 ; super=blocked:control-or-io
TICK=00245 MPC=246 EXEC_BRANCH      PC=0x0000002C SP=0x00007FF8 FLAGS=G   R0=525 R1=33 R2=0 R3=0 R4=0 R5=0 :: JMP #44
TICK=00246 MPC=247 FETCH            PC=0x00000030 SP=0x00007FF8 FLAGS=G   R0=525 R1=33 R2=0 R3=0 R4=0 R5=0 :: addr=0x0000002C header=0x00000214
TICK=00247 MPC=248 DECODE           PC=0x00000038 SP=0x00007FF8 FLAGS=G   R0=525 R1=33 R2=0 R3=0 R4=0 R5=0 :: LOADB R1, [R0] ; super=blocked:control-or-io
TICK=00248 MPC=249 EXEC_LOAD_BYTE   PC=0x00000038 SP=0x00007FF8 FLAGS=G   R0=525 R1=10 R2=0 R3=0 R4=0 R5=0 :: LOADB R1, [R0]
TICK=00249 MPC=250 FETCH            PC=0x0000003C SP=0x00007FF8 FLAGS=G   R0=525 R1=10 R2=0 R3=0 R4=0 R5=0 :: addr=0x00000038 header=0x00000208
TICK=00250 MPC=251 DECODE           PC=0x00000044 SP=0x00007FF8 FLAGS=G   R0=525 R1=10 R2=0 R3=0 R4=0 R5=0 :: CMP R1, #0 ; super=blocked:control-or-io
TICK=00251 MPC=252 EXEC_COMPARE     PC=0x00000044 SP=0x00007FF8 FLAGS=G   R0=525 R1=10 R2=0 R3=0 R4=0 R5=0 :: CMP R1, #0
TICK=00252 MPC=253 FETCH            PC=0x00000048 SP=0x00007FF8 FLAGS=G   R0=525 R1=10 R2=0 R3=0 R4=0 R5=0 :: addr=0x00000044 header=0x0000010A
TICK=00253 MPC=254 DECODE           PC=0x0000004C SP=0x00007FF8 FLAGS=G   R0=525 R1=10 R2=0 R3=0 R4=0 R5=0 :: JZ #108 ; super=blocked:control-or-io
TICK=00254 MPC=255 EXEC_BRANCH      PC=0x0000004C SP=0x00007FF8 FLAGS=G   R0=525 R1=10 R2=0 R3=0 R4=0 R5=0 :: JZ #108
TICK=00255 MPC=256 FETCH            PC=0x00000050 SP=0x00007FF8 FLAGS=G   R0=525 R1=10 R2=0 R3=0 R4=0 R5=0 :: addr=0x0000004C header=0x00000215
TICK=00256 MPC=257 DECODE           PC=0x00000058 SP=0x00007FF8 FLAGS=G   R0=525 R1=10 R2=0 R3=0 R4=0 R5=0 :: STOREB [0xFFF8], R1 ; super=blocked:control-or-io
TICK=00257 MPC=258 EXEC_STORE_BYTE  PC=0x00000058 SP=0x00007FF8 FLAGS=G   R0=525 R1=10 R2=0 R3=0 R4=0 R5=0 :: STOREB [0xFFF8], R1
TICK=00258 MPC=259 FETCH            PC=0x0000005C SP=0x00007FF8 FLAGS=G   R0=525 R1=10 R2=0 R3=0 R4=0 R5=0 :: addr=0x00000058 header=0x00000203
TICK=00259 MPC=260 DECODE           PC=0x00000064 SP=0x00007FF8 FLAGS=G   R0=525 R1=10 R2=0 R3=0 R4=0 R5=0 :: ADD R0, #1 ; super=blocked:next-not-eligible
TICK=00260 MPC=261 EXEC_ALU_ADD     PC=0x00000064 SP=0x00007FF8 FLAGS=G   R0=526 R1=10 R2=0 R3=0 R4=0 R5=0 :: ADD R0, #1
TICK=00261 MPC=262 FETCH            PC=0x00000068 SP=0x00007FF8 FLAGS=G   R0=526 R1=10 R2=0 R3=0 R4=0 R5=0 :: addr=0x00000064 header=0x00000109
TICK=00262 MPC=263 DECODE           PC=0x0000006C SP=0x00007FF8 FLAGS=G   R0=526 R1=10 R2=0 R3=0 R4=0 R5=0 :: JMP #44 ; super=blocked:control-or-io
TICK=00263 MPC=264 EXEC_BRANCH      PC=0x0000002C SP=0x00007FF8 FLAGS=G   R0=526 R1=10 R2=0 R3=0 R4=0 R5=0 :: JMP #44
TICK=00264 MPC=265 FETCH            PC=0x00000030 SP=0x00007FF8 FLAGS=G   R0=526 R1=10 R2=0 R3=0 R4=0 R5=0 :: addr=0x0000002C header=0x00000214
TICK=00265 MPC=266 DECODE           PC=0x00000038 SP=0x00007FF8 FLAGS=G   R0=526 R1=10 R2=0 R3=0 R4=0 R5=0 :: LOADB R1, [R0] ; super=blocked:control-or-io
TICK=00266 MPC=267 EXEC_LOAD_BYTE   PC=0x00000038 SP=0x00007FF8 FLAGS=G   R0=526 R1=0 R2=0 R3=0 R4=0 R5=0 :: LOADB R1, [R0]
TICK=00267 MPC=268 FETCH            PC=0x0000003C SP=0x00007FF8 FLAGS=G   R0=526 R1=0 R2=0 R3=0 R4=0 R5=0 :: addr=0x00000038 header=0x00000208
TICK=00268 MPC=269 DECODE           PC=0x00000044 SP=0x00007FF8 FLAGS=G   R0=526 R1=0 R2=0 R3=0 R4=0 R5=0 :: CMP R1, #0 ; super=blocked:control-or-io
TICK=00269 MPC=270 EXEC_COMPARE     PC=0x00000044 SP=0x00007FF8 FLAGS=Z   R0=526 R1=0 R2=0 R3=0 R4=0 R5=0 :: CMP R1, #0
TICK=00270 MPC=271 FETCH            PC=0x00000048 SP=0x00007FF8 FLAGS=Z   R0=526 R1=0 R2=0 R3=0 R4=0 R5=0 :: addr=0x00000044 header=0x0000010A
TICK=00271 MPC=272 DECODE           PC=0x0000004C SP=0x00007FF8 FLAGS=Z   R0=526 R1=0 R2=0 R3=0 R4=0 R5=0 :: JZ #108 ; super=blocked:control-or-io
TICK=00272 MPC=273 EXEC_BRANCH      PC=0x0000006C SP=0x00007FF8 FLAGS=Z   R0=526 R1=0 R2=0 R3=0 R4=0 R5=0 :: JZ #108
TICK=00273 MPC=274 FETCH            PC=0x00000070 SP=0x00007FF8 FLAGS=Z   R0=526 R1=0 R2=0 R3=0 R4=0 R5=0 :: addr=0x0000006C header=0x00000111
TICK=00274 MPC=275 DECODE           PC=0x00000074 SP=0x00007FF8 FLAGS=Z   R0=526 R1=0 R2=0 R3=0 R4=0 R5=0 :: POP R1 ; super=blocked:control-or-io
TICK=00275 MPC=276 EXEC_STACK_READ  PC=0x00000074 SP=0x00007FFC FLAGS=Z   R0=526 R1=0 R2=0 R3=0 R4=0 R5=0 :: POP R1
TICK=00276 MPC=277 FETCH            PC=0x00000078 SP=0x00007FFC FLAGS=Z   R0=526 R1=0 R2=0 R3=0 R4=0 R5=0 :: addr=0x00000074 header=0x00000013
TICK=00277 MPC=278 DECODE           PC=0x00000078 SP=0x00007FFC FLAGS=Z   R0=526 R1=0 R2=0 R3=0 R4=0 R5=0 :: RET ; super=blocked:control-or-io
TICK=00278 MPC=279 EXEC_RET         PC=0x00000020 SP=0x00008000 FLAGS=Z   R0=526 R1=0 R2=0 R3=0 R4=0 R5=0 :: RET
TICK=00279 MPC=280 FETCH            PC=0x00000024 SP=0x00008000 FLAGS=Z   R0=526 R1=0 R2=0 R3=0 R4=0 R5=0 :: addr=0x00000020 header=0x00000001
TICK=00280 MPC=281 DECODE           PC=0x00000024 SP=0x00008000 FLAGS=Z   R0=526 R1=0 R2=0 R3=0 R4=0 R5=0 :: HALT ; super=blocked:control-or-io
TICK=00281 MPC=282 EXEC_HALT        PC=0x00000024 SP=0x00008000 FLAGS=Z   R0=526 R1=0 R2=0 R3=0 R4=0 R5=0 :: HALT
