TICK=00000 MPC=001 FETCH_HEADER     PC=0x00000004 SP=0x00008000 FLAGS=-   R0=0 R1=0 R2=0 R3=0 R4=0 R5=0 :: addr=0x00000000 header=0x00000202 operands=2
TICK=00001 MPC=002 FETCH_OPERAND    PC=0x00000008 SP=0x00008000 FLAGS=-   R0=0 R1=0 R2=0 R3=0 R4=0 R5=0 :: operand[1]=0x00000800
TICK=00002 MPC=003 FETCH_OPERAND    PC=0x0000000C SP=0x00008000 FLAGS=-   R0=0 R1=0 R2=0 R3=0 R4=0 R5=0 :: operand[2]=0x00800001
TICK=00003 MPC=004 DECODE           PC=0x0000000C SP=0x00008000 FLAGS=-   R0=0 R1=0 R2=0 R3=0 R4=0 R5=0 :: MOV SP, #32768 ; super=blocked:control-or-io
TICK=00004 MPC=005 READ_SOURCE      PC=0x0000000C SP=0x00008000 FLAGS=-   R0=0 R1=0 R2=0 R3=0 R4=0 R5=0 :: READ_SOURCE: MOV SP, #32768
TICK=00005 MPC=006 WRITE_DESTINATION PC=0x0000000C SP=0x00008000 FLAGS=-   R0=0 R1=0 R2=0 R3=0 R4=0 R5=0 :: WRITE_DESTINATION: MOV SP, #32768
TICK=00006 MPC=007 COMMIT           PC=0x0000000C SP=0x00008000 FLAGS=-   R0=0 R1=0 R2=0 R3=0 R4=0 R5=0 :: MOV SP, #32768
TICK=00007 MPC=008 FETCH_HEADER     PC=0x00000010 SP=0x00008000 FLAGS=-   R0=0 R1=0 R2=0 R3=0 R4=0 R5=0 :: addr=0x0000000C header=0x00000202 operands=2
TICK=00008 MPC=009 FETCH_OPERAND    PC=0x00000014 SP=0x00008000 FLAGS=-   R0=0 R1=0 R2=0 R3=0 R4=0 R5=0 :: operand[1]=0x00000100
TICK=00009 MPC=010 FETCH_OPERAND    PC=0x00000018 SP=0x00008000 FLAGS=-   R0=0 R1=0 R2=0 R3=0 R4=0 R5=0 :: operand[2]=0x00000201
TICK=00010 MPC=011 DECODE           PC=0x00000018 SP=0x00008000 FLAGS=-   R0=0 R1=0 R2=0 R3=0 R4=0 R5=0 :: MOV R1, #2 ; super=blocked:next-not-eligible
TICK=00011 MPC=012 READ_SOURCE      PC=0x00000018 SP=0x00008000 FLAGS=-   R0=0 R1=0 R2=0 R3=0 R4=0 R5=0 :: READ_SOURCE: MOV R1, #2
TICK=00012 MPC=013 WRITE_DESTINATION PC=0x00000018 SP=0x00008000 FLAGS=-   R0=0 R1=0 R2=0 R3=0 R4=0 R5=0 :: WRITE_DESTINATION: MOV R1, #2
TICK=00013 MPC=014 COMMIT           PC=0x00000018 SP=0x00008000 FLAGS=-   R0=0 R1=2 R2=0 R3=0 R4=0 R5=0 :: MOV R1, #2
TICK=00014 MPC=015 FETCH_HEADER     PC=0x0000001C SP=0x00008000 FLAGS=-   R0=0 R1=2 R2=0 R3=0 R4=0 R5=0 :: addr=0x00000018 header=0x00000516 operands=5
TICK=00015 MPC=016 FETCH_OPERAND    PC=0x00000020 SP=0x00008000 FLAGS=-   R0=0 R1=2 R2=0 R3=0 R4=0 R5=0 :: operand[1]=0x00000000
TICK=00016 MPC=017 FETCH_OPERAND    PC=0x00000024 SP=0x00008000 FLAGS=-   R0=0 R1=2 R2=0 R3=0 R4=0 R5=0 :: operand[2]=0x00000100
TICK=00017 MPC=018 FETCH_OPERAND    PC=0x00000028 SP=0x00008000 FLAGS=-   R0=0 R1=2 R2=0 R3=0 R4=0 R5=0 :: operand[3]=0x00000101
TICK=00018 MPC=019 FETCH_OPERAND    PC=0x0000002C SP=0x00008000 FLAGS=-   R0=0 R1=2 R2=0 R3=0 R4=0 R5=0 :: operand[4]=0x00000201
TICK=00019 MPC=020 FETCH_OPERAND    PC=0x00000030 SP=0x00008000 FLAGS=-   R0=0 R1=2 R2=0 R3=0 R4=0 R5=0 :: operand[5]=0x00000301
TICK=00020 MPC=021 DECODE           PC=0x00000030 SP=0x00008000 FLAGS=-   R0=0 R1=2 R2=0 R3=0 R4=0 R5=0 :: POLY R0, R1, #1, #2, #3 ; super=blocked:control-or-io
TICK=00021 MPC=022 READ_X           PC=0x00000030 SP=0x00008000 FLAGS=-   R0=0 R1=2 R2=0 R3=0 R4=0 R5=0 :: READ_X: POLY R0, R1, #1, #2, #3
TICK=00022 MPC=023 READ_COEFFICIENTS PC=0x00000030 SP=0x00008000 FLAGS=-   R0=0 R1=2 R2=0 R3=0 R4=0 R5=0 :: READ_COEFFICIENTS: POLY R0, R1, #1, #2, #3
TICK=00023 MPC=024 CISC_POLY_EVALUATE PC=0x00000030 SP=0x00008000 FLAGS=-   R0=0 R1=2 R2=0 R3=0 R4=0 R5=0 :: CISC_POLY_EVALUATE: POLY R0, R1, #1, #2, #3
TICK=00024 MPC=025 WRITE_DESTINATION PC=0x00000030 SP=0x00008000 FLAGS=-   R0=0 R1=2 R2=0 R3=0 R4=0 R5=0 :: WRITE_DESTINATION: POLY R0, R1, #1, #2, #3
TICK=00025 MPC=026 UPDATE_FLAGS     PC=0x00000030 SP=0x00008000 FLAGS=-   R0=0 R1=2 R2=0 R3=0 R4=0 R5=0 :: UPDATE_FLAGS: POLY R0, R1, #1, #2, #3
TICK=00026 MPC=027 COMMIT           PC=0x00000030 SP=0x00008000 FLAGS=G   R0=17 R1=2 R2=0 R3=0 R4=0 R5=0 :: POLY R0, R1, #1, #2, #3
TICK=00027 MPC=028 FETCH_HEADER     PC=0x00000034 SP=0x00008000 FLAGS=G   R0=17 R1=2 R2=0 R3=0 R4=0 R5=0 :: addr=0x00000030 header=0x00000112 operands=1
TICK=00028 MPC=029 FETCH_OPERAND    PC=0x00000038 SP=0x00008000 FLAGS=G   R0=17 R1=2 R2=0 R3=0 R4=0 R5=0 :: operand[1]=0x00004801
TICK=00029 MPC=030 DECODE           PC=0x00000038 SP=0x00008000 FLAGS=G   R0=17 R1=2 R2=0 R3=0 R4=0 R5=0 :: CALL #72 ; super=blocked:control-or-io
TICK=00030 MPC=031 READ_TARGET      PC=0x00000038 SP=0x00008000 FLAGS=G   R0=17 R1=2 R2=0 R3=0 R4=0 R5=0 :: READ_TARGET: CALL #72
TICK=00031 MPC=032 STACK_DEC        PC=0x00000038 SP=0x00008000 FLAGS=G   R0=17 R1=2 R2=0 R3=0 R4=0 R5=0 :: STACK_DEC: CALL #72
TICK=00032 MPC=033 MEM_WRITE_RETURN PC=0x00000038 SP=0x00008000 FLAGS=G   R0=17 R1=2 R2=0 R3=0 R4=0 R5=0 :: MEM_WRITE_RETURN: CALL #72
TICK=00033 MPC=034 SET_PC           PC=0x00000038 SP=0x00008000 FLAGS=G   R0=17 R1=2 R2=0 R3=0 R4=0 R5=0 :: SET_PC: CALL #72
TICK=00034 MPC=035 COMMIT           PC=0x00000048 SP=0x00007FFC FLAGS=G   R0=17 R1=2 R2=0 R3=0 R4=0 R5=0 :: CALL #72
TICK=00035 MPC=036 FETCH_HEADER     PC=0x0000004C SP=0x00007FFC FLAGS=G   R0=17 R1=2 R2=0 R3=0 R4=0 R5=0 :: addr=0x00000048 header=0x00000110 operands=1
TICK=00036 MPC=037 FETCH_OPERAND    PC=0x00000050 SP=0x00007FFC FLAGS=G   R0=17 R1=2 R2=0 R3=0 R4=0 R5=0 :: operand[1]=0x00000100
TICK=00037 MPC=038 DECODE           PC=0x00000050 SP=0x00007FFC FLAGS=G   R0=17 R1=2 R2=0 R3=0 R4=0 R5=0 :: PUSH R1 ; super=blocked:control-or-io
TICK=00038 MPC=039 READ_SOURCE      PC=0x00000050 SP=0x00007FFC FLAGS=G   R0=17 R1=2 R2=0 R3=0 R4=0 R5=0 :: READ_SOURCE: PUSH R1
TICK=00039 MPC=040 STACK_DEC        PC=0x00000050 SP=0x00007FFC FLAGS=G   R0=17 R1=2 R2=0 R3=0 R4=0 R5=0 :: STACK_DEC: PUSH R1
TICK=00040 MPC=041 MEM_WRITE_STACK  PC=0x00000050 SP=0x00007FFC FLAGS=G   R0=17 R1=2 R2=0 R3=0 R4=0 R5=0 :: MEM_WRITE_STACK: PUSH R1
TICK=00041 MPC=042 COMMIT           PC=0x00000050 SP=0x00007FF8 FLAGS=G   R0=17 R1=2 R2=0 R3=0 R4=0 R5=0 :: PUSH R1
TICK=00042 MPC=043 FETCH_HEADER     PC=0x00000054 SP=0x00007FF8 FLAGS=G   R0=17 R1=2 R2=0 R3=0 R4=0 R5=0 :: addr=0x00000050 header=0x00000110 operands=1
TICK=00043 MPC=044 FETCH_OPERAND    PC=0x00000058 SP=0x00007FF8 FLAGS=G   R0=17 R1=2 R2=0 R3=0 R4=0 R5=0 :: operand[1]=0x00000200
TICK=00044 MPC=045 DECODE           PC=0x00000058 SP=0x00007FF8 FLAGS=G   R0=17 R1=2 R2=0 R3=0 R4=0 R5=0 :: PUSH R2 ; super=blocked:control-or-io
TICK=00045 MPC=046 READ_SOURCE      PC=0x00000058 SP=0x00007FF8 FLAGS=G   R0=17 R1=2 R2=0 R3=0 R4=0 R5=0 :: READ_SOURCE: PUSH R2
TICK=00046 MPC=047 STACK_DEC        PC=0x00000058 SP=0x00007FF8 FLAGS=G   R0=17 R1=2 R2=0 R3=0 R4=0 R5=0 :: STACK_DEC: PUSH R2
TICK=00047 MPC=048 MEM_WRITE_STACK  PC=0x00000058 SP=0x00007FF8 FLAGS=G   R0=17 R1=2 R2=0 R3=0 R4=0 R5=0 :: MEM_WRITE_STACK: PUSH R2
TICK=00048 MPC=049 COMMIT           PC=0x00000058 SP=0x00007FF4 FLAGS=G   R0=17 R1=2 R2=0 R3=0 R4=0 R5=0 :: PUSH R2
TICK=00049 MPC=050 FETCH_HEADER     PC=0x0000005C SP=0x00007FF4 FLAGS=G   R0=17 R1=2 R2=0 R3=0 R4=0 R5=0 :: addr=0x00000058 header=0x00000208 operands=2
TICK=00050 MPC=051 FETCH_OPERAND    PC=0x00000060 SP=0x00007FF4 FLAGS=G   R0=17 R1=2 R2=0 R3=0 R4=0 R5=0 :: operand[1]=0x00000000
TICK=00051 MPC=052 FETCH_OPERAND    PC=0x00000064 SP=0x00007FF4 FLAGS=G   R0=17 R1=2 R2=0 R3=0 R4=0 R5=0 :: operand[2]=0x00000001
TICK=00052 MPC=053 DECODE           PC=0x00000064 SP=0x00007FF4 FLAGS=G   R0=17 R1=2 R2=0 R3=0 R4=0 R5=0 :: CMP R0, #0 ; super=blocked:control-or-io
TICK=00053 MPC=054 READ_LEFT        PC=0x00000064 SP=0x00007FF4 FLAGS=G   R0=17 R1=2 R2=0 R3=0 R4=0 R5=0 :: READ_LEFT: CMP R0, #0
TICK=00054 MPC=055 READ_RIGHT       PC=0x00000064 SP=0x00007FF4 FLAGS=G   R0=17 R1=2 R2=0 R3=0 R4=0 R5=0 :: READ_RIGHT: CMP R0, #0
TICK=00055 MPC=056 ALU_SUB          PC=0x00000064 SP=0x00007FF4 FLAGS=G   R0=17 R1=2 R2=0 R3=0 R4=0 R5=0 :: ALU_SUB: CMP R0, #0
TICK=00056 MPC=057 UPDATE_FLAGS     PC=0x00000064 SP=0x00007FF4 FLAGS=G   R0=17 R1=2 R2=0 R3=0 R4=0 R5=0 :: UPDATE_FLAGS: CMP R0, #0
TICK=00057 MPC=058 COMMIT           PC=0x00000064 SP=0x00007FF4 FLAGS=G   R0=17 R1=2 R2=0 R3=0 R4=0 R5=0 :: CMP R0, #0
TICK=00058 MPC=059 FETCH_HEADER     PC=0x00000068 SP=0x00007FF4 FLAGS=G   R0=17 R1=2 R2=0 R3=0 R4=0 R5=0 :: addr=0x00000064 header=0x0000010B operands=1
TICK=00059 MPC=060 FETCH_OPERAND    PC=0x0000006C SP=0x00007FF4 FLAGS=G   R0=17 R1=2 R2=0 R3=0 R4=0 R5=0 :: operand[1]=0x00008001
TICK=00060 MPC=061 DECODE           PC=0x0000006C SP=0x00007FF4 FLAGS=G   R0=17 R1=2 R2=0 R3=0 R4=0 R5=0 :: JNZ #128 ; super=blocked:control-or-io
TICK=00061 MPC=062 READ_TARGET      PC=0x0000006C SP=0x00007FF4 FLAGS=G   R0=17 R1=2 R2=0 R3=0 R4=0 R5=0 :: READ_TARGET: JNZ #128
TICK=00062 MPC=063 EVALUATE_BRANCH  PC=0x0000006C SP=0x00007FF4 FLAGS=G   R0=17 R1=2 R2=0 R3=0 R4=0 R5=0 :: EVALUATE_BRANCH: JNZ #128
TICK=00063 MPC=064 COMMIT           PC=0x00000080 SP=0x00007FF4 FLAGS=G   R0=17 R1=2 R2=0 R3=0 R4=0 R5=0 :: JNZ #128
TICK=00064 MPC=065 FETCH_HEADER     PC=0x00000084 SP=0x00007FF4 FLAGS=G   R0=17 R1=2 R2=0 R3=0 R4=0 R5=0 :: addr=0x00000080 header=0x00000202 operands=2
TICK=00065 MPC=066 FETCH_OPERAND    PC=0x00000088 SP=0x00007FF4 FLAGS=G   R0=17 R1=2 R2=0 R3=0 R4=0 R5=0 :: operand[1]=0x00000100
TICK=00066 MPC=067 FETCH_OPERAND    PC=0x0000008C SP=0x00007FF4 FLAGS=G   R0=17 R1=2 R2=0 R3=0 R4=0 R5=0 :: operand[2]=0x00000001
TICK=00067 MPC=068 DECODE           PC=0x0000008C SP=0x00007FF4 FLAGS=G   R0=17 R1=2 R2=0 R3=0 R4=0 R5=0 :: MOV R1, #0 ; super=blocked:next-not-eligible
TICK=00068 MPC=069 READ_SOURCE      PC=0x0000008C SP=0x00007FF4 FLAGS=G   R0=17 R1=2 R2=0 R3=0 R4=0 R5=0 :: READ_SOURCE: MOV R1, #0
TICK=00069 MPC=070 WRITE_DESTINATION PC=0x0000008C SP=0x00007FF4 FLAGS=G   R0=17 R1=2 R2=0 R3=0 R4=0 R5=0 :: WRITE_DESTINATION: MOV R1, #0
TICK=00070 MPC=071 COMMIT           PC=0x0000008C SP=0x00007FF4 FLAGS=G   R0=17 R1=0 R2=0 R3=0 R4=0 R5=0 :: MOV R1, #0
TICK=00071 MPC=072 FETCH_HEADER     PC=0x00000090 SP=0x00007FF4 FLAGS=G   R0=17 R1=0 R2=0 R3=0 R4=0 R5=0 :: addr=0x0000008C header=0x00000208 operands=2
TICK=00072 MPC=073 FETCH_OPERAND    PC=0x00000094 SP=0x00007FF4 FLAGS=G   R0=17 R1=0 R2=0 R3=0 R4=0 R5=0 :: operand[1]=0x00000000
TICK=00073 MPC=074 FETCH_OPERAND    PC=0x00000098 SP=0x00007FF4 FLAGS=G   R0=17 R1=0 R2=0 R3=0 R4=0 R5=0 :: operand[2]=0x00000001
TICK=00074 MPC=075 DECODE           PC=0x00000098 SP=0x00007FF4 FLAGS=G   R0=17 R1=0 R2=0 R3=0 R4=0 R5=0 :: CMP R0, #0 ; super=blocked:control-or-io
TICK=00075 MPC=076 READ_LEFT        PC=0x00000098 SP=0x00007FF4 FLAGS=G   R0=17 R1=0 R2=0 R3=0 R4=0 R5=0 :: READ_LEFT: CMP R0, #0
TICK=00076 MPC=077 READ_RIGHT       PC=0x00000098 SP=0x00007FF4 FLAGS=G   R0=17 R1=0 R2=0 R3=0 R4=0 R5=0 :: READ_RIGHT: CMP R0, #0
TICK=00077 MPC=078 ALU_SUB          PC=0x00000098 SP=0x00007FF4 FLAGS=G   R0=17 R1=0 R2=0 R3=0 R4=0 R5=0 :: ALU_SUB: CMP R0, #0
TICK=00078 MPC=079 UPDATE_FLAGS     PC=0x00000098 SP=0x00007FF4 FLAGS=G   R0=17 R1=0 R2=0 R3=0 R4=0 R5=0 :: UPDATE_FLAGS: CMP R0, #0
TICK=00079 MPC=080 COMMIT           PC=0x00000098 SP=0x00007FF4 FLAGS=G   R0=17 R1=0 R2=0 R3=0 R4=0 R5=0 :: CMP R0, #0
TICK=00080 MPC=081 FETCH_HEADER     PC=0x0000009C SP=0x00007FF4 FLAGS=G   R0=17 R1=0 R2=0 R3=0 R4=0 R5=0 :: addr=0x00000098 header=0x0000010A operands=1
TICK=00081 MPC=082 FETCH_OPERAND    PC=0x000000A0 SP=0x00007FF4 FLAGS=G   R0=17 R1=0 R2=0 R3=0 R4=0 R5=0 :: operand[1]=0x0000EC01
TICK=00082 MPC=083 DECODE           PC=0x000000A0 SP=0x00007FF4 FLAGS=G   R0=17 R1=0 R2=0 R3=0 R4=0 R5=0 :: JZ #236 ; super=blocked:control-or-io
TICK=00083 MPC=084 READ_TARGET      PC=0x000000A0 SP=0x00007FF4 FLAGS=G   R0=17 R1=0 R2=0 R3=0 R4=0 R5=0 :: READ_TARGET: JZ #236
TICK=00084 MPC=085 EVALUATE_BRANCH  PC=0x000000A0 SP=0x00007FF4 FLAGS=G   R0=17 R1=0 R2=0 R3=0 R4=0 R5=0 :: EVALUATE_BRANCH: JZ #236
TICK=00085 MPC=086 COMMIT           PC=0x000000A0 SP=0x00007FF4 FLAGS=G   R0=17 R1=0 R2=0 R3=0 R4=0 R5=0 :: JZ #236
TICK=00086 MPC=087 FETCH_HEADER     PC=0x000000A4 SP=0x00007FF4 FLAGS=G   R0=17 R1=0 R2=0 R3=0 R4=0 R5=0 :: addr=0x000000A0 header=0x00000202 operands=2
TICK=00087 MPC=088 FETCH_OPERAND    PC=0x000000A8 SP=0x00007FF4 FLAGS=G   R0=17 R1=0 R2=0 R3=0 R4=0 R5=0 :: operand[1]=0x00000200
TICK=00088 MPC=089 FETCH_OPERAND    PC=0x000000AC SP=0x00007FF4 FLAGS=G   R0=17 R1=0 R2=0 R3=0 R4=0 R5=0 :: operand[2]=0x00000000
TICK=00089 MPC=090 DECODE           PC=0x000000AC SP=0x00007FF4 FLAGS=G   R0=17 R1=0 R2=0 R3=0 R4=0 R5=0 :: MOV R2, R0 ; super=blocked:data-dependency
TICK=00090 MPC=091 READ_SOURCE      PC=0x000000AC SP=0x00007FF4 FLAGS=G   R0=17 R1=0 R2=0 R3=0 R4=0 R5=0 :: READ_SOURCE: MOV R2, R0
TICK=00091 MPC=092 WRITE_DESTINATION PC=0x000000AC SP=0x00007FF4 FLAGS=G   R0=17 R1=0 R2=0 R3=0 R4=0 R5=0 :: WRITE_DESTINATION: MOV R2, R0
TICK=00092 MPC=093 COMMIT           PC=0x000000AC SP=0x00007FF4 FLAGS=G   R0=17 R1=0 R2=17 R3=0 R4=0 R5=0 :: MOV R2, R0
TICK=00093 MPC=094 FETCH_HEADER     PC=0x000000B0 SP=0x00007FF4 FLAGS=G   R0=17 R1=0 R2=17 R3=0 R4=0 R5=0 :: addr=0x000000AC header=0x00000207 operands=2
TICK=00094 MPC=095 FETCH_OPERAND    PC=0x000000B4 SP=0x00007FF4 FLAGS=G   R0=17 R1=0 R2=17 R3=0 R4=0 R5=0 :: operand[1]=0x00000200
TICK=00095 MPC=096 FETCH_OPERAND    PC=0x000000B8 SP=0x00007FF4 FLAGS=G   R0=17 R1=0 R2=17 R3=0 R4=0 R5=0 :: operand[2]=0x00000A01
TICK=00096 MPC=097 DECODE           PC=0x000000B8 SP=0x00007FF4 FLAGS=G   R0=17 R1=0 R2=17 R3=0 R4=0 R5=0 :: MOD R2, #10 ; super=blocked:data-dependency
TICK=00097 MPC=098 READ_LEFT        PC=0x000000B8 SP=0x00007FF4 FLAGS=G   R0=17 R1=0 R2=17 R3=0 R4=0 R5=0 :: READ_LEFT: MOD R2, #10
TICK=00098 MPC=099 READ_RIGHT       PC=0x000000B8 SP=0x00007FF4 FLAGS=G   R0=17 R1=0 R2=17 R3=0 R4=0 R5=0 :: READ_RIGHT: MOD R2, #10
TICK=00099 MPC=100 ALU_MOD          PC=0x000000B8 SP=0x00007FF4 FLAGS=G   R0=17 R1=0 R2=17 R3=0 R4=0 R5=0 :: ALU_MOD: MOD R2, #10
TICK=00100 MPC=101 WRITE_BACK       PC=0x000000B8 SP=0x00007FF4 FLAGS=G   R0=17 R1=0 R2=17 R3=0 R4=0 R5=0 :: WRITE_BACK: MOD R2, #10
TICK=00101 MPC=102 UPDATE_FLAGS     PC=0x000000B8 SP=0x00007FF4 FLAGS=G   R0=17 R1=0 R2=17 R3=0 R4=0 R5=0 :: UPDATE_FLAGS: MOD R2, #10
TICK=00102 MPC=103 COMMIT           PC=0x000000B8 SP=0x00007FF4 FLAGS=G   R0=17 R1=0 R2=7 R3=0 R4=0 R5=0 :: MOD R2, #10
TICK=00103 MPC=104 FETCH_HEADER     PC=0x000000BC SP=0x00007FF4 FLAGS=G   R0=17 R1=0 R2=7 R3=0 R4=0 R5=0 :: addr=0x000000B8 header=0x00000203 operands=2
TICK=00104 MPC=105 FETCH_OPERAND    PC=0x000000C0 SP=0x00007FF4 FLAGS=G   R0=17 R1=0 R2=7 R3=0 R4=0 R5=0 :: operand[1]=0x00000200
TICK=00105 MPC=106 FETCH_OPERAND    PC=0x000000C4 SP=0x00007FF4 FLAGS=G   R0=17 R1=0 R2=7 R3=0 R4=0 R5=0 :: operand[2]=0x00003001
TICK=00106 MPC=107 DECODE           PC=0x000000C4 SP=0x00007FF4 FLAGS=G   R0=17 R1=0 R2=7 R3=0 R4=0 R5=0 :: ADD R2, #48 ; super=blocked:next-not-eligible
TICK=00107 MPC=108 READ_LEFT        PC=0x000000C4 SP=0x00007FF4 FLAGS=G   R0=17 R1=0 R2=7 R3=0 R4=0 R5=0 :: READ_LEFT: ADD R2, #48
TICK=00108 MPC=109 READ_RIGHT       PC=0x000000C4 SP=0x00007FF4 FLAGS=G   R0=17 R1=0 R2=7 R3=0 R4=0 R5=0 :: READ_RIGHT: ADD R2, #48
TICK=00109 MPC=110 ALU_ADD          PC=0x000000C4 SP=0x00007FF4 FLAGS=G   R0=17 R1=0 R2=7 R3=0 R4=0 R5=0 :: ALU_ADD: ADD R2, #48
TICK=00110 MPC=111 WRITE_BACK       PC=0x000000C4 SP=0x00007FF4 FLAGS=G   R0=17 R1=0 R2=7 R3=0 R4=0 R5=0 :: WRITE_BACK: ADD R2, #48
TICK=00111 MPC=112 UPDATE_FLAGS     PC=0x000000C4 SP=0x00007FF4 FLAGS=G   R0=17 R1=0 R2=7 R3=0 R4=0 R5=0 :: UPDATE_FLAGS: ADD R2, #48
TICK=00112 MPC=113 COMMIT           PC=0x000000C4 SP=0x00007FF4 FLAGS=G   R0=17 R1=0 R2=55 R3=0 R4=0 R5=0 :: ADD R2, #48
TICK=00113 MPC=114 FETCH_HEADER     PC=0x000000C8 SP=0x00007FF4 FLAGS=G   R0=17 R1=0 R2=55 R3=0 R4=0 R5=0 :: addr=0x000000C4 header=0x00000110 operands=1
TICK=00114 MPC=115 FETCH_OPERAND    PC=0x000000CC SP=0x00007FF4 FLAGS=G   R0=17 R1=0 R2=55 R3=0 R4=0 R5=0 :: operand[1]=0x00000200
TICK=00115 MPC=116 DECODE           PC=0x000000CC SP=0x00007FF4 FLAGS=G   R0=17 R1=0 R2=55 R3=0 R4=0 R5=0 :: PUSH R2 ; super=blocked:control-or-io
TICK=00116 MPC=117 READ_SOURCE      PC=0x000000CC SP=0x00007FF4 FLAGS=G   R0=17 R1=0 R2=55 R3=0 R4=0 R5=0 :: READ_SOURCE: PUSH R2
TICK=00117 MPC=118 STACK_DEC        PC=0x000000CC SP=0x00007FF4 FLAGS=G   R0=17 R1=0 R2=55 R3=0 R4=0 R5=0 :: STACK_DEC: PUSH R2
TICK=00118 MPC=119 MEM_WRITE_STACK  PC=0x000000CC SP=0x00007FF4 FLAGS=G   R0=17 R1=0 R2=55 R3=0 R4=0 R5=0 :: MEM_WRITE_STACK: PUSH R2
TICK=00119 MPC=120 COMMIT           PC=0x000000CC SP=0x00007FF0 FLAGS=G   R0=17 R1=0 R2=55 R3=0 R4=0 R5=0 :: PUSH R2
TICK=00120 MPC=121 FETCH_HEADER     PC=0x000000D0 SP=0x00007FF0 FLAGS=G   R0=17 R1=0 R2=55 R3=0 R4=0 R5=0 :: addr=0x000000CC header=0x00000203 operands=2
TICK=00121 MPC=122 FETCH_OPERAND    PC=0x000000D4 SP=0x00007FF0 FLAGS=G   R0=17 R1=0 R2=55 R3=0 R4=0 R5=0 :: operand[1]=0x00000100
TICK=00122 MPC=123 FETCH_OPERAND    PC=0x000000D8 SP=0x00007FF0 FLAGS=G   R0=17 R1=0 R2=55 R3=0 R4=0 R5=0 :: operand[2]=0x00000101
TICK=00123 MPC=124 DECODE           PC=0x000000D8 SP=0x00007FF0 FLAGS=G   R0=17 R1=0 R2=55 R3=0 R4=0 R5=0 :: ADD R1, #1 ; super=blocked:data-dependency
TICK=00124 MPC=125 READ_LEFT        PC=0x000000D8 SP=0x00007FF0 FLAGS=G   R0=17 R1=0 R2=55 R3=0 R4=0 R5=0 :: READ_LEFT: ADD R1, #1
TICK=00125 MPC=126 READ_RIGHT       PC=0x000000D8 SP=0x00007FF0 FLAGS=G   R0=17 R1=0 R2=55 R3=0 R4=0 R5=0 :: READ_RIGHT: ADD R1, #1
TICK=00126 MPC=127 ALU_ADD          PC=0x000000D8 SP=0x00007FF0 FLAGS=G   R0=17 R1=0 R2=55 R3=0 R4=0 R5=0 :: ALU_ADD: ADD R1, #1
TICK=00127 MPC=128 WRITE_BACK       PC=0x000000D8 SP=0x00007FF0 FLAGS=G   R0=17 R1=0 R2=55 R3=0 R4=0 R5=0 :: WRITE_BACK: ADD R1, #1
TICK=00128 MPC=129 UPDATE_FLAGS     PC=0x000000D8 SP=0x00007FF0 FLAGS=G   R0=17 R1=0 R2=55 R3=0 R4=0 R5=0 :: UPDATE_FLAGS: ADD R1, #1
TICK=00129 MPC=130 COMMIT           PC=0x000000D8 SP=0x00007FF0 FLAGS=G   R0=17 R1=1 R2=55 R3=0 R4=0 R5=0 :: ADD R1, #1
TICK=00130 MPC=131 FETCH_HEADER     PC=0x000000DC SP=0x00007FF0 FLAGS=G   R0=17 R1=1 R2=55 R3=0 R4=0 R5=0 :: addr=0x000000D8 header=0x00000206 operands=2
TICK=00131 MPC=132 FETCH_OPERAND    PC=0x000000E0 SP=0x00007FF0 FLAGS=G   R0=17 R1=1 R2=55 R3=0 R4=0 R5=0 :: operand[1]=0x00000000
TICK=00132 MPC=133 FETCH_OPERAND    PC=0x000000E4 SP=0x00007FF0 FLAGS=G   R0=17 R1=1 R2=55 R3=0 R4=0 R5=0 :: operand[2]=0x00000A01
TICK=00133 MPC=134 DECODE           PC=0x000000E4 SP=0x00007FF0 FLAGS=G   R0=17 R1=1 R2=55 R3=0 R4=0 R5=0 :: DIV R0, #10 ; super=blocked:next-not-eligible
TICK=00134 MPC=135 READ_LEFT        PC=0x000000E4 SP=0x00007FF0 FLAGS=G   R0=17 R1=1 R2=55 R3=0 R4=0 R5=0 :: READ_LEFT: DIV R0, #10
TICK=00135 MPC=136 READ_RIGHT       PC=0x000000E4 SP=0x00007FF0 FLAGS=G   R0=17 R1=1 R2=55 R3=0 R4=0 R5=0 :: READ_RIGHT: DIV R0, #10
TICK=00136 MPC=137 ALU_DIV          PC=0x000000E4 SP=0x00007FF0 FLAGS=G   R0=17 R1=1 R2=55 R3=0 R4=0 R5=0 :: ALU_DIV: DIV R0, #10
TICK=00137 MPC=138 WRITE_BACK       PC=0x000000E4 SP=0x00007FF0 FLAGS=G   R0=17 R1=1 R2=55 R3=0 R4=0 R5=0 :: WRITE_BACK: DIV R0, #10
TICK=00138 MPC=139 UPDATE_FLAGS     PC=0x000000E4 SP=0x00007FF0 FLAGS=G   R0=17 R1=1 R2=55 R3=0 R4=0 R5=0 :: UPDATE_FLAGS: DIV R0, #10
TICK=00139 MPC=140 COMMIT           PC=0x000000E4 SP=0x00007FF0 FLAGS=G   R0=1 R1=1 R2=55 R3=0 R4=0 R5=0 :: DIV R0, #10
TICK=00140 MPC=141 FETCH_HEADER     PC=0x000000E8 SP=0x00007FF0 FLAGS=G   R0=1 R1=1 R2=55 R3=0 R4=0 R5=0 :: addr=0x000000E4 header=0x00000109 operands=1
TICK=00141 MPC=142 FETCH_OPERAND    PC=0x000000EC SP=0x00007FF0 FLAGS=G   R0=1 R1=1 R2=55 R3=0 R4=0 R5=0 :: operand[1]=0x00008C01
TICK=00142 MPC=143 DECODE           PC=0x000000EC SP=0x00007FF0 FLAGS=G   R0=1 R1=1 R2=55 R3=0 R4=0 R5=0 :: JMP #140 ; super=blocked:control-or-io
TICK=00143 MPC=144 READ_TARGET      PC=0x000000EC SP=0x00007FF0 FLAGS=G   R0=1 R1=1 R2=55 R3=0 R4=0 R5=0 :: READ_TARGET: JMP #140
TICK=00144 MPC=145 EVALUATE_BRANCH  PC=0x000000EC SP=0x00007FF0 FLAGS=G   R0=1 R1=1 R2=55 R3=0 R4=0 R5=0 :: EVALUATE_BRANCH: JMP #140
TICK=00145 MPC=146 COMMIT           PC=0x0000008C SP=0x00007FF0 FLAGS=G   R0=1 R1=1 R2=55 R3=0 R4=0 R5=0 :: JMP #140
TICK=00146 MPC=147 FETCH_HEADER     PC=0x00000090 SP=0x00007FF0 FLAGS=G   R0=1 R1=1 R2=55 R3=0 R4=0 R5=0 :: addr=0x0000008C header=0x00000208 operands=2
TICK=00147 MPC=148 FETCH_OPERAND    PC=0x00000094 SP=0x00007FF0 FLAGS=G   R0=1 R1=1 R2=55 R3=0 R4=0 R5=0 :: operand[1]=0x00000000
TICK=00148 MPC=149 FETCH_OPERAND    PC=0x00000098 SP=0x00007FF0 FLAGS=G   R0=1 R1=1 R2=55 R3=0 R4=0 R5=0 :: operand[2]=0x00000001
TICK=00149 MPC=150 DECODE           PC=0x00000098 SP=0x00007FF0 FLAGS=G   R0=1 R1=1 R2=55 R3=0 R4=0 R5=0 :: CMP R0, #0 ; super=blocked:control-or-io
TICK=00150 MPC=151 READ_LEFT        PC=0x00000098 SP=0x00007FF0 FLAGS=G   R0=1 R1=1 R2=55 R3=0 R4=0 R5=0 :: READ_LEFT: CMP R0, #0
TICK=00151 MPC=152 READ_RIGHT       PC=0x00000098 SP=0x00007FF0 FLAGS=G   R0=1 R1=1 R2=55 R3=0 R4=0 R5=0 :: READ_RIGHT: CMP R0, #0
TICK=00152 MPC=153 ALU_SUB          PC=0x00000098 SP=0x00007FF0 FLAGS=G   R0=1 R1=1 R2=55 R3=0 R4=0 R5=0 :: ALU_SUB: CMP R0, #0
TICK=00153 MPC=154 UPDATE_FLAGS     PC=0x00000098 SP=0x00007FF0 FLAGS=G   R0=1 R1=1 R2=55 R3=0 R4=0 R5=0 :: UPDATE_FLAGS: CMP R0, #0
TICK=00154 MPC=155 COMMIT           PC=0x00000098 SP=0x00007FF0 FLAGS=G   R0=1 R1=1 R2=55 R3=0 R4=0 R5=0 :: CMP R0, #0
TICK=00155 MPC=156 FETCH_HEADER     PC=0x0000009C SP=0x00007FF0 FLAGS=G   R0=1 R1=1 R2=55 R3=0 R4=0 R5=0 :: addr=0x00000098 header=0x0000010A operands=1
TICK=00156 MPC=157 FETCH_OPERAND    PC=0x000000A0 SP=0x00007FF0 FLAGS=G   R0=1 R1=1 R2=55 R3=0 R4=0 R5=0 :: operand[1]=0x0000EC01
TICK=00157 MPC=158 DECODE           PC=0x000000A0 SP=0x00007FF0 FLAGS=G   R0=1 R1=1 R2=55 R3=0 R4=0 R5=0 :: JZ #236 ; super=blocked:control-or-io
TICK=00158 MPC=159 READ_TARGET      PC=0x000000A0 SP=0x00007FF0 FLAGS=G   R0=1 R1=1 R2=55 R3=0 R4=0 R5=0 :: READ_TARGET: JZ #236
TICK=00159 MPC=160 EVALUATE_BRANCH  PC=0x000000A0 SP=0x00007FF0 FLAGS=G   R0=1 R1=1 R2=55 R3=0 R4=0 R5=0 :: EVALUATE_BRANCH: JZ #236
TICK=00160 MPC=161 COMMIT           PC=0x000000A0 SP=0x00007FF0 FLAGS=G   R0=1 R1=1 R2=55 R3=0 R4=0 R5=0 :: JZ #236
TICK=00161 MPC=162 FETCH_HEADER     PC=0x000000A4 SP=0x00007FF0 FLAGS=G   R0=1 R1=1 R2=55 R3=0 R4=0 R5=0 :: addr=0x000000A0 header=0x00000202 operands=2
TICK=00162 MPC=163 FETCH_OPERAND    PC=0x000000A8 SP=0x00007FF0 FLAGS=G   R0=1 R1=1 R2=55 R3=0 R4=0 R5=0 :: operand[1]=0x00000200
TICK=00163 MPC=164 FETCH_OPERAND    PC=0x000000AC SP=0x00007FF0 FLAGS=G   R0=1 R1=1 R2=55 R3=0 R4=0 R5=0 :: operand[2]=0x00000000
TICK=00164 MPC=165 DECODE           PC=0x000000AC SP=0x00007FF0 FLAGS=G   R0=1 R1=1 R2=55 R3=0 R4=0 R5=0 :: MOV R2, R0 ; super=blocked:data-dependency
TICK=00165 MPC=166 READ_SOURCE      PC=0x000000AC SP=0x00007FF0 FLAGS=G   R0=1 R1=1 R2=55 R3=0 R4=0 R5=0 :: READ_SOURCE: MOV R2, R0
TICK=00166 MPC=167 WRITE_DESTINATION PC=0x000000AC SP=0x00007FF0 FLAGS=G   R0=1 R1=1 R2=55 R3=0 R4=0 R5=0 :: WRITE_DESTINATION: MOV R2, R0
TICK=00167 MPC=168 COMMIT           PC=0x000000AC SP=0x00007FF0 FLAGS=G   R0=1 R1=1 R2=1 R3=0 R4=0 R5=0 :: MOV R2, R0
TICK=00168 MPC=169 FETCH_HEADER     PC=0x000000B0 SP=0x00007FF0 FLAGS=G   R0=1 R1=1 R2=1 R3=0 R4=0 R5=0 :: addr=0x000000AC header=0x00000207 operands=2
TICK=00169 MPC=170 FETCH_OPERAND    PC=0x000000B4 SP=0x00007FF0 FLAGS=G   R0=1 R1=1 R2=1 R3=0 R4=0 R5=0 :: operand[1]=0x00000200
TICK=00170 MPC=171 FETCH_OPERAND    PC=0x000000B8 SP=0x00007FF0 FLAGS=G   R0=1 R1=1 R2=1 R3=0 R4=0 R5=0 :: operand[2]=0x00000A01
TICK=00171 MPC=172 DECODE           PC=0x000000B8 SP=0x00007FF0 FLAGS=G   R0=1 R1=1 R2=1 R3=0 R4=0 R5=0 :: MOD R2, #10 ; super=blocked:data-dependency
TICK=00172 MPC=173 READ_LEFT        PC=0x000000B8 SP=0x00007FF0 FLAGS=G   R0=1 R1=1 R2=1 R3=0 R4=0 R5=0 :: READ_LEFT: MOD R2, #10
TICK=00173 MPC=174 READ_RIGHT       PC=0x000000B8 SP=0x00007FF0 FLAGS=G   R0=1 R1=1 R2=1 R3=0 R4=0 R5=0 :: READ_RIGHT: MOD R2, #10
TICK=00174 MPC=175 ALU_MOD          PC=0x000000B8 SP=0x00007FF0 FLAGS=G   R0=1 R1=1 R2=1 R3=0 R4=0 R5=0 :: ALU_MOD: MOD R2, #10
TICK=00175 MPC=176 WRITE_BACK       PC=0x000000B8 SP=0x00007FF0 FLAGS=G   R0=1 R1=1 R2=1 R3=0 R4=0 R5=0 :: WRITE_BACK: MOD R2, #10
TICK=00176 MPC=177 UPDATE_FLAGS     PC=0x000000B8 SP=0x00007FF0 FLAGS=G   R0=1 R1=1 R2=1 R3=0 R4=0 R5=0 :: UPDATE_FLAGS: MOD R2, #10
TICK=00177 MPC=178 COMMIT           PC=0x000000B8 SP=0x00007FF0 FLAGS=G   R0=1 R1=1 R2=1 R3=0 R4=0 R5=0 :: MOD R2, #10
TICK=00178 MPC=179 FETCH_HEADER     PC=0x000000BC SP=0x00007FF0 FLAGS=G   R0=1 R1=1 R2=1 R3=0 R4=0 R5=0 :: addr=0x000000B8 header=0x00000203 operands=2
TICK=00179 MPC=180 FETCH_OPERAND    PC=0x000000C0 SP=0x00007FF0 FLAGS=G   R0=1 R1=1 R2=1 R3=0 R4=0 R5=0 :: operand[1]=0x00000200
TICK=00180 MPC=181 FETCH_OPERAND    PC=0x000000C4 SP=0x00007FF0 FLAGS=G   R0=1 R1=1 R2=1 R3=0 R4=0 R5=0 :: operand[2]=0x00003001
TICK=00181 MPC=182 DECODE           PC=0x000000C4 SP=0x00007FF0 FLAGS=G   R0=1 R1=1 R2=1 R3=0 R4=0 R5=0 :: ADD R2, #48 ; super=blocked:next-not-eligible
TICK=00182 MPC=183 READ_LEFT        PC=0x000000C4 SP=0x00007FF0 FLAGS=G   R0=1 R1=1 R2=1 R3=0 R4=0 R5=0 :: READ_LEFT: ADD R2, #48
TICK=00183 MPC=184 READ_RIGHT       PC=0x000000C4 SP=0x00007FF0 FLAGS=G   R0=1 R1=1 R2=1 R3=0 R4=0 R5=0 :: READ_RIGHT: ADD R2, #48
TICK=00184 MPC=185 ALU_ADD          PC=0x000000C4 SP=0x00007FF0 FLAGS=G   R0=1 R1=1 R2=1 R3=0 R4=0 R5=0 :: ALU_ADD: ADD R2, #48
TICK=00185 MPC=186 WRITE_BACK       PC=0x000000C4 SP=0x00007FF0 FLAGS=G   R0=1 R1=1 R2=1 R3=0 R4=0 R5=0 :: WRITE_BACK: ADD R2, #48
TICK=00186 MPC=187 UPDATE_FLAGS     PC=0x000000C4 SP=0x00007FF0 FLAGS=G   R0=1 R1=1 R2=1 R3=0 R4=0 R5=0 :: UPDATE_FLAGS: ADD R2, #48
TICK=00187 MPC=188 COMMIT           PC=0x000000C4 SP=0x00007FF0 FLAGS=G   R0=1 R1=1 R2=49 R3=0 R4=0 R5=0 :: ADD R2, #48
TICK=00188 MPC=189 FETCH_HEADER     PC=0x000000C8 SP=0x00007FF0 FLAGS=G   R0=1 R1=1 R2=49 R3=0 R4=0 R5=0 :: addr=0x000000C4 header=0x00000110 operands=1
TICK=00189 MPC=190 FETCH_OPERAND    PC=0x000000CC SP=0x00007FF0 FLAGS=G   R0=1 R1=1 R2=49 R3=0 R4=0 R5=0 :: operand[1]=0x00000200
TICK=00190 MPC=191 DECODE           PC=0x000000CC SP=0x00007FF0 FLAGS=G   R0=1 R1=1 R2=49 R3=0 R4=0 R5=0 :: PUSH R2 ; super=blocked:control-or-io
TICK=00191 MPC=192 READ_SOURCE      PC=0x000000CC SP=0x00007FF0 FLAGS=G   R0=1 R1=1 R2=49 R3=0 R4=0 R5=0 :: READ_SOURCE: PUSH R2
TICK=00192 MPC=193 STACK_DEC        PC=0x000000CC SP=0x00007FF0 FLAGS=G   R0=1 R1=1 R2=49 R3=0 R4=0 R5=0 :: STACK_DEC: PUSH R2
TICK=00193 MPC=194 MEM_WRITE_STACK  PC=0x000000CC SP=0x00007FF0 FLAGS=G   R0=1 R1=1 R2=49 R3=0 R4=0 R5=0 :: MEM_WRITE_STACK: PUSH R2
TICK=00194 MPC=195 COMMIT           PC=0x000000CC SP=0x00007FEC FLAGS=G   R0=1 R1=1 R2=49 R3=0 R4=0 R5=0 :: PUSH R2
TICK=00195 MPC=196 FETCH_HEADER     PC=0x000000D0 SP=0x00007FEC FLAGS=G   R0=1 R1=1 R2=49 R3=0 R4=0 R5=0 :: addr=0x000000CC header=0x00000203 operands=2
TICK=00196 MPC=197 FETCH_OPERAND    PC=0x000000D4 SP=0x00007FEC FLAGS=G   R0=1 R1=1 R2=49 R3=0 R4=0 R5=0 :: operand[1]=0x00000100
TICK=00197 MPC=198 FETCH_OPERAND    PC=0x000000D8 SP=0x00007FEC FLAGS=G   R0=1 R1=1 R2=49 R3=0 R4=0 R5=0 :: operand[2]=0x00000101
TICK=00198 MPC=199 DECODE           PC=0x000000D8 SP=0x00007FEC FLAGS=G   R0=1 R1=1 R2=49 R3=0 R4=0 R5=0 :: ADD R1, #1 ; super=blocked:data-dependency
TICK=00199 MPC=200 READ_LEFT        PC=0x000000D8 SP=0x00007FEC FLAGS=G   R0=1 R1=1 R2=49 R3=0 R4=0 R5=0 :: READ_LEFT: ADD R1, #1
TICK=00200 MPC=201 READ_RIGHT       PC=0x000000D8 SP=0x00007FEC FLAGS=G   R0=1 R1=1 R2=49 R3=0 R4=0 R5=0 :: READ_RIGHT: ADD R1, #1
TICK=00201 MPC=202 ALU_ADD          PC=0x000000D8 SP=0x00007FEC FLAGS=G   R0=1 R1=1 R2=49 R3=0 R4=0 R5=0 :: ALU_ADD: ADD R1, #1
TICK=00202 MPC=203 WRITE_BACK       PC=0x000000D8 SP=0x00007FEC FLAGS=G   R0=1 R1=1 R2=49 R3=0 R4=0 R5=0 :: WRITE_BACK: ADD R1, #1
TICK=00203 MPC=204 UPDATE_FLAGS     PC=0x000000D8 SP=0x00007FEC FLAGS=G   R0=1 R1=1 R2=49 R3=0 R4=0 R5=0 :: UPDATE_FLAGS: ADD R1, #1
TICK=00204 MPC=205 COMMIT           PC=0x000000D8 SP=0x00007FEC FLAGS=G   R0=1 R1=2 R2=49 R3=0 R4=0 R5=0 :: ADD R1, #1
TICK=00205 MPC=206 FETCH_HEADER     PC=0x000000DC SP=0x00007FEC FLAGS=G   R0=1 R1=2 R2=49 R3=0 R4=0 R5=0 :: addr=0x000000D8 header=0x00000206 operands=2
TICK=00206 MPC=207 FETCH_OPERAND    PC=0x000000E0 SP=0x00007FEC FLAGS=G   R0=1 R1=2 R2=49 R3=0 R4=0 R5=0 :: operand[1]=0x00000000
TICK=00207 MPC=208 FETCH_OPERAND    PC=0x000000E4 SP=0x00007FEC FLAGS=G   R0=1 R1=2 R2=49 R3=0 R4=0 R5=0 :: operand[2]=0x00000A01
TICK=00208 MPC=209 DECODE           PC=0x000000E4 SP=0x00007FEC FLAGS=G   R0=1 R1=2 R2=49 R3=0 R4=0 R5=0 :: DIV R0, #10 ; super=blocked:next-not-eligible
TICK=00209 MPC=210 READ_LEFT        PC=0x000000E4 SP=0x00007FEC FLAGS=G   R0=1 R1=2 R2=49 R3=0 R4=0 R5=0 :: READ_LEFT: DIV R0, #10
TICK=00210 MPC=211 READ_RIGHT       PC=0x000000E4 SP=0x00007FEC FLAGS=G   R0=1 R1=2 R2=49 R3=0 R4=0 R5=0 :: READ_RIGHT: DIV R0, #10
TICK=00211 MPC=212 ALU_DIV          PC=0x000000E4 SP=0x00007FEC FLAGS=G   R0=1 R1=2 R2=49 R3=0 R4=0 R5=0 :: ALU_DIV: DIV R0, #10
TICK=00212 MPC=213 WRITE_BACK       PC=0x000000E4 SP=0x00007FEC FLAGS=G   R0=1 R1=2 R2=49 R3=0 R4=0 R5=0 :: WRITE_BACK: DIV R0, #10
TICK=00213 MPC=214 UPDATE_FLAGS     PC=0x000000E4 SP=0x00007FEC FLAGS=G   R0=1 R1=2 R2=49 R3=0 R4=0 R5=0 :: UPDATE_FLAGS: DIV R0, #10
TICK=00214 MPC=215 COMMIT           PC=0x000000E4 SP=0x00007FEC FLAGS=Z   R0=0 R1=2 R2=49 R3=0 R4=0 R5=0 :: DIV R0, #10
TICK=00215 MPC=216 FETCH_HEADER     PC=0x000000E8 SP=0x00007FEC FLAGS=Z   R0=0 R1=2 R2=49 R3=0 R4=0 R5=0 :: addr=0x000000E4 header=0x00000109 operands=1
TICK=00216 MPC=217 FETCH_OPERAND    PC=0x000000EC SP=0x00007FEC FLAGS=Z   R0=0 R1=2 R2=49 R3=0 R4=0 R5=0 :: operand[1]=0x00008C01
TICK=00217 MPC=218 DECODE           PC=0x000000EC SP=0x00007FEC FLAGS=Z   R0=0 R1=2 R2=49 R3=0 R4=0 R5=0 :: JMP #140 ; super=blocked:control-or-io
TICK=00218 MPC=219 READ_TARGET      PC=0x000000EC SP=0x00007FEC FLAGS=Z   R0=0 R1=2 R2=49 R3=0 R4=0 R5=0 :: READ_TARGET: JMP #140
TICK=00219 MPC=220 EVALUATE_BRANCH  PC=0x000000EC SP=0x00007FEC FLAGS=Z   R0=0 R1=2 R2=49 R3=0 R4=0 R5=0 :: EVALUATE_BRANCH: JMP #140
TICK=00220 MPC=221 COMMIT           PC=0x0000008C SP=0x00007FEC FLAGS=Z   R0=0 R1=2 R2=49 R3=0 R4=0 R5=0 :: JMP #140
TICK=00221 MPC=222 FETCH_HEADER     PC=0x00000090 SP=0x00007FEC FLAGS=Z   R0=0 R1=2 R2=49 R3=0 R4=0 R5=0 :: addr=0x0000008C header=0x00000208 operands=2
TICK=00222 MPC=223 FETCH_OPERAND    PC=0x00000094 SP=0x00007FEC FLAGS=Z   R0=0 R1=2 R2=49 R3=0 R4=0 R5=0 :: operand[1]=0x00000000
TICK=00223 MPC=224 FETCH_OPERAND    PC=0x00000098 SP=0x00007FEC FLAGS=Z   R0=0 R1=2 R2=49 R3=0 R4=0 R5=0 :: operand[2]=0x00000001
TICK=00224 MPC=225 DECODE           PC=0x00000098 SP=0x00007FEC FLAGS=Z   R0=0 R1=2 R2=49 R3=0 R4=0 R5=0 :: CMP R0, #0 ; super=blocked:control-or-io
TICK=00225 MPC=226 READ_LEFT        PC=0x00000098 SP=0x00007FEC FLAGS=Z   R0=0 R1=2 R2=49 R3=0 R4=0 R5=0 :: READ_LEFT: CMP R0, #0
TICK=00226 MPC=227 READ_RIGHT       PC=0x00000098 SP=0x00007FEC FLAGS=Z   R0=0 R1=2 R2=49 R3=0 R4=0 R5=0 :: READ_RIGHT: CMP R0, #0
TICK=00227 MPC=228 ALU_SUB          PC=0x00000098 SP=0x00007FEC FLAGS=Z   R0=0 R1=2 R2=49 R3=0 R4=0 R5=0 :: ALU_SUB: CMP R0, #0
TICK=00228 MPC=229 UPDATE_FLAGS     PC=0x00000098 SP=0x00007FEC FLAGS=Z   R0=0 R1=2 R2=49 R3=0 R4=0 R5=0 :: UPDATE_FLAGS: CMP R0, #0
TICK=00229 MPC=230 COMMIT           PC=0x00000098 SP=0x00007FEC FLAGS=Z   R0=0 R1=2 R2=49 R3=0 R4=0 R5=0 :: CMP R0, #0
TICK=00230 MPC=231 FETCH_HEADER     PC=0x0000009C SP=0x00007FEC FLAGS=Z   R0=0 R1=2 R2=49 R3=0 R4=0 R5=0 :: addr=0x00000098 header=0x0000010A operands=1
TICK=00231 MPC=232 FETCH_OPERAND    PC=0x000000A0 SP=0x00007FEC FLAGS=Z   R0=0 R1=2 R2=49 R3=0 R4=0 R5=0 :: operand[1]=0x0000EC01
TICK=00232 MPC=233 DECODE           PC=0x000000A0 SP=0x00007FEC FLAGS=Z   R0=0 R1=2 R2=49 R3=0 R4=0 R5=0 :: JZ #236 ; super=blocked:control-or-io
TICK=00233 MPC=234 READ_TARGET      PC=0x000000A0 SP=0x00007FEC FLAGS=Z   R0=0 R1=2 R2=49 R3=0 R4=0 R5=0 :: READ_TARGET: JZ #236
TICK=00234 MPC=235 EVALUATE_BRANCH  PC=0x000000A0 SP=0x00007FEC FLAGS=Z   R0=0 R1=2 R2=49 R3=0 R4=0 R5=0 :: EVALUATE_BRANCH: JZ #236
TICK=00235 MPC=236 COMMIT           PC=0x000000EC SP=0x00007FEC FLAGS=Z   R0=0 R1=2 R2=49 R3=0 R4=0 R5=0 :: JZ #236
TICK=00236 MPC=237 FETCH_HEADER     PC=0x000000F0 SP=0x00007FEC FLAGS=Z   R0=0 R1=2 R2=49 R3=0 R4=0 R5=0 :: addr=0x000000EC header=0x00000208 operands=2
TICK=00237 MPC=238 FETCH_OPERAND    PC=0x000000F4 SP=0x00007FEC FLAGS=Z   R0=0 R1=2 R2=49 R3=0 R4=0 R5=0 :: operand[1]=0x00000100
TICK=00238 MPC=239 FETCH_OPERAND    PC=0x000000F8 SP=0x00007FEC FLAGS=Z   R0=0 R1=2 R2=49 R3=0 R4=0 R5=0 :: operand[2]=0x00000001
TICK=00239 MPC=240 DECODE           PC=0x000000F8 SP=0x00007FEC FLAGS=Z   R0=0 R1=2 R2=49 R3=0 R4=0 R5=0 :: CMP R1, #0 ; super=blocked:control-or-io
TICK=00240 MPC=241 READ_LEFT        PC=0x000000F8 SP=0x00007FEC FLAGS=Z   R0=0 R1=2 R2=49 R3=0 R4=0 R5=0 :: READ_LEFT: CMP R1, #0
TICK=00241 MPC=242 READ_RIGHT       PC=0x000000F8 SP=0x00007FEC FLAGS=Z   R0=0 R1=2 R2=49 R3=0 R4=0 R5=0 :: READ_RIGHT: CMP R1, #0
TICK=00242 MPC=243 ALU_SUB          PC=0x000000F8 SP=0x00007FEC FLAGS=Z   R0=0 R1=2 R2=49 R3=0 R4=0 R5=0 :: ALU_SUB: CMP R1, #0
TICK=00243 MPC=244 UPDATE_FLAGS     PC=0x000000F8 SP=0x00007FEC FLAGS=Z   R0=0 R1=2 R2=49 R3=0 R4=0 R5=0 :: UPDATE_FLAGS: CMP R1, #0
TICK=00244 MPC=245 COMMIT           PC=0x000000F8 SP=0x00007FEC FLAGS=G   R0=0 R1=2 R2=49 R3=0 R4=0 R5=0 :: CMP R1, #0
TICK=00245 MPC=246 FETCH_HEADER     PC=0x000000FC SP=0x00007FEC FLAGS=G   R0=0 R1=2 R2=49 R3=0 R4=0 R5=0 :: addr=0x000000F8 header=0x0000010A operands=1
TICK=00246 MPC=247 FETCH_OPERAND    PC=0x00000100 SP=0x00007FEC FLAGS=G   R0=0 R1=2 R2=49 R3=0 R4=0 R5=0 :: operand[1]=0x00012801
TICK=00247 MPC=248 DECODE           PC=0x00000100 SP=0x00007FEC FLAGS=G   R0=0 R1=2 R2=49 R3=0 R4=0 R5=0 :: JZ #296 ; super=blocked:control-or-io
TICK=00248 MPC=249 READ_TARGET      PC=0x00000100 SP=0x00007FEC FLAGS=G   R0=0 R1=2 R2=49 R3=0 R4=0 R5=0 :: READ_TARGET: JZ #296
TICK=00249 MPC=250 EVALUATE_BRANCH  PC=0x00000100 SP=0x00007FEC FLAGS=G   R0=0 R1=2 R2=49 R3=0 R4=0 R5=0 :: EVALUATE_BRANCH: JZ #296
TICK=00250 MPC=251 COMMIT           PC=0x00000100 SP=0x00007FEC FLAGS=G   R0=0 R1=2 R2=49 R3=0 R4=0 R5=0 :: JZ #296
TICK=00251 MPC=252 FETCH_HEADER     PC=0x00000104 SP=0x00007FEC FLAGS=G   R0=0 R1=2 R2=49 R3=0 R4=0 R5=0 :: addr=0x00000100 header=0x00000111 operands=1
TICK=00252 MPC=253 FETCH_OPERAND    PC=0x00000108 SP=0x00007FEC FLAGS=G   R0=0 R1=2 R2=49 R3=0 R4=0 R5=0 :: operand[1]=0x00000200
TICK=00253 MPC=254 DECODE           PC=0x00000108 SP=0x00007FEC FLAGS=G   R0=0 R1=2 R2=49 R3=0 R4=0 R5=0 :: POP R2 ; super=blocked:control-or-io
TICK=00254 MPC=255 MEM_READ_STACK   PC=0x00000108 SP=0x00007FEC FLAGS=G   R0=0 R1=2 R2=49 R3=0 R4=0 R5=0 :: MEM_READ_STACK: POP R2
TICK=00255 MPC=256 WRITE_DESTINATION PC=0x00000108 SP=0x00007FEC FLAGS=G   R0=0 R1=2 R2=49 R3=0 R4=0 R5=0 :: WRITE_DESTINATION: POP R2
TICK=00256 MPC=257 STACK_INC        PC=0x00000108 SP=0x00007FEC FLAGS=G   R0=0 R1=2 R2=49 R3=0 R4=0 R5=0 :: STACK_INC: POP R2
TICK=00257 MPC=258 COMMIT           PC=0x00000108 SP=0x00007FF0 FLAGS=G   R0=0 R1=2 R2=49 R3=0 R4=0 R5=0 :: POP R2
TICK=00258 MPC=259 FETCH_HEADER     PC=0x0000010C SP=0x00007FF0 FLAGS=G   R0=0 R1=2 R2=49 R3=0 R4=0 R5=0 :: addr=0x00000108 header=0x00000215 operands=2
TICK=00259 MPC=260 FETCH_OPERAND    PC=0x00000110 SP=0x00007FF0 FLAGS=G   R0=0 R1=2 R2=49 R3=0 R4=0 R5=0 :: operand[1]=0x00FFF802
TICK=00260 MPC=261 FETCH_OPERAND    PC=0x00000114 SP=0x00007FF0 FLAGS=G   R0=0 R1=2 R2=49 R3=0 R4=0 R5=0 :: operand[2]=0x00000200
TICK=00261 MPC=262 DECODE           PC=0x00000114 SP=0x00007FF0 FLAGS=G   R0=0 R1=2 R2=49 R3=0 R4=0 R5=0 :: STOREB [0xFFF8], R2 ; super=blocked:control-or-io
TICK=00262 MPC=263 READ_BYTE_VALUE  PC=0x00000114 SP=0x00007FF0 FLAGS=G   R0=0 R1=2 R2=49 R3=0 R4=0 R5=0 :: READ_BYTE_VALUE: STOREB [0xFFF8], R2
TICK=00263 MPC=264 WRITE_BYTE_DESTINATION PC=0x00000114 SP=0x00007FF0 FLAGS=G   R0=0 R1=2 R2=49 R3=0 R4=0 R5=0 :: WRITE_BYTE_DESTINATION: STOREB [0xFFF8], R2
TICK=00264 MPC=265 COMMIT           PC=0x00000114 SP=0x00007FF0 FLAGS=G   R0=0 R1=2 R2=49 R3=0 R4=0 R5=0 :: STOREB [0xFFF8], R2
TICK=00265 MPC=266 FETCH_HEADER     PC=0x00000118 SP=0x00007FF0 FLAGS=G   R0=0 R1=2 R2=49 R3=0 R4=0 R5=0 :: addr=0x00000114 header=0x00000204 operands=2
TICK=00266 MPC=267 FETCH_OPERAND    PC=0x0000011C SP=0x00007FF0 FLAGS=G   R0=0 R1=2 R2=49 R3=0 R4=0 R5=0 :: operand[1]=0x00000100
TICK=00267 MPC=268 FETCH_OPERAND    PC=0x00000120 SP=0x00007FF0 FLAGS=G   R0=0 R1=2 R2=49 R3=0 R4=0 R5=0 :: operand[2]=0x00000101
TICK=00268 MPC=269 DECODE           PC=0x00000120 SP=0x00007FF0 FLAGS=G   R0=0 R1=2 R2=49 R3=0 R4=0 R5=0 :: SUB R1, #1 ; super=blocked:next-not-eligible
TICK=00269 MPC=270 READ_LEFT        PC=0x00000120 SP=0x00007FF0 FLAGS=G   R0=0 R1=2 R2=49 R3=0 R4=0 R5=0 :: READ_LEFT: SUB R1, #1
TICK=00270 MPC=271 READ_RIGHT       PC=0x00000120 SP=0x00007FF0 FLAGS=G   R0=0 R1=2 R2=49 R3=0 R4=0 R5=0 :: READ_RIGHT: SUB R1, #1
TICK=00271 MPC=272 ALU_SUB          PC=0x00000120 SP=0x00007FF0 FLAGS=G   R0=0 R1=2 R2=49 R3=0 R4=0 R5=0 :: ALU_SUB: SUB R1, #1
TICK=00272 MPC=273 WRITE_BACK       PC=0x00000120 SP=0x00007FF0 FLAGS=G   R0=0 R1=2 R2=49 R3=0 R4=0 R5=0 :: WRITE_BACK: SUB R1, #1
TICK=00273 MPC=274 UPDATE_FLAGS     PC=0x00000120 SP=0x00007FF0 FLAGS=G   R0=0 R1=2 R2=49 R3=0 R4=0 R5=0 :: UPDATE_FLAGS: SUB R1, #1
TICK=00274 MPC=275 COMMIT           PC=0x00000120 SP=0x00007FF0 FLAGS=G   R0=0 R1=1 R2=49 R3=0 R4=0 R5=0 :: SUB R1, #1
TICK=00275 MPC=276 FETCH_HEADER     PC=0x00000124 SP=0x00007FF0 FLAGS=G   R0=0 R1=1 R2=49 R3=0 R4=0 R5=0 :: addr=0x00000120 header=0x00000109 operands=1
TICK=00276 MPC=277 FETCH_OPERAND    PC=0x00000128 SP=0x00007FF0 FLAGS=G   R0=0 R1=1 R2=49 R3=0 R4=0 R5=0 :: operand[1]=0x0000EC01
TICK=00277 MPC=278 DECODE           PC=0x00000128 SP=0x00007FF0 FLAGS=G   R0=0 R1=1 R2=49 R3=0 R4=0 R5=0 :: JMP #236 ; super=blocked:control-or-io
TICK=00278 MPC=279 READ_TARGET      PC=0x00000128 SP=0x00007FF0 FLAGS=G   R0=0 R1=1 R2=49 R3=0 R4=0 R5=0 :: READ_TARGET: JMP #236
TICK=00279 MPC=280 EVALUATE_BRANCH  PC=0x00000128 SP=0x00007FF0 FLAGS=G   R0=0 R1=1 R2=49 R3=0 R4=0 R5=0 :: EVALUATE_BRANCH: JMP #236
TICK=00280 MPC=281 COMMIT           PC=0x000000EC SP=0x00007FF0 FLAGS=G   R0=0 R1=1 R2=49 R3=0 R4=0 R5=0 :: JMP #236
TICK=00281 MPC=282 FETCH_HEADER     PC=0x000000F0 SP=0x00007FF0 FLAGS=G   R0=0 R1=1 R2=49 R3=0 R4=0 R5=0 :: addr=0x000000EC header=0x00000208 operands=2
TICK=00282 MPC=283 FETCH_OPERAND    PC=0x000000F4 SP=0x00007FF0 FLAGS=G   R0=0 R1=1 R2=49 R3=0 R4=0 R5=0 :: operand[1]=0x00000100
TICK=00283 MPC=284 FETCH_OPERAND    PC=0x000000F8 SP=0x00007FF0 FLAGS=G   R0=0 R1=1 R2=49 R3=0 R4=0 R5=0 :: operand[2]=0x00000001
TICK=00284 MPC=285 DECODE           PC=0x000000F8 SP=0x00007FF0 FLAGS=G   R0=0 R1=1 R2=49 R3=0 R4=0 R5=0 :: CMP R1, #0 ; super=blocked:control-or-io
TICK=00285 MPC=286 READ_LEFT        PC=0x000000F8 SP=0x00007FF0 FLAGS=G   R0=0 R1=1 R2=49 R3=0 R4=0 R5=0 :: READ_LEFT: CMP R1, #0
TICK=00286 MPC=287 READ_RIGHT       PC=0x000000F8 SP=0x00007FF0 FLAGS=G   R0=0 R1=1 R2=49 R3=0 R4=0 R5=0 :: READ_RIGHT: CMP R1, #0
TICK=00287 MPC=288 ALU_SUB          PC=0x000000F8 SP=0x00007FF0 FLAGS=G   R0=0 R1=1 R2=49 R3=0 R4=0 R5=0 :: ALU_SUB: CMP R1, #0
TICK=00288 MPC=289 UPDATE_FLAGS     PC=0x000000F8 SP=0x00007FF0 FLAGS=G   R0=0 R1=1 R2=49 R3=0 R4=0 R5=0 :: UPDATE_FLAGS: CMP R1, #0
TICK=00289 MPC=290 COMMIT           PC=0x000000F8 SP=0x00007FF0 FLAGS=G   R0=0 R1=1 R2=49 R3=0 R4=0 R5=0 :: CMP R1, #0
TICK=00290 MPC=291 FETCH_HEADER     PC=0x000000FC SP=0x00007FF0 FLAGS=G   R0=0 R1=1 R2=49 R3=0 R4=0 R5=0 :: addr=0x000000F8 header=0x0000010A operands=1
TICK=00291 MPC=292 FETCH_OPERAND    PC=0x00000100 SP=0x00007FF0 FLAGS=G   R0=0 R1=1 R2=49 R3=0 R4=0 R5=0 :: operand[1]=0x00012801
TICK=00292 MPC=293 DECODE           PC=0x00000100 SP=0x00007FF0 FLAGS=G   R0=0 R1=1 R2=49 R3=0 R4=0 R5=0 :: JZ #296 ; super=blocked:control-or-io
TICK=00293 MPC=294 READ_TARGET      PC=0x00000100 SP=0x00007FF0 FLAGS=G   R0=0 R1=1 R2=49 R3=0 R4=0 R5=0 :: READ_TARGET: JZ #296
TICK=00294 MPC=295 EVALUATE_BRANCH  PC=0x00000100 SP=0x00007FF0 FLAGS=G   R0=0 R1=1 R2=49 R3=0 R4=0 R5=0 :: EVALUATE_BRANCH: JZ #296
TICK=00295 MPC=296 COMMIT           PC=0x00000100 SP=0x00007FF0 FLAGS=G   R0=0 R1=1 R2=49 R3=0 R4=0 R5=0 :: JZ #296
TICK=00296 MPC=297 FETCH_HEADER     PC=0x00000104 SP=0x00007FF0 FLAGS=G   R0=0 R1=1 R2=49 R3=0 R4=0 R5=0 :: addr=0x00000100 header=0x00000111 operands=1
TICK=00297 MPC=298 FETCH_OPERAND    PC=0x00000108 SP=0x00007FF0 FLAGS=G   R0=0 R1=1 R2=49 R3=0 R4=0 R5=0 :: operand[1]=0x00000200
TICK=00298 MPC=299 DECODE           PC=0x00000108 SP=0x00007FF0 FLAGS=G   R0=0 R1=1 R2=49 R3=0 R4=0 R5=0 :: POP R2 ; super=blocked:control-or-io
TICK=00299 MPC=300 MEM_READ_STACK   PC=0x00000108 SP=0x00007FF0 FLAGS=G   R0=0 R1=1 R2=49 R3=0 R4=0 R5=0 :: MEM_READ_STACK: POP R2
TICK=00300 MPC=301 WRITE_DESTINATION PC=0x00000108 SP=0x00007FF0 FLAGS=G   R0=0 R1=1 R2=49 R3=0 R4=0 R5=0 :: WRITE_DESTINATION: POP R2
TICK=00301 MPC=302 STACK_INC        PC=0x00000108 SP=0x00007FF0 FLAGS=G   R0=0 R1=1 R2=49 R3=0 R4=0 R5=0 :: STACK_INC: POP R2
TICK=00302 MPC=303 COMMIT           PC=0x00000108 SP=0x00007FF4 FLAGS=G   R0=0 R1=1 R2=55 R3=0 R4=0 R5=0 :: POP R2
TICK=00303 MPC=304 FETCH_HEADER     PC=0x0000010C SP=0x00007FF4 FLAGS=G   R0=0 R1=1 R2=55 R3=0 R4=0 R5=0 :: addr=0x00000108 header=0x00000215 operands=2
TICK=00304 MPC=305 FETCH_OPERAND    PC=0x00000110 SP=0x00007FF4 FLAGS=G   R0=0 R1=1 R2=55 R3=0 R4=0 R5=0 :: operand[1]=0x00FFF802
TICK=00305 MPC=306 FETCH_OPERAND    PC=0x00000114 SP=0x00007FF4 FLAGS=G   R0=0 R1=1 R2=55 R3=0 R4=0 R5=0 :: operand[2]=0x00000200
TICK=00306 MPC=307 DECODE           PC=0x00000114 SP=0x00007FF4 FLAGS=G   R0=0 R1=1 R2=55 R3=0 R4=0 R5=0 :: STOREB [0xFFF8], R2 ; super=blocked:control-or-io
TICK=00307 MPC=308 READ_BYTE_VALUE  PC=0x00000114 SP=0x00007FF4 FLAGS=G   R0=0 R1=1 R2=55 R3=0 R4=0 R5=0 :: READ_BYTE_VALUE: STOREB [0xFFF8], R2
TICK=00308 MPC=309 WRITE_BYTE_DESTINATION PC=0x00000114 SP=0x00007FF4 FLAGS=G   R0=0 R1=1 R2=55 R3=0 R4=0 R5=0 :: WRITE_BYTE_DESTINATION: STOREB [0xFFF8], R2
TICK=00309 MPC=310 COMMIT           PC=0x00000114 SP=0x00007FF4 FLAGS=G   R0=0 R1=1 R2=55 R3=0 R4=0 R5=0 :: STOREB [0xFFF8], R2
TICK=00310 MPC=311 FETCH_HEADER     PC=0x00000118 SP=0x00007FF4 FLAGS=G   R0=0 R1=1 R2=55 R3=0 R4=0 R5=0 :: addr=0x00000114 header=0x00000204 operands=2
TICK=00311 MPC=312 FETCH_OPERAND    PC=0x0000011C SP=0x00007FF4 FLAGS=G   R0=0 R1=1 R2=55 R3=0 R4=0 R5=0 :: operand[1]=0x00000100
TICK=00312 MPC=313 FETCH_OPERAND    PC=0x00000120 SP=0x00007FF4 FLAGS=G   R0=0 R1=1 R2=55 R3=0 R4=0 R5=0 :: operand[2]=0x00000101
TICK=00313 MPC=314 DECODE           PC=0x00000120 SP=0x00007FF4 FLAGS=G   R0=0 R1=1 R2=55 R3=0 R4=0 R5=0 :: SUB R1, #1 ; super=blocked:next-not-eligible
TICK=00314 MPC=315 READ_LEFT        PC=0x00000120 SP=0x00007FF4 FLAGS=G   R0=0 R1=1 R2=55 R3=0 R4=0 R5=0 :: READ_LEFT: SUB R1, #1
TICK=00315 MPC=316 READ_RIGHT       PC=0x00000120 SP=0x00007FF4 FLAGS=G   R0=0 R1=1 R2=55 R3=0 R4=0 R5=0 :: READ_RIGHT: SUB R1, #1
TICK=00316 MPC=317 ALU_SUB          PC=0x00000120 SP=0x00007FF4 FLAGS=G   R0=0 R1=1 R2=55 R3=0 R4=0 R5=0 :: ALU_SUB: SUB R1, #1
TICK=00317 MPC=318 WRITE_BACK       PC=0x00000120 SP=0x00007FF4 FLAGS=G   R0=0 R1=1 R2=55 R3=0 R4=0 R5=0 :: WRITE_BACK: SUB R1, #1
TICK=00318 MPC=319 UPDATE_FLAGS     PC=0x00000120 SP=0x00007FF4 FLAGS=G   R0=0 R1=1 R2=55 R3=0 R4=0 R5=0 :: UPDATE_FLAGS: SUB R1, #1
TICK=00319 MPC=320 COMMIT           PC=0x00000120 SP=0x00007FF4 FLAGS=Z   R0=0 R1=0 R2=55 R3=0 R4=0 R5=0 :: SUB R1, #1
TICK=00320 MPC=321 FETCH_HEADER     PC=0x00000124 SP=0x00007FF4 FLAGS=Z   R0=0 R1=0 R2=55 R3=0 R4=0 R5=0 :: addr=0x00000120 header=0x00000109 operands=1
TICK=00321 MPC=322 FETCH_OPERAND    PC=0x00000128 SP=0x00007FF4 FLAGS=Z   R0=0 R1=0 R2=55 R3=0 R4=0 R5=0 :: operand[1]=0x0000EC01
TICK=00322 MPC=323 DECODE           PC=0x00000128 SP=0x00007FF4 FLAGS=Z   R0=0 R1=0 R2=55 R3=0 R4=0 R5=0 :: JMP #236 ; super=blocked:control-or-io
TICK=00323 MPC=324 READ_TARGET      PC=0x00000128 SP=0x00007FF4 FLAGS=Z   R0=0 R1=0 R2=55 R3=0 R4=0 R5=0 :: READ_TARGET: JMP #236
TICK=00324 MPC=325 EVALUATE_BRANCH  PC=0x00000128 SP=0x00007FF4 FLAGS=Z   R0=0 R1=0 R2=55 R3=0 R4=0 R5=0 :: EVALUATE_BRANCH: JMP #236
TICK=00325 MPC=326 COMMIT           PC=0x000000EC SP=0x00007FF4 FLAGS=Z   R0=0 R1=0 R2=55 R3=0 R4=0 R5=0 :: JMP #236
TICK=00326 MPC=327 FETCH_HEADER     PC=0x000000F0 SP=0x00007FF4 FLAGS=Z   R0=0 R1=0 R2=55 R3=0 R4=0 R5=0 :: addr=0x000000EC header=0x00000208 operands=2
TICK=00327 MPC=328 FETCH_OPERAND    PC=0x000000F4 SP=0x00007FF4 FLAGS=Z   R0=0 R1=0 R2=55 R3=0 R4=0 R5=0 :: operand[1]=0x00000100
TICK=00328 MPC=329 FETCH_OPERAND    PC=0x000000F8 SP=0x00007FF4 FLAGS=Z   R0=0 R1=0 R2=55 R3=0 R4=0 R5=0 :: operand[2]=0x00000001
TICK=00329 MPC=330 DECODE           PC=0x000000F8 SP=0x00007FF4 FLAGS=Z   R0=0 R1=0 R2=55 R3=0 R4=0 R5=0 :: CMP R1, #0 ; super=blocked:control-or-io
TICK=00330 MPC=331 READ_LEFT        PC=0x000000F8 SP=0x00007FF4 FLAGS=Z   R0=0 R1=0 R2=55 R3=0 R4=0 R5=0 :: READ_LEFT: CMP R1, #0
TICK=00331 MPC=332 READ_RIGHT       PC=0x000000F8 SP=0x00007FF4 FLAGS=Z   R0=0 R1=0 R2=55 R3=0 R4=0 R5=0 :: READ_RIGHT: CMP R1, #0
TICK=00332 MPC=333 ALU_SUB          PC=0x000000F8 SP=0x00007FF4 FLAGS=Z   R0=0 R1=0 R2=55 R3=0 R4=0 R5=0 :: ALU_SUB: CMP R1, #0
TICK=00333 MPC=334 UPDATE_FLAGS     PC=0x000000F8 SP=0x00007FF4 FLAGS=Z   R0=0 R1=0 R2=55 R3=0 R4=0 R5=0 :: UPDATE_FLAGS: CMP R1, #0
TICK=00334 MPC=335 COMMIT           PC=0x000000F8 SP=0x00007FF4 FLAGS=Z   R0=0 R1=0 R2=55 R3=0 R4=0 R5=0 :: CMP R1, #0
TICK=00335 MPC=336 FETCH_HEADER     PC=0x000000FC SP=0x00007FF4 FLAGS=Z   R0=0 R1=0 R2=55 R3=0 R4=0 R5=0 :: addr=0x000000F8 header=0x0000010A operands=1
TICK=00336 MPC=337 FETCH_OPERAND    PC=0x00000100 SP=0x00007FF4 FLAGS=Z   R0=0 R1=0 R2=55 R3=0 R4=0 R5=0 :: operand[1]=0x00012801
TICK=00337 MPC=338 DECODE           PC=0x00000100 SP=0x00007FF4 FLAGS=Z   R0=0 R1=0 R2=55 R3=0 R4=0 R5=0 :: JZ #296 ; super=blocked:control-or-io
TICK=00338 MPC=339 READ_TARGET      PC=0x00000100 SP=0x00007FF4 FLAGS=Z   R0=0 R1=0 R2=55 R3=0 R4=0 R5=0 :: READ_TARGET: JZ #296
TICK=00339 MPC=340 EVALUATE_BRANCH  PC=0x00000100 SP=0x00007FF4 FLAGS=Z   R0=0 R1=0 R2=55 R3=0 R4=0 R5=0 :: EVALUATE_BRANCH: JZ #296
TICK=00340 MPC=341 COMMIT           PC=0x00000128 SP=0x00007FF4 FLAGS=Z   R0=0 R1=0 R2=55 R3=0 R4=0 R5=0 :: JZ #296
TICK=00341 MPC=342 FETCH_HEADER     PC=0x0000012C SP=0x00007FF4 FLAGS=Z   R0=0 R1=0 R2=55 R3=0 R4=0 R5=0 :: addr=0x00000128 header=0x00000111 operands=1
TICK=00342 MPC=343 FETCH_OPERAND    PC=0x00000130 SP=0x00007FF4 FLAGS=Z   R0=0 R1=0 R2=55 R3=0 R4=0 R5=0 :: operand[1]=0x00000200
TICK=00343 MPC=344 DECODE           PC=0x00000130 SP=0x00007FF4 FLAGS=Z   R0=0 R1=0 R2=55 R3=0 R4=0 R5=0 :: POP R2 ; super=blocked:control-or-io
TICK=00344 MPC=345 MEM_READ_STACK   PC=0x00000130 SP=0x00007FF4 FLAGS=Z   R0=0 R1=0 R2=55 R3=0 R4=0 R5=0 :: MEM_READ_STACK: POP R2
TICK=00345 MPC=346 WRITE_DESTINATION PC=0x00000130 SP=0x00007FF4 FLAGS=Z   R0=0 R1=0 R2=55 R3=0 R4=0 R5=0 :: WRITE_DESTINATION: POP R2
TICK=00346 MPC=347 STACK_INC        PC=0x00000130 SP=0x00007FF4 FLAGS=Z   R0=0 R1=0 R2=55 R3=0 R4=0 R5=0 :: STACK_INC: POP R2
TICK=00347 MPC=348 COMMIT           PC=0x00000130 SP=0x00007FF8 FLAGS=Z   R0=0 R1=0 R2=0 R3=0 R4=0 R5=0 :: POP R2
TICK=00348 MPC=349 FETCH_HEADER     PC=0x00000134 SP=0x00007FF8 FLAGS=Z   R0=0 R1=0 R2=0 R3=0 R4=0 R5=0 :: addr=0x00000130 header=0x00000111 operands=1
TICK=00349 MPC=350 FETCH_OPERAND    PC=0x00000138 SP=0x00007FF8 FLAGS=Z   R0=0 R1=0 R2=0 R3=0 R4=0 R5=0 :: operand[1]=0x00000100
TICK=00350 MPC=351 DECODE           PC=0x00000138 SP=0x00007FF8 FLAGS=Z   R0=0 R1=0 R2=0 R3=0 R4=0 R5=0 :: POP R1 ; super=blocked:control-or-io
TICK=00351 MPC=352 MEM_READ_STACK   PC=0x00000138 SP=0x00007FF8 FLAGS=Z   R0=0 R1=0 R2=0 R3=0 R4=0 R5=0 :: MEM_READ_STACK: POP R1
TICK=00352 MPC=353 WRITE_DESTINATION PC=0x00000138 SP=0x00007FF8 FLAGS=Z   R0=0 R1=0 R2=0 R3=0 R4=0 R5=0 :: WRITE_DESTINATION: POP R1
TICK=00353 MPC=354 STACK_INC        PC=0x00000138 SP=0x00007FF8 FLAGS=Z   R0=0 R1=0 R2=0 R3=0 R4=0 R5=0 :: STACK_INC: POP R1
TICK=00354 MPC=355 COMMIT           PC=0x00000138 SP=0x00007FFC FLAGS=Z   R0=0 R1=2 R2=0 R3=0 R4=0 R5=0 :: POP R1
TICK=00355 MPC=356 FETCH_HEADER     PC=0x0000013C SP=0x00007FFC FLAGS=Z   R0=0 R1=2 R2=0 R3=0 R4=0 R5=0 :: addr=0x00000138 header=0x00000013 operands=0
TICK=00356 MPC=357 DECODE           PC=0x0000013C SP=0x00007FFC FLAGS=Z   R0=0 R1=2 R2=0 R3=0 R4=0 R5=0 :: RET ; super=blocked:control-or-io
TICK=00357 MPC=358 MEM_READ_STACK   PC=0x0000013C SP=0x00007FFC FLAGS=Z   R0=0 R1=2 R2=0 R3=0 R4=0 R5=0 :: MEM_READ_STACK: RET
TICK=00358 MPC=359 STACK_INC        PC=0x0000013C SP=0x00007FFC FLAGS=Z   R0=0 R1=2 R2=0 R3=0 R4=0 R5=0 :: STACK_INC: RET
TICK=00359 MPC=360 SET_PC           PC=0x0000013C SP=0x00007FFC FLAGS=Z   R0=0 R1=2 R2=0 R3=0 R4=0 R5=0 :: SET_PC: RET
TICK=00360 MPC=361 COMMIT           PC=0x00000038 SP=0x00008000 FLAGS=Z   R0=0 R1=2 R2=0 R3=0 R4=0 R5=0 :: RET
TICK=00361 MPC=362 FETCH_HEADER     PC=0x0000003C SP=0x00008000 FLAGS=Z   R0=0 R1=2 R2=0 R3=0 R4=0 R5=0 :: addr=0x00000038 header=0x00000215 operands=2
TICK=00362 MPC=363 FETCH_OPERAND    PC=0x00000040 SP=0x00008000 FLAGS=Z   R0=0 R1=2 R2=0 R3=0 R4=0 R5=0 :: operand[1]=0x00FFF802
TICK=00363 MPC=364 FETCH_OPERAND    PC=0x00000044 SP=0x00008000 FLAGS=Z   R0=0 R1=2 R2=0 R3=0 R4=0 R5=0 :: operand[2]=0x00000A01
TICK=00364 MPC=365 DECODE           PC=0x00000044 SP=0x00008000 FLAGS=Z   R0=0 R1=2 R2=0 R3=0 R4=0 R5=0 :: STOREB [0xFFF8], #10 ; super=blocked:control-or-io
TICK=00365 MPC=366 READ_BYTE_VALUE  PC=0x00000044 SP=0x00008000 FLAGS=Z   R0=0 R1=2 R2=0 R3=0 R4=0 R5=0 :: READ_BYTE_VALUE: STOREB [0xFFF8], #10
TICK=00366 MPC=367 WRITE_BYTE_DESTINATION PC=0x00000044 SP=0x00008000 FLAGS=Z   R0=0 R1=2 R2=0 R3=0 R4=0 R5=0 :: WRITE_BYTE_DESTINATION: STOREB [0xFFF8], #10
TICK=00367 MPC=368 COMMIT           PC=0x00000044 SP=0x00008000 FLAGS=Z   R0=0 R1=2 R2=0 R3=0 R4=0 R5=0 :: STOREB [0xFFF8], #10
TICK=00368 MPC=369 FETCH_HEADER     PC=0x00000048 SP=0x00008000 FLAGS=Z   R0=0 R1=2 R2=0 R3=0 R4=0 R5=0 :: addr=0x00000044 header=0x00000001 operands=0
TICK=00369 MPC=370 DECODE           PC=0x00000048 SP=0x00008000 FLAGS=Z   R0=0 R1=2 R2=0 R3=0 R4=0 R5=0 :: HALT ; super=blocked:control-or-io
TICK=00370 MPC=371 COMMIT           PC=0x00000048 SP=0x00008000 FLAGS=Z   R0=0 R1=2 R2=0 R3=0 R4=0 R5=0 :: HALT
