TICK=00000 MPC=001 FETCH            PC=0x00000004 SP=0x00008000 FLAGS=-   R0=0 R1=0 R2=0 R3=0 R4=0 R5=0 :: addr=0x00000000 header=0x00000202
TICK=00001 MPC=002 DECODE           PC=0x0000000C SP=0x00008000 FLAGS=-   R0=0 R1=0 R2=0 R3=0 R4=0 R5=0 :: MOV SP, #32768 ; super=blocked:control-or-io
TICK=00002 MPC=003 EXEC_MOVE        PC=0x0000000C SP=0x00008000 FLAGS=-   R0=0 R1=0 R2=0 R3=0 R4=0 R5=0 :: MOV SP, #32768
TICK=00003 MPC=004 FETCH            PC=0x00000010 SP=0x00008000 FLAGS=-   R0=0 R1=0 R2=0 R3=0 R4=0 R5=0 :: addr=0x0000000C header=0x00000112
TICK=00004 MPC=005 DECODE           PC=0x00000014 SP=0x00008000 FLAGS=-   R0=0 R1=0 R2=0 R3=0 R4=0 R5=0 :: CALL #204 ; super=blocked:control-or-io
TICK=00005 MPC=006 EXEC_CALL        PC=0x000000CC SP=0x00007FFC FLAGS=-   R0=0 R1=0 R2=0 R3=0 R4=0 R5=0 :: CALL #204
TICK=00006 MPC=007 FETCH            PC=0x000000D0 SP=0x00007FFC FLAGS=-   R0=0 R1=0 R2=0 R3=0 R4=0 R5=0 :: addr=0x000000CC header=0x00000202
TICK=00007 MPC=008 DECODE           PC=0x000000D8 SP=0x00007FFC FLAGS=-   R0=0 R1=0 R2=0 R3=0 R4=0 R5=0 :: MOV R0, #0 ; super=blocked:next-not-eligible
TICK=00008 MPC=009 EXEC_MOVE        PC=0x000000D8 SP=0x00007FFC FLAGS=-   R0=0 R1=0 R2=0 R3=0 R4=0 R5=0 :: MOV R0, #0
TICK=00009 MPC=010 FETCH            PC=0x000000DC SP=0x00007FFC FLAGS=-   R0=0 R1=0 R2=0 R3=0 R4=0 R5=0 :: addr=0x000000D8 header=0x00000214
TICK=00010 MPC=011 DECODE           PC=0x000000E4 SP=0x00007FFC FLAGS=-   R0=0 R1=0 R2=0 R3=0 R4=0 R5=0 :: LOADB R1, [0xFFF0] ; super=blocked:control-or-io
TICK=00011 MPC=012 EXEC_LOAD_BYTE   PC=0x000000E4 SP=0x00007FFC FLAGS=-   R0=0 R1=1 R2=0 R3=0 R4=0 R5=0 :: LOADB R1, [0xFFF0]
TICK=00012 MPC=013 FETCH            PC=0x000000E8 SP=0x00007FFC FLAGS=-   R0=0 R1=1 R2=0 R3=0 R4=0 R5=0 :: addr=0x000000E4 header=0x00000208
TICK=00013 MPC=014 DECODE           PC=0x000000F0 SP=0x00007FFC FLAGS=-   R0=0 R1=1 R2=0 R3=0 R4=0 R5=0 :: CMP R1, #0 ; super=blocked:control-or-io
TICK=00014 MPC=015 EXEC_COMPARE     PC=0x000000F0 SP=0x00007FFC FLAGS=G   R0=0 R1=1 R2=0 R3=0 R4=0 R5=0 :: CMP R1, #0
TICK=00015 MPC=016 FETCH            PC=0x000000F4 SP=0x00007FFC FLAGS=G   R0=0 R1=1 R2=0 R3=0 R4=0 R5=0 :: addr=0x000000F0 header=0x0000010A
TICK=00016 MPC=017 DECODE           PC=0x000000F8 SP=0x00007FFC FLAGS=G   R0=0 R1=1 R2=0 R3=0 R4=0 R5=0 :: JZ #344 ; super=blocked:control-or-io
TICK=00017 MPC=018 EXEC_BRANCH      PC=0x000000F8 SP=0x00007FFC FLAGS=G   R0=0 R1=1 R2=0 R3=0 R4=0 R5=0 :: JZ #344
TICK=00018 MPC=019 FETCH            PC=0x000000FC SP=0x00007FFC FLAGS=G   R0=0 R1=1 R2=0 R3=0 R4=0 R5=0 :: addr=0x000000F8 header=0x00000214
TICK=00019 MPC=020 DECODE           PC=0x00000104 SP=0x00007FFC FLAGS=G   R0=0 R1=1 R2=0 R3=0 R4=0 R5=0 :: LOADB R1, [0xFFF4] ; super=blocked:control-or-io
TICK=00020 MPC=021 EXEC_LOAD_BYTE   PC=0x00000104 SP=0x00007FFC FLAGS=G   R0=0 R1=49 R2=0 R3=0 R4=0 R5=0 :: LOADB R1, [0xFFF4]
TICK=00021 MPC=022 FETCH            PC=0x00000108 SP=0x00007FFC FLAGS=G   R0=0 R1=49 R2=0 R3=0 R4=0 R5=0 :: addr=0x00000104 header=0x00000208
TICK=00022 MPC=023 DECODE           PC=0x00000110 SP=0x00007FFC FLAGS=G   R0=0 R1=49 R2=0 R3=0 R4=0 R5=0 :: CMP R1, #10 ; super=blocked:control-or-io
TICK=00023 MPC=024 EXEC_COMPARE     PC=0x00000110 SP=0x00007FFC FLAGS=G   R0=0 R1=49 R2=0 R3=0 R4=0 R5=0 :: CMP R1, #10
TICK=00024 MPC=025 FETCH            PC=0x00000114 SP=0x00007FFC FLAGS=G   R0=0 R1=49 R2=0 R3=0 R4=0 R5=0 :: addr=0x00000110 header=0x0000010A
TICK=00025 MPC=026 DECODE           PC=0x00000118 SP=0x00007FFC FLAGS=G   R0=0 R1=49 R2=0 R3=0 R4=0 R5=0 :: JZ #344 ; super=blocked:control-or-io
TICK=00026 MPC=027 EXEC_BRANCH      PC=0x00000118 SP=0x00007FFC FLAGS=G   R0=0 R1=49 R2=0 R3=0 R4=0 R5=0 :: JZ #344
TICK=00027 MPC=028 FETCH            PC=0x0000011C SP=0x00007FFC FLAGS=G   R0=0 R1=49 R2=0 R3=0 R4=0 R5=0 :: addr=0x00000118 header=0x00000208
TICK=00028 MPC=029 DECODE           PC=0x00000124 SP=0x00007FFC FLAGS=G   R0=0 R1=49 R2=0 R3=0 R4=0 R5=0 :: CMP R1, #13 ; super=blocked:control-or-io
TICK=00029 MPC=030 EXEC_COMPARE     PC=0x00000124 SP=0x00007FFC FLAGS=G   R0=0 R1=49 R2=0 R3=0 R4=0 R5=0 :: CMP R1, #13
TICK=00030 MPC=031 FETCH            PC=0x00000128 SP=0x00007FFC FLAGS=G   R0=0 R1=49 R2=0 R3=0 R4=0 R5=0 :: addr=0x00000124 header=0x0000010A
TICK=00031 MPC=032 DECODE           PC=0x0000012C SP=0x00007FFC FLAGS=G   R0=0 R1=49 R2=0 R3=0 R4=0 R5=0 :: JZ #344 ; super=blocked:control-or-io
TICK=00032 MPC=033 EXEC_BRANCH      PC=0x0000012C SP=0x00007FFC FLAGS=G   R0=0 R1=49 R2=0 R3=0 R4=0 R5=0 :: JZ #344
TICK=00033 MPC=034 FETCH            PC=0x00000130 SP=0x00007FFC FLAGS=G   R0=0 R1=49 R2=0 R3=0 R4=0 R5=0 :: addr=0x0000012C header=0x00000204
TICK=00034 MPC=035 DECODE           PC=0x00000138 SP=0x00007FFC FLAGS=G   R0=0 R1=49 R2=0 R3=0 R4=0 R5=0 :: SUB R1, #48 ; super=blocked:data-dependency
TICK=00035 MPC=036 EXEC_ALU_SUB     PC=0x00000138 SP=0x00007FFC FLAGS=G   R0=0 R1=1 R2=0 R3=0 R4=0 R5=0 :: SUB R1, #48
TICK=00036 MPC=037 FETCH            PC=0x0000013C SP=0x00007FFC FLAGS=G   R0=0 R1=1 R2=0 R3=0 R4=0 R5=0 :: addr=0x00000138 header=0x00000205
TICK=00037 MPC=038 DECODE           PC=0x00000144 SP=0x00007FFC FLAGS=G   R0=0 R1=1 R2=0 R3=0 R4=0 R5=0 :: MUL R0, #10 ; super=blocked:data-dependency
TICK=00038 MPC=039 EXEC_ALU_MUL     PC=0x00000144 SP=0x00007FFC FLAGS=Z   R0=0 R1=1 R2=0 R3=0 R4=0 R5=0 :: MUL R0, #10
TICK=00039 MPC=040 FETCH            PC=0x00000148 SP=0x00007FFC FLAGS=Z   R0=0 R1=1 R2=0 R3=0 R4=0 R5=0 :: addr=0x00000144 header=0x00000203
TICK=00040 MPC=041 DECODE           PC=0x00000150 SP=0x00007FFC FLAGS=Z   R0=0 R1=1 R2=0 R3=0 R4=0 R5=0 :: ADD R0, R1 ; super=blocked:next-not-eligible
TICK=00041 MPC=042 EXEC_ALU_ADD     PC=0x00000150 SP=0x00007FFC FLAGS=G   R0=1 R1=1 R2=0 R3=0 R4=0 R5=0 :: ADD R0, R1
TICK=00042 MPC=043 FETCH            PC=0x00000154 SP=0x00007FFC FLAGS=G   R0=1 R1=1 R2=0 R3=0 R4=0 R5=0 :: addr=0x00000150 header=0x00000109
TICK=00043 MPC=044 DECODE           PC=0x00000158 SP=0x00007FFC FLAGS=G   R0=1 R1=1 R2=0 R3=0 R4=0 R5=0 :: JMP #216 ; super=blocked:control-or-io
TICK=00044 MPC=045 EXEC_BRANCH      PC=0x000000D8 SP=0x00007FFC FLAGS=G   R0=1 R1=1 R2=0 R3=0 R4=0 R5=0 :: JMP #216
TICK=00045 MPC=046 FETCH            PC=0x000000DC SP=0x00007FFC FLAGS=G   R0=1 R1=1 R2=0 R3=0 R4=0 R5=0 :: addr=0x000000D8 header=0x00000214
TICK=00046 MPC=047 DECODE           PC=0x000000E4 SP=0x00007FFC FLAGS=G   R0=1 R1=1 R2=0 R3=0 R4=0 R5=0 :: LOADB R1, [0xFFF0] ; super=blocked:control-or-io
TICK=00047 MPC=048 EXEC_LOAD_BYTE   PC=0x000000E4 SP=0x00007FFC FLAGS=G   R0=1 R1=1 R2=0 R3=0 R4=0 R5=0 :: LOADB R1, [0xFFF0]
TICK=00048 MPC=049 FETCH            PC=0x000000E8 SP=0x00007FFC FLAGS=G   R0=1 R1=1 R2=0 R3=0 R4=0 R5=0 :: addr=0x000000E4 header=0x00000208
TICK=00049 MPC=050 DECODE           PC=0x000000F0 SP=0x00007FFC FLAGS=G   R0=1 R1=1 R2=0 R3=0 R4=0 R5=0 :: CMP R1, #0 ; super=blocked:control-or-io
TICK=00050 MPC=051 EXEC_COMPARE     PC=0x000000F0 SP=0x00007FFC FLAGS=G   R0=1 R1=1 R2=0 R3=0 R4=0 R5=0 :: CMP R1, #0
TICK=00051 MPC=052 FETCH            PC=0x000000F4 SP=0x00007FFC FLAGS=G   R0=1 R1=1 R2=0 R3=0 R4=0 R5=0 :: addr=0x000000F0 header=0x0000010A
TICK=00052 MPC=053 DECODE           PC=0x000000F8 SP=0x00007FFC FLAGS=G   R0=1 R1=1 R2=0 R3=0 R4=0 R5=0 :: JZ #344 ; super=blocked:control-or-io
TICK=00053 MPC=054 EXEC_BRANCH      PC=0x000000F8 SP=0x00007FFC FLAGS=G   R0=1 R1=1 R2=0 R3=0 R4=0 R5=0 :: JZ #344
TICK=00054 MPC=055 FETCH            PC=0x000000FC SP=0x00007FFC FLAGS=G   R0=1 R1=1 R2=0 R3=0 R4=0 R5=0 :: addr=0x000000F8 header=0x00000214
TICK=00055 MPC=056 DECODE           PC=0x00000104 SP=0x00007FFC FLAGS=G   R0=1 R1=1 R2=0 R3=0 R4=0 R5=0 :: LOADB R1, [0xFFF4] ; super=blocked:control-or-io
TICK=00056 MPC=057 EXEC_LOAD_BYTE   PC=0x00000104 SP=0x00007FFC FLAGS=G   R0=1 R1=48 R2=0 R3=0 R4=0 R5=0 :: LOADB R1, [0xFFF4]
TICK=00057 MPC=058 FETCH            PC=0x00000108 SP=0x00007FFC FLAGS=G   R0=1 R1=48 R2=0 R3=0 R4=0 R5=0 :: addr=0x00000104 header=0x00000208
TICK=00058 MPC=059 DECODE           PC=0x00000110 SP=0x00007FFC FLAGS=G   R0=1 R1=48 R2=0 R3=0 R4=0 R5=0 :: CMP R1, #10 ; super=blocked:control-or-io
TICK=00059 MPC=060 EXEC_COMPARE     PC=0x00000110 SP=0x00007FFC FLAGS=G   R0=1 R1=48 R2=0 R3=0 R4=0 R5=0 :: CMP R1, #10
TICK=00060 MPC=061 FETCH            PC=0x00000114 SP=0x00007FFC FLAGS=G   R0=1 R1=48 R2=0 R3=0 R4=0 R5=0 :: addr=0x00000110 header=0x0000010A
TICK=00061 MPC=062 DECODE           PC=0x00000118 SP=0x00007FFC FLAGS=G   R0=1 R1=48 R2=0 R3=0 R4=0 R5=0 :: JZ #344 ; super=blocked:control-or-io
TICK=00062 MPC=063 EXEC_BRANCH      PC=0x00000118 SP=0x00007FFC FLAGS=G   R0=1 R1=48 R2=0 R3=0 R4=0 R5=0 :: JZ #344
TICK=00063 MPC=064 FETCH            PC=0x0000011C SP=0x00007FFC FLAGS=G   R0=1 R1=48 R2=0 R3=0 R4=0 R5=0 :: addr=0x00000118 header=0x00000208
TICK=00064 MPC=065 DECODE           PC=0x00000124 SP=0x00007FFC FLAGS=G   R0=1 R1=48 R2=0 R3=0 R4=0 R5=0 :: CMP R1, #13 ; super=blocked:control-or-io
TICK=00065 MPC=066 EXEC_COMPARE     PC=0x00000124 SP=0x00007FFC FLAGS=G   R0=1 R1=48 R2=0 R3=0 R4=0 R5=0 :: CMP R1, #13
TICK=00066 MPC=067 FETCH            PC=0x00000128 SP=0x00007FFC FLAGS=G   R0=1 R1=48 R2=0 R3=0 R4=0 R5=0 :: addr=0x00000124 header=0x0000010A
TICK=00067 MPC=068 DECODE           PC=0x0000012C SP=0x00007FFC FLAGS=G   R0=1 R1=48 R2=0 R3=0 R4=0 R5=0 :: JZ #344 ; super=blocked:control-or-io
TICK=00068 MPC=069 EXEC_BRANCH      PC=0x0000012C SP=0x00007FFC FLAGS=G   R0=1 R1=48 R2=0 R3=0 R4=0 R5=0 :: JZ #344
TICK=00069 MPC=070 FETCH            PC=0x00000130 SP=0x00007FFC FLAGS=G   R0=1 R1=48 R2=0 R3=0 R4=0 R5=0 :: addr=0x0000012C header=0x00000204
TICK=00070 MPC=071 DECODE           PC=0x00000138 SP=0x00007FFC FLAGS=G   R0=1 R1=48 R2=0 R3=0 R4=0 R5=0 :: SUB R1, #48 ; super=blocked:data-dependency
TICK=00071 MPC=072 EXEC_ALU_SUB     PC=0x00000138 SP=0x00007FFC FLAGS=Z   R0=1 R1=0 R2=0 R3=0 R4=0 R5=0 :: SUB R1, #48
TICK=00072 MPC=073 FETCH            PC=0x0000013C SP=0x00007FFC FLAGS=Z   R0=1 R1=0 R2=0 R3=0 R4=0 R5=0 :: addr=0x00000138 header=0x00000205
TICK=00073 MPC=074 DECODE           PC=0x00000144 SP=0x00007FFC FLAGS=Z   R0=1 R1=0 R2=0 R3=0 R4=0 R5=0 :: MUL R0, #10 ; super=blocked:data-dependency
TICK=00074 MPC=075 EXEC_ALU_MUL     PC=0x00000144 SP=0x00007FFC FLAGS=G   R0=10 R1=0 R2=0 R3=0 R4=0 R5=0 :: MUL R0, #10
TICK=00075 MPC=076 FETCH            PC=0x00000148 SP=0x00007FFC FLAGS=G   R0=10 R1=0 R2=0 R3=0 R4=0 R5=0 :: addr=0x00000144 header=0x00000203
TICK=00076 MPC=077 DECODE           PC=0x00000150 SP=0x00007FFC FLAGS=G   R0=10 R1=0 R2=0 R3=0 R4=0 R5=0 :: ADD R0, R1 ; super=blocked:next-not-eligible
TICK=00077 MPC=078 EXEC_ALU_ADD     PC=0x00000150 SP=0x00007FFC FLAGS=G   R0=10 R1=0 R2=0 R3=0 R4=0 R5=0 :: ADD R0, R1
TICK=00078 MPC=079 FETCH            PC=0x00000154 SP=0x00007FFC FLAGS=G   R0=10 R1=0 R2=0 R3=0 R4=0 R5=0 :: addr=0x00000150 header=0x00000109
TICK=00079 MPC=080 DECODE           PC=0x00000158 SP=0x00007FFC FLAGS=G   R0=10 R1=0 R2=0 R3=0 R4=0 R5=0 :: JMP #216 ; super=blocked:control-or-io
TICK=00080 MPC=081 EXEC_BRANCH      PC=0x000000D8 SP=0x00007FFC FLAGS=G   R0=10 R1=0 R2=0 R3=0 R4=0 R5=0 :: JMP #216
TICK=00081 MPC=082 FETCH            PC=0x000000DC SP=0x00007FFC FLAGS=G   R0=10 R1=0 R2=0 R3=0 R4=0 R5=0 :: addr=0x000000D8 header=0x00000214
TICK=00082 MPC=083 DECODE           PC=0x000000E4 SP=0x00007FFC FLAGS=G   R0=10 R1=0 R2=0 R3=0 R4=0 R5=0 :: LOADB R1, [0xFFF0] ; super=blocked:control-or-io
TICK=00083 MPC=084 EXEC_LOAD_BYTE   PC=0x000000E4 SP=0x00007FFC FLAGS=G   R0=10 R1=1 R2=0 R3=0 R4=0 R5=0 :: LOADB R1, [0xFFF0]
TICK=00084 MPC=085 FETCH            PC=0x000000E8 SP=0x00007FFC FLAGS=G   R0=10 R1=1 R2=0 R3=0 R4=0 R5=0 :: addr=0x000000E4 header=0x00000208
TICK=00085 MPC=086 DECODE           PC=0x000000F0 SP=0x00007FFC FLAGS=G   R0=10 R1=1 R2=0 R3=0 R4=0 R5=0 :: CMP R1, #0 ; super=blocked:control-or-io
TICK=00086 MPC=087 EXEC_COMPARE     PC=0x000000F0 SP=0x00007FFC FLAGS=G   R0=10 R1=1 R2=0 R3=0 R4=0 R5=0 :: CMP R1, #0
TICK=00087 MPC=088 FETCH            PC=0x000000F4 SP=0x00007FFC FLAGS=G   R0=10 R1=1 R2=0 R3=0 R4=0 R5=0 :: addr=0x000000F0 header=0x0000010A
TICK=00088 MPC=089 DECODE           PC=0x000000F8 SP=0x00007FFC FLAGS=G   R0=10 R1=1 R2=0 R3=0 R4=0 R5=0 :: JZ #344 ; super=blocked:control-or-io
TICK=00089 MPC=090 EXEC_BRANCH      PC=0x000000F8 SP=0x00007FFC FLAGS=G   R0=10 R1=1 R2=0 R3=0 R4=0 R5=0 :: JZ #344
TICK=00090 MPC=091 FETCH            PC=0x000000FC SP=0x00007FFC FLAGS=G   R0=10 R1=1 R2=0 R3=0 R4=0 R5=0 :: addr=0x000000F8 header=0x00000214
TICK=00091 MPC=092 DECODE           PC=0x00000104 SP=0x00007FFC FLAGS=G   R0=10 R1=1 R2=0 R3=0 R4=0 R5=0 :: LOADB R1, [0xFFF4] ; super=blocked:control-or-io
TICK=00092 MPC=093 EXEC_LOAD_BYTE   PC=0x00000104 SP=0x00007FFC FLAGS=G   R0=10 R1=10 R2=0 R3=0 R4=0 R5=0 :: LOADB R1, [0xFFF4]
TICK=00093 MPC=094 FETCH            PC=0x00000108 SP=0x00007FFC FLAGS=G   R0=10 R1=10 R2=0 R3=0 R4=0 R5=0 :: addr=0x00000104 header=0x00000208
TICK=00094 MPC=095 DECODE           PC=0x00000110 SP=0x00007FFC FLAGS=G   R0=10 R1=10 R2=0 R3=0 R4=0 R5=0 :: CMP R1, #10 ; super=blocked:control-or-io
TICK=00095 MPC=096 EXEC_COMPARE     PC=0x00000110 SP=0x00007FFC FLAGS=Z   R0=10 R1=10 R2=0 R3=0 R4=0 R5=0 :: CMP R1, #10
TICK=00096 MPC=097 FETCH            PC=0x00000114 SP=0x00007FFC FLAGS=Z   R0=10 R1=10 R2=0 R3=0 R4=0 R5=0 :: addr=0x00000110 header=0x0000010A
TICK=00097 MPC=098 DECODE           PC=0x00000118 SP=0x00007FFC FLAGS=Z   R0=10 R1=10 R2=0 R3=0 R4=0 R5=0 :: JZ #344 ; super=blocked:control-or-io
TICK=00098 MPC=099 EXEC_BRANCH      PC=0x00000158 SP=0x00007FFC FLAGS=Z   R0=10 R1=10 R2=0 R3=0 R4=0 R5=0 :: JZ #344
TICK=00099 MPC=100 FETCH            PC=0x0000015C SP=0x00007FFC FLAGS=Z   R0=10 R1=10 R2=0 R3=0 R4=0 R5=0 :: addr=0x00000158 header=0x00000013
TICK=00100 MPC=101 DECODE           PC=0x0000015C SP=0x00007FFC FLAGS=Z   R0=10 R1=10 R2=0 R3=0 R4=0 R5=0 :: RET ; super=blocked:control-or-io
TICK=00101 MPC=102 EXEC_RET         PC=0x00000014 SP=0x00008000 FLAGS=Z   R0=10 R1=10 R2=0 R3=0 R4=0 R5=0 :: RET
TICK=00102 MPC=103 FETCH            PC=0x00000018 SP=0x00008000 FLAGS=Z   R0=10 R1=10 R2=0 R3=0 R4=0 R5=0 :: addr=0x00000014 header=0x00000202
TICK=00103 MPC=104 DECODE           PC=0x0000002C SP=0x00008000 FLAGS=Z   R0=10 R1=10 R2=0 R3=0 R4=0 R5=0 :: MOV R1, #1 || MOV R2, #0
TICK=00104 MPC=105 EXEC_MOVE        PC=0x0000002C SP=0x00008000 FLAGS=Z   R0=10 R1=1 R2=0 R3=0 R4=0 R5=0 :: parallel: MOV R1, #1 || MOV R2, #0
TICK=00105 MPC=106 FETCH            PC=0x00000030 SP=0x00008000 FLAGS=Z   R0=10 R1=1 R2=0 R3=0 R4=0 R5=0 :: addr=0x0000002C header=0x00000202
TICK=00106 MPC=107 DECODE           PC=0x00000038 SP=0x00008000 FLAGS=Z   R0=10 R1=1 R2=0 R3=0 R4=0 R5=0 :: MOV R3, #0 ; super=blocked:next-not-eligible
TICK=00107 MPC=108 EXEC_MOVE        PC=0x00000038 SP=0x00008000 FLAGS=Z   R0=10 R1=1 R2=0 R3=0 R4=0 R5=0 :: MOV R3, #0
TICK=00108 MPC=109 FETCH            PC=0x0000003C SP=0x00008000 FLAGS=Z   R0=10 R1=1 R2=0 R3=0 R4=0 R5=0 :: addr=0x00000038 header=0x00000208
TICK=00109 MPC=110 DECODE           PC=0x00000044 SP=0x00008000 FLAGS=Z   R0=10 R1=1 R2=0 R3=0 R4=0 R5=0 :: CMP R1, R0 ; super=blocked:control-or-io
TICK=00110 MPC=111 EXEC_COMPARE     PC=0x00000044 SP=0x00008000 FLAGS=N   R0=10 R1=1 R2=0 R3=0 R4=0 R5=0 :: CMP R1, R0
TICK=00111 MPC=112 FETCH            PC=0x00000048 SP=0x00008000 FLAGS=N   R0=10 R1=1 R2=0 R3=0 R4=0 R5=0 :: addr=0x00000044 header=0x0000010C
TICK=00112 MPC=113 DECODE           PC=0x0000004C SP=0x00008000 FLAGS=N   R0=10 R1=1 R2=0 R3=0 R4=0 R5=0 :: JG #144 ; super=blocked:control-or-io
TICK=00113 MPC=114 EXEC_BRANCH      PC=0x0000004C SP=0x00008000 FLAGS=N   R0=10 R1=1 R2=0 R3=0 R4=0 R5=0 :: JG #144
TICK=00114 MPC=115 FETCH            PC=0x00000050 SP=0x00008000 FLAGS=N   R0=10 R1=1 R2=0 R3=0 R4=0 R5=0 :: addr=0x0000004C header=0x00000203
TICK=00115 MPC=116 DECODE           PC=0x00000064 SP=0x00008000 FLAGS=N   R0=10 R1=1 R2=0 R3=0 R4=0 R5=0 :: ADD R2, R1 || MOV R4, R1
TICK=00116 MPC=117 EXEC_ALU_ADD     PC=0x00000064 SP=0x00008000 FLAGS=G   R0=10 R1=1 R2=1 R3=0 R4=1 R5=0 :: parallel: ADD R2, R1 || MOV R4, R1
TICK=00117 MPC=118 FETCH            PC=0x00000068 SP=0x00008000 FLAGS=G   R0=10 R1=1 R2=1 R3=0 R4=1 R5=0 :: addr=0x00000064 header=0x00000205
TICK=00118 MPC=119 DECODE           PC=0x00000070 SP=0x00008000 FLAGS=G   R0=10 R1=1 R2=1 R3=0 R4=1 R5=0 :: MUL R4, R1 ; super=blocked:data-dependency
TICK=00119 MPC=120 EXEC_ALU_MUL     PC=0x00000070 SP=0x00008000 FLAGS=G   R0=10 R1=1 R2=1 R3=0 R4=1 R5=0 :: MUL R4, R1
TICK=00120 MPC=121 FETCH            PC=0x00000074 SP=0x00008000 FLAGS=G   R0=10 R1=1 R2=1 R3=0 R4=1 R5=0 :: addr=0x00000070 header=0x00000203
TICK=00121 MPC=122 DECODE           PC=0x0000007C SP=0x00008000 FLAGS=G   R0=10 R1=1 R2=1 R3=0 R4=1 R5=0 :: ADD R3, R4 ; super=blocked:data-dependency
TICK=00122 MPC=123 EXEC_ALU_ADD     PC=0x0000007C SP=0x00008000 FLAGS=G   R0=10 R1=1 R2=1 R3=1 R4=1 R5=0 :: ADD R3, R4
TICK=00123 MPC=124 FETCH            PC=0x00000080 SP=0x00008000 FLAGS=G   R0=10 R1=1 R2=1 R3=1 R4=1 R5=0 :: addr=0x0000007C header=0x00000203
TICK=00124 MPC=125 DECODE           PC=0x00000088 SP=0x00008000 FLAGS=G   R0=10 R1=1 R2=1 R3=1 R4=1 R5=0 :: ADD R1, #1 ; super=blocked:next-not-eligible
TICK=00125 MPC=126 EXEC_ALU_ADD     PC=0x00000088 SP=0x00008000 FLAGS=G   R0=10 R1=2 R2=1 R3=1 R4=1 R5=0 :: ADD R1, #1
TICK=00126 MPC=127 FETCH            PC=0x0000008C SP=0x00008000 FLAGS=G   R0=10 R1=2 R2=1 R3=1 R4=1 R5=0 :: addr=0x00000088 header=0x00000109
TICK=00127 MPC=128 DECODE           PC=0x00000090 SP=0x00008000 FLAGS=G   R0=10 R1=2 R2=1 R3=1 R4=1 R5=0 :: JMP #56 ; super=blocked:control-or-io
TICK=00128 MPC=129 EXEC_BRANCH      PC=0x00000038 SP=0x00008000 FLAGS=G   R0=10 R1=2 R2=1 R3=1 R4=1 R5=0 :: JMP #56
TICK=00129 MPC=130 FETCH            PC=0x0000003C SP=0x00008000 FLAGS=G   R0=10 R1=2 R2=1 R3=1 R4=1 R5=0 :: addr=0x00000038 header=0x00000208
TICK=00130 MPC=131 DECODE           PC=0x00000044 SP=0x00008000 FLAGS=G   R0=10 R1=2 R2=1 R3=1 R4=1 R5=0 :: CMP R1, R0 ; super=blocked:control-or-io
TICK=00131 MPC=132 EXEC_COMPARE     PC=0x00000044 SP=0x00008000 FLAGS=N   R0=10 R1=2 R2=1 R3=1 R4=1 R5=0 :: CMP R1, R0
TICK=00132 MPC=133 FETCH            PC=0x00000048 SP=0x00008000 FLAGS=N   R0=10 R1=2 R2=1 R3=1 R4=1 R5=0 :: addr=0x00000044 header=0x0000010C
TICK=00133 MPC=134 DECODE           PC=0x0000004C SP=0x00008000 FLAGS=N   R0=10 R1=2 R2=1 R3=1 R4=1 R5=0 :: JG #144 ; super=blocked:control-or-io
TICK=00134 MPC=135 EXEC_BRANCH      PC=0x0000004C SP=0x00008000 FLAGS=N   R0=10 R1=2 R2=1 R3=1 R4=1 R5=0 :: JG #144
TICK=00135 MPC=136 FETCH            PC=0x00000050 SP=0x00008000 FLAGS=N   R0=10 R1=2 R2=1 R3=1 R4=1 R5=0 :: addr=0x0000004C header=0x00000203
TICK=00136 MPC=137 DECODE           PC=0x00000064 SP=0x00008000 FLAGS=N   R0=10 R1=2 R2=1 R3=1 R4=1 R5=0 :: ADD R2, R1 || MOV R4, R1
TICK=00137 MPC=138 EXEC_ALU_ADD     PC=0x00000064 SP=0x00008000 FLAGS=G   R0=10 R1=2 R2=3 R3=1 R4=2 R5=0 :: parallel: ADD R2, R1 || MOV R4, R1
TICK=00138 MPC=139 FETCH            PC=0x00000068 SP=0x00008000 FLAGS=G   R0=10 R1=2 R2=3 R3=1 R4=2 R5=0 :: addr=0x00000064 header=0x00000205
TICK=00139 MPC=140 DECODE           PC=0x00000070 SP=0x00008000 FLAGS=G   R0=10 R1=2 R2=3 R3=1 R4=2 R5=0 :: MUL R4, R1 ; super=blocked:data-dependency
TICK=00140 MPC=141 EXEC_ALU_MUL     PC=0x00000070 SP=0x00008000 FLAGS=G   R0=10 R1=2 R2=3 R3=1 R4=4 R5=0 :: MUL R4, R1
TICK=00141 MPC=142 FETCH            PC=0x00000074 SP=0x00008000 FLAGS=G   R0=10 R1=2 R2=3 R3=1 R4=4 R5=0 :: addr=0x00000070 header=0x00000203
TICK=00142 MPC=143 DECODE           PC=0x0000007C SP=0x00008000 FLAGS=G   R0=10 R1=2 R2=3 R3=1 R4=4 R5=0 :: ADD R3, R4 ; super=blocked:data-dependency
TICK=00143 MPC=144 EXEC_ALU_ADD     PC=0x0000007C SP=0x00008000 FLAGS=G   R0=10 R1=2 R2=3 R3=5 R4=4 R5=0 :: ADD R3, R4
TICK=00144 MPC=145 FETCH            PC=0x00000080 SP=0x00008000 FLAGS=G   R0=10 R1=2 R2=3 R3=5 R4=4 R5=0 :: addr=0x0000007C header=0x00000203
TICK=00145 MPC=146 DECODE           PC=0x00000088 SP=0x00008000 FLAGS=G   R0=10 R1=2 R2=3 R3=5 R4=4 R5=0 :: ADD R1, #1 ; super=blocked:next-not-eligible
TICK=00146 MPC=147 EXEC_ALU_ADD     PC=0x00000088 SP=0x00008000 FLAGS=G   R0=10 R1=3 R2=3 R3=5 R4=4 R5=0 :: ADD R1, #1
TICK=00147 MPC=148 FETCH            PC=0x0000008C SP=0x00008000 FLAGS=G   R0=10 R1=3 R2=3 R3=5 R4=4 R5=0 :: addr=0x00000088 header=0x00000109
TICK=00148 MPC=149 DECODE           PC=0x00000090 SP=0x00008000 FLAGS=G   R0=10 R1=3 R2=3 R3=5 R4=4 R5=0 :: JMP #56 ; super=blocked:control-or-io
TICK=00149 MPC=150 EXEC_BRANCH      PC=0x00000038 SP=0x00008000 FLAGS=G   R0=10 R1=3 R2=3 R3=5 R4=4 R5=0 :: JMP #56
TICK=00150 MPC=151 FETCH            PC=0x0000003C SP=0x00008000 FLAGS=G   R0=10 R1=3 R2=3 R3=5 R4=4 R5=0 :: addr=0x00000038 header=0x00000208
TICK=00151 MPC=152 DECODE           PC=0x00000044 SP=0x00008000 FLAGS=G   R0=10 R1=3 R2=3 R3=5 R4=4 R5=0 :: CMP R1, R0 ; super=blocked:control-or-io
TICK=00152 MPC=153 EXEC_COMPARE     PC=0x00000044 SP=0x00008000 FLAGS=N   R0=10 R1=3 R2=3 R3=5 R4=4 R5=0 :: CMP R1, R0
TICK=00153 MPC=154 FETCH            PC=0x00000048 SP=0x00008000 FLAGS=N   R0=10 R1=3 R2=3 R3=5 R4=4 R5=0 :: addr=0x00000044 header=0x0000010C
TICK=00154 MPC=155 DECODE           PC=0x0000004C SP=0x00008000 FLAGS=N   R0=10 R1=3 R2=3 R3=5 R4=4 R5=0 :: JG #144 ; super=blocked:control-or-io
TICK=00155 MPC=156 EXEC_BRANCH      PC=0x0000004C SP=0x00008000 FLAGS=N   R0=10 R1=3 R2=3 R3=5 R4=4 R5=0 :: JG #144
TICK=00156 MPC=157 FETCH            PC=0x00000050 SP=0x00008000 FLAGS=N   R0=10 R1=3 R2=3 R3=5 R4=4 R5=0 :: addr=0x0000004C header=0x00000203
TICK=00157 MPC=158 DECODE           PC=0x00000064 SP=0x00008000 FLAGS=N   R0=10 R1=3 R2=3 R3=5 R4=4 R5=0 :: ADD R2, R1 || MOV R4, R1
TICK=00158 MPC=159 EXEC_ALU_ADD     PC=0x00000064 SP=0x00008000 FLAGS=G   R0=10 R1=3 R2=6 R3=5 R4=3 R5=0 :: parallel: ADD R2, R1 || MOV R4, R1
TICK=00159 MPC=160 FETCH            PC=0x00000068 SP=0x00008000 FLAGS=G   R0=10 R1=3 R2=6 R3=5 R4=3 R5=0 :: addr=0x00000064 header=0x00000205
TICK=00160 MPC=161 DECODE           PC=0x00000070 SP=0x00008000 FLAGS=G   R0=10 R1=3 R2=6 R3=5 R4=3 R5=0 :: MUL R4, R1 ; super=blocked:data-dependency
TICK=00161 MPC=162 EXEC_ALU_MUL     PC=0x00000070 SP=0x00008000 FLAGS=G   R0=10 R1=3 R2=6 R3=5 R4=9 R5=0 :: MUL R4, R1
TICK=00162 MPC=163 FETCH            PC=0x00000074 SP=0x00008000 FLAGS=G   R0=10 R1=3 R2=6 R3=5 R4=9 R5=0 :: addr=0x00000070 header=0x00000203
TICK=00163 MPC=164 DECODE           PC=0x0000007C SP=0x00008000 FLAGS=G   R0=10 R1=3 R2=6 R3=5 R4=9 R5=0 :: ADD R3, R4 ; super=blocked:data-dependency
TICK=00164 MPC=165 EXEC_ALU_ADD     PC=0x0000007C SP=0x00008000 FLAGS=G   R0=10 R1=3 R2=6 R3=14 R4=9 R5=0 :: ADD R3, R4
TICK=00165 MPC=166 FETCH            PC=0x00000080 SP=0x00008000 FLAGS=G   R0=10 R1=3 R2=6 R3=14 R4=9 R5=0 :: addr=0x0000007C header=0x00000203
TICK=00166 MPC=167 DECODE           PC=0x00000088 SP=0x00008000 FLAGS=G   R0=10 R1=3 R2=6 R3=14 R4=9 R5=0 :: ADD R1, #1 ; super=blocked:next-not-eligible
TICK=00167 MPC=168 EXEC_ALU_ADD     PC=0x00000088 SP=0x00008000 FLAGS=G   R0=10 R1=4 R2=6 R3=14 R4=9 R5=0 :: ADD R1, #1
TICK=00168 MPC=169 FETCH            PC=0x0000008C SP=0x00008000 FLAGS=G   R0=10 R1=4 R2=6 R3=14 R4=9 R5=0 :: addr=0x00000088 header=0x00000109
TICK=00169 MPC=170 DECODE           PC=0x00000090 SP=0x00008000 FLAGS=G   R0=10 R1=4 R2=6 R3=14 R4=9 R5=0 :: JMP #56 ; super=blocked:control-or-io
TICK=00170 MPC=171 EXEC_BRANCH      PC=0x00000038 SP=0x00008000 FLAGS=G   R0=10 R1=4 R2=6 R3=14 R4=9 R5=0 :: JMP #56
TICK=00171 MPC=172 FETCH            PC=0x0000003C SP=0x00008000 FLAGS=G   R0=10 R1=4 R2=6 R3=14 R4=9 R5=0 :: addr=0x00000038 header=0x00000208
TICK=00172 MPC=173 DECODE           PC=0x00000044 SP=0x00008000 FLAGS=G   R0=10 R1=4 R2=6 R3=14 R4=9 R5=0 :: CMP R1, R0 ; super=blocked:control-or-io
TICK=00173 MPC=174 EXEC_COMPARE     PC=0x00000044 SP=0x00008000 FLAGS=N   R0=10 R1=4 R2=6 R3=14 R4=9 R5=0 :: CMP R1, R0
TICK=00174 MPC=175 FETCH            PC=0x00000048 SP=0x00008000 FLAGS=N   R0=10 R1=4 R2=6 R3=14 R4=9 R5=0 :: addr=0x00000044 header=0x0000010C
TICK=00175 MPC=176 DECODE           PC=0x0000004C SP=0x00008000 FLAGS=N   R0=10 R1=4 R2=6 R3=14 R4=9 R5=0 :: JG #144 ; super=blocked:control-or-io
TICK=00176 MPC=177 EXEC_BRANCH      PC=0x0000004C SP=0x00008000 FLAGS=N   R0=10 R1=4 R2=6 R3=14 R4=9 R5=0 :: JG #144
TICK=00177 MPC=178 FETCH            PC=0x00000050 SP=0x00008000 FLAGS=N   R0=10 R1=4 R2=6 R3=14 R4=9 R5=0 :: addr=0x0000004C header=0x00000203
TICK=00178 MPC=179 DECODE           PC=0x00000064 SP=0x00008000 FLAGS=N   R0=10 R1=4 R2=6 R3=14 R4=9 R5=0 :: ADD R2, R1 || MOV R4, R1
TICK=00179 MPC=180 EXEC_ALU_ADD     PC=0x00000064 SP=0x00008000 FLAGS=G   R0=10 R1=4 R2=10 R3=14 R4=4 R5=0 :: parallel: ADD R2, R1 || MOV R4, R1
TICK=00180 MPC=181 FETCH            PC=0x00000068 SP=0x00008000 FLAGS=G   R0=10 R1=4 R2=10 R3=14 R4=4 R5=0 :: addr=0x00000064 header=0x00000205
TICK=00181 MPC=182 DECODE           PC=0x00000070 SP=0x00008000 FLAGS=G   R0=10 R1=4 R2=10 R3=14 R4=4 R5=0 :: MUL R4, R1 ; super=blocked:data-dependency
TICK=00182 MPC=183 EXEC_ALU_MUL     PC=0x00000070 SP=0x00008000 FLAGS=G   R0=10 R1=4 R2=10 R3=14 R4=16 R5=0 :: MUL R4, R1
TICK=00183 MPC=184 FETCH            PC=0x00000074 SP=0x00008000 FLAGS=G   R0=10 R1=4 R2=10 R3=14 R4=16 R5=0 :: addr=0x00000070 header=0x00000203
TICK=00184 MPC=185 DECODE           PC=0x0000007C SP=0x00008000 FLAGS=G   R0=10 R1=4 R2=10 R3=14 R4=16 R5=0 :: ADD R3, R4 ; super=blocked:data-dependency
TICK=00185 MPC=186 EXEC_ALU_ADD     PC=0x0000007C SP=0x00008000 FLAGS=G   R0=10 R1=4 R2=10 R3=30 R4=16 R5=0 :: ADD R3, R4
TICK=00186 MPC=187 FETCH            PC=0x00000080 SP=0x00008000 FLAGS=G   R0=10 R1=4 R2=10 R3=30 R4=16 R5=0 :: addr=0x0000007C header=0x00000203
TICK=00187 MPC=188 DECODE           PC=0x00000088 SP=0x00008000 FLAGS=G   R0=10 R1=4 R2=10 R3=30 R4=16 R5=0 :: ADD R1, #1 ; super=blocked:next-not-eligible
TICK=00188 MPC=189 EXEC_ALU_ADD     PC=0x00000088 SP=0x00008000 FLAGS=G   R0=10 R1=5 R2=10 R3=30 R4=16 R5=0 :: ADD R1, #1
TICK=00189 MPC=190 FETCH            PC=0x0000008C SP=0x00008000 FLAGS=G   R0=10 R1=5 R2=10 R3=30 R4=16 R5=0 :: addr=0x00000088 header=0x00000109
TICK=00190 MPC=191 DECODE           PC=0x00000090 SP=0x00008000 FLAGS=G   R0=10 R1=5 R2=10 R3=30 R4=16 R5=0 :: JMP #56 ; super=blocked:control-or-io
TICK=00191 MPC=192 EXEC_BRANCH      PC=0x00000038 SP=0x00008000 FLAGS=G   R0=10 R1=5 R2=10 R3=30 R4=16 R5=0 :: JMP #56
TICK=00192 MPC=193 FETCH            PC=0x0000003C SP=0x00008000 FLAGS=G   R0=10 R1=5 R2=10 R3=30 R4=16 R5=0 :: addr=0x00000038 header=0x00000208
TICK=00193 MPC=194 DECODE           PC=0x00000044 SP=0x00008000 FLAGS=G   R0=10 R1=5 R2=10 R3=30 R4=16 R5=0 :: CMP R1, R0 ; super=blocked:control-or-io
TICK=00194 MPC=195 EXEC_COMPARE     PC=0x00000044 SP=0x00008000 FLAGS=N   R0=10 R1=5 R2=10 R3=30 R4=16 R5=0 :: CMP R1, R0
TICK=00195 MPC=196 FETCH            PC=0x00000048 SP=0x00008000 FLAGS=N   R0=10 R1=5 R2=10 R3=30 R4=16 R5=0 :: addr=0x00000044 header=0x0000010C
TICK=00196 MPC=197 DECODE           PC=0x0000004C SP=0x00008000 FLAGS=N   R0=10 R1=5 R2=10 R3=30 R4=16 R5=0 :: JG #144 ; super=blocked:control-or-io
TICK=00197 MPC=198 EXEC_BRANCH      PC=0x0000004C SP=0x00008000 FLAGS=N   R0=10 R1=5 R2=10 R3=30 R4=16 R5=0 :: JG #144
TICK=00198 MPC=199 FETCH            PC=0x00000050 SP=0x00008000 FLAGS=N   R0=10 R1=5 R2=10 R3=30 R4=16 R5=0 :: addr=0x0000004C header=0x00000203
TICK=00199 MPC=200 DECODE           PC=0x00000064 SP=0x00008000 FLAGS=N   R0=10 R1=5 R2=10 R3=30 R4=16 R5=0 :: ADD R2, R1 || MOV R4, R1
TICK=00200 MPC=201 EXEC_ALU_ADD     PC=0x00000064 SP=0x00008000 FLAGS=G   R0=10 R1=5 R2=15 R3=30 R4=5 R5=0 :: parallel: ADD R2, R1 || MOV R4, R1
TICK=00201 MPC=202 FETCH            PC=0x00000068 SP=0x00008000 FLAGS=G   R0=10 R1=5 R2=15 R3=30 R4=5 R5=0 :: addr=0x00000064 header=0x00000205
TICK=00202 MPC=203 DECODE           PC=0x00000070 SP=0x00008000 FLAGS=G   R0=10 R1=5 R2=15 R3=30 R4=5 R5=0 :: MUL R4, R1 ; super=blocked:data-dependency
TICK=00203 MPC=204 EXEC_ALU_MUL     PC=0x00000070 SP=0x00008000 FLAGS=G   R0=10 R1=5 R2=15 R3=30 R4=25 R5=0 :: MUL R4, R1
TICK=00204 MPC=205 FETCH            PC=0x00000074 SP=0x00008000 FLAGS=G   R0=10 R1=5 R2=15 R3=30 R4=25 R5=0 :: addr=0x00000070 header=0x00000203
TICK=00205 MPC=206 DECODE           PC=0x0000007C SP=0x00008000 FLAGS=G   R0=10 R1=5 R2=15 R3=30 R4=25 R5=0 :: ADD R3, R4 ; super=blocked:data-dependency
TICK=00206 MPC=207 EXEC_ALU_ADD     PC=0x0000007C SP=0x00008000 FLAGS=G   R0=10 R1=5 R2=15 R3=55 R4=25 R5=0 :: ADD R3, R4
TICK=00207 MPC=208 FETCH            PC=0x00000080 SP=0x00008000 FLAGS=G   R0=10 R1=5 R2=15 R3=55 R4=25 R5=0 :: addr=0x0000007C header=0x00000203
TICK=00208 MPC=209 DECODE           PC=0x00000088 SP=0x00008000 FLAGS=G   R0=10 R1=5 R2=15 R3=55 R4=25 R5=0 :: ADD R1, #1 ; super=blocked:next-not-eligible
TICK=00209 MPC=210 EXEC_ALU_ADD     PC=0x00000088 SP=0x00008000 FLAGS=G   R0=10 R1=6 R2=15 R3=55 R4=25 R5=0 :: ADD R1, #1
TICK=00210 MPC=211 FETCH            PC=0x0000008C SP=0x00008000 FLAGS=G   R0=10 R1=6 R2=15 R3=55 R4=25 R5=0 :: addr=0x00000088 header=0x00000109
TICK=00211 MPC=212 DECODE           PC=0x00000090 SP=0x00008000 FLAGS=G   R0=10 R1=6 R2=15 R3=55 R4=25 R5=0 :: JMP #56 ; super=blocked:control-or-io
TICK=00212 MPC=213 EXEC_BRANCH      PC=0x00000038 SP=0x00008000 FLAGS=G   R0=10 R1=6 R2=15 R3=55 R4=25 R5=0 :: JMP #56
TICK=00213 MPC=214 FETCH            PC=0x0000003C SP=0x00008000 FLAGS=G   R0=10 R1=6 R2=15 R3=55 R4=25 R5=0 :: addr=0x00000038 header=0x00000208
TICK=00214 MPC=215 DECODE           PC=0x00000044 SP=0x00008000 FLAGS=G   R0=10 R1=6 R2=15 R3=55 R4=25 R5=0 :: CMP R1, R0 ; super=blocked:control-or-io
TICK=00215 MPC=216 EXEC_COMPARE     PC=0x00000044 SP=0x00008000 FLAGS=N   R0=10 R1=6 R2=15 R3=55 R4=25 R5=0 :: CMP R1, R0
TICK=00216 MPC=217 FETCH            PC=0x00000048 SP=0x00008000 FLAGS=N   R0=10 R1=6 R2=15 R3=55 R4=25 R5=0 :: addr=0x00000044 header=0x0000010C
TICK=00217 MPC=218 DECODE           PC=0x0000004C SP=0x00008000 FLAGS=N   R0=10 R1=6 R2=15 R3=55 R4=25 R5=0 :: JG #144 ; super=blocked:control-or-io
TICK=00218 MPC=219 EXEC_BRANCH      PC=0x0000004C SP=0x00008000 FLAGS=N   R0=10 R1=6 R2=15 R3=55 R4=25 R5=0 :: JG #144
TICK=00219 MPC=220 FETCH            PC=0x00000050 SP=0x00008000 FLAGS=N   R0=10 R1=6 R2=15 R3=55 R4=25 R5=0 :: addr=0x0000004C header=0x00000203
TICK=00220 MPC=221 DECODE           PC=0x00000064 SP=0x00008000 FLAGS=N   R0=10 R1=6 R2=15 R3=55 R4=25 R5=0 :: ADD R2, R1 || MOV R4, R1
TICK=00221 MPC=222 EXEC_ALU_ADD     PC=0x00000064 SP=0x00008000 FLAGS=G   R0=10 R1=6 R2=21 R3=55 R4=6 R5=0 :: parallel: ADD R2, R1 || MOV R4, R1
TICK=00222 MPC=223 FETCH            PC=0x00000068 SP=0x00008000 FLAGS=G   R0=10 R1=6 R2=21 R3=55 R4=6 R5=0 :: addr=0x00000064 header=0x00000205
TICK=00223 MPC=224 DECODE           PC=0x00000070 SP=0x00008000 FLAGS=G   R0=10 R1=6 R2=21 R3=55 R4=6 R5=0 :: MUL R4, R1 ; super=blocked:data-dependency
TICK=00224 MPC=225 EXEC_ALU_MUL     PC=0x00000070 SP=0x00008000 FLAGS=G   R0=10 R1=6 R2=21 R3=55 R4=36 R5=0 :: MUL R4, R1
TICK=00225 MPC=226 FETCH            PC=0x00000074 SP=0x00008000 FLAGS=G   R0=10 R1=6 R2=21 R3=55 R4=36 R5=0 :: addr=0x00000070 header=0x00000203
TICK=00226 MPC=227 DECODE           PC=0x0000007C SP=0x00008000 FLAGS=G   R0=10 R1=6 R2=21 R3=55 R4=36 R5=0 :: ADD R3, R4 ; super=blocked:data-dependency
TICK=00227 MPC=228 EXEC_ALU_ADD     PC=0x0000007C SP=0x00008000 FLAGS=G   R0=10 R1=6 R2=21 R3=91 R4=36 R5=0 :: ADD R3, R4
TICK=00228 MPC=229 FETCH            PC=0x00000080 SP=0x00008000 FLAGS=G   R0=10 R1=6 R2=21 R3=91 R4=36 R5=0 :: addr=0x0000007C header=0x00000203
TICK=00229 MPC=230 DECODE           PC=0x00000088 SP=0x00008000 FLAGS=G   R0=10 R1=6 R2=21 R3=91 R4=36 R5=0 :: ADD R1, #1 ; super=blocked:next-not-eligible
TICK=00230 MPC=231 EXEC_ALU_ADD     PC=0x00000088 SP=0x00008000 FLAGS=G   R0=10 R1=7 R2=21 R3=91 R4=36 R5=0 :: ADD R1, #1
TICK=00231 MPC=232 FETCH            PC=0x0000008C SP=0x00008000 FLAGS=G   R0=10 R1=7 R2=21 R3=91 R4=36 R5=0 :: addr=0x00000088 header=0x00000109
TICK=00232 MPC=233 DECODE           PC=0x00000090 SP=0x00008000 FLAGS=G   R0=10 R1=7 R2=21 R3=91 R4=36 R5=0 :: JMP #56 ; super=blocked:control-or-io
TICK=00233 MPC=234 EXEC_BRANCH      PC=0x00000038 SP=0x00008000 FLAGS=G   R0=10 R1=7 R2=21 R3=91 R4=36 R5=0 :: JMP #56
TICK=00234 MPC=235 FETCH            PC=0x0000003C SP=0x00008000 FLAGS=G   R0=10 R1=7 R2=21 R3=91 R4=36 R5=0 :: addr=0x00000038 header=0x00000208
TICK=00235 MPC=236 DECODE           PC=0x00000044 SP=0x00008000 FLAGS=G   R0=10 R1=7 R2=21 R3=91 R4=36 R5=0 :: CMP R1, R0 ; super=blocked:control-or-io
TICK=00236 MPC=237 EXEC_COMPARE     PC=0x00000044 SP=0x00008000 FLAGS=N   R0=10 R1=7 R2=21 R3=91 R4=36 R5=0 :: CMP R1, R0
TICK=00237 MPC=238 FETCH            PC=0x00000048 SP=0x00008000 FLAGS=N   R0=10 R1=7 R2=21 R3=91 R4=36 R5=0 :: addr=0x00000044 header=0x0000010C
TICK=00238 MPC=239 DECODE           PC=0x0000004C SP=0x00008000 FLAGS=N   R0=10 R1=7 R2=21 R3=91 R4=36 R5=0 :: JG #144 ; super=blocked:control-or-io
TICK=00239 MPC=240 EXEC_BRANCH      PC=0x0000004C SP=0x00008000 FLAGS=N   R0=10 R1=7 R2=21 R3=91 R4=36 R5=0 :: JG #144
TICK=00240 MPC=241 FETCH            PC=0x00000050 SP=0x00008000 FLAGS=N   R0=10 R1=7 R2=21 R3=91 R4=36 R5=0 :: addr=0x0000004C header=0x00000203
TICK=00241 MPC=242 DECODE           PC=0x00000064 SP=0x00008000 FLAGS=N   R0=10 R1=7 R2=21 R3=91 R4=36 R5=0 :: ADD R2, R1 || MOV R4, R1
TICK=00242 MPC=243 EXEC_ALU_ADD     PC=0x00000064 SP=0x00008000 FLAGS=G   R0=10 R1=7 R2=28 R3=91 R4=7 R5=0 :: parallel: ADD R2, R1 || MOV R4, R1
TICK=00243 MPC=244 FETCH            PC=0x00000068 SP=0x00008000 FLAGS=G   R0=10 R1=7 R2=28 R3=91 R4=7 R5=0 :: addr=0x00000064 header=0x00000205
TICK=00244 MPC=245 DECODE           PC=0x00000070 SP=0x00008000 FLAGS=G   R0=10 R1=7 R2=28 R3=91 R4=7 R5=0 :: MUL R4, R1 ; super=blocked:data-dependency
TICK=00245 MPC=246 EXEC_ALU_MUL     PC=0x00000070 SP=0x00008000 FLAGS=G   R0=10 R1=7 R2=28 R3=91 R4=49 R5=0 :: MUL R4, R1
TICK=00246 MPC=247 FETCH            PC=0x00000074 SP=0x00008000 FLAGS=G   R0=10 R1=7 R2=28 R3=91 R4=49 R5=0 :: addr=0x00000070 header=0x00000203
TICK=00247 MPC=248 DECODE           PC=0x0000007C SP=0x00008000 FLAGS=G   R0=10 R1=7 R2=28 R3=91 R4=49 R5=0 :: ADD R3, R4 ; super=blocked:data-dependency
TICK=00248 MPC=249 EXEC_ALU_ADD     PC=0x0000007C SP=0x00008000 FLAGS=G   R0=10 R1=7 R2=28 R3=140 R4=49 R5=0 :: ADD R3, R4
TICK=00249 MPC=250 FETCH            PC=0x00000080 SP=0x00008000 FLAGS=G   R0=10 R1=7 R2=28 R3=140 R4=49 R5=0 :: addr=0x0000007C header=0x00000203
TICK=00250 MPC=251 DECODE           PC=0x00000088 SP=0x00008000 FLAGS=G   R0=10 R1=7 R2=28 R3=140 R4=49 R5=0 :: ADD R1, #1 ; super=blocked:next-not-eligible
TICK=00251 MPC=252 EXEC_ALU_ADD     PC=0x00000088 SP=0x00008000 FLAGS=G   R0=10 R1=8 R2=28 R3=140 R4=49 R5=0 :: ADD R1, #1
TICK=00252 MPC=253 FETCH            PC=0x0000008C SP=0x00008000 FLAGS=G   R0=10 R1=8 R2=28 R3=140 R4=49 R5=0 :: addr=0x00000088 header=0x00000109
TICK=00253 MPC=254 DECODE           PC=0x00000090 SP=0x00008000 FLAGS=G   R0=10 R1=8 R2=28 R3=140 R4=49 R5=0 :: JMP #56 ; super=blocked:control-or-io
TICK=00254 MPC=255 EXEC_BRANCH      PC=0x00000038 SP=0x00008000 FLAGS=G   R0=10 R1=8 R2=28 R3=140 R4=49 R5=0 :: JMP #56
TICK=00255 MPC=256 FETCH            PC=0x0000003C SP=0x00008000 FLAGS=G   R0=10 R1=8 R2=28 R3=140 R4=49 R5=0 :: addr=0x00000038 header=0x00000208
TICK=00256 MPC=257 DECODE           PC=0x00000044 SP=0x00008000 FLAGS=G   R0=10 R1=8 R2=28 R3=140 R4=49 R5=0 :: CMP R1, R0 ; super=blocked:control-or-io
TICK=00257 MPC=258 EXEC_COMPARE     PC=0x00000044 SP=0x00008000 FLAGS=N   R0=10 R1=8 R2=28 R3=140 R4=49 R5=0 :: CMP R1, R0
TICK=00258 MPC=259 FETCH            PC=0x00000048 SP=0x00008000 FLAGS=N   R0=10 R1=8 R2=28 R3=140 R4=49 R5=0 :: addr=0x00000044 header=0x0000010C
TICK=00259 MPC=260 DECODE           PC=0x0000004C SP=0x00008000 FLAGS=N   R0=10 R1=8 R2=28 R3=140 R4=49 R5=0 :: JG #144 ; super=blocked:control-or-io
TICK=00260 MPC=261 EXEC_BRANCH      PC=0x0000004C SP=0x00008000 FLAGS=N   R0=10 R1=8 R2=28 R3=140 R4=49 R5=0 :: JG #144
TICK=00261 MPC=262 FETCH            PC=0x00000050 SP=0x00008000 FLAGS=N   R0=10 R1=8 R2=28 R3=140 R4=49 R5=0 :: addr=0x0000004C header=0x00000203
TICK=00262 MPC=263 DECODE           PC=0x00000064 SP=0x00008000 FLAGS=N   R0=10 R1=8 R2=28 R3=140 R4=49 R5=0 :: ADD R2, R1 || MOV R4, R1
TICK=00263 MPC=264 EXEC_ALU_ADD     PC=0x00000064 SP=0x00008000 FLAGS=G   R0=10 R1=8 R2=36 R3=140 R4=8 R5=0 :: parallel: ADD R2, R1 || MOV R4, R1
TICK=00264 MPC=265 FETCH            PC=0x00000068 SP=0x00008000 FLAGS=G   R0=10 R1=8 R2=36 R3=140 R4=8 R5=0 :: addr=0x00000064 header=0x00000205
TICK=00265 MPC=266 DECODE           PC=0x00000070 SP=0x00008000 FLAGS=G   R0=10 R1=8 R2=36 R3=140 R4=8 R5=0 :: MUL R4, R1 ; super=blocked:data-dependency
TICK=00266 MPC=267 EXEC_ALU_MUL     PC=0x00000070 SP=0x00008000 FLAGS=G   R0=10 R1=8 R2=36 R3=140 R4=64 R5=0 :: MUL R4, R1
TICK=00267 MPC=268 FETCH            PC=0x00000074 SP=0x00008000 FLAGS=G   R0=10 R1=8 R2=36 R3=140 R4=64 R5=0 :: addr=0x00000070 header=0x00000203
TICK=00268 MPC=269 DECODE           PC=0x0000007C SP=0x00008000 FLAGS=G   R0=10 R1=8 R2=36 R3=140 R4=64 R5=0 :: ADD R3, R4 ; super=blocked:data-dependency
TICK=00269 MPC=270 EXEC_ALU_ADD     PC=0x0000007C SP=0x00008000 FLAGS=G   R0=10 R1=8 R2=36 R3=204 R4=64 R5=0 :: ADD R3, R4
TICK=00270 MPC=271 FETCH            PC=0x00000080 SP=0x00008000 FLAGS=G   R0=10 R1=8 R2=36 R3=204 R4=64 R5=0 :: addr=0x0000007C header=0x00000203
TICK=00271 MPC=272 DECODE           PC=0x00000088 SP=0x00008000 FLAGS=G   R0=10 R1=8 R2=36 R3=204 R4=64 R5=0 :: ADD R1, #1 ; super=blocked:next-not-eligible
TICK=00272 MPC=273 EXEC_ALU_ADD     PC=0x00000088 SP=0x00008000 FLAGS=G   R0=10 R1=9 R2=36 R3=204 R4=64 R5=0 :: ADD R1, #1
TICK=00273 MPC=274 FETCH            PC=0x0000008C SP=0x00008000 FLAGS=G   R0=10 R1=9 R2=36 R3=204 R4=64 R5=0 :: addr=0x00000088 header=0x00000109
TICK=00274 MPC=275 DECODE           PC=0x00000090 SP=0x00008000 FLAGS=G   R0=10 R1=9 R2=36 R3=204 R4=64 R5=0 :: JMP #56 ; super=blocked:control-or-io
TICK=00275 MPC=276 EXEC_BRANCH      PC=0x00000038 SP=0x00008000 FLAGS=G   R0=10 R1=9 R2=36 R3=204 R4=64 R5=0 :: JMP #56
TICK=00276 MPC=277 FETCH            PC=0x0000003C SP=0x00008000 FLAGS=G   R0=10 R1=9 R2=36 R3=204 R4=64 R5=0 :: addr=0x00000038 header=0x00000208
TICK=00277 MPC=278 DECODE           PC=0x00000044 SP=0x00008000 FLAGS=G   R0=10 R1=9 R2=36 R3=204 R4=64 R5=0 :: CMP R1, R0 ; super=blocked:control-or-io
TICK=00278 MPC=279 EXEC_COMPARE     PC=0x00000044 SP=0x00008000 FLAGS=N   R0=10 R1=9 R2=36 R3=204 R4=64 R5=0 :: CMP R1, R0
TICK=00279 MPC=280 FETCH            PC=0x00000048 SP=0x00008000 FLAGS=N   R0=10 R1=9 R2=36 R3=204 R4=64 R5=0 :: addr=0x00000044 header=0x0000010C
TICK=00280 MPC=281 DECODE           PC=0x0000004C SP=0x00008000 FLAGS=N   R0=10 R1=9 R2=36 R3=204 R4=64 R5=0 :: JG #144 ; super=blocked:control-or-io
TICK=00281 MPC=282 EXEC_BRANCH      PC=0x0000004C SP=0x00008000 FLAGS=N   R0=10 R1=9 R2=36 R3=204 R4=64 R5=0 :: JG #144
TICK=00282 MPC=283 FETCH            PC=0x00000050 SP=0x00008000 FLAGS=N   R0=10 R1=9 R2=36 R3=204 R4=64 R5=0 :: addr=0x0000004C header=0x00000203
TICK=00283 MPC=284 DECODE           PC=0x00000064 SP=0x00008000 FLAGS=N   R0=10 R1=9 R2=36 R3=204 R4=64 R5=0 :: ADD R2, R1 || MOV R4, R1
TICK=00284 MPC=285 EXEC_ALU_ADD     PC=0x00000064 SP=0x00008000 FLAGS=G   R0=10 R1=9 R2=45 R3=204 R4=9 R5=0 :: parallel: ADD R2, R1 || MOV R4, R1
TICK=00285 MPC=286 FETCH            PC=0x00000068 SP=0x00008000 FLAGS=G   R0=10 R1=9 R2=45 R3=204 R4=9 R5=0 :: addr=0x00000064 header=0x00000205
TICK=00286 MPC=287 DECODE           PC=0x00000070 SP=0x00008000 FLAGS=G   R0=10 R1=9 R2=45 R3=204 R4=9 R5=0 :: MUL R4, R1 ; super=blocked:data-dependency
TICK=00287 MPC=288 EXEC_ALU_MUL     PC=0x00000070 SP=0x00008000 FLAGS=G   R0=10 R1=9 R2=45 R3=204 R4=81 R5=0 :: MUL R4, R1
TICK=00288 MPC=289 FETCH            PC=0x00000074 SP=0x00008000 FLAGS=G   R0=10 R1=9 R2=45 R3=204 R4=81 R5=0 :: addr=0x00000070 header=0x00000203
TICK=00289 MPC=290 DECODE           PC=0x0000007C SP=0x00008000 FLAGS=G   R0=10 R1=9 R2=45 R3=204 R4=81 R5=0 :: ADD R3, R4 ; super=blocked:data-dependency
TICK=00290 MPC=291 EXEC_ALU_ADD     PC=0x0000007C SP=0x00008000 FLAGS=G   R0=10 R1=9 R2=45 R3=285 R4=81 R5=0 :: ADD R3, R4
TICK=00291 MPC=292 FETCH            PC=0x00000080 SP=0x00008000 FLAGS=G   R0=10 R1=9 R2=45 R3=285 R4=81 R5=0 :: addr=0x0000007C header=0x00000203
TICK=00292 MPC=293 DECODE           PC=0x00000088 SP=0x00008000 FLAGS=G   R0=10 R1=9 R2=45 R3=285 R4=81 R5=0 :: ADD R1, #1 ; super=blocked:next-not-eligible
TICK=00293 MPC=294 EXEC_ALU_ADD     PC=0x00000088 SP=0x00008000 FLAGS=G   R0=10 R1=10 R2=45 R3=285 R4=81 R5=0 :: ADD R1, #1
TICK=00294 MPC=295 FETCH            PC=0x0000008C SP=0x00008000 FLAGS=G   R0=10 R1=10 R2=45 R3=285 R4=81 R5=0 :: addr=0x00000088 header=0x00000109
TICK=00295 MPC=296 DECODE           PC=0x00000090 SP=0x00008000 FLAGS=G   R0=10 R1=10 R2=45 R3=285 R4=81 R5=0 :: JMP #56 ; super=blocked:control-or-io
TICK=00296 MPC=297 EXEC_BRANCH      PC=0x00000038 SP=0x00008000 FLAGS=G   R0=10 R1=10 R2=45 R3=285 R4=81 R5=0 :: JMP #56
TICK=00297 MPC=298 FETCH            PC=0x0000003C SP=0x00008000 FLAGS=G   R0=10 R1=10 R2=45 R3=285 R4=81 R5=0 :: addr=0x00000038 header=0x00000208
TICK=00298 MPC=299 DECODE           PC=0x00000044 SP=0x00008000 FLAGS=G   R0=10 R1=10 R2=45 R3=285 R4=81 R5=0 :: CMP R1, R0 ; super=blocked:control-or-io
TICK=00299 MPC=300 EXEC_COMPARE     PC=0x00000044 SP=0x00008000 FLAGS=Z   R0=10 R1=10 R2=45 R3=285 R4=81 R5=0 :: CMP R1, R0
TICK=00300 MPC=301 FETCH            PC=0x00000048 SP=0x00008000 FLAGS=Z   R0=10 R1=10 R2=45 R3=285 R4=81 R5=0 :: addr=0x00000044 header=0x0000010C
TICK=00301 MPC=302 DECODE           PC=0x0000004C SP=0x00008000 FLAGS=Z   R0=10 R1=10 R2=45 R3=285 R4=81 R5=0 :: JG #144 ; super=blocked:control-or-io
TICK=00302 MPC=303 EXEC_BRANCH      PC=0x0000004C SP=0x00008000 FLAGS=Z   R0=10 R1=10 R2=45 R3=285 R4=81 R5=0 :: JG #144
TICK=00303 MPC=304 FETCH            PC=0x00000050 SP=0x00008000 FLAGS=Z   R0=10 R1=10 R2=45 R3=285 R4=81 R5=0 :: addr=0x0000004C header=0x00000203
TICK=00304 MPC=305 DECODE           PC=0x00000064 SP=0x00008000 FLAGS=Z   R0=10 R1=10 R2=45 R3=285 R4=81 R5=0 :: ADD R2, R1 || MOV R4, R1
TICK=00305 MPC=306 EXEC_ALU_ADD     PC=0x00000064 SP=0x00008000 FLAGS=G   R0=10 R1=10 R2=55 R3=285 R4=10 R5=0 :: parallel: ADD R2, R1 || MOV R4, R1
TICK=00306 MPC=307 FETCH            PC=0x00000068 SP=0x00008000 FLAGS=G   R0=10 R1=10 R2=55 R3=285 R4=10 R5=0 :: addr=0x00000064 header=0x00000205
TICK=00307 MPC=308 DECODE           PC=0x00000070 SP=0x00008000 FLAGS=G   R0=10 R1=10 R2=55 R3=285 R4=10 R5=0 :: MUL R4, R1 ; super=blocked:data-dependency
TICK=00308 MPC=309 EXEC_ALU_MUL     PC=0x00000070 SP=0x00008000 FLAGS=G   R0=10 R1=10 R2=55 R3=285 R4=100 R5=0 :: MUL R4, R1
TICK=00309 MPC=310 FETCH            PC=0x00000074 SP=0x00008000 FLAGS=G   R0=10 R1=10 R2=55 R3=285 R4=100 R5=0 :: addr=0x00000070 header=0x00000203
TICK=00310 MPC=311 DECODE           PC=0x0000007C SP=0x00008000 FLAGS=G   R0=10 R1=10 R2=55 R3=285 R4=100 R5=0 :: ADD R3, R4 ; super=blocked:data-dependency
TICK=00311 MPC=312 EXEC_ALU_ADD     PC=0x0000007C SP=0x00008000 FLAGS=G   R0=10 R1=10 R2=55 R3=385 R4=100 R5=0 :: ADD R3, R4
TICK=00312 MPC=313 FETCH            PC=0x00000080 SP=0x00008000 FLAGS=G   R0=10 R1=10 R2=55 R3=385 R4=100 R5=0 :: addr=0x0000007C header=0x00000203
TICK=00313 MPC=314 DECODE           PC=0x00000088 SP=0x00008000 FLAGS=G   R0=10 R1=10 R2=55 R3=385 R4=100 R5=0 :: ADD R1, #1 ; super=blocked:next-not-eligible
TICK=00314 MPC=315 EXEC_ALU_ADD     PC=0x00000088 SP=0x00008000 FLAGS=G   R0=10 R1=11 R2=55 R3=385 R4=100 R5=0 :: ADD R1, #1
TICK=00315 MPC=316 FETCH            PC=0x0000008C SP=0x00008000 FLAGS=G   R0=10 R1=11 R2=55 R3=385 R4=100 R5=0 :: addr=0x00000088 header=0x00000109
TICK=00316 MPC=317 DECODE           PC=0x00000090 SP=0x00008000 FLAGS=G   R0=10 R1=11 R2=55 R3=385 R4=100 R5=0 :: JMP #56 ; super=blocked:control-or-io
TICK=00317 MPC=318 EXEC_BRANCH      PC=0x00000038 SP=0x00008000 FLAGS=G   R0=10 R1=11 R2=55 R3=385 R4=100 R5=0 :: JMP #56
TICK=00318 MPC=319 FETCH            PC=0x0000003C SP=0x00008000 FLAGS=G   R0=10 R1=11 R2=55 R3=385 R4=100 R5=0 :: addr=0x00000038 header=0x00000208
TICK=00319 MPC=320 DECODE           PC=0x00000044 SP=0x00008000 FLAGS=G   R0=10 R1=11 R2=55 R3=385 R4=100 R5=0 :: CMP R1, R0 ; super=blocked:control-or-io
TICK=00320 MPC=321 EXEC_COMPARE     PC=0x00000044 SP=0x00008000 FLAGS=G   R0=10 R1=11 R2=55 R3=385 R4=100 R5=0 :: CMP R1, R0
TICK=00321 MPC=322 FETCH            PC=0x00000048 SP=0x00008000 FLAGS=G   R0=10 R1=11 R2=55 R3=385 R4=100 R5=0 :: addr=0x00000044 header=0x0000010C
TICK=00322 MPC=323 DECODE           PC=0x0000004C SP=0x00008000 FLAGS=G   R0=10 R1=11 R2=55 R3=385 R4=100 R5=0 :: JG #144 ; super=blocked:control-or-io
TICK=00323 MPC=324 EXEC_BRANCH      PC=0x00000090 SP=0x00008000 FLAGS=G   R0=10 R1=11 R2=55 R3=385 R4=100 R5=0 :: JG #144
TICK=00324 MPC=325 FETCH            PC=0x00000094 SP=0x00008000 FLAGS=G   R0=10 R1=11 R2=55 R3=385 R4=100 R5=0 :: addr=0x00000090 header=0x00000205
TICK=00325 MPC=326 DECODE           PC=0x0000009C SP=0x00008000 FLAGS=G   R0=10 R1=11 R2=55 R3=385 R4=100 R5=0 :: MUL R2, R2 ; super=blocked:data-dependency
TICK=00326 MPC=327 EXEC_ALU_MUL     PC=0x0000009C SP=0x00008000 FLAGS=G   R0=10 R1=11 R2=3025 R3=385 R4=100 R5=0 :: MUL R2, R2
TICK=00327 MPC=328 FETCH            PC=0x000000A0 SP=0x00008000 FLAGS=G   R0=10 R1=11 R2=3025 R3=385 R4=100 R5=0 :: addr=0x0000009C header=0x00000204
TICK=00328 MPC=329 DECODE           PC=0x000000A8 SP=0x00008000 FLAGS=G   R0=10 R1=11 R2=3025 R3=385 R4=100 R5=0 :: SUB R2, R3 ; super=blocked:data-dependency
TICK=00329 MPC=330 EXEC_ALU_SUB     PC=0x000000A8 SP=0x00008000 FLAGS=G   R0=10 R1=11 R2=2640 R3=385 R4=100 R5=0 :: SUB R2, R3
TICK=00330 MPC=331 FETCH            PC=0x000000AC SP=0x00008000 FLAGS=G   R0=10 R1=11 R2=2640 R3=385 R4=100 R5=0 :: addr=0x000000A8 header=0x00000202
TICK=00331 MPC=332 DECODE           PC=0x000000B4 SP=0x00008000 FLAGS=G   R0=10 R1=11 R2=2640 R3=385 R4=100 R5=0 :: MOV R0, R2 ; super=blocked:next-not-eligible
TICK=00332 MPC=333 EXEC_MOVE        PC=0x000000B4 SP=0x00008000 FLAGS=G   R0=2640 R1=11 R2=2640 R3=385 R4=100 R5=0 :: MOV R0, R2
TICK=00333 MPC=334 FETCH            PC=0x000000B8 SP=0x00008000 FLAGS=G   R0=2640 R1=11 R2=2640 R3=385 R4=100 R5=0 :: addr=0x000000B4 header=0x00000112
TICK=00334 MPC=335 DECODE           PC=0x000000BC SP=0x00008000 FLAGS=G   R0=2640 R1=11 R2=2640 R3=385 R4=100 R5=0 :: CALL #348 ; super=blocked:control-or-io
TICK=00335 MPC=336 EXEC_CALL        PC=0x0000015C SP=0x00007FFC FLAGS=G   R0=2640 R1=11 R2=2640 R3=385 R4=100 R5=0 :: CALL #348
TICK=00336 MPC=337 FETCH            PC=0x00000160 SP=0x00007FFC FLAGS=G   R0=2640 R1=11 R2=2640 R3=385 R4=100 R5=0 :: addr=0x0000015C header=0x00000110
TICK=00337 MPC=338 DECODE           PC=0x00000164 SP=0x00007FFC FLAGS=G   R0=2640 R1=11 R2=2640 R3=385 R4=100 R5=0 :: PUSH R1 ; super=blocked:control-or-io
TICK=00338 MPC=339 EXEC_STACK_WRITE PC=0x00000164 SP=0x00007FF8 FLAGS=G   R0=2640 R1=11 R2=2640 R3=385 R4=100 R5=0 :: PUSH R1
TICK=00339 MPC=340 FETCH            PC=0x00000168 SP=0x00007FF8 FLAGS=G   R0=2640 R1=11 R2=2640 R3=385 R4=100 R5=0 :: addr=0x00000164 header=0x00000110
TICK=00340 MPC=341 DECODE           PC=0x0000016C SP=0x00007FF8 FLAGS=G   R0=2640 R1=11 R2=2640 R3=385 R4=100 R5=0 :: PUSH R2 ; super=blocked:control-or-io
TICK=00341 MPC=342 EXEC_STACK_WRITE PC=0x0000016C SP=0x00007FF4 FLAGS=G   R0=2640 R1=11 R2=2640 R3=385 R4=100 R5=0 :: PUSH R2
TICK=00342 MPC=343 FETCH            PC=0x00000170 SP=0x00007FF4 FLAGS=G   R0=2640 R1=11 R2=2640 R3=385 R4=100 R5=0 :: addr=0x0000016C header=0x00000208
TICK=00343 MPC=344 DECODE           PC=0x00000178 SP=0x00007FF4 FLAGS=G   R0=2640 R1=11 R2=2640 R3=385 R4=100 R5=0 :: CMP R0, #0 ; super=blocked:control-or-io
TICK=00344 MPC=345 EXEC_COMPARE     PC=0x00000178 SP=0x00007FF4 FLAGS=G   R0=2640 R1=11 R2=2640 R3=385 R4=100 R5=0 :: CMP R0, #0
TICK=00345 MPC=346 FETCH            PC=0x0000017C SP=0x00007FF4 FLAGS=G   R0=2640 R1=11 R2=2640 R3=385 R4=100 R5=0 :: addr=0x00000178 header=0x0000010B
TICK=00346 MPC=347 DECODE           PC=0x00000180 SP=0x00007FF4 FLAGS=G   R0=2640 R1=11 R2=2640 R3=385 R4=100 R5=0 :: JNZ #404 ; super=blocked:control-or-io
TICK=00347 MPC=348 EXEC_BRANCH      PC=0x00000194 SP=0x00007FF4 FLAGS=G   R0=2640 R1=11 R2=2640 R3=385 R4=100 R5=0 :: JNZ #404
TICK=00348 MPC=349 FETCH            PC=0x00000198 SP=0x00007FF4 FLAGS=G   R0=2640 R1=11 R2=2640 R3=385 R4=100 R5=0 :: addr=0x00000194 header=0x00000202
TICK=00349 MPC=350 DECODE           PC=0x000001A0 SP=0x00007FF4 FLAGS=G   R0=2640 R1=11 R2=2640 R3=385 R4=100 R5=0 :: MOV R1, #0 ; super=blocked:next-not-eligible
TICK=00350 MPC=351 EXEC_MOVE        PC=0x000001A0 SP=0x00007FF4 FLAGS=G   R0=2640 R1=0 R2=2640 R3=385 R4=100 R5=0 :: MOV R1, #0
TICK=00351 MPC=352 FETCH            PC=0x000001A4 SP=0x00007FF4 FLAGS=G   R0=2640 R1=0 R2=2640 R3=385 R4=100 R5=0 :: addr=0x000001A0 header=0x00000208
TICK=00352 MPC=353 DECODE           PC=0x000001AC SP=0x00007FF4 FLAGS=G   R0=2640 R1=0 R2=2640 R3=385 R4=100 R5=0 :: CMP R0, #0 ; super=blocked:control-or-io
TICK=00353 MPC=354 EXEC_COMPARE     PC=0x000001AC SP=0x00007FF4 FLAGS=G   R0=2640 R1=0 R2=2640 R3=385 R4=100 R5=0 :: CMP R0, #0
TICK=00354 MPC=355 FETCH            PC=0x000001B0 SP=0x00007FF4 FLAGS=G   R0=2640 R1=0 R2=2640 R3=385 R4=100 R5=0 :: addr=0x000001AC header=0x0000010A
TICK=00355 MPC=356 DECODE           PC=0x000001B4 SP=0x00007FF4 FLAGS=G   R0=2640 R1=0 R2=2640 R3=385 R4=100 R5=0 :: JZ #512 ; super=blocked:control-or-io
TICK=00356 MPC=357 EXEC_BRANCH      PC=0x000001B4 SP=0x00007FF4 FLAGS=G   R0=2640 R1=0 R2=2640 R3=385 R4=100 R5=0 :: JZ #512
TICK=00357 MPC=358 FETCH            PC=0x000001B8 SP=0x00007FF4 FLAGS=G   R0=2640 R1=0 R2=2640 R3=385 R4=100 R5=0 :: addr=0x000001B4 header=0x00000202
TICK=00358 MPC=359 DECODE           PC=0x000001C0 SP=0x00007FF4 FLAGS=G   R0=2640 R1=0 R2=2640 R3=385 R4=100 R5=0 :: MOV R2, R0 ; super=blocked:data-dependency
TICK=00359 MPC=360 EXEC_MOVE        PC=0x000001C0 SP=0x00007FF4 FLAGS=G   R0=2640 R1=0 R2=2640 R3=385 R4=100 R5=0 :: MOV R2, R0
TICK=00360 MPC=361 FETCH            PC=0x000001C4 SP=0x00007FF4 FLAGS=G   R0=2640 R1=0 R2=2640 R3=385 R4=100 R5=0 :: addr=0x000001C0 header=0x00000207
TICK=00361 MPC=362 DECODE           PC=0x000001CC SP=0x00007FF4 FLAGS=G   R0=2640 R1=0 R2=2640 R3=385 R4=100 R5=0 :: MOD R2, #10 ; super=blocked:data-dependency
TICK=00362 MPC=363 EXEC_ALU_MOD     PC=0x000001CC SP=0x00007FF4 FLAGS=Z   R0=2640 R1=0 R2=0 R3=385 R4=100 R5=0 :: MOD R2, #10
TICK=00363 MPC=364 FETCH            PC=0x000001D0 SP=0x00007FF4 FLAGS=Z   R0=2640 R1=0 R2=0 R3=385 R4=100 R5=0 :: addr=0x000001CC header=0x00000203
TICK=00364 MPC=365 DECODE           PC=0x000001D8 SP=0x00007FF4 FLAGS=Z   R0=2640 R1=0 R2=0 R3=385 R4=100 R5=0 :: ADD R2, #48 ; super=blocked:next-not-eligible
TICK=00365 MPC=366 EXEC_ALU_ADD     PC=0x000001D8 SP=0x00007FF4 FLAGS=G   R0=2640 R1=0 R2=48 R3=385 R4=100 R5=0 :: ADD R2, #48
TICK=00366 MPC=367 FETCH            PC=0x000001DC SP=0x00007FF4 FLAGS=G   R0=2640 R1=0 R2=48 R3=385 R4=100 R5=0 :: addr=0x000001D8 header=0x00000110
TICK=00367 MPC=368 DECODE           PC=0x000001E0 SP=0x00007FF4 FLAGS=G   R0=2640 R1=0 R2=48 R3=385 R4=100 R5=0 :: PUSH R2 ; super=blocked:control-or-io
TICK=00368 MPC=369 EXEC_STACK_WRITE PC=0x000001E0 SP=0x00007FF0 FLAGS=G   R0=2640 R1=0 R2=48 R3=385 R4=100 R5=0 :: PUSH R2
TICK=00369 MPC=370 FETCH            PC=0x000001E4 SP=0x00007FF0 FLAGS=G   R0=2640 R1=0 R2=48 R3=385 R4=100 R5=0 :: addr=0x000001E0 header=0x00000203
TICK=00370 MPC=371 DECODE           PC=0x000001EC SP=0x00007FF0 FLAGS=G   R0=2640 R1=0 R2=48 R3=385 R4=100 R5=0 :: ADD R1, #1 ; super=blocked:data-dependency
TICK=00371 MPC=372 EXEC_ALU_ADD     PC=0x000001EC SP=0x00007FF0 FLAGS=G   R0=2640 R1=1 R2=48 R3=385 R4=100 R5=0 :: ADD R1, #1
TICK=00372 MPC=373 FETCH            PC=0x000001F0 SP=0x00007FF0 FLAGS=G   R0=2640 R1=1 R2=48 R3=385 R4=100 R5=0 :: addr=0x000001EC header=0x00000206
TICK=00373 MPC=374 DECODE           PC=0x000001F8 SP=0x00007FF0 FLAGS=G   R0=2640 R1=1 R2=48 R3=385 R4=100 R5=0 :: DIV R0, #10 ; super=blocked:next-not-eligible
TICK=00374 MPC=375 EXEC_ALU_DIV     PC=0x000001F8 SP=0x00007FF0 FLAGS=G   R0=264 R1=1 R2=48 R3=385 R4=100 R5=0 :: DIV R0, #10
TICK=00375 MPC=376 FETCH            PC=0x000001FC SP=0x00007FF0 FLAGS=G   R0=264 R1=1 R2=48 R3=385 R4=100 R5=0 :: addr=0x000001F8 header=0x00000109
TICK=00376 MPC=377 DECODE           PC=0x00000200 SP=0x00007FF0 FLAGS=G   R0=264 R1=1 R2=48 R3=385 R4=100 R5=0 :: JMP #416 ; super=blocked:control-or-io
TICK=00377 MPC=378 EXEC_BRANCH      PC=0x000001A0 SP=0x00007FF0 FLAGS=G   R0=264 R1=1 R2=48 R3=385 R4=100 R5=0 :: JMP #416
TICK=00378 MPC=379 FETCH            PC=0x000001A4 SP=0x00007FF0 FLAGS=G   R0=264 R1=1 R2=48 R3=385 R4=100 R5=0 :: addr=0x000001A0 header=0x00000208
TICK=00379 MPC=380 DECODE           PC=0x000001AC SP=0x00007FF0 FLAGS=G   R0=264 R1=1 R2=48 R3=385 R4=100 R5=0 :: CMP R0, #0 ; super=blocked:control-or-io
TICK=00380 MPC=381 EXEC_COMPARE     PC=0x000001AC SP=0x00007FF0 FLAGS=G   R0=264 R1=1 R2=48 R3=385 R4=100 R5=0 :: CMP R0, #0
TICK=00381 MPC=382 FETCH            PC=0x000001B0 SP=0x00007FF0 FLAGS=G   R0=264 R1=1 R2=48 R3=385 R4=100 R5=0 :: addr=0x000001AC header=0x0000010A
TICK=00382 MPC=383 DECODE           PC=0x000001B4 SP=0x00007FF0 FLAGS=G   R0=264 R1=1 R2=48 R3=385 R4=100 R5=0 :: JZ #512 ; super=blocked:control-or-io
TICK=00383 MPC=384 EXEC_BRANCH      PC=0x000001B4 SP=0x00007FF0 FLAGS=G   R0=264 R1=1 R2=48 R3=385 R4=100 R5=0 :: JZ #512
TICK=00384 MPC=385 FETCH            PC=0x000001B8 SP=0x00007FF0 FLAGS=G   R0=264 R1=1 R2=48 R3=385 R4=100 R5=0 :: addr=0x000001B4 header=0x00000202
TICK=00385 MPC=386 DECODE           PC=0x000001C0 SP=0x00007FF0 FLAGS=G   R0=264 R1=1 R2=48 R3=385 R4=100 R5=0 :: MOV R2, R0 ; super=blocked:data-dependency
TICK=00386 MPC=387 EXEC_MOVE        PC=0x000001C0 SP=0x00007FF0 FLAGS=G   R0=264 R1=1 R2=264 R3=385 R4=100 R5=0 :: MOV R2, R0
TICK=00387 MPC=388 FETCH            PC=0x000001C4 SP=0x00007FF0 FLAGS=G   R0=264 R1=1 R2=264 R3=385 R4=100 R5=0 :: addr=0x000001C0 header=0x00000207
TICK=00388 MPC=389 DECODE           PC=0x000001CC SP=0x00007FF0 FLAGS=G   R0=264 R1=1 R2=264 R3=385 R4=100 R5=0 :: MOD R2, #10 ; super=blocked:data-dependency
TICK=00389 MPC=390 EXEC_ALU_MOD     PC=0x000001CC SP=0x00007FF0 FLAGS=G   R0=264 R1=1 R2=4 R3=385 R4=100 R5=0 :: MOD R2, #10
TICK=00390 MPC=391 FETCH            PC=0x000001D0 SP=0x00007FF0 FLAGS=G   R0=264 R1=1 R2=4 R3=385 R4=100 R5=0 :: addr=0x000001CC header=0x00000203
TICK=00391 MPC=392 DECODE           PC=0x000001D8 SP=0x00007FF0 FLAGS=G   R0=264 R1=1 R2=4 R3=385 R4=100 R5=0 :: ADD R2, #48 ; super=blocked:next-not-eligible
TICK=00392 MPC=393 EXEC_ALU_ADD     PC=0x000001D8 SP=0x00007FF0 FLAGS=G   R0=264 R1=1 R2=52 R3=385 R4=100 R5=0 :: ADD R2, #48
TICK=00393 MPC=394 FETCH            PC=0x000001DC SP=0x00007FF0 FLAGS=G   R0=264 R1=1 R2=52 R3=385 R4=100 R5=0 :: addr=0x000001D8 header=0x00000110
TICK=00394 MPC=395 DECODE           PC=0x000001E0 SP=0x00007FF0 FLAGS=G   R0=264 R1=1 R2=52 R3=385 R4=100 R5=0 :: PUSH R2 ; super=blocked:control-or-io
TICK=00395 MPC=396 EXEC_STACK_WRITE PC=0x000001E0 SP=0x00007FEC FLAGS=G   R0=264 R1=1 R2=52 R3=385 R4=100 R5=0 :: PUSH R2
TICK=00396 MPC=397 FETCH            PC=0x000001E4 SP=0x00007FEC FLAGS=G   R0=264 R1=1 R2=52 R3=385 R4=100 R5=0 :: addr=0x000001E0 header=0x00000203
TICK=00397 MPC=398 DECODE           PC=0x000001EC SP=0x00007FEC FLAGS=G   R0=264 R1=1 R2=52 R3=385 R4=100 R5=0 :: ADD R1, #1 ; super=blocked:data-dependency
TICK=00398 MPC=399 EXEC_ALU_ADD     PC=0x000001EC SP=0x00007FEC FLAGS=G   R0=264 R1=2 R2=52 R3=385 R4=100 R5=0 :: ADD R1, #1
TICK=00399 MPC=400 FETCH            PC=0x000001F0 SP=0x00007FEC FLAGS=G   R0=264 R1=2 R2=52 R3=385 R4=100 R5=0 :: addr=0x000001EC header=0x00000206
TICK=00400 MPC=401 DECODE           PC=0x000001F8 SP=0x00007FEC FLAGS=G   R0=264 R1=2 R2=52 R3=385 R4=100 R5=0 :: DIV R0, #10 ; super=blocked:next-not-eligible
TICK=00401 MPC=402 EXEC_ALU_DIV     PC=0x000001F8 SP=0x00007FEC FLAGS=G   R0=26 R1=2 R2=52 R3=385 R4=100 R5=0 :: DIV R0, #10
TICK=00402 MPC=403 FETCH            PC=0x000001FC SP=0x00007FEC FLAGS=G   R0=26 R1=2 R2=52 R3=385 R4=100 R5=0 :: addr=0x000001F8 header=0x00000109
TICK=00403 MPC=404 DECODE           PC=0x00000200 SP=0x00007FEC FLAGS=G   R0=26 R1=2 R2=52 R3=385 R4=100 R5=0 :: JMP #416 ; super=blocked:control-or-io
TICK=00404 MPC=405 EXEC_BRANCH      PC=0x000001A0 SP=0x00007FEC FLAGS=G   R0=26 R1=2 R2=52 R3=385 R4=100 R5=0 :: JMP #416
TICK=00405 MPC=406 FETCH            PC=0x000001A4 SP=0x00007FEC FLAGS=G   R0=26 R1=2 R2=52 R3=385 R4=100 R5=0 :: addr=0x000001A0 header=0x00000208
TICK=00406 MPC=407 DECODE           PC=0x000001AC SP=0x00007FEC FLAGS=G   R0=26 R1=2 R2=52 R3=385 R4=100 R5=0 :: CMP R0, #0 ; super=blocked:control-or-io
TICK=00407 MPC=408 EXEC_COMPARE     PC=0x000001AC SP=0x00007FEC FLAGS=G   R0=26 R1=2 R2=52 R3=385 R4=100 R5=0 :: CMP R0, #0
TICK=00408 MPC=409 FETCH            PC=0x000001B0 SP=0x00007FEC FLAGS=G   R0=26 R1=2 R2=52 R3=385 R4=100 R5=0 :: addr=0x000001AC header=0x0000010A
TICK=00409 MPC=410 DECODE           PC=0x000001B4 SP=0x00007FEC FLAGS=G   R0=26 R1=2 R2=52 R3=385 R4=100 R5=0 :: JZ #512 ; super=blocked:control-or-io
TICK=00410 MPC=411 EXEC_BRANCH      PC=0x000001B4 SP=0x00007FEC FLAGS=G   R0=26 R1=2 R2=52 R3=385 R4=100 R5=0 :: JZ #512
TICK=00411 MPC=412 FETCH            PC=0x000001B8 SP=0x00007FEC FLAGS=G   R0=26 R1=2 R2=52 R3=385 R4=100 R5=0 :: addr=0x000001B4 header=0x00000202
TICK=00412 MPC=413 DECODE           PC=0x000001C0 SP=0x00007FEC FLAGS=G   R0=26 R1=2 R2=52 R3=385 R4=100 R5=0 :: MOV R2, R0 ; super=blocked:data-dependency
TICK=00413 MPC=414 EXEC_MOVE        PC=0x000001C0 SP=0x00007FEC FLAGS=G   R0=26 R1=2 R2=26 R3=385 R4=100 R5=0 :: MOV R2, R0
TICK=00414 MPC=415 FETCH            PC=0x000001C4 SP=0x00007FEC FLAGS=G   R0=26 R1=2 R2=26 R3=385 R4=100 R5=0 :: addr=0x000001C0 header=0x00000207
TICK=00415 MPC=416 DECODE           PC=0x000001CC SP=0x00007FEC FLAGS=G   R0=26 R1=2 R2=26 R3=385 R4=100 R5=0 :: MOD R2, #10 ; super=blocked:data-dependency
TICK=00416 MPC=417 EXEC_ALU_MOD     PC=0x000001CC SP=0x00007FEC FLAGS=G   R0=26 R1=2 R2=6 R3=385 R4=100 R5=0 :: MOD R2, #10
TICK=00417 MPC=418 FETCH            PC=0x000001D0 SP=0x00007FEC FLAGS=G   R0=26 R1=2 R2=6 R3=385 R4=100 R5=0 :: addr=0x000001CC header=0x00000203
TICK=00418 MPC=419 DECODE           PC=0x000001D8 SP=0x00007FEC FLAGS=G   R0=26 R1=2 R2=6 R3=385 R4=100 R5=0 :: ADD R2, #48 ; super=blocked:next-not-eligible
TICK=00419 MPC=420 EXEC_ALU_ADD     PC=0x000001D8 SP=0x00007FEC FLAGS=G   R0=26 R1=2 R2=54 R3=385 R4=100 R5=0 :: ADD R2, #48
TICK=00420 MPC=421 FETCH            PC=0x000001DC SP=0x00007FEC FLAGS=G   R0=26 R1=2 R2=54 R3=385 R4=100 R5=0 :: addr=0x000001D8 header=0x00000110
TICK=00421 MPC=422 DECODE           PC=0x000001E0 SP=0x00007FEC FLAGS=G   R0=26 R1=2 R2=54 R3=385 R4=100 R5=0 :: PUSH R2 ; super=blocked:control-or-io
TICK=00422 MPC=423 EXEC_STACK_WRITE PC=0x000001E0 SP=0x00007FE8 FLAGS=G   R0=26 R1=2 R2=54 R3=385 R4=100 R5=0 :: PUSH R2
TICK=00423 MPC=424 FETCH            PC=0x000001E4 SP=0x00007FE8 FLAGS=G   R0=26 R1=2 R2=54 R3=385 R4=100 R5=0 :: addr=0x000001E0 header=0x00000203
TICK=00424 MPC=425 DECODE           PC=0x000001EC SP=0x00007FE8 FLAGS=G   R0=26 R1=2 R2=54 R3=385 R4=100 R5=0 :: ADD R1, #1 ; super=blocked:data-dependency
TICK=00425 MPC=426 EXEC_ALU_ADD     PC=0x000001EC SP=0x00007FE8 FLAGS=G   R0=26 R1=3 R2=54 R3=385 R4=100 R5=0 :: ADD R1, #1
TICK=00426 MPC=427 FETCH            PC=0x000001F0 SP=0x00007FE8 FLAGS=G   R0=26 R1=3 R2=54 R3=385 R4=100 R5=0 :: addr=0x000001EC header=0x00000206
TICK=00427 MPC=428 DECODE           PC=0x000001F8 SP=0x00007FE8 FLAGS=G   R0=26 R1=3 R2=54 R3=385 R4=100 R5=0 :: DIV R0, #10 ; super=blocked:next-not-eligible
TICK=00428 MPC=429 EXEC_ALU_DIV     PC=0x000001F8 SP=0x00007FE8 FLAGS=G   R0=2 R1=3 R2=54 R3=385 R4=100 R5=0 :: DIV R0, #10
TICK=00429 MPC=430 FETCH            PC=0x000001FC SP=0x00007FE8 FLAGS=G   R0=2 R1=3 R2=54 R3=385 R4=100 R5=0 :: addr=0x000001F8 header=0x00000109
TICK=00430 MPC=431 DECODE           PC=0x00000200 SP=0x00007FE8 FLAGS=G   R0=2 R1=3 R2=54 R3=385 R4=100 R5=0 :: JMP #416 ; super=blocked:control-or-io
TICK=00431 MPC=432 EXEC_BRANCH      PC=0x000001A0 SP=0x00007FE8 FLAGS=G   R0=2 R1=3 R2=54 R3=385 R4=100 R5=0 :: JMP #416
TICK=00432 MPC=433 FETCH            PC=0x000001A4 SP=0x00007FE8 FLAGS=G   R0=2 R1=3 R2=54 R3=385 R4=100 R5=0 :: addr=0x000001A0 header=0x00000208
TICK=00433 MPC=434 DECODE           PC=0x000001AC SP=0x00007FE8 FLAGS=G   R0=2 R1=3 R2=54 R3=385 R4=100 R5=0 :: CMP R0, #0 ; super=blocked:control-or-io
TICK=00434 MPC=435 EXEC_COMPARE     PC=0x000001AC SP=0x00007FE8 FLAGS=G   R0=2 R1=3 R2=54 R3=385 R4=100 R5=0 :: CMP R0, #0
TICK=00435 MPC=436 FETCH            PC=0x000001B0 SP=0x00007FE8 FLAGS=G   R0=2 R1=3 R2=54 R3=385 R4=100 R5=0 :: addr=0x000001AC header=0x0000010A
TICK=00436 MPC=437 DECODE           PC=0x000001B4 SP=0x00007FE8 FLAGS=G   R0=2 R1=3 R2=54 R3=385 R4=100 R5=0 :: JZ #512 ; super=blocked:control-or-io
TICK=00437 MPC=438 EXEC_BRANCH      PC=0x000001B4 SP=0x00007FE8 FLAGS=G   R0=2 R1=3 R2=54 R3=385 R4=100 R5=0 :: JZ #512
TICK=00438 MPC=439 FETCH            PC=0x000001B8 SP=0x00007FE8 FLAGS=G   R0=2 R1=3 R2=54 R3=385 R4=100 R5=0 :: addr=0x000001B4 header=0x00000202
TICK=00439 MPC=440 DECODE           PC=0x000001C0 SP=0x00007FE8 FLAGS=G   R0=2 R1=3 R2=54 R3=385 R4=100 R5=0 :: MOV R2, R0 ; super=blocked:data-dependency
TICK=00440 MPC=441 EXEC_MOVE        PC=0x000001C0 SP=0x00007FE8 FLAGS=G   R0=2 R1=3 R2=2 R3=385 R4=100 R5=0 :: MOV R2, R0
TICK=00441 MPC=442 FETCH            PC=0x000001C4 SP=0x00007FE8 FLAGS=G   R0=2 R1=3 R2=2 R3=385 R4=100 R5=0 :: addr=0x000001C0 header=0x00000207
TICK=00442 MPC=443 DECODE           PC=0x000001CC SP=0x00007FE8 FLAGS=G   R0=2 R1=3 R2=2 R3=385 R4=100 R5=0 :: MOD R2, #10 ; super=blocked:data-dependency
TICK=00443 MPC=444 EXEC_ALU_MOD     PC=0x000001CC SP=0x00007FE8 FLAGS=G   R0=2 R1=3 R2=2 R3=385 R4=100 R5=0 :: MOD R2, #10
TICK=00444 MPC=445 FETCH            PC=0x000001D0 SP=0x00007FE8 FLAGS=G   R0=2 R1=3 R2=2 R3=385 R4=100 R5=0 :: addr=0x000001CC header=0x00000203
TICK=00445 MPC=446 DECODE           PC=0x000001D8 SP=0x00007FE8 FLAGS=G   R0=2 R1=3 R2=2 R3=385 R4=100 R5=0 :: ADD R2, #48 ; super=blocked:next-not-eligible
TICK=00446 MPC=447 EXEC_ALU_ADD     PC=0x000001D8 SP=0x00007FE8 FLAGS=G   R0=2 R1=3 R2=50 R3=385 R4=100 R5=0 :: ADD R2, #48
TICK=00447 MPC=448 FETCH            PC=0x000001DC SP=0x00007FE8 FLAGS=G   R0=2 R1=3 R2=50 R3=385 R4=100 R5=0 :: addr=0x000001D8 header=0x00000110
TICK=00448 MPC=449 DECODE           PC=0x000001E0 SP=0x00007FE8 FLAGS=G   R0=2 R1=3 R2=50 R3=385 R4=100 R5=0 :: PUSH R2 ; super=blocked:control-or-io
TICK=00449 MPC=450 EXEC_STACK_WRITE PC=0x000001E0 SP=0x00007FE4 FLAGS=G   R0=2 R1=3 R2=50 R3=385 R4=100 R5=0 :: PUSH R2
TICK=00450 MPC=451 FETCH            PC=0x000001E4 SP=0x00007FE4 FLAGS=G   R0=2 R1=3 R2=50 R3=385 R4=100 R5=0 :: addr=0x000001E0 header=0x00000203
TICK=00451 MPC=452 DECODE           PC=0x000001EC SP=0x00007FE4 FLAGS=G   R0=2 R1=3 R2=50 R3=385 R4=100 R5=0 :: ADD R1, #1 ; super=blocked:data-dependency
TICK=00452 MPC=453 EXEC_ALU_ADD     PC=0x000001EC SP=0x00007FE4 FLAGS=G   R0=2 R1=4 R2=50 R3=385 R4=100 R5=0 :: ADD R1, #1
TICK=00453 MPC=454 FETCH            PC=0x000001F0 SP=0x00007FE4 FLAGS=G   R0=2 R1=4 R2=50 R3=385 R4=100 R5=0 :: addr=0x000001EC header=0x00000206
TICK=00454 MPC=455 DECODE           PC=0x000001F8 SP=0x00007FE4 FLAGS=G   R0=2 R1=4 R2=50 R3=385 R4=100 R5=0 :: DIV R0, #10 ; super=blocked:next-not-eligible
TICK=00455 MPC=456 EXEC_ALU_DIV     PC=0x000001F8 SP=0x00007FE4 FLAGS=Z   R0=0 R1=4 R2=50 R3=385 R4=100 R5=0 :: DIV R0, #10
TICK=00456 MPC=457 FETCH            PC=0x000001FC SP=0x00007FE4 FLAGS=Z   R0=0 R1=4 R2=50 R3=385 R4=100 R5=0 :: addr=0x000001F8 header=0x00000109
TICK=00457 MPC=458 DECODE           PC=0x00000200 SP=0x00007FE4 FLAGS=Z   R0=0 R1=4 R2=50 R3=385 R4=100 R5=0 :: JMP #416 ; super=blocked:control-or-io
TICK=00458 MPC=459 EXEC_BRANCH      PC=0x000001A0 SP=0x00007FE4 FLAGS=Z   R0=0 R1=4 R2=50 R3=385 R4=100 R5=0 :: JMP #416
TICK=00459 MPC=460 FETCH            PC=0x000001A4 SP=0x00007FE4 FLAGS=Z   R0=0 R1=4 R2=50 R3=385 R4=100 R5=0 :: addr=0x000001A0 header=0x00000208
TICK=00460 MPC=461 DECODE           PC=0x000001AC SP=0x00007FE4 FLAGS=Z   R0=0 R1=4 R2=50 R3=385 R4=100 R5=0 :: CMP R0, #0 ; super=blocked:control-or-io
TICK=00461 MPC=462 EXEC_COMPARE     PC=0x000001AC SP=0x00007FE4 FLAGS=Z   R0=0 R1=4 R2=50 R3=385 R4=100 R5=0 :: CMP R0, #0
TICK=00462 MPC=463 FETCH            PC=0x000001B0 SP=0x00007FE4 FLAGS=Z   R0=0 R1=4 R2=50 R3=385 R4=100 R5=0 :: addr=0x000001AC header=0x0000010A
TICK=00463 MPC=464 DECODE           PC=0x000001B4 SP=0x00007FE4 FLAGS=Z   R0=0 R1=4 R2=50 R3=385 R4=100 R5=0 :: JZ #512 ; super=blocked:control-or-io
TICK=00464 MPC=465 EXEC_BRANCH      PC=0x00000200 SP=0x00007FE4 FLAGS=Z   R0=0 R1=4 R2=50 R3=385 R4=100 R5=0 :: JZ #512
TICK=00465 MPC=466 FETCH            PC=0x00000204 SP=0x00007FE4 FLAGS=Z   R0=0 R1=4 R2=50 R3=385 R4=100 R5=0 :: addr=0x00000200 header=0x00000208
TICK=00466 MPC=467 DECODE           PC=0x0000020C SP=0x00007FE4 FLAGS=Z   R0=0 R1=4 R2=50 R3=385 R4=100 R5=0 :: CMP R1, #0 ; super=blocked:control-or-io
TICK=00467 MPC=468 EXEC_COMPARE     PC=0x0000020C SP=0x00007FE4 FLAGS=G   R0=0 R1=4 R2=50 R3=385 R4=100 R5=0 :: CMP R1, #0
TICK=00468 MPC=469 FETCH            PC=0x00000210 SP=0x00007FE4 FLAGS=G   R0=0 R1=4 R2=50 R3=385 R4=100 R5=0 :: addr=0x0000020C header=0x0000010A
TICK=00469 MPC=470 DECODE           PC=0x00000214 SP=0x00007FE4 FLAGS=G   R0=0 R1=4 R2=50 R3=385 R4=100 R5=0 :: JZ #572 ; super=blocked:control-or-io
TICK=00470 MPC=471 EXEC_BRANCH      PC=0x00000214 SP=0x00007FE4 FLAGS=G   R0=0 R1=4 R2=50 R3=385 R4=100 R5=0 :: JZ #572
TICK=00471 MPC=472 FETCH            PC=0x00000218 SP=0x00007FE4 FLAGS=G   R0=0 R1=4 R2=50 R3=385 R4=100 R5=0 :: addr=0x00000214 header=0x00000111
TICK=00472 MPC=473 DECODE           PC=0x0000021C SP=0x00007FE4 FLAGS=G   R0=0 R1=4 R2=50 R3=385 R4=100 R5=0 :: POP R2 ; super=blocked:control-or-io
TICK=00473 MPC=474 EXEC_STACK_READ  PC=0x0000021C SP=0x00007FE8 FLAGS=G   R0=0 R1=4 R2=50 R3=385 R4=100 R5=0 :: POP R2
TICK=00474 MPC=475 FETCH            PC=0x00000220 SP=0x00007FE8 FLAGS=G   R0=0 R1=4 R2=50 R3=385 R4=100 R5=0 :: addr=0x0000021C header=0x00000215
TICK=00475 MPC=476 DECODE           PC=0x00000228 SP=0x00007FE8 FLAGS=G   R0=0 R1=4 R2=50 R3=385 R4=100 R5=0 :: STOREB [0xFFF8], R2 ; super=blocked:control-or-io
TICK=00476 MPC=477 EXEC_STORE_BYTE  PC=0x00000228 SP=0x00007FE8 FLAGS=G   R0=0 R1=4 R2=50 R3=385 R4=100 R5=0 :: STOREB [0xFFF8], R2
TICK=00477 MPC=478 FETCH            PC=0x0000022C SP=0x00007FE8 FLAGS=G   R0=0 R1=4 R2=50 R3=385 R4=100 R5=0 :: addr=0x00000228 header=0x00000204
TICK=00478 MPC=479 DECODE           PC=0x00000234 SP=0x00007FE8 FLAGS=G   R0=0 R1=4 R2=50 R3=385 R4=100 R5=0 :: SUB R1, #1 ; super=blocked:next-not-eligible
TICK=00479 MPC=480 EXEC_ALU_SUB     PC=0x00000234 SP=0x00007FE8 FLAGS=G   R0=0 R1=3 R2=50 R3=385 R4=100 R5=0 :: SUB R1, #1
TICK=00480 MPC=481 FETCH            PC=0x00000238 SP=0x00007FE8 FLAGS=G   R0=0 R1=3 R2=50 R3=385 R4=100 R5=0 :: addr=0x00000234 header=0x00000109
TICK=00481 MPC=482 DECODE           PC=0x0000023C SP=0x00007FE8 FLAGS=G   R0=0 R1=3 R2=50 R3=385 R4=100 R5=0 :: JMP #512 ; super=blocked:control-or-io
TICK=00482 MPC=483 EXEC_BRANCH      PC=0x00000200 SP=0x00007FE8 FLAGS=G   R0=0 R1=3 R2=50 R3=385 R4=100 R5=0 :: JMP #512
TICK=00483 MPC=484 FETCH            PC=0x00000204 SP=0x00007FE8 FLAGS=G   R0=0 R1=3 R2=50 R3=385 R4=100 R5=0 :: addr=0x00000200 header=0x00000208
TICK=00484 MPC=485 DECODE           PC=0x0000020C SP=0x00007FE8 FLAGS=G   R0=0 R1=3 R2=50 R3=385 R4=100 R5=0 :: CMP R1, #0 ; super=blocked:control-or-io
TICK=00485 MPC=486 EXEC_COMPARE     PC=0x0000020C SP=0x00007FE8 FLAGS=G   R0=0 R1=3 R2=50 R3=385 R4=100 R5=0 :: CMP R1, #0
TICK=00486 MPC=487 FETCH            PC=0x00000210 SP=0x00007FE8 FLAGS=G   R0=0 R1=3 R2=50 R3=385 R4=100 R5=0 :: addr=0x0000020C header=0x0000010A
TICK=00487 MPC=488 DECODE           PC=0x00000214 SP=0x00007FE8 FLAGS=G   R0=0 R1=3 R2=50 R3=385 R4=100 R5=0 :: JZ #572 ; super=blocked:control-or-io
TICK=00488 MPC=489 EXEC_BRANCH      PC=0x00000214 SP=0x00007FE8 FLAGS=G   R0=0 R1=3 R2=50 R3=385 R4=100 R5=0 :: JZ #572
TICK=00489 MPC=490 FETCH            PC=0x00000218 SP=0x00007FE8 FLAGS=G   R0=0 R1=3 R2=50 R3=385 R4=100 R5=0 :: addr=0x00000214 header=0x00000111
TICK=00490 MPC=491 DECODE           PC=0x0000021C SP=0x00007FE8 FLAGS=G   R0=0 R1=3 R2=50 R3=385 R4=100 R5=0 :: POP R2 ; super=blocked:control-or-io
TICK=00491 MPC=492 EXEC_STACK_READ  PC=0x0000021C SP=0x00007FEC FLAGS=G   R0=0 R1=3 R2=54 R3=385 R4=100 R5=0 :: POP R2
TICK=00492 MPC=493 FETCH            PC=0x00000220 SP=0x00007FEC FLAGS=G   R0=0 R1=3 R2=54 R3=385 R4=100 R5=0 :: addr=0x0000021C header=0x00000215
TICK=00493 MPC=494 DECODE           PC=0x00000228 SP=0x00007FEC FLAGS=G   R0=0 R1=3 R2=54 R3=385 R4=100 R5=0 :: STOREB [0xFFF8], R2 ; super=blocked:control-or-io
TICK=00494 MPC=495 EXEC_STORE_BYTE  PC=0x00000228 SP=0x00007FEC FLAGS=G   R0=0 R1=3 R2=54 R3=385 R4=100 R5=0 :: STOREB [0xFFF8], R2
TICK=00495 MPC=496 FETCH            PC=0x0000022C SP=0x00007FEC FLAGS=G   R0=0 R1=3 R2=54 R3=385 R4=100 R5=0 :: addr=0x00000228 header=0x00000204
TICK=00496 MPC=497 DECODE           PC=0x00000234 SP=0x00007FEC FLAGS=G   R0=0 R1=3 R2=54 R3=385 R4=100 R5=0 :: SUB R1, #1 ; super=blocked:next-not-eligible
TICK=00497 MPC=498 EXEC_ALU_SUB     PC=0x00000234 SP=0x00007FEC FLAGS=G   R0=0 R1=2 R2=54 R3=385 R4=100 R5=0 :: SUB R1, #1
TICK=00498 MPC=499 FETCH            PC=0x00000238 SP=0x00007FEC FLAGS=G   R0=0 R1=2 R2=54 R3=385 R4=100 R5=0 :: addr=0x00000234 header=0x00000109
TICK=00499 MPC=500 DECODE           PC=0x0000023C SP=0x00007FEC FLAGS=G   R0=0 R1=2 R2=54 R3=385 R4=100 R5=0 :: JMP #512 ; super=blocked:control-or-io
TICK=00500 MPC=501 EXEC_BRANCH      PC=0x00000200 SP=0x00007FEC FLAGS=G   R0=0 R1=2 R2=54 R3=385 R4=100 R5=0 :: JMP #512
TICK=00501 MPC=502 FETCH            PC=0x00000204 SP=0x00007FEC FLAGS=G   R0=0 R1=2 R2=54 R3=385 R4=100 R5=0 :: addr=0x00000200 header=0x00000208
TICK=00502 MPC=503 DECODE           PC=0x0000020C SP=0x00007FEC FLAGS=G   R0=0 R1=2 R2=54 R3=385 R4=100 R5=0 :: CMP R1, #0 ; super=blocked:control-or-io
TICK=00503 MPC=504 EXEC_COMPARE     PC=0x0000020C SP=0x00007FEC FLAGS=G   R0=0 R1=2 R2=54 R3=385 R4=100 R5=0 :: CMP R1, #0
TICK=00504 MPC=505 FETCH            PC=0x00000210 SP=0x00007FEC FLAGS=G   R0=0 R1=2 R2=54 R3=385 R4=100 R5=0 :: addr=0x0000020C header=0x0000010A
TICK=00505 MPC=506 DECODE           PC=0x00000214 SP=0x00007FEC FLAGS=G   R0=0 R1=2 R2=54 R3=385 R4=100 R5=0 :: JZ #572 ; super=blocked:control-or-io
TICK=00506 MPC=507 EXEC_BRANCH      PC=0x00000214 SP=0x00007FEC FLAGS=G   R0=0 R1=2 R2=54 R3=385 R4=100 R5=0 :: JZ #572
TICK=00507 MPC=508 FETCH            PC=0x00000218 SP=0x00007FEC FLAGS=G   R0=0 R1=2 R2=54 R3=385 R4=100 R5=0 :: addr=0x00000214 header=0x00000111
TICK=00508 MPC=509 DECODE           PC=0x0000021C SP=0x00007FEC FLAGS=G   R0=0 R1=2 R2=54 R3=385 R4=100 R5=0 :: POP R2 ; super=blocked:control-or-io
TICK=00509 MPC=510 EXEC_STACK_READ  PC=0x0000021C SP=0x00007FF0 FLAGS=G   R0=0 R1=2 R2=52 R3=385 R4=100 R5=0 :: POP R2
TICK=00510 MPC=511 FETCH            PC=0x00000220 SP=0x00007FF0 FLAGS=G   R0=0 R1=2 R2=52 R3=385 R4=100 R5=0 :: addr=0x0000021C header=0x00000215
TICK=00511 MPC=512 DECODE           PC=0x00000228 SP=0x00007FF0 FLAGS=G   R0=0 R1=2 R2=52 R3=385 R4=100 R5=0 :: STOREB [0xFFF8], R2 ; super=blocked:control-or-io
TICK=00512 MPC=513 EXEC_STORE_BYTE  PC=0x00000228 SP=0x00007FF0 FLAGS=G   R0=0 R1=2 R2=52 R3=385 R4=100 R5=0 :: STOREB [0xFFF8], R2
TICK=00513 MPC=514 FETCH            PC=0x0000022C SP=0x00007FF0 FLAGS=G   R0=0 R1=2 R2=52 R3=385 R4=100 R5=0 :: addr=0x00000228 header=0x00000204
TICK=00514 MPC=515 DECODE           PC=0x00000234 SP=0x00007FF0 FLAGS=G   R0=0 R1=2 R2=52 R3=385 R4=100 R5=0 :: SUB R1, #1 ; super=blocked:next-not-eligible
TICK=00515 MPC=516 EXEC_ALU_SUB     PC=0x00000234 SP=0x00007FF0 FLAGS=G   R0=0 R1=1 R2=52 R3=385 R4=100 R5=0 :: SUB R1, #1
TICK=00516 MPC=517 FETCH            PC=0x00000238 SP=0x00007FF0 FLAGS=G   R0=0 R1=1 R2=52 R3=385 R4=100 R5=0 :: addr=0x00000234 header=0x00000109
TICK=00517 MPC=518 DECODE           PC=0x0000023C SP=0x00007FF0 FLAGS=G   R0=0 R1=1 R2=52 R3=385 R4=100 R5=0 :: JMP #512 ; super=blocked:control-or-io
TICK=00518 MPC=519 EXEC_BRANCH      PC=0x00000200 SP=0x00007FF0 FLAGS=G   R0=0 R1=1 R2=52 R3=385 R4=100 R5=0 :: JMP #512
TICK=00519 MPC=520 FETCH            PC=0x00000204 SP=0x00007FF0 FLAGS=G   R0=0 R1=1 R2=52 R3=385 R4=100 R5=0 :: addr=0x00000200 header=0x00000208
TICK=00520 MPC=521 DECODE           PC=0x0000020C SP=0x00007FF0 FLAGS=G   R0=0 R1=1 R2=52 R3=385 R4=100 R5=0 :: CMP R1, #0 ; super=blocked:control-or-io
TICK=00521 MPC=522 EXEC_COMPARE     PC=0x0000020C SP=0x00007FF0 FLAGS=G   R0=0 R1=1 R2=52 R3=385 R4=100 R5=0 :: CMP R1, #0
TICK=00522 MPC=523 FETCH            PC=0x00000210 SP=0x00007FF0 FLAGS=G   R0=0 R1=1 R2=52 R3=385 R4=100 R5=0 :: addr=0x0000020C header=0x0000010A
TICK=00523 MPC=524 DECODE           PC=0x00000214 SP=0x00007FF0 FLAGS=G   R0=0 R1=1 R2=52 R3=385 R4=100 R5=0 :: JZ #572 ; super=blocked:control-or-io
TICK=00524 MPC=525 EXEC_BRANCH      PC=0x00000214 SP=0x00007FF0 FLAGS=G   R0=0 R1=1 R2=52 R3=385 R4=100 R5=0 :: JZ #572
TICK=00525 MPC=526 FETCH            PC=0x00000218 SP=0x00007FF0 FLAGS=G   R0=0 R1=1 R2=52 R3=385 R4=100 R5=0 :: addr=0x00000214 header=0x00000111
TICK=00526 MPC=527 DECODE           PC=0x0000021C SP=0x00007FF0 FLAGS=G   R0=0 R1=1 R2=52 R3=385 R4=100 R5=0 :: POP R2 ; super=blocked:control-or-io
TICK=00527 MPC=528 EXEC_STACK_READ  PC=0x0000021C SP=0x00007FF4 FLAGS=G   R0=0 R1=1 R2=48 R3=385 R4=100 R5=0 :: POP R2
TICK=00528 MPC=529 FETCH            PC=0x00000220 SP=0x00007FF4 FLAGS=G   R0=0 R1=1 R2=48 R3=385 R4=100 R5=0 :: addr=0x0000021C header=0x00000215
TICK=00529 MPC=530 DECODE           PC=0x00000228 SP=0x00007FF4 FLAGS=G   R0=0 R1=1 R2=48 R3=385 R4=100 R5=0 :: STOREB [0xFFF8], R2 ; super=blocked:control-or-io
TICK=00530 MPC=531 EXEC_STORE_BYTE  PC=0x00000228 SP=0x00007FF4 FLAGS=G   R0=0 R1=1 R2=48 R3=385 R4=100 R5=0 :: STOREB [0xFFF8], R2
TICK=00531 MPC=532 FETCH            PC=0x0000022C SP=0x00007FF4 FLAGS=G   R0=0 R1=1 R2=48 R3=385 R4=100 R5=0 :: addr=0x00000228 header=0x00000204
TICK=00532 MPC=533 DECODE           PC=0x00000234 SP=0x00007FF4 FLAGS=G   R0=0 R1=1 R2=48 R3=385 R4=100 R5=0 :: SUB R1, #1 ; super=blocked:next-not-eligible
TICK=00533 MPC=534 EXEC_ALU_SUB     PC=0x00000234 SP=0x00007FF4 FLAGS=Z   R0=0 R1=0 R2=48 R3=385 R4=100 R5=0 :: SUB R1, #1
TICK=00534 MPC=535 FETCH            PC=0x00000238 SP=0x00007FF4 FLAGS=Z   R0=0 R1=0 R2=48 R3=385 R4=100 R5=0 :: addr=0x00000234 header=0x00000109
TICK=00535 MPC=536 DECODE           PC=0x0000023C SP=0x00007FF4 FLAGS=Z   R0=0 R1=0 R2=48 R3=385 R4=100 R5=0 :: JMP #512 ; super=blocked:control-or-io
TICK=00536 MPC=537 EXEC_BRANCH      PC=0x00000200 SP=0x00007FF4 FLAGS=Z   R0=0 R1=0 R2=48 R3=385 R4=100 R5=0 :: JMP #512
TICK=00537 MPC=538 FETCH            PC=0x00000204 SP=0x00007FF4 FLAGS=Z   R0=0 R1=0 R2=48 R3=385 R4=100 R5=0 :: addr=0x00000200 header=0x00000208
TICK=00538 MPC=539 DECODE           PC=0x0000020C SP=0x00007FF4 FLAGS=Z   R0=0 R1=0 R2=48 R3=385 R4=100 R5=0 :: CMP R1, #0 ; super=blocked:control-or-io
TICK=00539 MPC=540 EXEC_COMPARE     PC=0x0000020C SP=0x00007FF4 FLAGS=Z   R0=0 R1=0 R2=48 R3=385 R4=100 R5=0 :: CMP R1, #0
TICK=00540 MPC=541 FETCH            PC=0x00000210 SP=0x00007FF4 FLAGS=Z   R0=0 R1=0 R2=48 R3=385 R4=100 R5=0 :: addr=0x0000020C header=0x0000010A
TICK=00541 MPC=542 DECODE           PC=0x00000214 SP=0x00007FF4 FLAGS=Z   R0=0 R1=0 R2=48 R3=385 R4=100 R5=0 :: JZ #572 ; super=blocked:control-or-io
TICK=00542 MPC=543 EXEC_BRANCH      PC=0x0000023C SP=0x00007FF4 FLAGS=Z   R0=0 R1=0 R2=48 R3=385 R4=100 R5=0 :: JZ #572
TICK=00543 MPC=544 FETCH            PC=0x00000240 SP=0x00007FF4 FLAGS=Z   R0=0 R1=0 R2=48 R3=385 R4=100 R5=0 :: addr=0x0000023C header=0x00000111
TICK=00544 MPC=545 DECODE           PC=0x00000244 SP=0x00007FF4 FLAGS=Z   R0=0 R1=0 R2=48 R3=385 R4=100 R5=0 :: POP R2 ; super=blocked:control-or-io
TICK=00545 MPC=546 EXEC_STACK_READ  PC=0x00000244 SP=0x00007FF8 FLAGS=Z   R0=0 R1=0 R2=2640 R3=385 R4=100 R5=0 :: POP R2
TICK=00546 MPC=547 FETCH            PC=0x00000248 SP=0x00007FF8 FLAGS=Z   R0=0 R1=0 R2=2640 R3=385 R4=100 R5=0 :: addr=0x00000244 header=0x00000111
TICK=00547 MPC=548 DECODE           PC=0x0000024C SP=0x00007FF8 FLAGS=Z   R0=0 R1=0 R2=2640 R3=385 R4=100 R5=0 :: POP R1 ; super=blocked:control-or-io
TICK=00548 MPC=549 EXEC_STACK_READ  PC=0x0000024C SP=0x00007FFC FLAGS=Z   R0=0 R1=11 R2=2640 R3=385 R4=100 R5=0 :: POP R1
TICK=00549 MPC=550 FETCH            PC=0x00000250 SP=0x00007FFC FLAGS=Z   R0=0 R1=11 R2=2640 R3=385 R4=100 R5=0 :: addr=0x0000024C header=0x00000013
TICK=00550 MPC=551 DECODE           PC=0x00000250 SP=0x00007FFC FLAGS=Z   R0=0 R1=11 R2=2640 R3=385 R4=100 R5=0 :: RET ; super=blocked:control-or-io
TICK=00551 MPC=552 EXEC_RET         PC=0x000000BC SP=0x00008000 FLAGS=Z   R0=0 R1=11 R2=2640 R3=385 R4=100 R5=0 :: RET
TICK=00552 MPC=553 FETCH            PC=0x000000C0 SP=0x00008000 FLAGS=Z   R0=0 R1=11 R2=2640 R3=385 R4=100 R5=0 :: addr=0x000000BC header=0x00000215
TICK=00553 MPC=554 DECODE           PC=0x000000C8 SP=0x00008000 FLAGS=Z   R0=0 R1=11 R2=2640 R3=385 R4=100 R5=0 :: STOREB [0xFFF8], #10 ; super=blocked:control-or-io
TICK=00554 MPC=555 EXEC_STORE_BYTE  PC=0x000000C8 SP=0x00008000 FLAGS=Z   R0=0 R1=11 R2=2640 R3=385 R4=100 R5=0 :: STOREB [0xFFF8], #10
TICK=00555 MPC=556 FETCH            PC=0x000000CC SP=0x00008000 FLAGS=Z   R0=0 R1=11 R2=2640 R3=385 R4=100 R5=0 :: addr=0x000000C8 header=0x00000001
TICK=00556 MPC=557 DECODE           PC=0x000000CC SP=0x00008000 FLAGS=Z   R0=0 R1=11 R2=2640 R3=385 R4=100 R5=0 :: HALT ; super=blocked:control-or-io
TICK=00557 MPC=558 EXEC_HALT        PC=0x000000CC SP=0x00008000 FLAGS=Z   R0=0 R1=11 R2=2640 R3=385 R4=100 R5=0 :: HALT
