TICK=00000 MPC=001 FETCH            PC=0x00000004 SP=0x00008000 FLAGS=-   R0=0 R1=0 R2=0 R3=0 R4=0 R5=0 :: addr=0x00000000 header=0x00000202
TICK=00001 MPC=002 DECODE           PC=0x0000000C SP=0x00008000 FLAGS=-   R0=0 R1=0 R2=0 R3=0 R4=0 R5=0 :: MOV R1, #1 ; super=off
TICK=00002 MPC=003 EXEC_MOVE        PC=0x0000000C SP=0x00008000 FLAGS=-   R0=0 R1=1 R2=0 R3=0 R4=0 R5=0 :: MOV R1, #1
TICK=00003 MPC=004 FETCH            PC=0x00000010 SP=0x00008000 FLAGS=-   R0=0 R1=1 R2=0 R3=0 R4=0 R5=0 :: addr=0x0000000C header=0x00000202
TICK=00004 MPC=005 DECODE           PC=0x00000018 SP=0x00008000 FLAGS=-   R0=0 R1=1 R2=0 R3=0 R4=0 R5=0 :: MOV R2, #2 ; super=off
TICK=00005 MPC=006 EXEC_MOVE        PC=0x00000018 SP=0x00008000 FLAGS=-   R0=0 R1=1 R2=2 R3=0 R4=0 R5=0 :: MOV R2, #2
TICK=00006 MPC=007 FETCH            PC=0x0000001C SP=0x00008000 FLAGS=-   R0=0 R1=1 R2=2 R3=0 R4=0 R5=0 :: addr=0x00000018 header=0x00000203
TICK=00007 MPC=008 DECODE           PC=0x00000024 SP=0x00008000 FLAGS=-   R0=0 R1=1 R2=2 R3=0 R4=0 R5=0 :: ADD R1, #3 ; super=off
TICK=00008 MPC=009 EXEC_ALU_ADD     PC=0x00000024 SP=0x00008000 FLAGS=G   R0=0 R1=4 R2=2 R3=0 R4=0 R5=0 :: ADD R1, #3
TICK=00009 MPC=010 FETCH            PC=0x00000028 SP=0x00008000 FLAGS=G   R0=0 R1=4 R2=2 R3=0 R4=0 R5=0 :: addr=0x00000024 header=0x00000203
TICK=00010 MPC=011 DECODE           PC=0x00000030 SP=0x00008000 FLAGS=G   R0=0 R1=4 R2=2 R3=0 R4=0 R5=0 :: ADD R2, #4 ; super=off
TICK=00011 MPC=012 EXEC_ALU_ADD     PC=0x00000030 SP=0x00008000 FLAGS=G   R0=0 R1=4 R2=6 R3=0 R4=0 R5=0 :: ADD R2, #4
TICK=00012 MPC=013 FETCH            PC=0x00000034 SP=0x00008000 FLAGS=G   R0=0 R1=4 R2=6 R3=0 R4=0 R5=0 :: addr=0x00000030 header=0x00000202
TICK=00013 MPC=014 DECODE           PC=0x0000003C SP=0x00008000 FLAGS=G   R0=0 R1=4 R2=6 R3=0 R4=0 R5=0 :: MOV [0x0200], R1 ; super=off
TICK=00014 MPC=015 EXEC_MOVE        PC=0x0000003C SP=0x00008000 FLAGS=G   R0=0 R1=4 R2=6 R3=0 R4=0 R5=0 :: MOV [0x0200], R1
TICK=00015 MPC=016 FETCH            PC=0x00000040 SP=0x00008000 FLAGS=G   R0=0 R1=4 R2=6 R3=0 R4=0 R5=0 :: addr=0x0000003C header=0x00000202
TICK=00016 MPC=017 DECODE           PC=0x00000048 SP=0x00008000 FLAGS=G   R0=0 R1=4 R2=6 R3=0 R4=0 R5=0 :: MOV [0x0204], R2 ; super=off
TICK=00017 MPC=018 EXEC_MOVE        PC=0x00000048 SP=0x00008000 FLAGS=G   R0=0 R1=4 R2=6 R3=0 R4=0 R5=0 :: MOV [0x0204], R2
TICK=00018 MPC=019 FETCH            PC=0x0000004C SP=0x00008000 FLAGS=G   R0=0 R1=4 R2=6 R3=0 R4=0 R5=0 :: addr=0x00000048 header=0x00000001
TICK=00019 MPC=020 DECODE           PC=0x0000004C SP=0x00008000 FLAGS=G   R0=0 R1=4 R2=6 R3=0 R4=0 R5=0 :: HALT ; super=off
TICK=00020 MPC=021 EXEC_HALT        PC=0x0000004C SP=0x00008000 FLAGS=G   R0=0 R1=4 R2=6 R3=0 R4=0 R5=0 :: HALT
