TICK=00000 MPC=001 FETCH_HEADER     PC=0x00000004 SP=0x00008000 FLAGS=-   R0=0 R1=0 R2=0 R3=0 R4=0 R5=0 :: addr=0x00000000 header=0x00000202 operands=2
TICK=00001 MPC=002 FETCH_OPERAND    PC=0x00000008 SP=0x00008000 FLAGS=-   R0=0 R1=0 R2=0 R3=0 R4=0 R5=0 :: operand[1]=0x00000800
TICK=00002 MPC=003 FETCH_OPERAND    PC=0x0000000C SP=0x00008000 FLAGS=-   R0=0 R1=0 R2=0 R3=0 R4=0 R5=0 :: operand[2]=0x00800001
TICK=00003 MPC=004 DECODE           PC=0x0000000C SP=0x00008000 FLAGS=-   R0=0 R1=0 R2=0 R3=0 R4=0 R5=0 :: MOV SP, #32768 ; super=blocked:control-or-io
TICK=00004 MPC=005 READ_SOURCE      PC=0x0000000C SP=0x00008000 FLAGS=-   R0=0 R1=0 R2=0 R3=0 R4=0 R5=0 :: READ_SOURCE: MOV SP, #32768
TICK=00005 MPC=006 WRITE_DESTINATION PC=0x0000000C SP=0x00008000 FLAGS=-   R0=0 R1=0 R2=0 R3=0 R4=0 R5=0 :: WRITE_DESTINATION: MOV SP, #32768
TICK=00006 MPC=007 COMMIT           PC=0x0000000C SP=0x00008000 FLAGS=-   R0=0 R1=0 R2=0 R3=0 R4=0 R5=0 :: MOV SP, #32768
TICK=00007 MPC=008 FETCH_HEADER     PC=0x00000010 SP=0x00008000 FLAGS=-   R0=0 R1=0 R2=0 R3=0 R4=0 R5=0 :: addr=0x0000000C header=0x00000112 operands=1
TICK=00008 MPC=009 FETCH_OPERAND    PC=0x00000014 SP=0x00008000 FLAGS=-   R0=0 R1=0 R2=0 R3=0 R4=0 R5=0 :: operand[1]=0x0000CC01
TICK=00009 MPC=010 DECODE           PC=0x00000014 SP=0x00008000 FLAGS=-   R0=0 R1=0 R2=0 R3=0 R4=0 R5=0 :: CALL #204 ; super=blocked:control-or-io
TICK=00010 MPC=011 READ_TARGET      PC=0x00000014 SP=0x00008000 FLAGS=-   R0=0 R1=0 R2=0 R3=0 R4=0 R5=0 :: READ_TARGET: CALL #204
TICK=00011 MPC=012 STACK_DEC        PC=0x00000014 SP=0x00008000 FLAGS=-   R0=0 R1=0 R2=0 R3=0 R4=0 R5=0 :: STACK_DEC: CALL #204
TICK=00012 MPC=013 MEM_WRITE_RETURN PC=0x00000014 SP=0x00008000 FLAGS=-   R0=0 R1=0 R2=0 R3=0 R4=0 R5=0 :: MEM_WRITE_RETURN: CALL #204
TICK=00013 MPC=014 SET_PC           PC=0x00000014 SP=0x00008000 FLAGS=-   R0=0 R1=0 R2=0 R3=0 R4=0 R5=0 :: SET_PC: CALL #204
TICK=00014 MPC=015 COMMIT           PC=0x000000CC SP=0x00007FFC FLAGS=-   R0=0 R1=0 R2=0 R3=0 R4=0 R5=0 :: CALL #204
TICK=00015 MPC=016 FETCH_HEADER     PC=0x000000D0 SP=0x00007FFC FLAGS=-   R0=0 R1=0 R2=0 R3=0 R4=0 R5=0 :: addr=0x000000CC header=0x00000202 operands=2
TICK=00016 MPC=017 FETCH_OPERAND    PC=0x000000D4 SP=0x00007FFC FLAGS=-   R0=0 R1=0 R2=0 R3=0 R4=0 R5=0 :: operand[1]=0x00000000
TICK=00017 MPC=018 FETCH_OPERAND    PC=0x000000D8 SP=0x00007FFC FLAGS=-   R0=0 R1=0 R2=0 R3=0 R4=0 R5=0 :: operand[2]=0x00000001
TICK=00018 MPC=019 DECODE           PC=0x000000D8 SP=0x00007FFC FLAGS=-   R0=0 R1=0 R2=0 R3=0 R4=0 R5=0 :: MOV R0, #0 ; super=blocked:next-not-eligible
TICK=00019 MPC=020 READ_SOURCE      PC=0x000000D8 SP=0x00007FFC FLAGS=-   R0=0 R1=0 R2=0 R3=0 R4=0 R5=0 :: READ_SOURCE: MOV R0, #0
TICK=00020 MPC=021 WRITE_DESTINATION PC=0x000000D8 SP=0x00007FFC FLAGS=-   R0=0 R1=0 R2=0 R3=0 R4=0 R5=0 :: WRITE_DESTINATION: MOV R0, #0
TICK=00021 MPC=022 COMMIT           PC=0x000000D8 SP=0x00007FFC FLAGS=-   R0=0 R1=0 R2=0 R3=0 R4=0 R5=0 :: MOV R0, #0
TICK=00022 MPC=023 FETCH_HEADER     PC=0x000000DC SP=0x00007FFC FLAGS=-   R0=0 R1=0 R2=0 R3=0 R4=0 R5=0 :: addr=0x000000D8 header=0x00000214 operands=2
TICK=00023 MPC=024 FETCH_OPERAND    PC=0x000000E0 SP=0x00007FFC FLAGS=-   R0=0 R1=0 R2=0 R3=0 R4=0 R5=0 :: operand[1]=0x00000100
TICK=00024 MPC=025 FETCH_OPERAND    PC=0x000000E4 SP=0x00007FFC FLAGS=-   R0=0 R1=0 R2=0 R3=0 R4=0 R5=0 :: operand[2]=0x00FFF002
TICK=00025 MPC=026 DECODE           PC=0x000000E4 SP=0x00007FFC FLAGS=-   R0=0 R1=0 R2=0 R3=0 R4=0 R5=0 :: LOADB R1, [0xFFF0] ; super=blocked:control-or-io
TICK=00026 MPC=027 READ_BYTE_SOURCE PC=0x000000E4 SP=0x00007FFC FLAGS=-   R0=0 R1=0 R2=0 R3=0 R4=0 R5=0 :: READ_BYTE_SOURCE: LOADB R1, [0xFFF0]
TICK=00027 MPC=028 WRITE_DESTINATION PC=0x000000E4 SP=0x00007FFC FLAGS=-   R0=0 R1=0 R2=0 R3=0 R4=0 R5=0 :: WRITE_DESTINATION: LOADB R1, [0xFFF0]
TICK=00028 MPC=029 COMMIT           PC=0x000000E4 SP=0x00007FFC FLAGS=-   R0=0 R1=1 R2=0 R3=0 R4=0 R5=0 :: LOADB R1, [0xFFF0]
TICK=00029 MPC=030 FETCH_HEADER     PC=0x000000E8 SP=0x00007FFC FLAGS=-   R0=0 R1=1 R2=0 R3=0 R4=0 R5=0 :: addr=0x000000E4 header=0x00000208 operands=2
TICK=00030 MPC=031 FETCH_OPERAND    PC=0x000000EC SP=0x00007FFC FLAGS=-   R0=0 R1=1 R2=0 R3=0 R4=0 R5=0 :: operand[1]=0x00000100
TICK=00031 MPC=032 FETCH_OPERAND    PC=0x000000F0 SP=0x00007FFC FLAGS=-   R0=0 R1=1 R2=0 R3=0 R4=0 R5=0 :: operand[2]=0x00000001
TICK=00032 MPC=033 DECODE           PC=0x000000F0 SP=0x00007FFC FLAGS=-   R0=0 R1=1 R2=0 R3=0 R4=0 R5=0 :: CMP R1, #0 ; super=blocked:control-or-io
TICK=00033 MPC=034 READ_LEFT        PC=0x000000F0 SP=0x00007FFC FLAGS=-   R0=0 R1=1 R2=0 R3=0 R4=0 R5=0 :: READ_LEFT: CMP R1, #0
TICK=00034 MPC=035 READ_RIGHT       PC=0x000000F0 SP=0x00007FFC FLAGS=-   R0=0 R1=1 R2=0 R3=0 R4=0 R5=0 :: READ_RIGHT: CMP R1, #0
TICK=00035 MPC=036 ALU_SUB          PC=0x000000F0 SP=0x00007FFC FLAGS=-   R0=0 R1=1 R2=0 R3=0 R4=0 R5=0 :: ALU_SUB: CMP R1, #0
TICK=00036 MPC=037 UPDATE_FLAGS     PC=0x000000F0 SP=0x00007FFC FLAGS=-   R0=0 R1=1 R2=0 R3=0 R4=0 R5=0 :: UPDATE_FLAGS: CMP R1, #0
TICK=00037 MPC=038 COMMIT           PC=0x000000F0 SP=0x00007FFC FLAGS=G   R0=0 R1=1 R2=0 R3=0 R4=0 R5=0 :: CMP R1, #0
TICK=00038 MPC=039 FETCH_HEADER     PC=0x000000F4 SP=0x00007FFC FLAGS=G   R0=0 R1=1 R2=0 R3=0 R4=0 R5=0 :: addr=0x000000F0 header=0x0000010A operands=1
TICK=00039 MPC=040 FETCH_OPERAND    PC=0x000000F8 SP=0x00007FFC FLAGS=G   R0=0 R1=1 R2=0 R3=0 R4=0 R5=0 :: operand[1]=0x00015801
TICK=00040 MPC=041 DECODE           PC=0x000000F8 SP=0x00007FFC FLAGS=G   R0=0 R1=1 R2=0 R3=0 R4=0 R5=0 :: JZ #344 ; super=blocked:control-or-io
TICK=00041 MPC=042 READ_TARGET      PC=0x000000F8 SP=0x00007FFC FLAGS=G   R0=0 R1=1 R2=0 R3=0 R4=0 R5=0 :: READ_TARGET: JZ #344
TICK=00042 MPC=043 EVALUATE_BRANCH  PC=0x000000F8 SP=0x00007FFC FLAGS=G   R0=0 R1=1 R2=0 R3=0 R4=0 R5=0 :: EVALUATE_BRANCH: JZ #344
TICK=00043 MPC=044 COMMIT           PC=0x000000F8 SP=0x00007FFC FLAGS=G   R0=0 R1=1 R2=0 R3=0 R4=0 R5=0 :: JZ #344
TICK=00044 MPC=045 FETCH_HEADER     PC=0x000000FC SP=0x00007FFC FLAGS=G   R0=0 R1=1 R2=0 R3=0 R4=0 R5=0 :: addr=0x000000F8 header=0x00000214 operands=2
TICK=00045 MPC=046 FETCH_OPERAND    PC=0x00000100 SP=0x00007FFC FLAGS=G   R0=0 R1=1 R2=0 R3=0 R4=0 R5=0 :: operand[1]=0x00000100
TICK=00046 MPC=047 FETCH_OPERAND    PC=0x00000104 SP=0x00007FFC FLAGS=G   R0=0 R1=1 R2=0 R3=0 R4=0 R5=0 :: operand[2]=0x00FFF402
TICK=00047 MPC=048 DECODE           PC=0x00000104 SP=0x00007FFC FLAGS=G   R0=0 R1=1 R2=0 R3=0 R4=0 R5=0 :: LOADB R1, [0xFFF4] ; super=blocked:control-or-io
TICK=00048 MPC=049 READ_BYTE_SOURCE PC=0x00000104 SP=0x00007FFC FLAGS=G   R0=0 R1=1 R2=0 R3=0 R4=0 R5=0 :: READ_BYTE_SOURCE: LOADB R1, [0xFFF4]
TICK=00049 MPC=050 WRITE_DESTINATION PC=0x00000104 SP=0x00007FFC FLAGS=G   R0=0 R1=1 R2=0 R3=0 R4=0 R5=0 :: WRITE_DESTINATION: LOADB R1, [0xFFF4]
TICK=00050 MPC=051 COMMIT           PC=0x00000104 SP=0x00007FFC FLAGS=G   R0=0 R1=49 R2=0 R3=0 R4=0 R5=0 :: LOADB R1, [0xFFF4]
TICK=00051 MPC=052 FETCH_HEADER     PC=0x00000108 SP=0x00007FFC FLAGS=G   R0=0 R1=49 R2=0 R3=0 R4=0 R5=0 :: addr=0x00000104 header=0x00000208 operands=2
TICK=00052 MPC=053 FETCH_OPERAND    PC=0x0000010C SP=0x00007FFC FLAGS=G   R0=0 R1=49 R2=0 R3=0 R4=0 R5=0 :: operand[1]=0x00000100
TICK=00053 MPC=054 FETCH_OPERAND    PC=0x00000110 SP=0x00007FFC FLAGS=G   R0=0 R1=49 R2=0 R3=0 R4=0 R5=0 :: operand[2]=0x00000A01
TICK=00054 MPC=055 DECODE           PC=0x00000110 SP=0x00007FFC FLAGS=G   R0=0 R1=49 R2=0 R3=0 R4=0 R5=0 :: CMP R1, #10 ; super=blocked:control-or-io
TICK=00055 MPC=056 READ_LEFT        PC=0x00000110 SP=0x00007FFC FLAGS=G   R0=0 R1=49 R2=0 R3=0 R4=0 R5=0 :: READ_LEFT: CMP R1, #10
TICK=00056 MPC=057 READ_RIGHT       PC=0x00000110 SP=0x00007FFC FLAGS=G   R0=0 R1=49 R2=0 R3=0 R4=0 R5=0 :: READ_RIGHT: CMP R1, #10
TICK=00057 MPC=058 ALU_SUB          PC=0x00000110 SP=0x00007FFC FLAGS=G   R0=0 R1=49 R2=0 R3=0 R4=0 R5=0 :: ALU_SUB: CMP R1, #10
TICK=00058 MPC=059 UPDATE_FLAGS     PC=0x00000110 SP=0x00007FFC FLAGS=G   R0=0 R1=49 R2=0 R3=0 R4=0 R5=0 :: UPDATE_FLAGS: CMP R1, #10
TICK=00059 MPC=060 COMMIT           PC=0x00000110 SP=0x00007FFC FLAGS=G   R0=0 R1=49 R2=0 R3=0 R4=0 R5=0 :: CMP R1, #10
... omitted 1412 ticks; full trace is stored in build/*.log ...
TICK=01472 MPC=1473 READ_RIGHT       PC=0x0000020C SP=0x00007FF4 FLAGS=Z   R0=0 R1=0 R2=48 R3=385 R4=100 R5=0 :: READ_RIGHT: CMP R1, #0
TICK=01473 MPC=1474 ALU_SUB          PC=0x0000020C SP=0x00007FF4 FLAGS=Z   R0=0 R1=0 R2=48 R3=385 R4=100 R5=0 :: ALU_SUB: CMP R1, #0
TICK=01474 MPC=1475 UPDATE_FLAGS     PC=0x0000020C SP=0x00007FF4 FLAGS=Z   R0=0 R1=0 R2=48 R3=385 R4=100 R5=0 :: UPDATE_FLAGS: CMP R1, #0
TICK=01475 MPC=1476 COMMIT           PC=0x0000020C SP=0x00007FF4 FLAGS=Z   R0=0 R1=0 R2=48 R3=385 R4=100 R5=0 :: CMP R1, #0
TICK=01476 MPC=1477 FETCH_HEADER     PC=0x00000210 SP=0x00007FF4 FLAGS=Z   R0=0 R1=0 R2=48 R3=385 R4=100 R5=0 :: addr=0x0000020C header=0x0000010A operands=1
TICK=01477 MPC=1478 FETCH_OPERAND    PC=0x00000214 SP=0x00007FF4 FLAGS=Z   R0=0 R1=0 R2=48 R3=385 R4=100 R5=0 :: operand[1]=0x00023C01
TICK=01478 MPC=1479 DECODE           PC=0x00000214 SP=0x00007FF4 FLAGS=Z   R0=0 R1=0 R2=48 R3=385 R4=100 R5=0 :: JZ #572 ; super=blocked:control-or-io
TICK=01479 MPC=1480 READ_TARGET      PC=0x00000214 SP=0x00007FF4 FLAGS=Z   R0=0 R1=0 R2=48 R3=385 R4=100 R5=0 :: READ_TARGET: JZ #572
TICK=01480 MPC=1481 EVALUATE_BRANCH  PC=0x00000214 SP=0x00007FF4 FLAGS=Z   R0=0 R1=0 R2=48 R3=385 R4=100 R5=0 :: EVALUATE_BRANCH: JZ #572
TICK=01481 MPC=1482 COMMIT           PC=0x0000023C SP=0x00007FF4 FLAGS=Z   R0=0 R1=0 R2=48 R3=385 R4=100 R5=0 :: JZ #572
TICK=01482 MPC=1483 FETCH_HEADER     PC=0x00000240 SP=0x00007FF4 FLAGS=Z   R0=0 R1=0 R2=48 R3=385 R4=100 R5=0 :: addr=0x0000023C header=0x00000111 operands=1
TICK=01483 MPC=1484 FETCH_OPERAND    PC=0x00000244 SP=0x00007FF4 FLAGS=Z   R0=0 R1=0 R2=48 R3=385 R4=100 R5=0 :: operand[1]=0x00000200
TICK=01484 MPC=1485 DECODE           PC=0x00000244 SP=0x00007FF4 FLAGS=Z   R0=0 R1=0 R2=48 R3=385 R4=100 R5=0 :: POP R2 ; super=blocked:control-or-io
TICK=01485 MPC=1486 MEM_READ_STACK   PC=0x00000244 SP=0x00007FF4 FLAGS=Z   R0=0 R1=0 R2=48 R3=385 R4=100 R5=0 :: MEM_READ_STACK: POP R2
TICK=01486 MPC=1487 WRITE_DESTINATION PC=0x00000244 SP=0x00007FF4 FLAGS=Z   R0=0 R1=0 R2=48 R3=385 R4=100 R5=0 :: WRITE_DESTINATION: POP R2
TICK=01487 MPC=1488 STACK_INC        PC=0x00000244 SP=0x00007FF4 FLAGS=Z   R0=0 R1=0 R2=48 R3=385 R4=100 R5=0 :: STACK_INC: POP R2
TICK=01488 MPC=1489 COMMIT           PC=0x00000244 SP=0x00007FF8 FLAGS=Z   R0=0 R1=0 R2=2640 R3=385 R4=100 R5=0 :: POP R2
TICK=01489 MPC=1490 FETCH_HEADER     PC=0x00000248 SP=0x00007FF8 FLAGS=Z   R0=0 R1=0 R2=2640 R3=385 R4=100 R5=0 :: addr=0x00000244 header=0x00000111 operands=1
TICK=01490 MPC=1491 FETCH_OPERAND    PC=0x0000024C SP=0x00007FF8 FLAGS=Z   R0=0 R1=0 R2=2640 R3=385 R4=100 R5=0 :: operand[1]=0x00000100
TICK=01491 MPC=1492 DECODE           PC=0x0000024C SP=0x00007FF8 FLAGS=Z   R0=0 R1=0 R2=2640 R3=385 R4=100 R5=0 :: POP R1 ; super=blocked:control-or-io
TICK=01492 MPC=1493 MEM_READ_STACK   PC=0x0000024C SP=0x00007FF8 FLAGS=Z   R0=0 R1=0 R2=2640 R3=385 R4=100 R5=0 :: MEM_READ_STACK: POP R1
TICK=01493 MPC=1494 WRITE_DESTINATION PC=0x0000024C SP=0x00007FF8 FLAGS=Z   R0=0 R1=0 R2=2640 R3=385 R4=100 R5=0 :: WRITE_DESTINATION: POP R1
TICK=01494 MPC=1495 STACK_INC        PC=0x0000024C SP=0x00007FF8 FLAGS=Z   R0=0 R1=0 R2=2640 R3=385 R4=100 R5=0 :: STACK_INC: POP R1
TICK=01495 MPC=1496 COMMIT           PC=0x0000024C SP=0x00007FFC FLAGS=Z   R0=0 R1=11 R2=2640 R3=385 R4=100 R5=0 :: POP R1
TICK=01496 MPC=1497 FETCH_HEADER     PC=0x00000250 SP=0x00007FFC FLAGS=Z   R0=0 R1=11 R2=2640 R3=385 R4=100 R5=0 :: addr=0x0000024C header=0x00000013 operands=0
TICK=01497 MPC=1498 DECODE           PC=0x00000250 SP=0x00007FFC FLAGS=Z   R0=0 R1=11 R2=2640 R3=385 R4=100 R5=0 :: RET ; super=blocked:control-or-io
TICK=01498 MPC=1499 MEM_READ_STACK   PC=0x00000250 SP=0x00007FFC FLAGS=Z   R0=0 R1=11 R2=2640 R3=385 R4=100 R5=0 :: MEM_READ_STACK: RET
TICK=01499 MPC=1500 STACK_INC        PC=0x00000250 SP=0x00007FFC FLAGS=Z   R0=0 R1=11 R2=2640 R3=385 R4=100 R5=0 :: STACK_INC: RET
TICK=01500 MPC=1501 SET_PC           PC=0x00000250 SP=0x00007FFC FLAGS=Z   R0=0 R1=11 R2=2640 R3=385 R4=100 R5=0 :: SET_PC: RET
TICK=01501 MPC=1502 COMMIT           PC=0x000000BC SP=0x00008000 FLAGS=Z   R0=0 R1=11 R2=2640 R3=385 R4=100 R5=0 :: RET
TICK=01502 MPC=1503 FETCH_HEADER     PC=0x000000C0 SP=0x00008000 FLAGS=Z   R0=0 R1=11 R2=2640 R3=385 R4=100 R5=0 :: addr=0x000000BC header=0x00000215 operands=2
TICK=01503 MPC=1504 FETCH_OPERAND    PC=0x000000C4 SP=0x00008000 FLAGS=Z   R0=0 R1=11 R2=2640 R3=385 R4=100 R5=0 :: operand[1]=0x00FFF802
TICK=01504 MPC=1505 FETCH_OPERAND    PC=0x000000C8 SP=0x00008000 FLAGS=Z   R0=0 R1=11 R2=2640 R3=385 R4=100 R5=0 :: operand[2]=0x00000A01
TICK=01505 MPC=1506 DECODE           PC=0x000000C8 SP=0x00008000 FLAGS=Z   R0=0 R1=11 R2=2640 R3=385 R4=100 R5=0 :: STOREB [0xFFF8], #10 ; super=blocked:control-or-io
TICK=01506 MPC=1507 READ_BYTE_VALUE  PC=0x000000C8 SP=0x00008000 FLAGS=Z   R0=0 R1=11 R2=2640 R3=385 R4=100 R5=0 :: READ_BYTE_VALUE: STOREB [0xFFF8], #10
TICK=01507 MPC=1508 WRITE_BYTE_DESTINATION PC=0x000000C8 SP=0x00008000 FLAGS=Z   R0=0 R1=11 R2=2640 R3=385 R4=100 R5=0 :: WRITE_BYTE_DESTINATION: STOREB [0xFFF8], #10
TICK=01508 MPC=1509 COMMIT           PC=0x000000C8 SP=0x00008000 FLAGS=Z   R0=0 R1=11 R2=2640 R3=385 R4=100 R5=0 :: STOREB [0xFFF8], #10
TICK=01509 MPC=1510 FETCH_HEADER     PC=0x000000CC SP=0x00008000 FLAGS=Z   R0=0 R1=11 R2=2640 R3=385 R4=100 R5=0 :: addr=0x000000C8 header=0x00000001 operands=0
TICK=01510 MPC=1511 DECODE           PC=0x000000CC SP=0x00008000 FLAGS=Z   R0=0 R1=11 R2=2640 R3=385 R4=100 R5=0 :: HALT ; super=blocked:control-or-io
TICK=01511 MPC=1512 COMMIT           PC=0x000000CC SP=0x00008000 FLAGS=Z   R0=0 R1=11 R2=2640 R3=385 R4=100 R5=0 :: HALT
