TICK=00000 MPC=001 FETCH_HEADER     PC=0x00000004 SP=0x00008000 FLAGS=-   R0=0 R1=0 R2=0 R3=0 R4=0 R5=0 :: addr=0x00000000 header=0x00000202 operands=2
TICK=00001 MPC=002 FETCH_OPERAND    PC=0x00000008 SP=0x00008000 FLAGS=-   R0=0 R1=0 R2=0 R3=0 R4=0 R5=0 :: operand[1]=0x00000800
TICK=00002 MPC=003 FETCH_OPERAND    PC=0x0000000C SP=0x00008000 FLAGS=-   R0=0 R1=0 R2=0 R3=0 R4=0 R5=0 :: operand[2]=0x00800001
TICK=00003 MPC=004 DECODE           PC=0x0000000C SP=0x00008000 FLAGS=-   R0=0 R1=0 R2=0 R3=0 R4=0 R5=0 :: MOV SP, #32768 ; super=blocked:control-or-io
TICK=00004 MPC=005 READ_SOURCE      PC=0x0000000C SP=0x00008000 FLAGS=-   R0=0 R1=0 R2=0 R3=0 R4=0 R5=0 :: READ_SOURCE: MOV SP, #32768
TICK=00005 MPC=006 WRITE_DESTINATION PC=0x0000000C SP=0x00008000 FLAGS=-   R0=0 R1=0 R2=0 R3=0 R4=0 R5=0 :: WRITE_DESTINATION: MOV SP, #32768
TICK=00006 MPC=007 COMMIT           PC=0x0000000C SP=0x00008000 FLAGS=-   R0=0 R1=0 R2=0 R3=0 R4=0 R5=0 :: MOV SP, #32768
TICK=00007 MPC=008 FETCH_HEADER     PC=0x00000010 SP=0x00008000 FLAGS=-   R0=0 R1=0 R2=0 R3=0 R4=0 R5=0 :: addr=0x0000000C header=0x00000112 operands=1
TICK=00008 MPC=009 FETCH_OPERAND    PC=0x00000014 SP=0x00008000 FLAGS=-   R0=0 R1=0 R2=0 R3=0 R4=0 R5=0 :: operand[1]=0x00003401
TICK=00009 MPC=010 DECODE           PC=0x00000014 SP=0x00008000 FLAGS=-   R0=0 R1=0 R2=0 R3=0 R4=0 R5=0 :: CALL #52 ; super=blocked:control-or-io
TICK=00010 MPC=011 READ_TARGET      PC=0x00000014 SP=0x00008000 FLAGS=-   R0=0 R1=0 R2=0 R3=0 R4=0 R5=0 :: READ_TARGET: CALL #52
TICK=00011 MPC=012 STACK_DEC        PC=0x00000014 SP=0x00008000 FLAGS=-   R0=0 R1=0 R2=0 R3=0 R4=0 R5=0 :: STACK_DEC: CALL #52
TICK=00012 MPC=013 MEM_WRITE_RETURN PC=0x00000014 SP=0x00008000 FLAGS=-   R0=0 R1=0 R2=0 R3=0 R4=0 R5=0 :: MEM_WRITE_RETURN: CALL #52
TICK=00013 MPC=014 SET_PC           PC=0x00000014 SP=0x00008000 FLAGS=-   R0=0 R1=0 R2=0 R3=0 R4=0 R5=0 :: SET_PC: CALL #52
TICK=00014 MPC=015 COMMIT           PC=0x00000034 SP=0x00007FFC FLAGS=-   R0=0 R1=0 R2=0 R3=0 R4=0 R5=0 :: CALL #52
TICK=00015 MPC=016 FETCH_HEADER     PC=0x00000038 SP=0x00007FFC FLAGS=-   R0=0 R1=0 R2=0 R3=0 R4=0 R5=0 :: addr=0x00000034 header=0x00000202 operands=2
TICK=00016 MPC=017 FETCH_OPERAND    PC=0x0000003C SP=0x00007FFC FLAGS=-   R0=0 R1=0 R2=0 R3=0 R4=0 R5=0 :: operand[1]=0x00000000
TICK=00017 MPC=018 FETCH_OPERAND    PC=0x00000040 SP=0x00007FFC FLAGS=-   R0=0 R1=0 R2=0 R3=0 R4=0 R5=0 :: operand[2]=0x00000001
TICK=00018 MPC=019 DECODE           PC=0x00000040 SP=0x00007FFC FLAGS=-   R0=0 R1=0 R2=0 R3=0 R4=0 R5=0 :: MOV R0, #0 ; super=blocked:next-not-eligible
TICK=00019 MPC=020 READ_SOURCE      PC=0x00000040 SP=0x00007FFC FLAGS=-   R0=0 R1=0 R2=0 R3=0 R4=0 R5=0 :: READ_SOURCE: MOV R0, #0
TICK=00020 MPC=021 WRITE_DESTINATION PC=0x00000040 SP=0x00007FFC FLAGS=-   R0=0 R1=0 R2=0 R3=0 R4=0 R5=0 :: WRITE_DESTINATION: MOV R0, #0
TICK=00021 MPC=022 COMMIT           PC=0x00000040 SP=0x00007FFC FLAGS=-   R0=0 R1=0 R2=0 R3=0 R4=0 R5=0 :: MOV R0, #0
TICK=00022 MPC=023 FETCH_HEADER     PC=0x00000044 SP=0x00007FFC FLAGS=-   R0=0 R1=0 R2=0 R3=0 R4=0 R5=0 :: addr=0x00000040 header=0x00000214 operands=2
TICK=00023 MPC=024 FETCH_OPERAND    PC=0x00000048 SP=0x00007FFC FLAGS=-   R0=0 R1=0 R2=0 R3=0 R4=0 R5=0 :: operand[1]=0x00000100
TICK=00024 MPC=025 FETCH_OPERAND    PC=0x0000004C SP=0x00007FFC FLAGS=-   R0=0 R1=0 R2=0 R3=0 R4=0 R5=0 :: operand[2]=0x00FFF002
TICK=00025 MPC=026 DECODE           PC=0x0000004C SP=0x00007FFC FLAGS=-   R0=0 R1=0 R2=0 R3=0 R4=0 R5=0 :: LOADB R1, [0xFFF0] ; super=blocked:control-or-io
TICK=00026 MPC=027 READ_BYTE_SOURCE PC=0x0000004C SP=0x00007FFC FLAGS=-   R0=0 R1=0 R2=0 R3=0 R4=0 R5=0 :: READ_BYTE_SOURCE: LOADB R1, [0xFFF0]
TICK=00027 MPC=028 WRITE_DESTINATION PC=0x0000004C SP=0x00007FFC FLAGS=-   R0=0 R1=0 R2=0 R3=0 R4=0 R5=0 :: WRITE_DESTINATION: LOADB R1, [0xFFF0]
TICK=00028 MPC=029 COMMIT           PC=0x0000004C SP=0x00007FFC FLAGS=-   R0=0 R1=1 R2=0 R3=0 R4=0 R5=0 :: LOADB R1, [0xFFF0]
TICK=00029 MPC=030 FETCH_HEADER     PC=0x00000050 SP=0x00007FFC FLAGS=-   R0=0 R1=1 R2=0 R3=0 R4=0 R5=0 :: addr=0x0000004C header=0x00000208 operands=2
TICK=00030 MPC=031 FETCH_OPERAND    PC=0x00000054 SP=0x00007FFC FLAGS=-   R0=0 R1=1 R2=0 R3=0 R4=0 R5=0 :: operand[1]=0x00000100
TICK=00031 MPC=032 FETCH_OPERAND    PC=0x00000058 SP=0x00007FFC FLAGS=-   R0=0 R1=1 R2=0 R3=0 R4=0 R5=0 :: operand[2]=0x00000001
TICK=00032 MPC=033 DECODE           PC=0x00000058 SP=0x00007FFC FLAGS=-   R0=0 R1=1 R2=0 R3=0 R4=0 R5=0 :: CMP R1, #0 ; super=blocked:control-or-io
TICK=00033 MPC=034 READ_LEFT        PC=0x00000058 SP=0x00007FFC FLAGS=-   R0=0 R1=1 R2=0 R3=0 R4=0 R5=0 :: READ_LEFT: CMP R1, #0
TICK=00034 MPC=035 READ_RIGHT       PC=0x00000058 SP=0x00007FFC FLAGS=-   R0=0 R1=1 R2=0 R3=0 R4=0 R5=0 :: READ_RIGHT: CMP R1, #0
TICK=00035 MPC=036 ALU_SUB          PC=0x00000058 SP=0x00007FFC FLAGS=-   R0=0 R1=1 R2=0 R3=0 R4=0 R5=0 :: ALU_SUB: CMP R1, #0
TICK=00036 MPC=037 UPDATE_FLAGS     PC=0x00000058 SP=0x00007FFC FLAGS=-   R0=0 R1=1 R2=0 R3=0 R4=0 R5=0 :: UPDATE_FLAGS: CMP R1, #0
TICK=00037 MPC=038 COMMIT           PC=0x00000058 SP=0x00007FFC FLAGS=G   R0=0 R1=1 R2=0 R3=0 R4=0 R5=0 :: CMP R1, #0
TICK=00038 MPC=039 FETCH_HEADER     PC=0x0000005C SP=0x00007FFC FLAGS=G   R0=0 R1=1 R2=0 R3=0 R4=0 R5=0 :: addr=0x00000058 header=0x0000010A operands=1
TICK=00039 MPC=040 FETCH_OPERAND    PC=0x00000060 SP=0x00007FFC FLAGS=G   R0=0 R1=1 R2=0 R3=0 R4=0 R5=0 :: operand[1]=0x0000C001
TICK=00040 MPC=041 DECODE           PC=0x00000060 SP=0x00007FFC FLAGS=G   R0=0 R1=1 R2=0 R3=0 R4=0 R5=0 :: JZ #192 ; super=blocked:control-or-io
TICK=00041 MPC=042 READ_TARGET      PC=0x00000060 SP=0x00007FFC FLAGS=G   R0=0 R1=1 R2=0 R3=0 R4=0 R5=0 :: READ_TARGET: JZ #192
TICK=00042 MPC=043 EVALUATE_BRANCH  PC=0x00000060 SP=0x00007FFC FLAGS=G   R0=0 R1=1 R2=0 R3=0 R4=0 R5=0 :: EVALUATE_BRANCH: JZ #192
TICK=00043 MPC=044 COMMIT           PC=0x00000060 SP=0x00007FFC FLAGS=G   R0=0 R1=1 R2=0 R3=0 R4=0 R5=0 :: JZ #192
TICK=00044 MPC=045 FETCH_HEADER     PC=0x00000064 SP=0x00007FFC FLAGS=G   R0=0 R1=1 R2=0 R3=0 R4=0 R5=0 :: addr=0x00000060 header=0x00000214 operands=2
TICK=00045 MPC=046 FETCH_OPERAND    PC=0x00000068 SP=0x00007FFC FLAGS=G   R0=0 R1=1 R2=0 R3=0 R4=0 R5=0 :: operand[1]=0x00000100
TICK=00046 MPC=047 FETCH_OPERAND    PC=0x0000006C SP=0x00007FFC FLAGS=G   R0=0 R1=1 R2=0 R3=0 R4=0 R5=0 :: operand[2]=0x00FFF402
TICK=00047 MPC=048 DECODE           PC=0x0000006C SP=0x00007FFC FLAGS=G   R0=0 R1=1 R2=0 R3=0 R4=0 R5=0 :: LOADB R1, [0xFFF4] ; super=blocked:control-or-io
TICK=00048 MPC=049 READ_BYTE_SOURCE PC=0x0000006C SP=0x00007FFC FLAGS=G   R0=0 R1=1 R2=0 R3=0 R4=0 R5=0 :: READ_BYTE_SOURCE: LOADB R1, [0xFFF4]
TICK=00049 MPC=050 WRITE_DESTINATION PC=0x0000006C SP=0x00007FFC FLAGS=G   R0=0 R1=1 R2=0 R3=0 R4=0 R5=0 :: WRITE_DESTINATION: LOADB R1, [0xFFF4]
TICK=00050 MPC=051 COMMIT           PC=0x0000006C SP=0x00007FFC FLAGS=G   R0=0 R1=51 R2=0 R3=0 R4=0 R5=0 :: LOADB R1, [0xFFF4]
TICK=00051 MPC=052 FETCH_HEADER     PC=0x00000070 SP=0x00007FFC FLAGS=G   R0=0 R1=51 R2=0 R3=0 R4=0 R5=0 :: addr=0x0000006C header=0x00000208 operands=2
TICK=00052 MPC=053 FETCH_OPERAND    PC=0x00000074 SP=0x00007FFC FLAGS=G   R0=0 R1=51 R2=0 R3=0 R4=0 R5=0 :: operand[1]=0x00000100
TICK=00053 MPC=054 FETCH_OPERAND    PC=0x00000078 SP=0x00007FFC FLAGS=G   R0=0 R1=51 R2=0 R3=0 R4=0 R5=0 :: operand[2]=0x00000A01
TICK=00054 MPC=055 DECODE           PC=0x00000078 SP=0x00007FFC FLAGS=G   R0=0 R1=51 R2=0 R3=0 R4=0 R5=0 :: CMP R1, #10 ; super=blocked:control-or-io
TICK=00055 MPC=056 READ_LEFT        PC=0x00000078 SP=0x00007FFC FLAGS=G   R0=0 R1=51 R2=0 R3=0 R4=0 R5=0 :: READ_LEFT: CMP R1, #10
TICK=00056 MPC=057 READ_RIGHT       PC=0x00000078 SP=0x00007FFC FLAGS=G   R0=0 R1=51 R2=0 R3=0 R4=0 R5=0 :: READ_RIGHT: CMP R1, #10
TICK=00057 MPC=058 ALU_SUB          PC=0x00000078 SP=0x00007FFC FLAGS=G   R0=0 R1=51 R2=0 R3=0 R4=0 R5=0 :: ALU_SUB: CMP R1, #10
TICK=00058 MPC=059 UPDATE_FLAGS     PC=0x00000078 SP=0x00007FFC FLAGS=G   R0=0 R1=51 R2=0 R3=0 R4=0 R5=0 :: UPDATE_FLAGS: CMP R1, #10
TICK=00059 MPC=060 COMMIT           PC=0x00000078 SP=0x00007FFC FLAGS=G   R0=0 R1=51 R2=0 R3=0 R4=0 R5=0 :: CMP R1, #10
... omitted 2756 ticks; full trace is stored in build/*.log ...
TICK=02816 MPC=2817 EVALUATE_BRANCH  PC=0x000003A8 SP=0x00007FF8 FLAGS=G   R0=0 R1=3 R2=0 R3=0 R4=0 R5=3 :: EVALUATE_BRANCH: JMP #828
TICK=02817 MPC=2818 COMMIT           PC=0x0000033C SP=0x00007FF8 FLAGS=G   R0=0 R1=3 R2=0 R3=0 R4=0 R5=3 :: JMP #828
TICK=02818 MPC=2819 FETCH_HEADER     PC=0x00000340 SP=0x00007FF8 FLAGS=G   R0=0 R1=3 R2=0 R3=0 R4=0 R5=3 :: addr=0x0000033C header=0x00000208 operands=2
TICK=02819 MPC=2820 FETCH_OPERAND    PC=0x00000344 SP=0x00007FF8 FLAGS=G   R0=0 R1=3 R2=0 R3=0 R4=0 R5=3 :: operand[1]=0x00000100
TICK=02820 MPC=2821 FETCH_OPERAND    PC=0x00000348 SP=0x00007FF8 FLAGS=G   R0=0 R1=3 R2=0 R3=0 R4=0 R5=3 :: operand[2]=0x00000500
TICK=02821 MPC=2822 DECODE           PC=0x00000348 SP=0x00007FF8 FLAGS=G   R0=0 R1=3 R2=0 R3=0 R4=0 R5=3 :: CMP R1, R5 ; super=blocked:control-or-io
TICK=02822 MPC=2823 READ_LEFT        PC=0x00000348 SP=0x00007FF8 FLAGS=G   R0=0 R1=3 R2=0 R3=0 R4=0 R5=3 :: READ_LEFT: CMP R1, R5
TICK=02823 MPC=2824 READ_RIGHT       PC=0x00000348 SP=0x00007FF8 FLAGS=G   R0=0 R1=3 R2=0 R3=0 R4=0 R5=3 :: READ_RIGHT: CMP R1, R5
TICK=02824 MPC=2825 ALU_SUB          PC=0x00000348 SP=0x00007FF8 FLAGS=G   R0=0 R1=3 R2=0 R3=0 R4=0 R5=3 :: ALU_SUB: CMP R1, R5
TICK=02825 MPC=2826 UPDATE_FLAGS     PC=0x00000348 SP=0x00007FF8 FLAGS=G   R0=0 R1=3 R2=0 R3=0 R4=0 R5=3 :: UPDATE_FLAGS: CMP R1, R5
TICK=02826 MPC=2827 COMMIT           PC=0x00000348 SP=0x00007FF8 FLAGS=Z   R0=0 R1=3 R2=0 R3=0 R4=0 R5=3 :: CMP R1, R5
TICK=02827 MPC=2828 FETCH_HEADER     PC=0x0000034C SP=0x00007FF8 FLAGS=Z   R0=0 R1=3 R2=0 R3=0 R4=0 R5=3 :: addr=0x00000348 header=0x0000010D operands=1
TICK=02828 MPC=2829 FETCH_OPERAND    PC=0x00000350 SP=0x00007FF8 FLAGS=Z   R0=0 R1=3 R2=0 R3=0 R4=0 R5=3 :: operand[1]=0x0003A801
TICK=02829 MPC=2830 DECODE           PC=0x00000350 SP=0x00007FF8 FLAGS=Z   R0=0 R1=3 R2=0 R3=0 R4=0 R5=3 :: JGE #936 ; super=blocked:control-or-io
TICK=02830 MPC=2831 READ_TARGET      PC=0x00000350 SP=0x00007FF8 FLAGS=Z   R0=0 R1=3 R2=0 R3=0 R4=0 R5=3 :: READ_TARGET: JGE #936
TICK=02831 MPC=2832 EVALUATE_BRANCH  PC=0x00000350 SP=0x00007FF8 FLAGS=Z   R0=0 R1=3 R2=0 R3=0 R4=0 R5=3 :: EVALUATE_BRANCH: JGE #936
TICK=02832 MPC=2833 COMMIT           PC=0x000003A8 SP=0x00007FF8 FLAGS=Z   R0=0 R1=3 R2=0 R3=0 R4=0 R5=3 :: JGE #936
TICK=02833 MPC=2834 FETCH_HEADER     PC=0x000003AC SP=0x00007FF8 FLAGS=Z   R0=0 R1=3 R2=0 R3=0 R4=0 R5=3 :: addr=0x000003A8 header=0x00000215 operands=2
TICK=02834 MPC=2835 FETCH_OPERAND    PC=0x000003B0 SP=0x00007FF8 FLAGS=Z   R0=0 R1=3 R2=0 R3=0 R4=0 R5=3 :: operand[1]=0x00FFF802
TICK=02835 MPC=2836 FETCH_OPERAND    PC=0x000003B4 SP=0x00007FF8 FLAGS=Z   R0=0 R1=3 R2=0 R3=0 R4=0 R5=3 :: operand[2]=0x00000A01
TICK=02836 MPC=2837 DECODE           PC=0x000003B4 SP=0x00007FF8 FLAGS=Z   R0=0 R1=3 R2=0 R3=0 R4=0 R5=3 :: STOREB [0xFFF8], #10 ; super=blocked:control-or-io
TICK=02837 MPC=2838 READ_BYTE_VALUE  PC=0x000003B4 SP=0x00007FF8 FLAGS=Z   R0=0 R1=3 R2=0 R3=0 R4=0 R5=3 :: READ_BYTE_VALUE: STOREB [0xFFF8], #10
TICK=02838 MPC=2839 WRITE_BYTE_DESTINATION PC=0x000003B4 SP=0x00007FF8 FLAGS=Z   R0=0 R1=3 R2=0 R3=0 R4=0 R5=3 :: WRITE_BYTE_DESTINATION: STOREB [0xFFF8], #10
TICK=02839 MPC=2840 COMMIT           PC=0x000003B4 SP=0x00007FF8 FLAGS=Z   R0=0 R1=3 R2=0 R3=0 R4=0 R5=3 :: STOREB [0xFFF8], #10
TICK=02840 MPC=2841 FETCH_HEADER     PC=0x000003B8 SP=0x00007FF8 FLAGS=Z   R0=0 R1=3 R2=0 R3=0 R4=0 R5=3 :: addr=0x000003B4 header=0x00000111 operands=1
TICK=02841 MPC=2842 FETCH_OPERAND    PC=0x000003BC SP=0x00007FF8 FLAGS=Z   R0=0 R1=3 R2=0 R3=0 R4=0 R5=3 :: operand[1]=0x00000100
TICK=02842 MPC=2843 DECODE           PC=0x000003BC SP=0x00007FF8 FLAGS=Z   R0=0 R1=3 R2=0 R3=0 R4=0 R5=3 :: POP R1 ; super=blocked:control-or-io
TICK=02843 MPC=2844 MEM_READ_STACK   PC=0x000003BC SP=0x00007FF8 FLAGS=Z   R0=0 R1=3 R2=0 R3=0 R4=0 R5=3 :: MEM_READ_STACK: POP R1
TICK=02844 MPC=2845 WRITE_DESTINATION PC=0x000003BC SP=0x00007FF8 FLAGS=Z   R0=0 R1=3 R2=0 R3=0 R4=0 R5=3 :: WRITE_DESTINATION: POP R1
TICK=02845 MPC=2846 STACK_INC        PC=0x000003BC SP=0x00007FF8 FLAGS=Z   R0=0 R1=3 R2=0 R3=0 R4=0 R5=3 :: STACK_INC: POP R1
TICK=02846 MPC=2847 COMMIT           PC=0x000003BC SP=0x00007FFC FLAGS=Z   R0=0 R1=10 R2=0 R3=0 R4=0 R5=3 :: POP R1
TICK=02847 MPC=2848 FETCH_HEADER     PC=0x000003C0 SP=0x00007FFC FLAGS=Z   R0=0 R1=10 R2=0 R3=0 R4=0 R5=3 :: addr=0x000003BC header=0x00000013 operands=0
TICK=02848 MPC=2849 DECODE           PC=0x000003C0 SP=0x00007FFC FLAGS=Z   R0=0 R1=10 R2=0 R3=0 R4=0 R5=3 :: RET ; super=blocked:control-or-io
TICK=02849 MPC=2850 MEM_READ_STACK   PC=0x000003C0 SP=0x00007FFC FLAGS=Z   R0=0 R1=10 R2=0 R3=0 R4=0 R5=3 :: MEM_READ_STACK: RET
TICK=02850 MPC=2851 STACK_INC        PC=0x000003C0 SP=0x00007FFC FLAGS=Z   R0=0 R1=10 R2=0 R3=0 R4=0 R5=3 :: STACK_INC: RET
TICK=02851 MPC=2852 SET_PC           PC=0x000003C0 SP=0x00007FFC FLAGS=Z   R0=0 R1=10 R2=0 R3=0 R4=0 R5=3 :: SET_PC: RET
TICK=02852 MPC=2853 COMMIT           PC=0x00000030 SP=0x00008000 FLAGS=Z   R0=0 R1=10 R2=0 R3=0 R4=0 R5=3 :: RET
TICK=02853 MPC=2854 FETCH_HEADER     PC=0x00000034 SP=0x00008000 FLAGS=Z   R0=0 R1=10 R2=0 R3=0 R4=0 R5=3 :: addr=0x00000030 header=0x00000001 operands=0
TICK=02854 MPC=2855 DECODE           PC=0x00000034 SP=0x00008000 FLAGS=Z   R0=0 R1=10 R2=0 R3=0 R4=0 R5=3 :: HALT ; super=blocked:control-or-io
TICK=02855 MPC=2856 COMMIT           PC=0x00000034 SP=0x00008000 FLAGS=Z   R0=0 R1=10 R2=0 R3=0 R4=0 R5=3 :: HALT
